2023-04-15 00:09:28 V/Bot.270488994: [Public Dayz[no mods | OfficialIm(697785664)] 峰峰(56777041) -> [mirai:at:270488994] 在线人数
2023-04-15 00:09:30 V/Bot.270488994: Group(697785664) <- 服务器状态：online,当前在线人数：6/60
2023-04-15 00:09:57 V/Bot.270488994: [Public Dayz[no mods | OfficialIm(697785664)] 小王(2983870951) -> 有报击杀，感觉更好玩
2023-04-15 00:19:15 V/Bot.270488994: [Public Dayz[no mods | OfficialIm(697785664)] qiyonghan(2502510147) -> 以后白名单和接客都会让机器人搞 退群自动删白名单 实现全自动
2023-04-15 00:19:19 V/Bot.270488994: [Public Dayz[no mods | OfficialIm(697785664)] qiyonghan(2502510147) -> [mirai:image:{77CFF0AC-F4FD-EC6D-5600-736282802E3E}.jpg, width=720, height=316, size=109376, type=JPG, isEmoji=true]
2023-04-15 00:55:56 V/Bot.270488994: [Public Dayz[no mods | OfficialIm(697785664)] 小王(2983870951) -> 你能不能行哦/斜眼笑[mirai:at:2502510147] 
2023-04-15 00:56:08 V/Bot.270488994: [Public Dayz[no mods | OfficialIm(697785664)] qiyonghan(2502510147) -> 赶紧爬
2023-04-15 00:57:16 V/Bot.270488994: [Public Dayz[no mods | OfficialIm(697785664)] 小王(2983870951) -> 赶紧整个击杀记录
2023-04-15 03:02:51 V/Bot.270488994: [Public Dayz[no mods | OfficialIm(697785664)] LAOWANG(1969395727) -> @机器人 在线人数
2023-04-15 03:03:03 V/Bot.270488994: [Public Dayz[no mods | OfficialIm(697785664)] S_RobertoTH(173445004) -> [mirai:image:{BD202217-1F8A-BC88-35B3-91975EC4B7ED}.gif, width=331, height=331, size=692259, type=GIF, isEmoji=true]
2023-04-15 03:04:53 V/Bot.270488994: [Public Dayz[no mods | OfficialIm(697785664)] LAOWANG(1969395727) -> [mirai:at:173445004] 你在玩？
2023-04-15 03:05:02 V/Bot.270488994: [Public Dayz[no mods | OfficialIm(697785664)] S_RobertoTH(173445004) -> 没
2023-04-15 07:45:54 V/Bot.270488994: [Public Dayz[no mods | OfficialIm(697785664)] qiyonghan(2502510147) -> [mirai:at:270488994] 在线人数
2023-04-15 07:45:56 V/Bot.270488994: Group(697785664) <- 服务器状态：online,当前在线人数：2/60
2023-04-15 07:51:09 V/Bot.270488994: [Public Dayz[no mods | OfficialIm(697785664)] 嗷呜~~~(3491151929) -> /笑哭
2023-04-15 08:08:37 V/Bot.270488994: [Public Dayz[no mods | OfficialIm(697785664)] aka大牛逼牛逼爆了(86887878) -> [mirai:image:{3AAA52D3-0CAA-7B68-1565-C566F8AE7247}.jpg, width=454, height=522, size=23010, type=JPG, isEmoji=true]
2023-04-15 08:39:32 V/Bot.270488994: [Public Dayz[no mods | OfficialIm(697785664)] aka大牛逼牛逼爆了(86887878) -> [mirai:at:2502510147] 
2023-04-15 08:39:39 V/Bot.270488994: [Public Dayz[no mods | OfficialIm(697785664)] aka大牛逼牛逼爆了(86887878) -> 施工灯怎么弄亮
2023-04-15 08:39:46 V/Bot.270488994: [Public Dayz[no mods | OfficialIm(697785664)] aka大牛逼牛逼爆了(86887878) -> [mirai:image:{ED5623D3-D62B-A197-8124-CCB9264ADDF4}.jpg, width=150, height=149, size=11173, type=JPG, isEmoji=true]
2023-04-15 08:40:04 V/Bot.270488994: [Public Dayz[no mods | OfficialIm(697785664)] 小王(2983870951) -> 连发电机
2023-04-15 08:40:10 V/Bot.270488994: [Public Dayz[no mods | OfficialIm(697785664)] 小王(2983870951) -> 拉电缆
2023-04-15 08:41:46 V/Bot.270488994: [Public Dayz[no mods | OfficialIm(697785664)] aka大牛逼牛逼爆了(86887878) -> 电缆没有提示插电
2023-04-15 08:45:43 V/Bot.270488994: [Public Dayz[no mods | OfficialIm(697785664)] 小王(2983870951) -> 要连到发电机上面
2023-04-15 08:46:01 V/Bot.270488994: [Public Dayz[no mods | OfficialIm(697785664)] 小王(2983870951) -> 发电机插上火花塞和加上汽油
2023-04-15 08:46:23 V/Bot.270488994: [Public Dayz[no mods | OfficialIm(697785664)] 小王(2983870951) -> 然后把电缆拉到施工灯旁边
2023-04-15 08:49:09 V/Bot.270488994: [Public Dayz[no mods | OfficialIm(697785664)] aka大牛逼牛逼爆了(86887878) -> 这样
2023-04-15 08:49:15 V/Bot.270488994: [Public Dayz[no mods | OfficialIm(697785664)] aka大牛逼牛逼爆了(86887878) -> 我要把家里搞得灯火通明
2023-04-15 08:49:37 V/Bot.270488994: [Public Dayz[no mods | OfficialIm(697785664)] aka大牛逼牛逼爆了(86887878) -> 反正都暴露了
2023-04-15 09:03:09 V/Bot.270488994: [Public Dayz[no mods | OfficialIm(697785664)] Nigen(3195472056) -> /牛气冲天我家暴露了不也没事
2023-04-15 09:03:12 V/Bot.270488994: [Public Dayz[no mods | OfficialIm(697785664)] Nigen(3195472056) -> 怕什么
2023-04-15 09:24:03 V/Bot.270488994: [Public Dayz[no mods | OfficialIm(697785664)] aka大牛逼牛逼爆了(86887878) -> 所以我要把家里照亮
2023-04-15 09:35:20 V/Bot.270488994: [Public Dayz[no mods | OfficialIm(697785664)] 起来了(1584793211) -> 兄弟们，斧子在哪刷
2023-04-15 09:35:47 V/Bot.270488994: [Public Dayz[no mods | OfficialIm(697785664)] qiyonghan(2502510147) -> [mirai:at:270488994] 在线人数
2023-04-15 09:35:48 V/Bot.270488994: Group(697785664) <- 服务器状态：online,当前在线人数：0/60
2023-04-15 09:53:02 V/Bot.270488994: [Public Dayz[no mods | OfficialIm(697785664)] aka大牛逼牛逼爆了(86887878) -> 农房里面
2023-04-15 09:53:03 V/Bot.270488994: [Public Dayz[no mods | OfficialIm(697785664)] aka大牛逼牛逼爆了(86887878) -> [mirai:at:1584793211] 
2023-04-15 09:54:03 V/Bot.270488994: [Public Dayz[no mods | OfficialIm(697785664)] 起来了(1584793211) -> [抱拳]
2023-04-15 10:10:10 V/Bot.270488994: [Public Dayz[no mods | OfficialIm(697785664)] Chen(1063626122) -> 车子撞冒烟了会被刷新吗
2023-04-15 10:11:24 V/Bot.270488994: [Public Dayz[no mods | OfficialIm(697785664)] pan(775481796) -> 发动机坏了就刷
2023-04-15 10:11:31 V/Bot.270488994: [Public Dayz[no mods | OfficialIm(697785664)] pan(775481796) -> [mirai:at:270488994] 在线人数
2023-04-15 10:11:33 V/Bot.270488994: Group(697785664) <- 服务器状态：online,当前在线人数：3/60
2023-04-15 10:19:40 V/Bot.270488994: [Public Dayz[no mods | OfficialIm(697785664)] Chen(1063626122) -> 我车被树卡坏了
2023-04-15 10:24:22 V/Bot.270488994: Event: OtherClientOnlineEvent(client=OtherClient(bot=270488994,deviceName=🌝🌝🌝🌔🌓🌗,platform=MOBILE), kind=null)
2023-04-15 10:25:57 V/Bot.270488994: Event: OtherClientOfflineEvent(client=OtherClient(bot=270488994,deviceName=🌝🌝🌝🌔🌓🌗,platform=MOBILE))
2023-04-15 10:35:40 V/Bot.270488994: [Public Dayz[no mods | OfficialIm(697785664)] Chen(1063626122) -> 大佬别开枪
2023-04-15 10:35:44 V/Bot.270488994: [Public Dayz[no mods | OfficialIm(697785664)] Chen(1063626122) -> 路过路过
2023-04-15 10:35:54 V/Bot.270488994: [Public Dayz[no mods | OfficialIm(697785664)] Chen(1063626122) -> 狙击啊
2023-04-15 10:41:38 V/Bot.270488994: [Public Dayz[no mods | OfficialIm(697785664)] Chen(1063626122) -> 上班摸鱼差点被打死
2023-04-15 10:45:40 V/Bot.270488994: [Public Dayz[no mods | OfficialIm(697785664)] Chen(1063626122) -> [mirai:at:270488994] 在线人数
2023-04-15 10:45:42 V/Bot.270488994: Group(697785664) <- 服务器状态：online,当前在线人数：4/60
2023-04-15 10:48:45 V/Bot.270488994: [Public Dayz[no mods | OfficialIm(697785664)] 小王(2983870951) -> 上班还能玩dayz优秀
2023-04-15 11:08:32 V/Bot.270488994: [Public Dayz[no mods | OfficialIm(697785664)] Chen(1063626122) -> 今天没啥事
2023-04-15 11:08:39 V/Bot.270488994: [Public Dayz[no mods | OfficialIm(697785664)] Chen(1063626122) -> 能摸鱼
2023-04-15 11:09:02 V/Bot.270488994: [Public Dayz[no mods | OfficialIm(697785664)] Chen(1063626122) -> 摸鱼才叫挣钱，正经上班那是应得的
2023-04-15 11:15:51 V/Bot.270488994: [Public Dayz[no mods | OfficialIm(697785664)] pan(775481796) -> [mirai:at:270488994] 在线人数
2023-04-15 11:15:54 V/Bot.270488994: Group(697785664) <- 服务器状态：online,当前在线人数：5/60
2023-04-15 11:19:42 V/Bot.270488994: Event: MemberLeaveEvent.Quit(member=1721510215)
2023-04-15 11:21:15 V/Bot.270488994: Event: MemberJoinRequestEvent(bot=Bot(270488994), eventId=1681528878115039, message=, fromId=793958379, groupId=697785664, groupName=Public Dayz[no mods | OfficialIm, fromNick=十一, invitorId=null)
2023-04-15 11:23:27 V/Bot.270488994: Event: MemberJoinRequestEvent(bot=Bot(270488994), eventId=1681529010757008, message=, fromId=1007828742, groupId=697785664, groupName=Public Dayz[no mods | OfficialIm, fromNick=≮海奥斯≯, invitorId=null)
2023-04-15 11:44:01 V/Bot.270488994: Event: MemberLeaveEvent.Quit(member=274501356)
2023-04-15 11:52:20 V/Bot.270488994: Event: MemberJoinEvent.Active(member=1007828742)
2023-04-15 11:52:20 V/Bot.270488994: [Public Dayz[no mods | OfficialIm(697785664)] Q群管家(2854196310) -> [mirai:at:1007828742] 必须看公告 有进入方法和群规，白名单去找管理员 katarina审核\n——来自群管理员（2502510147）的编辑
2023-04-15 11:52:21 V/Bot.270488994: Event: MemberJoinEvent.Active(member=793958379)
2023-04-15 11:52:21 V/Bot.270488994: [Public Dayz[no mods | OfficialIm(697785664)] Q群管家(2854196310) -> [mirai:at:793958379] 必须看公告 有进入方法和群规，白名单去找管理员 katarina审核\n——来自群管理员（2502510147）的编辑
2023-04-15 11:53:55 V/Bot.270488994: Event: MemberLeaveEvent.Quit(member=1007828742)
2023-04-15 12:30:26 V/Bot.270488994: [Public Dayz[no mods | OfficialIm(697785664)] ☁(1065913433) -> [mirai:at:270488994] 在线人数
2023-04-15 12:30:27 V/Bot.270488994: Group(697785664) <- 服务器状态：online,当前在线人数：4/60
2023-04-15 12:37:03 E/MAH Access: java.lang.IllegalArgumentException: endIndex (71) is greater than length (14)
java.lang.IllegalArgumentException: endIndex (71) is greater than length (14)
	at mirai-api-http-2.9.1.mirai2.jar[shared]//io.ktor.http.cio.internals.CharArrayBuilder.subSequence(CharArrayBuilder.kt:35)
	at mirai-api-http-2.9.1.mirai2.jar[shared]//io.ktor.http.cio.HttpHeadersMap$getAll$4.invoke(HttpHeadersMap.kt:91)
	at mirai-api-http-2.9.1.mirai2.jar[shared]//io.ktor.http.cio.HttpHeadersMap$getAll$4.invoke(HttpHeadersMap.kt:91)
	at kotlin.sequences.TransformingSequence$iterator$1.next(Sequences.kt:210)
	at kotlin.sequences.TransformingSequence$iterator$1.next(Sequences.kt:210)
	at kotlin.sequences.SequencesKt___SequencesKt.toCollection(_Sequences.kt:787)
	at kotlin.sequences.SequencesKt___SequencesKt.toMutableList(_Sequences.kt:817)
	at kotlin.sequences.SequencesKt___SequencesKt.toList(_Sequences.kt:808)
	at mirai-api-http-2.9.1.mirai2.jar[shared]//io.ktor.http.cio.CIOHeaders.getAll(CIOHeaders.kt:29)
	at mirai-api-http-2.9.1.mirai2.jar[shared]//io.ktor.server.engine.BaseApplicationEngineKt.verifyHostHeader(BaseApplicationEngine.kt:88)
	at mirai-api-http-2.9.1.mirai2.jar[shared]//io.ktor.server.engine.BaseApplicationEngineKt.access$verifyHostHeader(BaseApplicationEngine.kt:1)
	at mirai-api-http-2.9.1.mirai2.jar[shared]//io.ktor.server.engine.BaseApplicationEngineKt$installDefaultInterceptors$2.invokeSuspend(BaseApplicationEngine.kt:113)
	at mirai-api-http-2.9.1.mirai2.jar[shared]//io.ktor.server.engine.BaseApplicationEngineKt$installDefaultInterceptors$2.invoke(BaseApplicationEngine.kt)
	at mirai-api-http-2.9.1.mirai2.jar[shared]//io.ktor.server.engine.BaseApplicationEngineKt$installDefaultInterceptors$2.invoke(BaseApplicationEngine.kt)
	at mirai-api-http-2.9.1.mirai2.jar[shared]//io.ktor.util.pipeline.SuspendFunctionGun.loop(SuspendFunctionGun.kt:123)
	at mirai-api-http-2.9.1.mirai2.jar[shared]//io.ktor.util.pipeline.SuspendFunctionGun.proceed(SuspendFunctionGun.kt:81)
	at mirai-api-http-2.9.1.mirai2.jar//net.mamoe.mirai.api.http.adapter.http.feature.auth.Authorization$install$1.invokeSuspend(Authorization.kt:41)
	at mirai-api-http-2.9.1.mirai2.jar//net.mamoe.mirai.api.http.adapter.http.feature.auth.Authorization$install$1.invoke(Authorization.kt)
	at mirai-api-http-2.9.1.mirai2.jar//net.mamoe.mirai.api.http.adapter.http.feature.auth.Authorization$install$1.invoke(Authorization.kt)
	at mirai-api-http-2.9.1.mirai2.jar[shared]//io.ktor.util.pipeline.SuspendFunctionGun.loop(SuspendFunctionGun.kt:123)
	at mirai-api-http-2.9.1.mirai2.jar[shared]//io.ktor.util.pipeline.SuspendFunctionGun.proceed(SuspendFunctionGun.kt:81)
	at mirai-api-http-2.9.1.mirai2.jar[shared]//io.ktor.server.engine.BaseApplicationEngineKt$installDefaultTransformationChecker$1.invokeSuspend(BaseApplicationEngine.kt:122)
	at mirai-api-http-2.9.1.mirai2.jar[shared]//io.ktor.server.engine.BaseApplicationEngineKt$installDefaultTransformationChecker$1.invoke(BaseApplicationEngine.kt)
	at mirai-api-http-2.9.1.mirai2.jar[shared]//io.ktor.server.engine.BaseApplicationEngineKt$installDefaultTransformationChecker$1.invoke(BaseApplicationEngine.kt)
	at mirai-api-http-2.9.1.mirai2.jar[shared]//io.ktor.util.pipeline.SuspendFunctionGun.loop(SuspendFunctionGun.kt:123)
	at mirai-api-http-2.9.1.mirai2.jar[shared]//io.ktor.util.pipeline.SuspendFunctionGun.proceed(SuspendFunctionGun.kt:81)
	at mirai-api-http-2.9.1.mirai2.jar//net.mamoe.mirai.api.http.adapter.http.feature.handler.HttpRouterAccessHandler.intercept(HttpRouterAccessHandler.kt:35)
	at mirai-api-http-2.9.1.mirai2.jar//net.mamoe.mirai.api.http.adapter.http.feature.handler.HttpRouterAccessHandler.access$intercept(HttpRouterAccessHandler.kt:24)
	at mirai-api-http-2.9.1.mirai2.jar//net.mamoe.mirai.api.http.adapter.http.feature.handler.HttpRouterAccessHandler$Feature$install$1.invokeSuspend(HttpRouterAccessHandler.kt:90)
	at mirai-api-http-2.9.1.mirai2.jar//net.mamoe.mirai.api.http.adapter.http.feature.handler.HttpRouterAccessHandler$Feature$install$1.invoke(HttpRouterAccessHandler.kt)
	at mirai-api-http-2.9.1.mirai2.jar//net.mamoe.mirai.api.http.adapter.http.feature.handler.HttpRouterAccessHandler$Feature$install$1.invoke(HttpRouterAccessHandler.kt)
	at mirai-api-http-2.9.1.mirai2.jar[shared]//io.ktor.util.pipeline.SuspendFunctionGun.loop(SuspendFunctionGun.kt:123)
	at mirai-api-http-2.9.1.mirai2.jar[shared]//io.ktor.util.pipeline.SuspendFunctionGun.proceed(SuspendFunctionGun.kt:81)
	at mirai-api-http-2.9.1.mirai2.jar[shared]//io.ktor.util.pipeline.SuspendFunctionGun.execute$ktor_utils(SuspendFunctionGun.kt:101)
	at mirai-api-http-2.9.1.mirai2.jar[shared]//io.ktor.util.pipeline.Pipeline.execute(Pipeline.kt:77)
	at mirai-api-http-2.9.1.mirai2.jar[shared]//io.ktor.server.engine.DefaultEnginePipelineKt$defaultEnginePipeline$1$invokeSuspend$$inlined$execute$1.invokeSuspend(Pipeline.kt:478)
	at mirai-api-http-2.9.1.mirai2.jar[shared]//io.ktor.server.engine.DefaultEnginePipelineKt$defaultEnginePipeline$1$invokeSuspend$$inlined$execute$1.invoke(Pipeline.kt)
	at mirai-api-http-2.9.1.mirai2.jar[shared]//io.ktor.server.engine.DefaultEnginePipelineKt$defaultEnginePipeline$1$invokeSuspend$$inlined$execute$1.invoke(Pipeline.kt)
	at mirai-api-http-2.9.1.mirai2.jar[shared]//io.ktor.util.debug.ContextUtilsKt.initContextInDebugMode(ContextUtils.kt:17)
	at mirai-api-http-2.9.1.mirai2.jar[shared]//io.ktor.server.engine.DefaultEnginePipelineKt$defaultEnginePipeline$1.invokeSuspend(DefaultEnginePipeline.kt:118)
	at mirai-api-http-2.9.1.mirai2.jar[shared]//io.ktor.server.engine.DefaultEnginePipelineKt$defaultEnginePipeline$1.invoke(DefaultEnginePipeline.kt)
	at mirai-api-http-2.9.1.mirai2.jar[shared]//io.ktor.server.engine.DefaultEnginePipelineKt$defaultEnginePipeline$1.invoke(DefaultEnginePipeline.kt)
	at mirai-api-http-2.9.1.mirai2.jar[shared]//io.ktor.util.pipeline.SuspendFunctionGun.loop(SuspendFunctionGun.kt:123)
	at mirai-api-http-2.9.1.mirai2.jar[shared]//io.ktor.util.pipeline.SuspendFunctionGun.proceed(SuspendFunctionGun.kt:81)
	at mirai-api-http-2.9.1.mirai2.jar[shared]//io.ktor.util.pipeline.SuspendFunctionGun.execute$ktor_utils(SuspendFunctionGun.kt:101)
	at mirai-api-http-2.9.1.mirai2.jar[shared]//io.ktor.util.pipeline.Pipeline.execute(Pipeline.kt:77)
	at mirai-api-http-2.9.1.mirai2.jar[shared]//io.ktor.server.cio.CIOApplicationEngine$handleRequest$2$invokeSuspend$$inlined$execute$1.invokeSuspend(Pipeline.kt:478)
	at mirai-api-http-2.9.1.mirai2.jar[shared]//io.ktor.server.cio.CIOApplicationEngine$handleRequest$2$invokeSuspend$$inlined$execute$1.invoke(Pipeline.kt)
	at mirai-api-http-2.9.1.mirai2.jar[shared]//io.ktor.server.cio.CIOApplicationEngine$handleRequest$2$invokeSuspend$$inlined$execute$1.invoke(Pipeline.kt)
	at mirai-api-http-2.9.1.mirai2.jar[shared]//io.ktor.util.debug.ContextUtilsKt.initContextInDebugMode(ContextUtils.kt:17)
	at mirai-api-http-2.9.1.mirai2.jar[shared]//io.ktor.server.cio.CIOApplicationEngine$handleRequest$2.invokeSuspend(CIOApplicationEngine.kt:189)
	at kotlin.coroutines.jvm.internal.BaseContinuationImpl.resumeWith(ContinuationImpl.kt:33)
	at kotlinx.coroutines.DispatchedTask.run(DispatchedTask.kt:106)
	at kotlinx.coroutines.internal.LimitedDispatcher.run(LimitedDispatcher.kt:42)
	at kotlinx.coroutines.scheduling.TaskImpl.run(Tasks.kt:95)
	at kotlinx.coroutines.scheduling.CoroutineScheduler.runSafely(CoroutineScheduler.kt:570)
	at kotlinx.coroutines.scheduling.CoroutineScheduler$Worker.executeTask(CoroutineScheduler.kt:750)
	at kotlinx.coroutines.scheduling.CoroutineScheduler$Worker.runWorker(CoroutineScheduler.kt:677)
	at kotlinx.coroutines.scheduling.CoroutineScheduler$Worker.run(CoroutineScheduler.kt:664)

2023-04-15 12:37:05 E/MAH Access: java.lang.IllegalArgumentException: endIndex (71) is greater than length (18)
java.lang.IllegalArgumentException: endIndex (71) is greater than length (18)
	at mirai-api-http-2.9.1.mirai2.jar[shared]//io.ktor.http.cio.internals.CharArrayBuilder.subSequence(CharArrayBuilder.kt:35)
	at mirai-api-http-2.9.1.mirai2.jar[shared]//io.ktor.http.cio.HttpHeadersMap$getAll$4.invoke(HttpHeadersMap.kt:91)
	at mirai-api-http-2.9.1.mirai2.jar[shared]//io.ktor.http.cio.HttpHeadersMap$getAll$4.invoke(HttpHeadersMap.kt:91)
	at kotlin.sequences.TransformingSequence$iterator$1.next(Sequences.kt:210)
	at kotlin.sequences.TransformingSequence$iterator$1.next(Sequences.kt:210)
	at kotlin.sequences.SequencesKt___SequencesKt.toCollection(_Sequences.kt:787)
	at kotlin.sequences.SequencesKt___SequencesKt.toMutableList(_Sequences.kt:817)
	at kotlin.sequences.SequencesKt___SequencesKt.toList(_Sequences.kt:808)
	at mirai-api-http-2.9.1.mirai2.jar[shared]//io.ktor.http.cio.CIOHeaders.getAll(CIOHeaders.kt:29)
	at mirai-api-http-2.9.1.mirai2.jar[shared]//io.ktor.server.engine.BaseApplicationEngineKt.verifyHostHeader(BaseApplicationEngine.kt:88)
	at mirai-api-http-2.9.1.mirai2.jar[shared]//io.ktor.server.engine.BaseApplicationEngineKt.access$verifyHostHeader(BaseApplicationEngine.kt:1)
	at mirai-api-http-2.9.1.mirai2.jar[shared]//io.ktor.server.engine.BaseApplicationEngineKt$installDefaultInterceptors$2.invokeSuspend(BaseApplicationEngine.kt:113)
	at mirai-api-http-2.9.1.mirai2.jar[shared]//io.ktor.server.engine.BaseApplicationEngineKt$installDefaultInterceptors$2.invoke(BaseApplicationEngine.kt)
	at mirai-api-http-2.9.1.mirai2.jar[shared]//io.ktor.server.engine.BaseApplicationEngineKt$installDefaultInterceptors$2.invoke(BaseApplicationEngine.kt)
	at mirai-api-http-2.9.1.mirai2.jar[shared]//io.ktor.util.pipeline.SuspendFunctionGun.loop(SuspendFunctionGun.kt:123)
	at mirai-api-http-2.9.1.mirai2.jar[shared]//io.ktor.util.pipeline.SuspendFunctionGun.proceed(SuspendFunctionGun.kt:81)
	at mirai-api-http-2.9.1.mirai2.jar//net.mamoe.mirai.api.http.adapter.http.feature.auth.Authorization$install$1.invokeSuspend(Authorization.kt:41)
	at mirai-api-http-2.9.1.mirai2.jar//net.mamoe.mirai.api.http.adapter.http.feature.auth.Authorization$install$1.invoke(Authorization.kt)
	at mirai-api-http-2.9.1.mirai2.jar//net.mamoe.mirai.api.http.adapter.http.feature.auth.Authorization$install$1.invoke(Authorization.kt)
	at mirai-api-http-2.9.1.mirai2.jar[shared]//io.ktor.util.pipeline.SuspendFunctionGun.loop(SuspendFunctionGun.kt:123)
	at mirai-api-http-2.9.1.mirai2.jar[shared]//io.ktor.util.pipeline.SuspendFunctionGun.proceed(SuspendFunctionGun.kt:81)
	at mirai-api-http-2.9.1.mirai2.jar[shared]//io.ktor.server.engine.BaseApplicationEngineKt$installDefaultTransformationChecker$1.invokeSuspend(BaseApplicationEngine.kt:122)
	at mirai-api-http-2.9.1.mirai2.jar[shared]//io.ktor.server.engine.BaseApplicationEngineKt$installDefaultTransformationChecker$1.invoke(BaseApplicationEngine.kt)
	at mirai-api-http-2.9.1.mirai2.jar[shared]//io.ktor.server.engine.BaseApplicationEngineKt$installDefaultTransformationChecker$1.invoke(BaseApplicationEngine.kt)
	at mirai-api-http-2.9.1.mirai2.jar[shared]//io.ktor.util.pipeline.SuspendFunctionGun.loop(SuspendFunctionGun.kt:123)
	at mirai-api-http-2.9.1.mirai2.jar[shared]//io.ktor.util.pipeline.SuspendFunctionGun.proceed(SuspendFunctionGun.kt:81)
	at mirai-api-http-2.9.1.mirai2.jar//net.mamoe.mirai.api.http.adapter.http.feature.handler.HttpRouterAccessHandler.intercept(HttpRouterAccessHandler.kt:35)
	at mirai-api-http-2.9.1.mirai2.jar//net.mamoe.mirai.api.http.adapter.http.feature.handler.HttpRouterAccessHandler.access$intercept(HttpRouterAccessHandler.kt:24)
	at mirai-api-http-2.9.1.mirai2.jar//net.mamoe.mirai.api.http.adapter.http.feature.handler.HttpRouterAccessHandler$Feature$install$1.invokeSuspend(HttpRouterAccessHandler.kt:90)
	at mirai-api-http-2.9.1.mirai2.jar//net.mamoe.mirai.api.http.adapter.http.feature.handler.HttpRouterAccessHandler$Feature$install$1.invoke(HttpRouterAccessHandler.kt)
	at mirai-api-http-2.9.1.mirai2.jar//net.mamoe.mirai.api.http.adapter.http.feature.handler.HttpRouterAccessHandler$Feature$install$1.invoke(HttpRouterAccessHandler.kt)
	at mirai-api-http-2.9.1.mirai2.jar[shared]//io.ktor.util.pipeline.SuspendFunctionGun.loop(SuspendFunctionGun.kt:123)
	at mirai-api-http-2.9.1.mirai2.jar[shared]//io.ktor.util.pipeline.SuspendFunctionGun.proceed(SuspendFunctionGun.kt:81)
	at mirai-api-http-2.9.1.mirai2.jar[shared]//io.ktor.util.pipeline.SuspendFunctionGun.execute$ktor_utils(SuspendFunctionGun.kt:101)
	at mirai-api-http-2.9.1.mirai2.jar[shared]//io.ktor.util.pipeline.Pipeline.execute(Pipeline.kt:77)
	at mirai-api-http-2.9.1.mirai2.jar[shared]//io.ktor.server.engine.DefaultEnginePipelineKt$defaultEnginePipeline$1$invokeSuspend$$inlined$execute$1.invokeSuspend(Pipeline.kt:478)
	at mirai-api-http-2.9.1.mirai2.jar[shared]//io.ktor.server.engine.DefaultEnginePipelineKt$defaultEnginePipeline$1$invokeSuspend$$inlined$execute$1.invoke(Pipeline.kt)
	at mirai-api-http-2.9.1.mirai2.jar[shared]//io.ktor.server.engine.DefaultEnginePipelineKt$defaultEnginePipeline$1$invokeSuspend$$inlined$execute$1.invoke(Pipeline.kt)
	at mirai-api-http-2.9.1.mirai2.jar[shared]//io.ktor.util.debug.ContextUtilsKt.initContextInDebugMode(ContextUtils.kt:17)
	at mirai-api-http-2.9.1.mirai2.jar[shared]//io.ktor.server.engine.DefaultEnginePipelineKt$defaultEnginePipeline$1.invokeSuspend(DefaultEnginePipeline.kt:118)
	at mirai-api-http-2.9.1.mirai2.jar[shared]//io.ktor.server.engine.DefaultEnginePipelineKt$defaultEnginePipeline$1.invoke(DefaultEnginePipeline.kt)
	at mirai-api-http-2.9.1.mirai2.jar[shared]//io.ktor.server.engine.DefaultEnginePipelineKt$defaultEnginePipeline$1.invoke(DefaultEnginePipeline.kt)
	at mirai-api-http-2.9.1.mirai2.jar[shared]//io.ktor.util.pipeline.SuspendFunctionGun.loop(SuspendFunctionGun.kt:123)
	at mirai-api-http-2.9.1.mirai2.jar[shared]//io.ktor.util.pipeline.SuspendFunctionGun.proceed(SuspendFunctionGun.kt:81)
	at mirai-api-http-2.9.1.mirai2.jar[shared]//io.ktor.util.pipeline.SuspendFunctionGun.execute$ktor_utils(SuspendFunctionGun.kt:101)
	at mirai-api-http-2.9.1.mirai2.jar[shared]//io.ktor.util.pipeline.Pipeline.execute(Pipeline.kt:77)
	at mirai-api-http-2.9.1.mirai2.jar[shared]//io.ktor.server.cio.CIOApplicationEngine$handleRequest$2$invokeSuspend$$inlined$execute$1.invokeSuspend(Pipeline.kt:478)
	at mirai-api-http-2.9.1.mirai2.jar[shared]//io.ktor.server.cio.CIOApplicationEngine$handleRequest$2$invokeSuspend$$inlined$execute$1.invoke(Pipeline.kt)
	at mirai-api-http-2.9.1.mirai2.jar[shared]//io.ktor.server.cio.CIOApplicationEngine$handleRequest$2$invokeSuspend$$inlined$execute$1.invoke(Pipeline.kt)
	at mirai-api-http-2.9.1.mirai2.jar[shared]//io.ktor.util.debug.ContextUtilsKt.initContextInDebugMode(ContextUtils.kt:17)
	at mirai-api-http-2.9.1.mirai2.jar[shared]//io.ktor.server.cio.CIOApplicationEngine$handleRequest$2.invokeSuspend(CIOApplicationEngine.kt:189)
	at kotlin.coroutines.jvm.internal.BaseContinuationImpl.resumeWith(ContinuationImpl.kt:33)
	at kotlinx.coroutines.DispatchedTask.run(DispatchedTask.kt:106)
	at kotlinx.coroutines.internal.LimitedDispatcher.run(LimitedDispatcher.kt:42)
	at kotlinx.coroutines.scheduling.TaskImpl.run(Tasks.kt:95)
	at kotlinx.coroutines.scheduling.CoroutineScheduler.runSafely(CoroutineScheduler.kt:570)
	at kotlinx.coroutines.scheduling.CoroutineScheduler$Worker.executeTask(CoroutineScheduler.kt:750)
	at kotlinx.coroutines.scheduling.CoroutineScheduler$Worker.runWorker(CoroutineScheduler.kt:677)
	at kotlinx.coroutines.scheduling.CoroutineScheduler$Worker.run(CoroutineScheduler.kt:664)

2023-04-15 12:37:27 E/MAH Access: java.lang.IllegalArgumentException: endIndex (71) is greater than length (49)
java.lang.IllegalArgumentException: endIndex (71) is greater than length (49)
	at mirai-api-http-2.9.1.mirai2.jar[shared]//io.ktor.http.cio.internals.CharArrayBuilder.subSequence(CharArrayBuilder.kt:35)
	at mirai-api-http-2.9.1.mirai2.jar[shared]//io.ktor.http.cio.HttpHeadersMap$getAll$4.invoke(HttpHeadersMap.kt:91)
	at mirai-api-http-2.9.1.mirai2.jar[shared]//io.ktor.http.cio.HttpHeadersMap$getAll$4.invoke(HttpHeadersMap.kt:91)
	at kotlin.sequences.TransformingSequence$iterator$1.next(Sequences.kt:210)
	at kotlin.sequences.TransformingSequence$iterator$1.next(Sequences.kt:210)
	at kotlin.sequences.SequencesKt___SequencesKt.toCollection(_Sequences.kt:787)
	at kotlin.sequences.SequencesKt___SequencesKt.toMutableList(_Sequences.kt:817)
	at kotlin.sequences.SequencesKt___SequencesKt.toList(_Sequences.kt:808)
	at mirai-api-http-2.9.1.mirai2.jar[shared]//io.ktor.http.cio.CIOHeaders.getAll(CIOHeaders.kt:29)
	at mirai-api-http-2.9.1.mirai2.jar[shared]//io.ktor.server.engine.BaseApplicationEngineKt.verifyHostHeader(BaseApplicationEngine.kt:88)
	at mirai-api-http-2.9.1.mirai2.jar[shared]//io.ktor.server.engine.BaseApplicationEngineKt.access$verifyHostHeader(BaseApplicationEngine.kt:1)
	at mirai-api-http-2.9.1.mirai2.jar[shared]//io.ktor.server.engine.BaseApplicationEngineKt$installDefaultInterceptors$2.invokeSuspend(BaseApplicationEngine.kt:113)
	at mirai-api-http-2.9.1.mirai2.jar[shared]//io.ktor.server.engine.BaseApplicationEngineKt$installDefaultInterceptors$2.invoke(BaseApplicationEngine.kt)
	at mirai-api-http-2.9.1.mirai2.jar[shared]//io.ktor.server.engine.BaseApplicationEngineKt$installDefaultInterceptors$2.invoke(BaseApplicationEngine.kt)
	at mirai-api-http-2.9.1.mirai2.jar[shared]//io.ktor.util.pipeline.SuspendFunctionGun.loop(SuspendFunctionGun.kt:123)
	at mirai-api-http-2.9.1.mirai2.jar[shared]//io.ktor.util.pipeline.SuspendFunctionGun.proceed(SuspendFunctionGun.kt:81)
	at mirai-api-http-2.9.1.mirai2.jar//net.mamoe.mirai.api.http.adapter.http.feature.auth.Authorization$install$1.invokeSuspend(Authorization.kt:41)
	at mirai-api-http-2.9.1.mirai2.jar//net.mamoe.mirai.api.http.adapter.http.feature.auth.Authorization$install$1.invoke(Authorization.kt)
	at mirai-api-http-2.9.1.mirai2.jar//net.mamoe.mirai.api.http.adapter.http.feature.auth.Authorization$install$1.invoke(Authorization.kt)
	at mirai-api-http-2.9.1.mirai2.jar[shared]//io.ktor.util.pipeline.SuspendFunctionGun.loop(SuspendFunctionGun.kt:123)
	at mirai-api-http-2.9.1.mirai2.jar[shared]//io.ktor.util.pipeline.SuspendFunctionGun.proceed(SuspendFunctionGun.kt:81)
	at mirai-api-http-2.9.1.mirai2.jar[shared]//io.ktor.server.engine.BaseApplicationEngineKt$installDefaultTransformationChecker$1.invokeSuspend(BaseApplicationEngine.kt:122)
	at mirai-api-http-2.9.1.mirai2.jar[shared]//io.ktor.server.engine.BaseApplicationEngineKt$installDefaultTransformationChecker$1.invoke(BaseApplicationEngine.kt)
	at mirai-api-http-2.9.1.mirai2.jar[shared]//io.ktor.server.engine.BaseApplicationEngineKt$installDefaultTransformationChecker$1.invoke(BaseApplicationEngine.kt)
	at mirai-api-http-2.9.1.mirai2.jar[shared]//io.ktor.util.pipeline.SuspendFunctionGun.loop(SuspendFunctionGun.kt:123)
	at mirai-api-http-2.9.1.mirai2.jar[shared]//io.ktor.util.pipeline.SuspendFunctionGun.proceed(SuspendFunctionGun.kt:81)
	at mirai-api-http-2.9.1.mirai2.jar//net.mamoe.mirai.api.http.adapter.http.feature.handler.HttpRouterAccessHandler.intercept(HttpRouterAccessHandler.kt:35)
	at mirai-api-http-2.9.1.mirai2.jar//net.mamoe.mirai.api.http.adapter.http.feature.handler.HttpRouterAccessHandler.access$intercept(HttpRouterAccessHandler.kt:24)
	at mirai-api-http-2.9.1.mirai2.jar//net.mamoe.mirai.api.http.adapter.http.feature.handler.HttpRouterAccessHandler$Feature$install$1.invokeSuspend(HttpRouterAccessHandler.kt:90)
	at mirai-api-http-2.9.1.mirai2.jar//net.mamoe.mirai.api.http.adapter.http.feature.handler.HttpRouterAccessHandler$Feature$install$1.invoke(HttpRouterAccessHandler.kt)
	at mirai-api-http-2.9.1.mirai2.jar//net.mamoe.mirai.api.http.adapter.http.feature.handler.HttpRouterAccessHandler$Feature$install$1.invoke(HttpRouterAccessHandler.kt)
	at mirai-api-http-2.9.1.mirai2.jar[shared]//io.ktor.util.pipeline.SuspendFunctionGun.loop(SuspendFunctionGun.kt:123)
	at mirai-api-http-2.9.1.mirai2.jar[shared]//io.ktor.util.pipeline.SuspendFunctionGun.proceed(SuspendFunctionGun.kt:81)
	at mirai-api-http-2.9.1.mirai2.jar[shared]//io.ktor.util.pipeline.SuspendFunctionGun.execute$ktor_utils(SuspendFunctionGun.kt:101)
	at mirai-api-http-2.9.1.mirai2.jar[shared]//io.ktor.util.pipeline.Pipeline.execute(Pipeline.kt:77)
	at mirai-api-http-2.9.1.mirai2.jar[shared]//io.ktor.server.engine.DefaultEnginePipelineKt$defaultEnginePipeline$1$invokeSuspend$$inlined$execute$1.invokeSuspend(Pipeline.kt:478)
	at mirai-api-http-2.9.1.mirai2.jar[shared]//io.ktor.server.engine.DefaultEnginePipelineKt$defaultEnginePipeline$1$invokeSuspend$$inlined$execute$1.invoke(Pipeline.kt)
	at mirai-api-http-2.9.1.mirai2.jar[shared]//io.ktor.server.engine.DefaultEnginePipelineKt$defaultEnginePipeline$1$invokeSuspend$$inlined$execute$1.invoke(Pipeline.kt)
	at mirai-api-http-2.9.1.mirai2.jar[shared]//io.ktor.util.debug.ContextUtilsKt.initContextInDebugMode(ContextUtils.kt:17)
	at mirai-api-http-2.9.1.mirai2.jar[shared]//io.ktor.server.engine.DefaultEnginePipelineKt$defaultEnginePipeline$1.invokeSuspend(DefaultEnginePipeline.kt:118)
	at mirai-api-http-2.9.1.mirai2.jar[shared]//io.ktor.server.engine.DefaultEnginePipelineKt$defaultEnginePipeline$1.invoke(DefaultEnginePipeline.kt)
	at mirai-api-http-2.9.1.mirai2.jar[shared]//io.ktor.server.engine.DefaultEnginePipelineKt$defaultEnginePipeline$1.invoke(DefaultEnginePipeline.kt)
	at mirai-api-http-2.9.1.mirai2.jar[shared]//io.ktor.util.pipeline.SuspendFunctionGun.loop(SuspendFunctionGun.kt:123)
	at mirai-api-http-2.9.1.mirai2.jar[shared]//io.ktor.util.pipeline.SuspendFunctionGun.proceed(SuspendFunctionGun.kt:81)
	at mirai-api-http-2.9.1.mirai2.jar[shared]//io.ktor.util.pipeline.SuspendFunctionGun.execute$ktor_utils(SuspendFunctionGun.kt:101)
	at mirai-api-http-2.9.1.mirai2.jar[shared]//io.ktor.util.pipeline.Pipeline.execute(Pipeline.kt:77)
	at mirai-api-http-2.9.1.mirai2.jar[shared]//io.ktor.server.cio.CIOApplicationEngine$handleRequest$2$invokeSuspend$$inlined$execute$1.invokeSuspend(Pipeline.kt:478)
	at mirai-api-http-2.9.1.mirai2.jar[shared]//io.ktor.server.cio.CIOApplicationEngine$handleRequest$2$invokeSuspend$$inlined$execute$1.invoke(Pipeline.kt)
	at mirai-api-http-2.9.1.mirai2.jar[shared]//io.ktor.server.cio.CIOApplicationEngine$handleRequest$2$invokeSuspend$$inlined$execute$1.invoke(Pipeline.kt)
	at mirai-api-http-2.9.1.mirai2.jar[shared]//io.ktor.util.debug.ContextUtilsKt.initContextInDebugMode(ContextUtils.kt:17)
	at mirai-api-http-2.9.1.mirai2.jar[shared]//io.ktor.server.cio.CIOApplicationEngine$handleRequest$2.invokeSuspend(CIOApplicationEngine.kt:189)
	at kotlin.coroutines.jvm.internal.BaseContinuationImpl.resumeWith(ContinuationImpl.kt:33)
	at kotlinx.coroutines.DispatchedTask.run(DispatchedTask.kt:106)
	at kotlinx.coroutines.internal.LimitedDispatcher.run(LimitedDispatcher.kt:42)
	at kotlinx.coroutines.scheduling.TaskImpl.run(Tasks.kt:95)
	at kotlinx.coroutines.scheduling.CoroutineScheduler.runSafely(CoroutineScheduler.kt:570)
	at kotlinx.coroutines.scheduling.CoroutineScheduler$Worker.executeTask(CoroutineScheduler.kt:750)
	at kotlinx.coroutines.scheduling.CoroutineScheduler$Worker.runWorker(CoroutineScheduler.kt:677)
	at kotlinx.coroutines.scheduling.CoroutineScheduler$Worker.run(CoroutineScheduler.kt:664)

2023-04-15 12:55:12 V/Bot.270488994: [Public Dayz[no mods | OfficialIm(697785664)] 扫办黑fkall(2859802096) -> [mirai:at:270488994] 在线人数
2023-04-15 12:55:14 V/Bot.270488994: Group(697785664) <- 服务器状态：online,当前在线人数：5/60
2023-04-15 13:05:12 V/Bot.270488994: Event: OtherClientOnlineEvent(client=OtherClient(bot=270488994,deviceName=🌝🌝🌝🌔🌓🌗,platform=MOBILE), kind=null)
2023-04-15 13:08:45 V/Bot.270488994: [Public Dayz[no mods | OfficialIm(697785664)] S_RobertoTH(173445004) -> @机器人 在线人数
2023-04-15 13:09:03 V/Bot.270488994: [Public Dayz[no mods | OfficialIm(697785664)] S_RobertoTH(173445004) -> [mirai:at:270488994] 在线人数
2023-04-15 13:09:05 V/Bot.270488994: Group(697785664) <- 服务器状态：online,当前在线人数：5/60
2023-04-15 13:11:35 V/Bot.270488994: Event: OtherClientOfflineEvent(client=OtherClient(bot=270488994,deviceName=🌝🌝🌝🌔🌓🌗,platform=MOBILE))
2023-04-15 13:12:17 V/Bot.270488994: [Public Dayz[no mods | OfficialIm(697785664)] S_RobertoTH(173445004) -> 趁人少上来建个家
2023-04-15 13:13:19 V/Bot.270488994: Event: MemberLeaveEvent.Quit(member=452037892)
2023-04-15 13:22:58 V/Bot.270488994: [Public Dayz[no mods | OfficialIm(697785664)] qiyonghan(2502510147) -> [mirai:at:270488994] 在线人数
2023-04-15 13:23:00 V/Bot.270488994: Group(697785664) <- 服务器状态：online,当前在线人数：6/60
2023-04-15 13:29:45 V/Bot.270488994: Event: MemberJoinRequestEvent(bot=Bot(270488994), eventId=1681536588270017, message=, fromId=2691681493, groupId=697785664, groupName=Public Dayz[no mods | OfficialIm, fromNick=., invitorId=null)
2023-04-15 13:29:49 V/Bot.270488994: Event: MemberJoinEvent.Active(member=2691681493)
2023-04-15 13:29:49 V/Bot.270488994: [Public Dayz[no mods | OfficialIm(697785664)] Q群管家(2854196310) -> [mirai:at:2691681493] 必须看公告 有进入方法和群规，白名单去找管理员 katarina审核\n——来自群管理员（2502510147）的编辑
2023-04-15 13:31:10 V/Bot.270488994: [Public Dayz[no mods | OfficialIm(697785664)] qiyonghan(2502510147) -> [mirai:at:270488994] 在线人数
2023-04-15 13:31:13 V/Bot.270488994: Group(697785664) <- 服务器状态：online,当前在线人数：7/60
2023-04-15 13:43:15 V/Bot.270488994: [Public Dayz[no mods | OfficialIm(697785664)] pan(775481796) -> [mirai:at:270488994] 在线人数
2023-04-15 13:43:18 V/Bot.270488994: Group(697785664) <- 服务器状态：online,当前在线人数：7/60
2023-04-15 13:47:07 V/Bot.270488994: [Public Dayz[no mods | OfficialIm(697785664)] S_RobertoTH(173445004) -> [mirai:image:{974DE35C-2C92-85F1-EDF5-7CCC6CDAD5A3}.png, width=625, height=532, size=119883, type=PNG, isEmoji=false]
2023-04-15 13:52:29 V/Bot.270488994: Event: OtherClientOnlineEvent(client=OtherClient(bot=270488994,deviceName=🌝🌝🌝🌔🌓🌗,platform=MOBILE), kind=null)
2023-04-15 14:01:48 V/Bot.270488994: Event: OtherClientOfflineEvent(client=OtherClient(bot=270488994,deviceName=🌝🌝🌝🌔🌓🌗,platform=MOBILE))
2023-04-15 14:07:21 V/Bot.270488994: [Public Dayz[no mods | OfficialIm(697785664)] S_RobertoTH(173445004) -> [mirai:at:270488994] 在线人数
2023-04-15 14:07:23 V/Bot.270488994: Group(697785664) <- 服务器状态：online,当前在线人数：6/60
2023-04-15 14:18:55 V/Bot.270488994: [Public Dayz[no mods | OfficialIm(697785664)] Chen(1063626122) -> [mirai:image:{8EB6B495-9BA5-26CE-4084-D4ADDC29C55E}.jpg, width=1920, height=1080, size=248149, type=JPG, isEmoji=false]
2023-04-15 14:18:59 V/Bot.270488994: [Public Dayz[no mods | OfficialIm(697785664)] Chen(1063626122) -> 吃饱喝饱的一天
2023-04-15 14:28:59 V/Bot.270488994: [Public Dayz[no mods | OfficialIm(697785664)] qiyonghan(2502510147) -> 👍
2023-04-15 14:54:17 V/Bot.270488994: [Public Dayz[no mods | OfficialIm(697785664)] 峰峰(56777041) -> [mirai:at:270488994] 在线人数
2023-04-15 14:54:20 V/Bot.270488994: Group(697785664) <- 服务器状态：online,当前在线人数：2/60
2023-04-15 14:59:22 V/Bot.270488994: [Public Dayz[no mods | OfficialIm(697785664)] qiyonghan(2502510147) -> [mirai:at:270488994] 在线人数
2023-04-15 14:59:24 V/Bot.270488994: Group(697785664) <- 服务器状态：online,当前在线人数：4/60
2023-04-15 15:05:17 V/Bot.270488994: [Public Dayz[no mods | OfficialIm(697785664)] Chen(1063626122) -> [mirai:image:{923A4A1C-0BA4-794C-5184-6E561E99BA32}.jpg, width=240, height=240, size=939978, type=GIF, isEmoji=true]
2023-04-15 15:05:23 V/Bot.270488994: [Public Dayz[no mods | OfficialIm(697785664)] Chen(1063626122) -> [mirai:at:270488994] 在线人数
2023-04-15 15:05:24 V/Bot.270488994: Group(697785664) <- 服务器状态：online,当前在线人数：4/60
2023-04-15 15:32:50 V/Bot.270488994: [Public Dayz[no mods | OfficialIm(697785664)] 小王(2983870951) -> [mirai:at:270488994] 在线人数
2023-04-15 15:32:52 V/Bot.270488994: Group(697785664) <- 服务器状态：online,当前在线人数：4/60
2023-04-15 15:40:48 V/Bot.270488994: [Public Dayz[no mods | OfficialIm(697785664)] Unhappy(2694837757) -> 猫耳陶瓷锅在谁家里？
2023-04-15 15:45:46 V/Bot.270488994: [Public Dayz[no mods | OfficialIm(697785664)] qiyonghan(2502510147) -> 那是什么
2023-04-15 15:46:54 V/Bot.270488994: [Public Dayz[no mods | OfficialIm(697785664)] Unhappy(2694837757) -> 全黑的那种药罐
2023-04-15 15:47:00 V/Bot.270488994: [Public Dayz[no mods | OfficialIm(697785664)] Unhappy(2694837757) -> 可以装水的
2023-04-15 15:47:14 V/Bot.270488994: [Public Dayz[no mods | OfficialIm(697785664)] qiyonghan(2502510147) -> 没见过
2023-04-15 15:47:16 V/Bot.270488994: [Public Dayz[no mods | OfficialIm(697785664)] 峰峰(56777041) -> 没见过啊
2023-04-15 15:47:23 V/Bot.270488994: [Public Dayz[no mods | OfficialIm(697785664)] Unhappy(2694837757) -> 之前在官服挂壁家里见过
2023-04-15 15:47:47 V/Bot.270488994: [Public Dayz[no mods | OfficialIm(697785664)] Unhappy(2694837757) -> 有点像插香的那种罐子
2023-04-15 15:47:57 V/Bot.270488994: [Public Dayz[no mods | OfficialIm(697785664)] Unhappy(2694837757) -> 全黑的 
2023-04-15 16:30:57 V/Bot.270488994: [Public Dayz[no mods | OfficialIm(697785664)] qiyonghan(2502510147) -> [mirai:at:270488994] 转换为波西米亚id:76561198363221945
2023-04-15 16:30:57 V/Bot.270488994: Group(697785664) <- emXSYu_lwBUv6Ft-eW2d_1o2mEq74fcqeAQBNd0YuGU=
2023-04-15 16:33:15 V/Bot.270488994: [Public Dayz[no mods | OfficialIm(697785664)] ☁(1065913433) -> [mirai:at:270488994] 在线人数
2023-04-15 16:33:42 V/Bot.270488994: [Public Dayz[no mods | OfficialIm(697785664)] Chen(1063626122) -> [mirai:at:270488994] 在线人数
2023-04-15 16:33:44 V/Bot.270488994: Group(697785664) <- 服务器状态：online,当前在线人数：3/60
2023-04-15 16:34:13 V/Bot.270488994: [Public Dayz[no mods | OfficialIm(697785664)] qiyonghan(2502510147) -> [mirai:at:270488994] 转换为波西米亚id:76561198363221945
2023-04-15 16:34:18 V/Bot.270488994: Group(697785664) <- emXSYu_lwBUv6Ft-eW2d_1o2mEq74fcqeAQBNd0YuGU=
2023-04-15 16:35:10 V/Bot.270488994: [Public Dayz[no mods | OfficialIm(697785664)] qiyonghan(2502510147) -> [mirai:at:270488994] 转换为波西米亚id:76561198363221945
2023-04-15 16:35:43 V/Bot.270488994: Group(697785664) <- emXSYu_lwBUv6Ft-eW2d_1o2mEq74fcqeAQBNd0YuGU=
2023-04-15 16:35:59 V/Bot.270488994: [Public Dayz[no mods | OfficialIm(697785664)] qiyonghan(2502510147) -> [mirai:at:270488994] 转换为波西米亚id:76561198363221945
2023-04-15 16:35:59 V/Bot.270488994: Group(697785664) <- aJcBnmNHEY3FVx1OZi6B2BSzeNf4pQmXXbey2sT-D7g=
2023-04-15 16:38:15 V/Bot.270488994: [Public Dayz[no mods | OfficialIm(697785664)] qiyonghan(2502510147) -> [mirai:at:270488994] 在线人数
2023-04-15 16:38:17 V/Bot.270488994: Group(697785664) <- 服务器状态：online,当前在线人数：3/60
2023-04-15 16:51:12 V/Bot.270488994: [Public Dayz[no mods | OfficialIm(697785664)] 起来了(1584793211) -> [mirai:quote:[mirai:source:ids=[30189], internalIds=[1650766017], from 1063626122 to 697785664 at 1681539538], content=<not yet initialized>][mirai:at:1063626122] 羡慕斧子
2023-04-15 16:53:19 V/Bot.270488994: [Public Dayz[no mods | OfficialIm(697785664)] Chen(1063626122) -> 消防楼有
2023-04-15 17:01:05 V/Bot.270488994: Event: FriendAvatarChangedEvent(friend=Friend(1139585952))
2023-04-15 17:05:47 V/Bot.270488994: [Public Dayz[no mods | OfficialIm(697785664)] S_RobertoTH(173445004) -> [mirai:at:270488994] 在线人数
2023-04-15 17:05:49 V/Bot.270488994: Group(697785664) <- 服务器状态：online,当前在线人数：3/60
2023-04-15 17:17:18 V/Bot.270488994: [Public Dayz[no mods | OfficialIm(697785664)] ☁(1065913433) -> [mirai:at:270488994] 在线人数
2023-04-15 17:17:20 V/Bot.270488994: Group(697785664) <- 服务器状态：online,当前在线人数：3/60
2023-04-15 18:03:44 V/Bot.270488994: [Public Dayz[no mods | OfficialIm(697785664)] 嗷呜~~~(3491151929) -> [打招呼]请使用最新版手机QQ体验新功能
2023-04-15 18:14:56 V/Bot.270488994: [Public Dayz[no mods | OfficialIm(697785664)] LAOWANG(1969395727) -> 服务器状态：online,当前在线人数：3/60
2023-04-15 18:15:07 V/Bot.270488994: [Public Dayz[no mods | OfficialIm(697785664)] LAOWANG(1969395727) -> @机器人 在线人数
2023-04-15 18:15:16 V/Bot.270488994: [Public Dayz[no mods | OfficialIm(697785664)] LAOWANG(1969395727) -> [mirai:at:270488994] 在线人数
2023-04-15 18:15:19 V/Bot.270488994: Group(697785664) <- 服务器状态：online,当前在线人数：5/60
2023-04-15 18:42:49 V/Bot.270488994: Event: MemberLeaveEvent.Quit(member=1021150580)
2023-04-15 18:58:48 V/Bot.270488994: [Public Dayz[no mods | OfficialIm(697785664)] qiyonghan(2502510147) -> [mirai:at:270488994] 在线人数
2023-04-15 18:59:10 V/Bot.270488994: [Public Dayz[no mods | OfficialIm(697785664)] qiyonghan(2502510147) -> [mirai:at:270488994] 在线人数
2023-04-15 19:01:59 W/console: 未知指令: /., 输入 ? 获取帮助
2023-04-15 19:02:10 V/Bot.270488994: [Public Dayz[no mods | OfficialIm(697785664)] qiyonghan(2502510147) -> [mirai:at:270488994] 在线人数
2023-04-15 19:02:24 V/Bot.270488994: [Public Dayz[no mods | OfficialIm(697785664)] AKA (1780801526) -> [mirai:at:270488994] 在线人数
2023-04-15 19:02:34 V/Bot.270488994: [Public Dayz[no mods | OfficialIm(697785664)] AKA (1780801526) -> 机器人不听话了
2023-04-15 19:02:37 V/Bot.270488994: [Public Dayz[no mods | OfficialIm(697785664)] qiyonghan(2502510147) -> 又出毛病了
2023-04-15 19:02:39 V/Bot.270488994: [Public Dayz[no mods | OfficialIm(697785664)] qiyonghan(2502510147) -> 干
2023-04-15 19:02:44 V/Bot.270488994: [Public Dayz[no mods | OfficialIm(697785664)] AKA (1780801526) -> /无奈
2023-04-15 19:02:58 V/Bot.270488994: [Public Dayz[no mods | OfficialIm(697785664)] AKA (1780801526) -> [mirai:at:270488994] 在线\n人数
2023-04-15 19:03:58 V/Bot.270488994: [Public Dayz[no mods | OfficialIm(697785664)] qiyonghan(2502510147) -> [mirai:at:270488994] 在线人数
2023-04-15 19:05:44 V/Bot.270488994: [Public Dayz[no mods | OfficialIm(697785664)] qiyonghan(2502510147) -> [mirai:at:270488994] 在线人数
2023-04-15 19:05:59 V/Bot.270488994: [Public Dayz[no mods | OfficialIm(697785664)] ☁(1065913433) -> [mirai:at:270488994] 在线人数
2023-04-15 19:07:26 V/Bot.270488994: [Public Dayz[no mods | OfficialIm(697785664)] ☁(1065913433) -> [mirai:at:2502510147] 出车祸了
2023-04-15 19:08:45 V/Bot.270488994: [Public Dayz[no mods | OfficialIm(697785664)] 门的那边是自由(942891282) -> 服务器状态：待机
2023-04-15 19:09:10 V/Bot.270488994: Event: MemberJoinRequestEvent(bot=Bot(270488994), eventId=1681556954469885, message=新人, fromId=2523437862, groupId=697785664, groupName=Public Dayz[no mods | OfficialIm, fromNick=Correct, invitorId=null)
2023-04-15 19:11:41 V/Bot.270488994: [Public Dayz[no mods | OfficialIm(697785664)] qiyonghan(2502510147) -> 噢 请求的链接有问题了
2023-04-15 19:11:49 V/Bot.270488994: Event: MemberJoinEvent.Active(member=2523437862)
2023-04-15 19:11:49 V/Bot.270488994: [Public Dayz[no mods | OfficialIm(697785664)] Q群管家(2854196310) -> [mirai:at:2523437862] 必须看公告 有进入方法和群规，白名单去找管理员 katarina审核\n——来自群管理员（2502510147）的编辑
2023-04-15 19:12:57 V/Bot.270488994: [Public Dayz[no mods | OfficialIm(697785664)] qiyonghan(2502510147) -> 请求过多有验证码了
2023-04-15 19:13:03 V/Bot.270488994: [Public Dayz[no mods | OfficialIm(697785664)] qiyonghan(2502510147) -> [难过]
2023-04-15 19:13:06 V/Bot.270488994: Event: MemberCardChangeEvent(origin=Correct, new=, member=NormalMember(2523437862))
2023-04-15 19:13:06 V/Bot.270488994: [Public Dayz[no mods | OfficialIm(697785664)] Correct(2523437862) -> 有人带萌新吗
2023-04-15 19:13:10 V/Bot.270488994: [Public Dayz[no mods | OfficialIm(697785664)] Correct(2523437862) -> kook密码多少
2023-04-15 19:13:51 V/Bot.270488994: [Public Dayz[no mods | OfficialIm(697785664)] qiyonghan(2502510147) -> kook的没在玩dayx
2023-04-15 19:14:18 V/Bot.270488994: [Public Dayz[no mods | OfficialIm(697785664)] Correct(2523437862) -> 。。。
2023-04-15 19:15:30 V/Bot.270488994: [Public Dayz[no mods | OfficialIm(697785664)] qiyonghan(2502510147) -> [mirai:at:270488994] 在线人数
2023-04-15 19:15:47 V/Bot.270488994: Group(697785664) <- 服务器状态：未知,当前在线人数：未知/未知
2023-04-15 19:28:31 V/Bot.270488994: Event: MemberLeaveEvent.Quit(member=2523437862)
2023-04-15 19:29:08 V/Bot.270488994: [Public Dayz[no mods | OfficialIm(697785664)] AKA (1780801526) -> 这是啥意思
2023-04-15 19:29:17 V/Bot.270488994: [Public Dayz[no mods | OfficialIm(697785664)] AKA (1780801526) -> [mirai:at:270488994] 在线人数
2023-04-15 19:29:19 V/Bot.270488994: Group(697785664) <- 服务器状态：online,当前在线人数：11/60
2023-04-15 19:29:52 V/Bot.270488994: [Public Dayz[no mods | OfficialIm(697785664)] AKA (1780801526) -> [mirai:at:2523437862] 
2023-04-15 19:30:07 V/Bot.270488994: [Public Dayz[no mods | OfficialIm(697785664)] AKA (1780801526) -> 这小子刚进来就跑了，沙篮子
2023-04-15 19:42:59 V/Bot.270488994: [Public Dayz[no mods | OfficialIm(697785664)] qiyonghan(2502510147) -> 都是爷新
2023-04-15 19:49:14 V/Bot.270488994: [Public Dayz[no mods | OfficialIm(697785664)] Chen(1063626122) -> [mirai:at:270488994] 在线人数
2023-04-15 19:49:16 V/Bot.270488994: Group(697785664) <- 服务器状态：online,当前在线人数：13/60
2023-04-15 19:51:42 V/Bot.270488994: [Public Dayz[no mods | OfficialIm(697785664)] Chen(1063626122) -> [mirai:image:{DA915596-7614-8910-0B67-EE4964FBDC88}.jpg, width=2436, height=1124, size=378796, type=JPG, isEmoji=false]
2023-04-15 19:51:50 V/Bot.270488994: [Public Dayz[no mods | OfficialIm(697785664)] Chen(1063626122) -> 有坐滴滴的吗
2023-04-15 19:52:27 V/Bot.270488994: [Public Dayz[no mods | OfficialIm(697785664)] ☁(1065913433) -> 打架打架
2023-04-15 19:52:46 V/Bot.270488994: [Public Dayz[no mods | OfficialIm(697785664)] Chen(1063626122) -> 我送你去战场
2023-04-15 19:53:09 V/Bot.270488994: [Public Dayz[no mods | OfficialIm(697785664)] Chen(1063626122) -> 补给弹药，
2023-04-15 19:53:31 V/Bot.270488994: [Public Dayz[no mods | OfficialIm(697785664)] 峰峰(56777041) -> [mirai:at:270488994] 在线人数
2023-04-15 19:53:33 V/Bot.270488994: Group(697785664) <- 服务器状态：online,当前在线人数：13/60
2023-04-15 19:54:05 V/Bot.270488994: [Public Dayz[no mods | OfficialIm(697785664)] Chen(1063626122) -> 今晚要大战一场
2023-04-15 19:54:10 V/Bot.270488994: [Public Dayz[no mods | OfficialIm(697785664)] 小王(2983870951) -> 机场来人打架
2023-04-15 19:54:33 V/Bot.270488994: [Public Dayz[no mods | OfficialIm(697785664)] Chen(1063626122) -> 我来了
2023-04-15 19:54:35 V/Bot.270488994: [Public Dayz[no mods | OfficialIm(697785664)] Chen(1063626122) -> 马上来
2023-04-15 19:54:58 V/Bot.270488994: [Public Dayz[no mods | OfficialIm(697785664)] Chen(1063626122) -> 你给把枪给我，我陪你干
2023-04-15 19:56:36 V/Bot.270488994: [Public Dayz[no mods | OfficialIm(697785664)] 小王(2983870951) -> 那你自己去摸
2023-04-15 19:56:56 V/Bot.270488994: [Public Dayz[no mods | OfficialIm(697785664)] Chen(1063626122) -> 我怕你6我
2023-04-15 19:58:02 V/Bot.270488994: [Public Dayz[no mods | OfficialIm(697785664)] 小王(2983870951) -> 那随缘的
2023-04-15 20:00:03 V/Bot.270488994: [Public Dayz[no mods | OfficialIm(697785664)] 峰峰(56777041) -> 来了
2023-04-15 20:00:07 V/Bot.270488994: [Public Dayz[no mods | OfficialIm(697785664)] 峰峰(56777041) -> [mirai:at:2983870951] 
2023-04-15 20:00:13 V/Bot.270488994: [Public Dayz[no mods | OfficialIm(697785664)] 峰峰(56777041) -> 机场偶遇
2023-04-15 20:00:34 V/Bot.270488994: [Public Dayz[no mods | OfficialIm(697785664)] 小王(2983870951) -> ok
2023-04-15 20:06:04 V/Bot.270488994: [Public Dayz[no mods | OfficialIm(697785664)] aka大牛逼牛逼爆了(86887878) -> [mirai:at:270488994] 在线人数
2023-04-15 20:06:08 V/Bot.270488994: Group(697785664) <- 服务器状态：online,当前在线人数：12/60
2023-04-15 20:26:11 V/Bot.270488994: [Public Dayz[no mods | OfficialIm(697785664)] 峰峰(56777041) -> [mirai:at:270488994] 在线人数
2023-04-15 20:26:13 V/Bot.270488994: Group(697785664) <- 服务器状态：online,当前在线人数：13/60
2023-04-15 20:54:11 V/Bot.270488994: Event: MemberJoinRequestEvent(bot=Bot(270488994), eventId=1681563255389720, message=大家好，我是harry。来自上海的摩羯座男一枚~, fromId=275886565, groupId=697785664, groupName=Public Dayz[no mods | OfficialIm, fromNick=harry, invitorId=null)
2023-04-15 20:55:11 V/Bot.270488994: Event: MemberJoinEvent.Active(member=275886565)
2023-04-15 20:55:11 V/Bot.270488994: Event: MemberCardChangeEvent(origin=harry, new=, member=NormalMember(275886565))
2023-04-15 20:55:11 V/Bot.270488994: [Public Dayz[no mods | OfficialIm(697785664)] harry(275886565) -> 大家好，我是harry。来自上海的摩羯座男一枚~
2023-04-15 20:55:11 V/Bot.270488994: [Public Dayz[no mods | OfficialIm(697785664)] Q群管家(2854196310) -> [mirai:at:275886565] 必须看公告 有进入方法和群规，白名单去找管理员 katarina审核\n——来自群管理员（2502510147）的编辑
2023-04-15 21:01:49 V/Bot.270488994: [Public Dayz[no mods | OfficialIm(697785664)] 小王(2983870951) -> [mirai:at:270488994] 在线人数
2023-04-15 21:01:51 V/Bot.270488994: Group(697785664) <- 服务器状态：online,当前在线人数：14/60
2023-04-15 21:01:55 V/Bot.270488994: [Public Dayz[no mods | OfficialIm(697785664)] 小王(2983870951) -> [mirai:at:56777041] 来机场没
2023-04-15 21:03:53 V/Bot.270488994: [Public Dayz[no mods | OfficialIm(697785664)] 峰峰(56777041) -> 我们都到机场外围了。
2023-04-15 21:03:58 V/Bot.270488994: [Public Dayz[no mods | OfficialIm(697785664)] 峰峰(56777041) -> 你在哪个方向？
2023-04-15 21:04:14 V/Bot.270488994: [Public Dayz[no mods | OfficialIm(697785664)] 小王(2983870951) -> 反正在机场了
2023-04-15 21:04:21 V/Bot.270488994: [Public Dayz[no mods | OfficialIm(697785664)] 小王(2983870951) -> 方向爆就不好了
2023-04-15 21:05:49 V/Bot.270488994: [Public Dayz[no mods | OfficialIm(697785664)] 峰峰(56777041) -> 好的
2023-04-15 21:05:58 V/Bot.270488994: [Public Dayz[no mods | OfficialIm(697785664)] 峰峰(56777041) -> 那就随缘偶遇吧
2023-04-15 21:07:09 V/Bot.270488994: [Public Dayz[no mods | OfficialIm(697785664)] 小王(2983870951) ->  老热闹了
2023-04-15 21:07:19 V/Bot.270488994: [Public Dayz[no mods | OfficialIm(697785664)] 小王(2983870951) -> 服主也在，干死他
2023-04-15 21:09:24 V/Bot.270488994: [Public Dayz[no mods | OfficialIm(697785664)] qiyonghan(2502510147) -> [mirai:at:270488994] 在线人数
2023-04-15 21:09:26 V/Bot.270488994: Group(697785664) <- 服务器状态：online,当前在线人数：15/60
2023-04-15 21:09:52 V/Bot.270488994: [Public Dayz[no mods | OfficialIm(697785664)] 峰峰(56777041) -> 你们组队的吧，别忽悠我
2023-04-15 21:10:13 V/Bot.270488994: [Public Dayz[no mods | OfficialIm(697785664)] 小王(2983870951) -> 你问他
2023-04-15 21:10:31 V/Bot.270488994: [Public Dayz[no mods | OfficialIm(697785664)] qiyonghan(2502510147) -> 没组队
2023-04-15 21:10:40 V/Bot.270488994: [Public Dayz[no mods | OfficialIm(697785664)] 小王(2983870951) -> 我就专门干他的
2023-04-15 21:10:45 V/Bot.270488994: [Public Dayz[no mods | OfficialIm(697785664)] qiyonghan(2502510147) -> 小王lol太菜
2023-04-15 21:10:53 V/Bot.270488994: [Public Dayz[no mods | OfficialIm(697785664)] qiyonghan(2502510147) -> 被我排挤了
2023-04-15 21:11:01 V/Bot.270488994: [Public Dayz[no mods | OfficialIm(697785664)] 小王(2983870951) -> 666
2023-04-15 21:11:18 V/Bot.270488994: [Public Dayz[no mods | OfficialIm(697785664)] 小王(2983870951) -> 等会杀了你，在鞭尸你
2023-04-15 21:30:38 V/Bot.270488994: [Public Dayz[no mods | OfficialIm(697785664)] S_RobertoTH(173445004) -> [mirai:at:2502510147] 在线人数
2023-04-15 21:30:59 V/Bot.270488994: [Public Dayz[no mods | OfficialIm(697785664)] 小王(2983870951) ->  这还at群主了
2023-04-15 21:31:15 V/Bot.270488994: [Public Dayz[no mods | OfficialIm(697785664)] S_RobertoTH(173445004) -> [mirai:at:270488994] 在线人数
2023-04-15 21:31:18 V/Bot.270488994: Group(697785664) <- 服务器状态：online,当前在线人数：17/60
2023-04-15 21:31:27 V/Bot.270488994: [Public Dayz[no mods | OfficialIm(697785664)] S_RobertoTH(173445004) -> 巅峰！
2023-04-15 21:31:37 V/Bot.270488994: [Public Dayz[no mods | OfficialIm(697785664)] 小王(2983870951) -> 嘎嘎热闹
2023-04-15 21:31:44 V/Bot.270488994: [Public Dayz[no mods | OfficialIm(697785664)] 小王(2983870951) -> 都来机场干架
2023-04-15 21:34:51 V/Bot.270488994: [Public Dayz[no mods | OfficialIm(697785664)] 起来了(1584793211) -> 真的吗
2023-04-15 21:34:55 V/Bot.270488994: [Public Dayz[no mods | OfficialIm(697785664)] 起来了(1584793211) -> 我在西南机场
2023-04-15 21:40:22 V/Bot.270488994: [Public Dayz[no mods | OfficialIm(697785664)] 小王(2983870951) -> 那祝你好运
2023-04-15 21:42:45 V/Bot.270488994: [Public Dayz[no mods | OfficialIm(697785664)] 扫黑办YYT(1610724841) -> [mirai:at:1584793211] 加油站那个裸叼是你？
2023-04-15 21:42:57 V/Bot.270488994: [Public Dayz[no mods | OfficialIm(697785664)] 起来了(1584793211) -> 不是，我还没上线
2023-04-15 21:43:01 V/Bot.270488994: [Public Dayz[no mods | OfficialIm(697785664)] harry(275886565) -> 怎么可以进服呢 
2023-04-15 21:43:03 V/Bot.270488994: [Public Dayz[no mods | OfficialIm(697785664)] 起来了(1584793211) -> [mirai:image:{CC75B2C0-617B-70C9-1EBE-C9DEA18397A7}.jpg, width=57, height=50, size=797, type=JPG, isEmoji=true]
2023-04-15 21:43:05 V/Bot.270488994: [Public Dayz[no mods | OfficialIm(697785664)] harry(275886565) -> 我是萌新
2023-04-15 21:43:48 V/Bot.270488994: [Public Dayz[no mods | OfficialIm(697785664)] harry(275886565) -> H1z1 生存3000 小时 Rust3000小时 不过dayz 第一次解除 
2023-04-15 21:43:55 V/Bot.270488994: [Public Dayz[no mods | OfficialIm(697785664)] harry(275886565) -> 接触
2023-04-15 21:43:59 V/Bot.270488994: [Public Dayz[no mods | OfficialIm(697785664)] NaiDi(2423251354) -> C城加油站吗
2023-04-15 21:44:17 V/Bot.270488994: [Public Dayz[no mods | OfficialIm(697785664)] 小王(2983870951) -> 群公告，找腐竹报备白名单
2023-04-15 21:44:39 V/Bot.270488994: [Public Dayz[no mods | OfficialIm(697785664)] 起来了(1584793211) -> 3000小时怎么做到的
2023-04-15 21:44:40 V/Bot.270488994: [Public Dayz[no mods | OfficialIm(697785664)] 起来了(1584793211) -> [mirai:image:{3798C2DD-430D-1BA2-318E-3EEEB8C9E6AC}.jpg, width=69, height=70, size=1743, type=JPG, isEmoji=true]
2023-04-15 21:45:18 V/Bot.270488994: [Public Dayz[no mods | OfficialIm(697785664)] NaiDi(2423251354) -> [mirai:at:2983870951]
2023-04-15 21:45:23 V/Bot.270488994: [Public Dayz[no mods | OfficialIm(697785664)] NaiDi(2423251354) -> 不用等我们了
2023-04-15 21:45:25 V/Bot.270488994: [Public Dayz[no mods | OfficialIm(697785664)] NaiDi(2423251354) -> 我们挂了
2023-04-15 21:46:10 V/Bot.270488994: [Public Dayz[no mods | OfficialIm(697785664)] harry(275886565) -> [mirai:image:{7B4F0BAC-E457-4081-5787-E1ADEB20B46B}.jpg, width=1126, height=2436, size=224250, type=JPG, isEmoji=false]
2023-04-15 21:46:19 V/Bot.270488994: [Public Dayz[no mods | OfficialIm(697785664)] 小王(2983870951) -> [mirai:quote:[mirai:source:ids=[30335], internalIds=[2133601834], from 2423251354 to 697785664 at 1681566328], content=<not yet initialized>][mirai:at:2423251354] ？
2023-04-15 21:46:22 V/Bot.270488994: [Public Dayz[no mods | OfficialIm(697785664)] harry(275886565) -> 靠肝 不过现在没有太多时间了 
2023-04-15 21:46:23 V/Bot.270488994: [Public Dayz[no mods | OfficialIm(697785664)] 小王(2983870951) -> 遇到啥了
2023-04-15 21:49:51 V/Bot.270488994: [Public Dayz[no mods | OfficialIm(697785664)] 扫黑办YYT(1610724841) -> [mirai:quote:[mirai:source:ids=[30329], internalIds=[1272311981], from 2423251354 to 697785664 at 1681566243], content=<not yet initialized>][mirai:at:2423251354] 对
2023-04-15 21:53:30 V/Bot.270488994: [Public Dayz[no mods | OfficialIm(697785664)] NaiDi(2423251354) -> 我们开车去机场啊，然后撞了。全死了
2023-04-15 21:53:45 V/Bot.270488994: [Public Dayz[no mods | OfficialIm(697785664)] NaiDi(2423251354) -> 然后我刚好跑C城加油站就看见一个120
2023-04-15 21:54:26 V/Bot.270488994: [Public Dayz[no mods | OfficialIm(697785664)] harry(275886565) -> [mirai:at:270488994] 在线人数
2023-04-15 21:54:28 V/Bot.270488994: Group(697785664) <- 服务器状态：online,当前在线人数：18/60
2023-04-15 21:54:39 V/Bot.270488994: [Public Dayz[no mods | OfficialIm(697785664)] qiyonghan(2502510147) -> [mirai:quote:[mirai:source:ids=[30343], internalIds=[578097757], from 275886565 to 697785664 at 1681566870], content=<not yet initialized>][mirai:at:275886565] 要白名单的
2023-04-15 21:54:39 V/Bot.270488994: [Public Dayz[no mods | OfficialIm(697785664)] harry(275886565) -> 请问群主在吗
2023-04-15 21:54:44 V/Bot.270488994: [Public Dayz[no mods | OfficialIm(697785664)] qiyonghan(2502510147) -> 你看下公告噢
2023-04-15 21:54:51 V/Bot.270488994: [Public Dayz[no mods | OfficialIm(697785664)] qiyonghan(2502510147) -> 把steam17位id发给我
2023-04-15 21:54:57 V/Bot.270488994: [Public Dayz[no mods | OfficialIm(697785664)] harry(275886565) -> 好的
2023-04-15 21:56:12 V/Bot.270488994: [Public Dayz[no mods | OfficialIm(697785664)] harry(275886565) -> https://steamcommunity.com/id/275886565/
2023-04-15 21:56:15 V/Bot.270488994: [Public Dayz[no mods | OfficialIm(697785664)] harry(275886565) -> 这个吗
2023-04-15 21:57:12 V/Bot.270488994: [Public Dayz[no mods | OfficialIm(697785664)] qiyonghan(2502510147) -> 对
2023-04-15 21:57:17 V/Bot.270488994: [Public Dayz[no mods | OfficialIm(697785664)] harry(275886565) -> NVIDIA录制我会的 保存回放一分钟够了吧
2023-04-15 21:57:21 V/Bot.270488994: [Public Dayz[no mods | OfficialIm(697785664)] qiyonghan(2502510147) -> 嗯
2023-04-15 21:57:28 V/Bot.270488994: [Public Dayz[no mods | OfficialIm(697785664)] qiyonghan(2502510147) -> 但是
2023-04-15 21:57:30 V/Bot.270488994: [Public Dayz[no mods | OfficialIm(697785664)] harry(275886565) -> 不过我不可能杀人的 我连僵尸都打不过哈哈哈
2023-04-15 21:57:38 V/Bot.270488994: [Public Dayz[no mods | OfficialIm(697785664)] qiyonghan(2502510147) -> steam17位id是7开头的
2023-04-15 21:57:41 V/Bot.270488994: [Public Dayz[no mods | OfficialIm(697785664)] qiyonghan(2502510147) -> 你这个错了
2023-04-15 21:57:45 V/Bot.270488994: [Public Dayz[no mods | OfficialIm(697785664)] qiyonghan(2502510147) -> 你看下群公告
2023-04-15 21:57:53 V/Bot.270488994: [Public Dayz[no mods | OfficialIm(697785664)] qiyonghan(2502510147) -> 看看怎么取到id
2023-04-15 21:58:16 V/Bot.270488994: [Public Dayz[no mods | OfficialIm(697785664)] harry(275886565) -> 你点进去 
2023-04-15 21:58:21 V/Bot.270488994: [Public Dayz[no mods | OfficialIm(697785664)] harry(275886565) -> 我的改过
2023-04-15 21:58:25 V/Bot.270488994: [Public Dayz[no mods | OfficialIm(697785664)] harry(275886565) -> 不是7开头的
2023-04-15 21:58:31 V/Bot.270488994: [Public Dayz[no mods | OfficialIm(697785664)] harry(275886565) -> 但是这个就是我的id
2023-04-15 21:58:50 V/Bot.270488994: [Public Dayz[no mods | OfficialIm(697785664)] harry(275886565) -> [mirai:app:{"app":"com.tencent.structmsg","config":{"ctime":1681567133,"forward":true,"token":"099ad11e156a859ea288dc1e2f120ad4","type":"normal"},"desc":"新闻","extra":{"app_type":1,"appid":1103188687,"uin":275886565},"meta":{"news":{"action":"","android_pkg_name":"","app_type":1,"appid":1103188687,"ctime":1681567133,"desc":"","jumpUrl":"https://steamcommunity.com/id/275886565/","preview":"https://qq.ugcimg.cn/fg/v1/2u3jj1h2df2c1stt62po18d4ql1f238e2busuil4u6t24sju14e1l6l7q2ghrik3abrd1s5biajkdpu1odd955m6uh9ho4bnr7q2gg9678qi30cptbkoqissn2bqbn32/vr68ncbmj56ld21qgaa4jgfacogjepvkkf71t5s4cavm1vdr8030","source_icon":"https://p.qpic.cn/qqconnect/0/app_1103188687_1658800746/100?max-age=2592000&t=0","source_url":"","tag":"微信","title":"Steam 社区 :: PeePeeguy","uin":275886565}},"prompt":"[分享]Steam 社区 :: PeePeeguy","ver":"0.0.0.1","view":"news"}]
2023-04-15 21:59:19 V/Bot.270488994: [Public Dayz[no mods | OfficialIm(697785664)] 扫黑办YYT(1610724841) -> [mirai:at:2423251354] 不要去c城我被打了
2023-04-15 21:59:21 V/Bot.270488994: [Public Dayz[no mods | OfficialIm(697785664)] 扫黑办YYT(1610724841) -> [mirai:image:{8B6D1E19-FA64-79BA-1BEC-B86295B55CDB}.jpg, width=100, height=100, size=3400, type=JPG, isEmoji=true]
2023-04-15 22:01:16 V/Bot.270488994: [Public Dayz[no mods | OfficialIm(697785664)] qiyonghan(2502510147) -> [mirai:at:270488994] 转换波西米亚id:275886565
2023-04-15 22:02:21 V/Bot.270488994: [Public Dayz[no mods | OfficialIm(697785664)] qiyonghan(2502510147) -> [mirai:at:270488994] 转换为波西米亚id:275886565
2023-04-15 22:02:21 V/Bot.270488994: Group(697785664) <- gbu2ZdkrsLG6zfQ8a3KpeH9izwUW34bOt_SuEmcEcBw=
2023-04-15 22:04:17 V/Bot.270488994: [Public Dayz[no mods | OfficialIm(697785664)] harry(275886565) -> 是不是不行[可怜]
2023-04-15 22:04:25 V/Bot.270488994: [Public Dayz[no mods | OfficialIm(697785664)] qiyonghan(2502510147) -> 加上了
2023-04-15 22:04:26 V/Bot.270488994: [Public Dayz[no mods | OfficialIm(697785664)] qiyonghan(2502510147) -> 你看看
2023-04-15 22:06:16 V/Bot.270488994: [Public Dayz[no mods | OfficialIm(697785664)] S_RobertoTH(173445004) -> [mirai:at:270488994] 在线人数
2023-04-15 22:06:18 V/Bot.270488994: Group(697785664) <- 服务器状态：online,当前在线人数：17/60
2023-04-15 22:07:06 V/Bot.270488994: [Public Dayz[no mods | OfficialIm(697785664)] 扫黄办HEIMUKIH(2325344166) -> @机器人 在线人数
2023-04-15 22:07:27 V/Bot.270488994: [Public Dayz[no mods | OfficialIm(697785664)] 扫黄办HEIMUKIH(2325344166) -> [mirai:at:270488994] 在线人数
2023-04-15 22:07:29 V/Bot.270488994: Group(697785664) <- 服务器状态：online,当前在线人数：18/60
2023-04-15 22:07:44 V/Bot.270488994: [Public Dayz[no mods | OfficialIm(697785664)] 扫黄办HEIMUKIH(2325344166) -> @机器人 在线人数
2023-04-15 22:07:58 V/Bot.270488994: [Public Dayz[no mods | OfficialIm(697785664)] qiyonghan(2502510147) -> 别请求了
2023-04-15 22:08:08 V/Bot.270488994: [Public Dayz[no mods | OfficialIm(697785664)] qiyonghan(2502510147) -> 会被怀疑是爬虫
2023-04-15 22:08:16 V/Bot.270488994: [Public Dayz[no mods | OfficialIm(697785664)] 扫黄办HEIMUKIH(2325344166) -> [mirai:image:{4117113A-BB26-9654-8FA5-B0E587669FB8}.gif, width=320, height=320, size=110239, type=GIF, isEmoji=true]
2023-04-15 22:17:45 V/Bot.270488994: [Public Dayz[no mods | OfficialIm(697785664)] 扫黑办YYT(1610724841) -> [mirai:image:{A8E48FCD-4475-0135-42CA-5CF80144542B}.jpg, width=300, height=288, size=11249, type=JPG, isEmoji=true]
2023-04-15 22:30:43 V/Bot.270488994: [Public Dayz[no mods | OfficialIm(697785664)] Chen(1063626122) -> [mirai:at:270488994] 在线人数
2023-04-15 22:30:45 V/Bot.270488994: Group(697785664) <- 服务器状态：online,当前在线人数：19/60
2023-04-15 22:32:42 V/Bot.270488994: [Public Dayz[no mods | OfficialIm(697785664)] 小王(2983870951) -> 没得打没得打
2023-04-15 22:33:04 V/Bot.270488994: [Public Dayz[no mods | OfficialIm(697785664)] qiyonghan(2502510147) -> [流汗]
2023-04-15 22:33:14 V/Bot.270488994: [Public Dayz[no mods | OfficialIm(697785664)] NaiDi(2423251354) -> /元宝@小王还好我们死半路了，一出门就有人来拆家
2023-04-15 22:33:33 V/Bot.270488994: [Public Dayz[no mods | OfficialIm(697785664)] 扫黑办YYT(1610724841) -> [mirai:at:2423251354] 不然你以为我们120是去哪的
2023-04-15 22:33:45 V/Bot.270488994: [Public Dayz[no mods | OfficialIm(697785664)] 扫黑办YYT(1610724841) -> [mirai:image:{6458B4A4-5267-6BC5-ED38-BD24B4E230E3}.jpg, width=111, height=120, size=5279, type=JPG, isEmoji=true]
2023-04-15 22:33:52 V/Bot.270488994: [Public Dayz[no mods | OfficialIm(697785664)] NaiDi(2423251354) -> 你们不是在北城吗
2023-04-15 22:33:59 V/Bot.270488994: [Public Dayz[no mods | OfficialIm(697785664)] NaiDi(2423251354) -> 怎么往海边开
2023-04-15 22:34:03 V/Bot.270488994: [Public Dayz[no mods | OfficialIm(697785664)] 扫黑办YYT(1610724841) -> 你都说看见我们咯
2023-04-15 22:34:19 V/Bot.270488994: [Public Dayz[no mods | OfficialIm(697785664)] 小王(2983870951) -> md我都被队友俩枪秒了
2023-04-15 22:34:19 V/Bot.270488994: [Public Dayz[no mods | OfficialIm(697785664)] 扫黑办YYT(1610724841) -> 后勤差点被偷了
2023-04-15 22:34:20 V/Bot.270488994: [Public Dayz[no mods | OfficialIm(697785664)] 小王(2983870951) -> 我真的无语
2023-04-15 22:34:25 V/Bot.270488994: [Public Dayz[no mods | OfficialIm(697785664)] 扫黑办YYT(1610724841) -> [变形]请使用最新版手机QQ体验新功能
2023-04-15 22:34:29 V/Bot.270488994: [Public Dayz[no mods | OfficialIm(697785664)] NaiDi(2423251354) -> 看见是看见但是我又不知道你们是去哪
2023-04-15 22:34:44 V/Bot.270488994: [Public Dayz[no mods | OfficialIm(697785664)] 扫黑办YYT(1610724841) -> 有坏b偷我们后勤
2023-04-15 22:34:53 V/Bot.270488994: [Public Dayz[no mods | OfficialIm(697785664)] 扫黑办YYT(1610724841) -> 白色4x4的小子
2023-04-15 22:35:14 V/Bot.270488994: [Public Dayz[no mods | OfficialIm(697785664)] 扫黑办YYT(1610724841) -> [mirai:image:{D008E406-ADCC-7F76-1482-F5AC085C7407}.jpg, width=80, height=80, size=1031, type=JPG, isEmoji=true]
2023-04-15 22:35:47 V/Bot.270488994: [Public Dayz[no mods | OfficialIm(697785664)] 扫黑办YYT(1610724841) -> [mirai:at:2423251354] 你在哪呢
2023-04-15 22:35:53 V/Bot.270488994: [Public Dayz[no mods | OfficialIm(697785664)] NaiDi(2423251354) -> 厕所
2023-04-15 22:36:27 V/Bot.270488994: [Public Dayz[no mods | OfficialIm(697785664)] NaiDi(2423251354) -> 我没在
2023-04-15 22:36:37 V/Bot.270488994: [Public Dayz[no mods | OfficialIm(697785664)] NaiDi(2423251354) -> 你看见我的时候我不是罗屌吗
2023-04-15 22:36:44 V/Bot.270488994: [Public Dayz[no mods | OfficialIm(697785664)] 扫黑办YYT(1610724841) -> 还不快回家/豹富
2023-04-15 22:36:48 V/Bot.270488994: [Public Dayz[no mods | OfficialIm(697785664)] NaiDi(2423251354) -> 我跑去看我们尸体了
2023-04-15 22:37:18 V/Bot.270488994: [Public Dayz[no mods | OfficialIm(697785664)] 扫黑办YYT(1610724841) -> 别半路被我6到哦
2023-04-15 22:37:27 V/Bot.270488994: [Public Dayz[no mods | OfficialIm(697785664)] 扫黑办YYT(1610724841) -> [mirai:image:{B3E07274-E0B6-7CE0-91AC-E2380DA88829}.jpg, width=48, height=49, size=880, type=JPG, isEmoji=true]
2023-04-15 22:38:27 V/Bot.270488994: [Public Dayz[no mods | OfficialIm(697785664)] 扫黄办HEIMUKIH(2325344166) -> [mirai:at:270488994] 在线人数
2023-04-15 22:38:29 V/Bot.270488994: Group(697785664) <- 服务器状态：online,当前在线人数：19/60
2023-04-15 22:47:19 V/Bot.270488994: [Public Dayz[no mods | OfficialIm(697785664)] 扫办黑fkall(2859802096) -> 视频发一下
2023-04-15 22:49:09 V/Bot.270488994: [Public Dayz[no mods | OfficialIm(697785664)] aka大牛逼牛逼爆了(86887878) -> 打毒气的那个
2023-04-15 22:49:11 V/Bot.270488994: [Public Dayz[no mods | OfficialIm(697785664)] aka大牛逼牛逼爆了(86887878) -> 发一下
2023-04-15 22:49:23 V/Bot.270488994: [Public Dayz[no mods | OfficialIm(697785664)] aka大牛逼牛逼爆了(86887878) -> 杀人的也发一下
2023-04-15 22:49:38 V/Bot.270488994: [Public Dayz[no mods | OfficialIm(697785664)] 扫办黑fkall(2859802096) -> 刚刚谁丢的二楼手雷
2023-04-15 22:49:43 V/Bot.270488994: [Public Dayz[no mods | OfficialIm(697785664)] 扫办黑fkall(2859802096) -> 发一下视频
2023-04-15 22:49:49 V/Bot.270488994: [Public Dayz[no mods | OfficialIm(697785664)] 扫办黑fkall(2859802096) -> z城
2023-04-15 22:50:29 V/Bot.270488994: [Public Dayz[no mods | OfficialIm(697785664)] 扫办黑fkall(2859802096) -> 记得吧视频录下来哟
2023-04-15 22:50:54 V/Bot.270488994: [Public Dayz[no mods | OfficialIm(697785664)] 扫办黑fkall(2859802096) -> 没有视频跳进黄河都洗不清了
2023-04-15 22:52:23 V/Bot.270488994: [Public Dayz[no mods | OfficialIm(697785664)] 扫办黑fkall(2859802096) -> 怎么没人说话捏
2023-04-15 22:52:53 V/Bot.270488994: [Public Dayz[no mods | OfficialIm(697785664)] Nigen(3195472056) -> 好杀
2023-04-15 22:53:00 V/Bot.270488994: [Public Dayz[no mods | OfficialIm(697785664)] Nigen(3195472056) -> [mirai:image:{2BC89535-D69D-BC5A-5AB0-EE7BF4C9DD28}.jpg, width=1080, height=1332, size=80241, type=JPG, isEmoji=true]
2023-04-15 22:53:15 V/Bot.270488994: [Public Dayz[no mods | OfficialIm(697785664)] 门的那边是自由(942891282) -> 被我单杀两个
2023-04-15 22:53:21 V/Bot.270488994: [Public Dayz[no mods | OfficialIm(697785664)] 门的那边是自由(942891282) -> 确实好杀
2023-04-15 22:53:37 V/Bot.270488994: [Public Dayz[no mods | OfficialIm(697785664)] 门的那边是自由(942891282) -> [mirai:image:{64D7709B-F08D-0971-FD9A-D907514B6E47}.jpg, width=50, height=50, size=1318, type=JPG, isEmoji=true]
2023-04-15 22:55:06 V/Bot.270488994: [Public Dayz[no mods | OfficialIm(697785664)] Nigen(3195472056) -> 那你也很棒哦
2023-04-15 22:55:42 V/Bot.270488994: [Public Dayz[no mods | OfficialIm(697785664)] S_RobertoTH(173445004) -> [mirai:at:270488994] 在线人数
2023-04-15 22:55:44 V/Bot.270488994: Group(697785664) <- 服务器状态：online,当前在线人数：14/60
2023-04-15 22:55:54 V/Bot.270488994: [Public Dayz[no mods | OfficialIm(697785664)] qiyonghan(2502510147) -> 杀人的把视频发我一下
2023-04-15 22:57:12 V/Bot.270488994: [Public Dayz[no mods | OfficialIm(697785664)] 扫办黑fkall(2859802096) -> 杀人的视频发一下[呲牙]
2023-04-15 22:57:28 V/Bot.270488994: [Public Dayz[no mods | OfficialIm(697785664)] 扫办黑fkall(2859802096) -> 全程哦
2023-04-15 22:57:35 V/Bot.270488994: [Public Dayz[no mods | OfficialIm(697785664)] 扫办黑fkall(2859802096) -> 带声音的那种
2023-04-15 22:57:36 V/Bot.270488994: [Public Dayz[no mods | OfficialIm(697785664)] 扫办黑fkall(2859802096) -> [呲牙]
2023-04-15 22:58:21 V/Bot.270488994: [Public Dayz[no mods | OfficialIm(697785664)] aka大牛逼牛逼爆了(86887878) -> 毒气跟着人炸
2023-04-15 22:58:25 V/Bot.270488994: [Public Dayz[no mods | OfficialIm(697785664)] aka大牛逼牛逼爆了(86887878) -> 真的帅
2023-04-15 22:58:29 V/Bot.270488994: [Public Dayz[no mods | OfficialIm(697785664)] aka大牛逼牛逼爆了(86887878) -> [mirai:image:{EC66B7F8-EACB-2243-8D03-146378A9332C}.jpg, width=100, height=100, size=4544, type=JPG, isEmoji=true]
2023-04-15 22:59:08 V/Bot.270488994: [Public Dayz[no mods | OfficialIm(697785664)] 扫办黑fkall(2859802096) -> [呲牙]
2023-04-15 22:59:21 V/Bot.270488994: [Public Dayz[no mods | OfficialIm(697785664)] 扫办黑fkall(2859802096) -> 我们都撤完了
2023-04-15 22:59:23 V/Bot.270488994: [Public Dayz[no mods | OfficialIm(697785664)] 扫办黑fkall(2859802096) -> 怎么还不发呀
2023-04-15 23:03:19 V/Bot.270488994: [Public Dayz[no mods | OfficialIm(697785664)] pan(775481796) -> [mirai:at:270488994] 在线人数
2023-04-15 23:03:21 V/Bot.270488994: Group(697785664) <- 服务器状态：online,当前在线人数：9/60
2023-04-15 23:05:53 V/Bot.270488994: [Public Dayz[no mods | OfficialIm(697785664)] 扫黑办YYT(1610724841) -> 还想来偷车
2023-04-15 23:05:56 V/Bot.270488994: [Public Dayz[no mods | OfficialIm(697785664)] 扫黑办YYT(1610724841) -> [mirai:image:{96B67A84-CBA2-C76D-2465-B64AC957A2C8}.jpg, width=80, height=66, size=1301, type=JPG, isEmoji=true]
2023-04-15 23:08:31 V/Bot.270488994: [Public Dayz[no mods | OfficialIm(697785664)] qiyonghan(2502510147) -> 谁毒气弹杀人的 发一下视频给我
2023-04-15 23:08:34 V/Bot.270488994: [Public Dayz[no mods | OfficialIm(697785664)] qiyonghan(2502510147) -> 别人在要
2023-04-15 23:09:06 V/Bot.270488994: [Public Dayz[no mods | OfficialIm(697785664)] 扫办黑fkall(2859802096) -> 手榴弹
2023-04-15 23:09:09 V/Bot.270488994: [Public Dayz[no mods | OfficialIm(697785664)] 扫办黑fkall(2859802096) -> z城二楼
2023-04-15 23:09:11 V/Bot.270488994: [Public Dayz[no mods | OfficialIm(697785664)] 扫办黑fkall(2859802096) -> 谁丢的
2023-04-15 23:09:15 V/Bot.270488994: [Public Dayz[no mods | OfficialIm(697785664)] 扫办黑fkall(2859802096) -> 视频发一下
2023-04-15 23:09:23 V/Bot.270488994: [Public Dayz[no mods | OfficialIm(697785664)] 扫办黑fkall(2859802096) -> 带小队语音的那种
2023-04-15 23:09:39 V/Bot.270488994: [Public Dayz[no mods | OfficialIm(697785664)] qiyonghan(2502510147) -> 发给我就行了
2023-04-15 23:09:52 V/Bot.270488994: [Public Dayz[no mods | OfficialIm(697785664)] qiyonghan(2502510147) -> 我不会给他们看的
2023-04-15 23:15:20 V/Bot.270488994: [Public Dayz[no mods | OfficialIm(697785664)] harry(275886565) -> 怎么进服啊 
2023-04-15 23:15:25 V/Bot.270488994: [Public Dayz[no mods | OfficialIm(697785664)] harry(275886565) -> 刚到家
2023-04-15 23:16:02 V/Bot.270488994: [Public Dayz[no mods | OfficialIm(697785664)] qiyonghan(2502510147) -> 看公告
2023-04-15 23:16:04 V/Bot.270488994: [Public Dayz[no mods | OfficialIm(697785664)] qiyonghan(2502510147) -> 有个链接
2023-04-15 23:16:12 V/Bot.270488994: [Public Dayz[no mods | OfficialIm(697785664)] harry(275886565) -> 好的
2023-04-15 23:24:04 V/Bot.270488994: Event: OtherClientOnlineEvent(client=OtherClient(bot=270488994,deviceName=🌝🌝🌝🌔🌓🌗,platform=MOBILE), kind=null)
2023-04-15 23:26:16 V/Bot.270488994: Event: FriendAvatarChangedEvent(friend=Friend(3176633544))
2023-04-15 23:27:06 V/Bot.270488994: Event: OtherClientOfflineEvent(client=OtherClient(bot=270488994,deviceName=🌝🌝🌝🌔🌓🌗,platform=MOBILE))
2023-04-15 23:28:25 V/Bot.270488994: Event: MemberJoinRequestEvent(bot=Bot(270488994), eventId=1681572509735326, message=, fromId=824984312, groupId=697785664, groupName=Public Dayz[no mods | OfficialIm, fromNick=可可爱爱奇奇怪怪, invitorId=null)
2023-04-15 23:29:27 V/Bot.270488994: [Public Dayz[no mods | OfficialIm(697785664)] harry(275886565) -> 我进不去 显示不在名单了
2023-04-15 23:29:32 V/Bot.270488994: [Public Dayz[no mods | OfficialIm(697785664)] harry(275886565) -> 被踢出le
2023-04-15 23:29:40 V/Bot.270488994: Event: MemberJoinEvent.Active(member=824984312)
2023-04-15 23:29:41 V/Bot.270488994: [Public Dayz[no mods | OfficialIm(697785664)] Q群管家(2854196310) -> [mirai:at:824984312] 必须看公告 有进入方法和群规，白名单去找群主审核\n——来自群管理员（2502510147）的编辑
2023-04-15 23:30:15 V/Bot.270488994: [Public Dayz[no mods | OfficialIm(697785664)] harry(275886565) -> 算了 今天太晚了 改天搞
2023-04-15 23:30:19 V/Bot.270488994: Event: MemberCardChangeEvent(origin=可可爱爱奇奇怪怪, new=, member=NormalMember(824984312))
2023-04-15 23:30:19 V/Bot.270488994: [Public Dayz[no mods | OfficialIm(697785664)] 可可爱爱奇奇怪怪(824984312) -> 怎么加啊
2023-04-15 23:30:21 V/Bot.270488994: [Public Dayz[no mods | OfficialIm(697785664)] harry(275886565) -> 群主辛苦了 早点休息哈
2023-04-15 23:30:37 V/Bot.270488994: [Public Dayz[no mods | OfficialIm(697785664)] 可可爱爱奇奇怪怪(824984312) -> 是纯净服吗？
2023-04-15 23:30:42 V/Bot.270488994: [Public Dayz[no mods | OfficialIm(697785664)] 可可爱爱奇奇怪怪(824984312) -> 我看就几个模组
2023-04-15 23:30:44 V/Bot.270488994: [Public Dayz[no mods | OfficialIm(697785664)] harry(275886565) -> 看公告哦
2023-04-15 23:31:24 V/Bot.270488994: [Public Dayz[no mods | OfficialIm(697785664)] qiyonghan(2502510147) -> [mirai:quote:[mirai:source:ids=[30459], internalIds=[1493545452], from 275886565 to 697785664 at 1681572571], content=<not yet initialized>][mirai:at:275886565] 说明你id给错了
2023-04-15 23:31:35 V/Bot.270488994: [Public Dayz[no mods | OfficialIm(697785664)] qiyonghan(2502510147) -> [mirai:quote:[mirai:source:ids=[30466], internalIds=[2067086351], from 824984312 to 697785664 at 1681572646], content=<not yet initialized>][mirai:at:824984312] 模组是密码锁和自由建造
2023-04-15 23:31:37 V/Bot.270488994: [Public Dayz[no mods | OfficialIm(697785664)] qiyonghan(2502510147) -> 没有别的
2023-04-15 23:32:13 V/Bot.270488994: [Public Dayz[no mods | OfficialIm(697785664)] harry(275886565) -> 我的id就是那个啊  有没有别的办法啊
2023-04-15 23:32:21 V/Bot.270488994: [Public Dayz[no mods | OfficialIm(697785664)] harry(275886565) -> 我看看能不能初始化Id
2023-04-15 23:32:24 V/Bot.270488994: [Public Dayz[no mods | OfficialIm(697785664)] qiyonghan(2502510147) -> 有向日葵吗
2023-04-15 23:32:27 V/Bot.270488994: [Public Dayz[no mods | OfficialIm(697785664)] qiyonghan(2502510147) -> 我远程帮你看看吧
2023-04-15 23:32:31 V/Bot.270488994: [Public Dayz[no mods | OfficialIm(697785664)] harry(275886565) -> 好
2023-04-15 23:32:31 V/Bot.270488994: [Public Dayz[no mods | OfficialIm(697785664)] 可可爱爱奇奇怪怪(824984312) -> 有打怪啥的吗？
2023-04-15 23:32:46 V/Bot.270488994: [Public Dayz[no mods | OfficialIm(697785664)] qiyonghan(2502510147) -> 什么怪？
2023-04-15 23:32:50 V/Bot.270488994: [Public Dayz[no mods | OfficialIm(697785664)] qiyonghan(2502510147) -> 防官纯公益
2023-04-15 23:32:58 V/Bot.270488994: [Public Dayz[no mods | OfficialIm(697785664)] qiyonghan(2502510147) -> 官服啥样就啥样 除了多了密码锁
2023-04-15 23:33:19 V/Bot.270488994: [Public Dayz[no mods | OfficialIm(697785664)] harry(275886565) -> 869377193
2023-04-15 23:33:50 V/Bot.270488994: [Public Dayz[no mods | OfficialIm(697785664)] harry(275886565) -> 来吧
2023-04-15 23:33:50 V/Bot.270488994: [Public Dayz[no mods | OfficialIm(697785664)] 可可爱爱奇奇怪怪(824984312) -> 怎么进啊
2023-04-15 23:33:59 V/Bot.270488994: [Public Dayz[no mods | OfficialIm(697785664)] 可可爱爱奇奇怪怪(824984312) -> 我看好像要审核啊
2023-04-15 23:35:13 V/Bot.270488994: Event: MemberJoinRequestEvent(bot=Bot(270488994), eventId=1681572917274136, message=, fromId=928116939, groupId=697785664, groupName=Public Dayz[no mods | OfficialIm, fromNick=阿浩, invitorId=null)
2023-04-15 23:35:33 V/Bot.270488994: [Public Dayz[no mods | OfficialIm(697785664)] qiyonghan(2502510147) -> steam17位id发给我
2023-04-15 23:35:44 V/Bot.270488994: [Public Dayz[no mods | OfficialIm(697785664)] qiyonghan(2502510147) -> 游戏时长和封禁记录发给我
2023-04-15 23:35:47 V/Bot.270488994: Event: MemberJoinRequestEvent(bot=Bot(270488994), eventId=1681572951395151, message=, fromId=928116939, groupId=697785664, groupName=Public Dayz[no mods | OfficialIm, fromNick=阿浩, invitorId=null)
2023-04-15 23:35:52 V/Bot.270488994: Event: MemberJoinEvent.Active(member=928116939)
2023-04-15 23:35:52 V/Bot.270488994: [Public Dayz[no mods | OfficialIm(697785664)] Q群管家(2854196310) -> [mirai:at:928116939] 必须看公告 有进入方法和群规，白名单去找群主审核\n——来自群管理员（2502510147）的编辑
2023-04-15 23:36:46 V/Bot.270488994: [Public Dayz[no mods | OfficialIm(697785664)] qiyonghan(2502510147) -> [mirai:quote:[mirai:source:ids=[30480], internalIds=[0], from 275886565 to 697785664 at 1681572803], content=<not yet initialized>][mirai:at:275886565] 这个也不要对
2023-04-15 23:36:50 V/Bot.270488994: [Public Dayz[no mods | OfficialIm(697785664)] qiyonghan(2502510147) -> 这个是向日葵吗？
2023-04-15 23:37:02 V/Bot.270488994: [Public Dayz[no mods | OfficialIm(697785664)] harry(275886565) -> [mirai:image:{6E913CA5-8A41-BB0C-0D44-05A8636298EF}.jpg, width=2436, height=1124, size=514800, type=JPG, isEmoji=false]
2023-04-15 23:37:04 V/Bot.270488994: [Public Dayz[no mods | OfficialIm(697785664)] 可可爱爱奇奇怪怪(824984312) -> Steam ID：76561199013205313
2023-04-15 23:37:21 V/Bot.270488994: [Public Dayz[no mods | OfficialIm(697785664)] 可可爱爱奇奇怪怪(824984312) -> [mirai:image:{1F67DA8B-BFDB-6066-53E9-876B367FB383}.png, width=146, height=55, size=10821, type=PNG, isEmoji=false]
2023-04-15 23:37:27 V/Bot.270488994: [Public Dayz[no mods | OfficialIm(697785664)] 可可爱爱奇奇怪怪(824984312) -> 封禁记录在哪看
2023-04-15 23:37:33 V/Bot.270488994: [Public Dayz[no mods | OfficialIm(697785664)] 可可爱爱奇奇怪怪(824984312) -> 没有被封过
2023-04-15 23:37:35 V/Bot.270488994: [Public Dayz[no mods | OfficialIm(697785664)] qiyonghan(2502510147) -> 我来看 没事
2023-04-15 23:37:36 V/Bot.270488994: [Public Dayz[no mods | OfficialIm(697785664)] qiyonghan(2502510147) -> 嗯嗯
2023-04-15 23:37:40 V/Bot.270488994: [Public Dayz[no mods | OfficialIm(697785664)] harry(275886565) -> 我是哪里出问题了 
2023-04-15 23:37:43 V/Bot.270488994: [Public Dayz[no mods | OfficialIm(697785664)] harry(275886565) -> [流泪][流泪][流泪]
2023-04-15 23:39:21 V/Bot.270488994: [Public Dayz[no mods | OfficialIm(697785664)] qiyonghan(2502510147) -> 稍等一下
2023-04-15 23:39:48 V/Bot.270488994: [Public Dayz[no mods | OfficialIm(697785664)] harry(275886565) -> 我弄好了
2023-04-15 23:39:56 V/Bot.270488994: [Public Dayz[no mods | OfficialIm(697785664)] harry(275886565) -> 马上发你
2023-04-15 23:40:12 V/Bot.270488994: Event: MemberCardChangeEvent(origin=阿浩, new=, member=NormalMember(928116939))
2023-04-15 23:40:12 V/Bot.270488994: [Public Dayz[no mods | OfficialIm(697785664)] 阿浩(928116939) -> 76561198431868317
2023-04-15 23:40:23 V/Bot.270488994: [Public Dayz[no mods | OfficialIm(697785664)] harry(275886565) -> https://steamcommunity.com/profiles/76561198318547159/
2023-04-15 23:40:49 V/Bot.270488994: [Public Dayz[no mods | OfficialIm(697785664)] harry(275886565) -> 这个应该没问题了 我把我设置的删了
2023-04-15 23:41:06 V/Bot.270488994: [Public Dayz[no mods | OfficialIm(697785664)] 扫办黑fkall(2859802096) -> [mirai:file:小透不算透.mp4, id=/ca36bfc8-719b-48d9-91d6-9ba9f436a492, internalId=104, size=470869827]
2023-04-15 23:41:23 V/Bot.270488994: [Public Dayz[no mods | OfficialIm(697785664)] aka大牛逼牛逼爆了(86887878) -> [mirai:image:{FB3DA44F-22F9-1A60-CED2-87E547F5A064}.jpg, width=80, height=80, size=1032, type=JPG, isEmoji=true]
2023-04-15 23:41:41 V/Bot.270488994: [Public Dayz[no mods | OfficialIm(697785664)] 可可爱爱奇奇怪怪(824984312) -> 能不能行了
2023-04-15 23:41:44 V/Bot.270488994: [Public Dayz[no mods | OfficialIm(697785664)] 可可爱爱奇奇怪怪(824984312) -> 不行我就换了
2023-04-15 23:41:54 V/Bot.270488994: [Public Dayz[no mods | OfficialIm(697785664)] aka大牛逼牛逼爆了(86887878) -> 没人说话
2023-04-15 23:41:56 V/Bot.270488994: [Public Dayz[no mods | OfficialIm(697785664)] aka大牛逼牛逼爆了(86887878) -> [mirai:image:{FB3DA44F-22F9-1A60-CED2-87E547F5A064}.jpg, width=80, height=80, size=1032, type=JPG, isEmoji=true]
2023-04-15 23:41:59 V/Bot.270488994: [Public Dayz[no mods | OfficialIm(697785664)] 阿浩(928116939) -> 能不能行了
2023-04-15 23:42:13 V/Bot.270488994: [Public Dayz[no mods | OfficialIm(697785664)] harry(275886565) -> 群主弄这个也要时间的吧 
2023-04-15 23:42:17 V/Bot.270488994: [Public Dayz[no mods | OfficialIm(697785664)] 扫办黑fkall(2859802096) -> [mirai:file:好准的雷，建议去跟科比打solo.mp4, id=/60a0f701-71a1-440a-9174-0a32bca860ed, internalId=104, size=446664588]
2023-04-15 23:42:20 V/Bot.270488994: [Public Dayz[no mods | OfficialIm(697785664)] harry(275886565) -> 你们这样催
2023-04-15 23:42:49 V/Bot.270488994: [Public Dayz[no mods | OfficialIm(697785664)] qiyonghan(2502510147) -> 来了
2023-04-15 23:42:56 V/Bot.270488994: [Public Dayz[no mods | OfficialIm(697785664)] 阿浩(928116939) -> 关键网费快到点了
2023-04-15 23:42:58 V/Bot.270488994: [Public Dayz[no mods | OfficialIm(697785664)] 阿浩(928116939) ->  哈啊
2023-04-15 23:43:08 V/Bot.270488994: [Public Dayz[no mods | OfficialIm(697785664)] 阿浩(928116939) -> 群主
2023-04-15 23:43:11 V/Bot.270488994: [Public Dayz[no mods | OfficialIm(697785664)] 阿浩(928116939) -> 76561198431868317
2023-04-15 23:43:16 V/Bot.270488994: [Public Dayz[no mods | OfficialIm(697785664)] 阿浩(928116939) -> 这个
2023-04-15 23:43:32 V/Bot.270488994: [Public Dayz[no mods | OfficialIm(697785664)] qiyonghan(2502510147) -> [mirai:at:270488994] 转换为波西米亚id:76561199013205313
2023-04-15 23:43:33 V/Bot.270488994: Group(697785664) <- H-GZRcaer8qtqsY1pYy9HXpYi4WEQjt-Q0ItAa1kU4g=
2023-04-15 23:43:38 V/Bot.270488994: [Public Dayz[no mods | OfficialIm(697785664)] qiyonghan(2502510147) -> 别急
2023-04-15 23:43:59 V/Bot.270488994: [Public Dayz[no mods | OfficialIm(697785664)] qiyonghan(2502510147) -> [mirai:at:270488994] 转换为波西米亚id:76561198431868317
2023-04-15 23:44:00 V/Bot.270488994: Group(697785664) <- -LcVkuTDtxUgNfzalDSmeZsMnPH1V_EYuJwAiDwE5CM=
2023-04-15 23:44:34 V/Bot.270488994: [Public Dayz[no mods | OfficialIm(697785664)] Nigen(3195472056) -> [mirai:image:{4B25938C-5EC9-4399-D609-E0CDFAC95276}.jpg, width=160, height=154, size=5298, type=JPG, isEmoji=true]
2023-04-15 23:44:43 V/Bot.270488994: [Public Dayz[no mods | OfficialIm(697785664)] Nigen(3195472056) -> 对
2023-04-15 23:44:48 V/Bot.270488994: [Public Dayz[no mods | OfficialIm(697785664)] 扫办黑fkall(2859802096) -> 鉴挂大赛
2023-04-15 23:44:53 V/Bot.270488994: [Public Dayz[no mods | OfficialIm(697785664)] 扫办黑fkall(2859802096) -> 速看
2023-04-15 23:44:57 V/Bot.270488994: [Public Dayz[no mods | OfficialIm(697785664)] qiyonghan(2502510147) -> 行了
2023-04-15 23:44:59 V/Bot.270488994: [Public Dayz[no mods | OfficialIm(697785664)] qiyonghan(2502510147) -> 都加上了
2023-04-15 23:45:07 V/Bot.270488994: [Public Dayz[no mods | OfficialIm(697785664)] qiyonghan(2502510147) -> [mirai:at:928116939] [mirai:at:275886565] [mirai:at:824984312]
2023-04-15 23:45:10 V/Bot.270488994: [Public Dayz[no mods | OfficialIm(697785664)] 可可爱爱奇奇怪怪(824984312) -> 服务器多少
2023-04-15 23:45:12 V/Bot.270488994: [Public Dayz[no mods | OfficialIm(697785664)] qiyonghan(2502510147) -> 你们看一下
2023-04-15 23:45:13 V/Bot.270488994: [Public Dayz[no mods | OfficialIm(697785664)] 可可爱爱奇奇怪怪(824984312) -> 咋进啊
2023-04-15 23:45:15 V/Bot.270488994: [Public Dayz[no mods | OfficialIm(697785664)] qiyonghan(2502510147) -> 群公告
2023-04-15 23:45:23 V/Bot.270488994: [Public Dayz[no mods | OfficialIm(697785664)] qiyonghan(2502510147) -> 有个进服务器教程链接
2023-04-15 23:45:28 V/Bot.270488994: [Public Dayz[no mods | OfficialIm(697785664)] 可可爱爱奇奇怪怪(824984312) -> 我还有一个朋友是租的号，他想看看好不好玩
2023-04-15 23:45:32 V/Bot.270488994: [Public Dayz[no mods | OfficialIm(697785664)] 扫办黑fkall(2859802096) -> [mirai:file:好准的雷，建议去跟科比打solo.mp4, id=/b880ba45-bc31-4874-ae7f-48e5e0cc5190, internalId=104, size=446664588]
2023-04-15 23:45:33 V/Bot.270488994: [Public Dayz[no mods | OfficialIm(697785664)] 可可爱爱奇奇怪怪(824984312) -> 再决定买不买游戏
2023-04-15 23:45:37 V/Bot.270488994: [Public Dayz[no mods | OfficialIm(697785664)] qiyonghan(2502510147) -> 然后把游戏昵称改一下 群里昵称改一下
2023-04-15 23:45:40 V/Bot.270488994: [Public Dayz[no mods | OfficialIm(697785664)] 可可爱爱奇奇怪怪(824984312) -> 打不开那个ID
2023-04-15 23:45:42 V/Bot.270488994: [Public Dayz[no mods | OfficialIm(697785664)] qiyonghan(2502510147) -> 改成和游戏昵称一样
2023-04-15 23:45:50 V/Bot.270488994: [Public Dayz[no mods | OfficialIm(697785664)] qiyonghan(2502510147) -> http://dayzguide.qiyonghan.icu/
2023-04-15 23:45:51 V/Bot.270488994: [Public Dayz[no mods | OfficialIm(697785664)] 扫办黑fkall(2859802096) -> [mirai:file:小透不算透.mp4, id=/e5736f77-d96f-4664-8865-c684436a9a24, internalId=104, size=470869827]
2023-04-15 23:45:56 V/Bot.270488994: [Public Dayz[no mods | OfficialIm(697785664)] qiyonghan(2502510147) -> 这个是进服教程
2023-04-15 23:47:03 V/Bot.270488994: [Public Dayz[no mods | OfficialIm(697785664)] qiyonghan(2502510147) -> [mirai:quote:[mirai:source:ids=[30539], internalIds=[0], from 824984312 to 697785664 at 1681573537], content=<not yet initialized>][mirai:at:824984312] 是你朋友就算一起的
2023-04-15 23:47:13 V/Bot.270488994: [Public Dayz[no mods | OfficialIm(697785664)] qiyonghan(2502510147) -> 一个小队一人开挂全队ban
2023-04-15 23:47:35 V/Bot.270488994: [Public Dayz[no mods | OfficialIm(697785664)] harry(275886565) -> 进去了哦
2023-04-15 23:47:37 V/Bot.270488994: [Public Dayz[no mods | OfficialIm(697785664)] harry(275886565) -> 哈哈哈
2023-04-15 23:47:45 V/Bot.270488994: [Public Dayz[no mods | OfficialIm(697785664)] harry(275886565) -> 萌新来咯
2023-04-15 23:47:55 V/Bot.270488994: Event: MemberJoinRequestEvent(bot=Bot(270488994), eventId=1681573679757117, message=, fromId=1982842933, groupId=697785664, groupName=Public Dayz[no mods | OfficialIm, fromNick=宿命, invitorId=null)
2023-04-15 23:48:03 V/Bot.270488994: [Public Dayz[no mods | OfficialIm(697785664)] aka大牛逼牛逼爆了(86887878) -> 好几次了
2023-04-15 23:48:09 V/Bot.270488994: [Public Dayz[no mods | OfficialIm(697785664)] aka大牛逼牛逼爆了(86887878) -> 说不清了我都觉得
2023-04-15 23:49:52 V/Bot.270488994: Event: MemberJoinEvent.Active(member=1982842933)
2023-04-15 23:49:52 V/Bot.270488994: [Public Dayz[no mods | OfficialIm(697785664)] Q群管家(2854196310) -> [mirai:at:1982842933] 必须看公告 有进入方法和群规，白名单去找群主审核\n——来自群管理员（2502510147）的编辑
2023-04-15 23:50:13 V/Bot.270488994: [Public Dayz[no mods | OfficialIm(697785664)] qiyonghan(2502510147) -> 没实锤就不要乱说
2023-04-15 23:50:17 V/Bot.270488994: [Public Dayz[no mods | OfficialIm(697785664)] qiyonghan(2502510147) -> 哎
2023-04-15 23:50:21 V/Bot.270488994: [Public Dayz[no mods | OfficialIm(697785664)] qiyonghan(2502510147) -> 我会看的
2023-04-15 23:50:31 V/Bot.270488994: [Public Dayz[no mods | OfficialIm(697785664)] qiyonghan(2502510147) -> 兼听则明 偏信则暗
2023-04-15 23:51:51 V/Bot.270488994: [Public Dayz[no mods | OfficialIm(697785664)] Nigen(3195472056) -> [mirai:image:{518F7F1D-9B4F-14EF-4C8F-CBC97620F4FE}.jpg, width=300, height=288, size=18473, type=JPG, isEmoji=true]
2023-04-15 23:51:52 V/Bot.270488994: [Public Dayz[no mods | OfficialIm(697785664)] qiyonghan(2502510147) -> 晚上雷死他们的发视频给我
2023-04-15 23:52:08 V/Bot.270488994: [Public Dayz[no mods | OfficialIm(697785664)] qiyonghan(2502510147) -> 没发的话我晚上会看日志 会记录一次没发
2023-04-15 23:52:14 V/Bot.270488994: [Public Dayz[no mods | OfficialIm(697785664)] 扫办黑fkall(2859802096) -> 大伙看看就懂了
2023-04-15 23:52:23 V/Bot.270488994: [Public Dayz[no mods | OfficialIm(697785664)] 扫办黑fkall(2859802096) -> 也不少一次两次了
2023-04-15 23:52:29 V/Bot.270488994: [Public Dayz[no mods | OfficialIm(697785664)] 扫办黑fkall(2859802096) -> 话说z城的咋都哑巴了
2023-04-15 23:52:54 V/Bot.270488994: [Public Dayz[no mods | OfficialIm(697785664)] qiyonghan(2502510147) -> 别引战了
2023-04-15 23:53:27 V/Bot.270488994: [Public Dayz[no mods | OfficialIm(697785664)] Nigen(3195472056) -> 看有人理你吗
2023-04-15 23:54:22 V/Bot.270488994: [Public Dayz[no mods | OfficialIm(697785664)] Nigen(3195472056) -> 服主给我弄好了录屏，明天继续来
2023-04-15 23:54:41 V/Bot.270488994: [Public Dayz[no mods | OfficialIm(697785664)] Nigen(3195472056) -> 让你看看啥叫菜狗
2023-04-15 23:54:53 V/Bot.270488994: [Public Dayz[no mods | OfficialIm(697785664)] Nigen(3195472056) -> [mirai:image:{18DC1441-81F7-7511-C97D-411DF18B6010}.gif, width=270, height=270, size=21467, type=GIF, isEmoji=false]
