2023-04-23 00:13:07 V/Bot.270488994: Event: FriendAvatarChangedEvent(friend=Friend(1354843534))
2023-04-23 00:27:38 V/Bot.270488994: Event: BotOfflineEvent.Active(bot=Bot(270488994), cause=null, reconnect=false)
2023-04-23 00:27:38 I/Bot.270488994: Bot is closed manually
2023-04-23 00:27:38 I/Bot.270488994: Bot cancelled: Job was cancelled
2023-04-23 00:37:37 I/main: Starting mirai-console...
2023-04-23 00:37:37 I/main: 

=================================[ Mirai console 2.15.0-M1 ]==================================
 __       __ __                   __  ______                                      __
|  \     /  \  \                 |  \/      \                                    |  \
| ▓▓\   /  ▓▓\▓▓ ______   ______  \▓▓  ▓▓▓▓▓▓\ ______  _______   _______  ______ | ▓▓ ______
| ▓▓▓\ /  ▓▓▓  \/      \ |      \|  \ ▓▓   \▓▓/      \|       \ /       \/      \| ▓▓/      \
| ▓▓▓▓\  ▓▓▓▓ ▓▓  ▓▓▓▓▓▓\ \▓▓▓▓▓▓\ ▓▓ ▓▓     |  ▓▓▓▓▓▓\ ▓▓▓▓▓▓▓\  ▓▓▓▓▓▓▓  ▓▓▓▓▓▓\ ▓▓  ▓▓▓▓▓▓\
| ▓▓\▓▓ ▓▓ ▓▓ ▓▓ ▓▓   \▓▓/      ▓▓ ▓▓ ▓▓   __| ▓▓  | ▓▓ ▓▓  | ▓▓\▓▓    \| ▓▓  | ▓▓ ▓▓ ▓▓    ▓▓
| ▓▓ \▓▓▓| ▓▓ ▓▓ ▓▓     |  ▓▓▓▓▓▓▓ ▓▓ ▓▓__/  \ ▓▓__/ ▓▓ ▓▓  | ▓▓_\▓▓▓▓▓▓\ ▓▓__/ ▓▓ ▓▓ ▓▓▓▓▓▓▓▓
| ▓▓  \▓ | ▓▓ ▓▓ ▓▓      \▓▓    ▓▓ ▓▓\▓▓    ▓▓\▓▓    ▓▓ ▓▓  | ▓▓       ▓▓\▓▓    ▓▓ ▓▓\▓▓     \
 \▓▓      \▓▓\▓▓\▓▓       \▓▓▓▓▓▓▓\▓▓ \▓▓▓▓▓▓  \▓▓▓▓▓▓ \▓▓   \▓▓\▓▓▓▓▓▓▓  \▓▓▓▓▓▓ \▓▓ \▓▓▓▓▓▓▓


2023-04-23 00:37:37 I/main: Backend: version 2.15.0-M1, built on 2023-03-21 22:16:35.
2023-04-23 00:37:37 I/main: Frontend Terminal: version 2.15.0-M1, provided by Mamoe Technologies
2023-04-23 00:37:37 I/main: Welcome to visit https://mirai.mamoe.net/
2023-04-23 00:37:39 I/plugin: Successfully loaded plugin mirai-api-http v2.9.1
2023-04-23 00:37:39 I/plugin: Successfully loaded plugin QRLogin v0.1.2
2023-04-23 00:37:39 I/main: Prepared built-in commands: autoLogin, help, login, logout, permission, status, stop
2023-04-23 00:37:39 I/Mirai HTTP API: ********************************************************
2023-04-23 00:37:39 I/MahKtorAdapter[http]: Autoreload is disabled because the development mode is off.
2023-04-23 00:37:39 I/MahKtorAdapter[http]: Application started in 0.189 seconds.
2023-04-23 00:37:39 I/MahKtorAdapter[http]: Responding at http://192.168.50.198:8080
2023-04-23 00:37:39 I/http adapter: >>> [http adapter] is listening at http://192.168.50.198:8080
2023-04-23 00:37:39 I/Mirai HTTP API: Http api server is running with verifyKey: 1234567890
2023-04-23 00:37:39 I/Mirai HTTP API: adaptors: [http]
2023-04-23 00:37:39 I/Mirai HTTP API: ********************************************************
2023-04-23 00:37:39 W/QRLogin: 本插件仅在 2.15.0 或以上工作，且在正式版或先行发布版(RC)中可能无法使用
2023-04-23 00:37:39 I/QRLogin: Auto-login 270488994, protocol: ANDROID_WATCH, heartbeatStrategy: STAT_HB
2023-04-23 00:37:40 I/Bot.270488994: Loaded account secrets from local cache.
2023-04-23 00:37:41 I/Bot.270488994: Saved account secrets to local cache for fast login.
2023-04-23 00:37:41 I/Bot.270488994: Login successful.
2023-04-23 00:37:51 V/Bot.270488994: Event: BotOnlineEvent(bot=Bot(270488994))
2023-04-23 00:37:51 I/Bot.270488994: Bot login successful.
2023-04-23 00:37:51 V/Bot.270488994: Event: net.mamoe.mirai.console.events.AutoLoginEvent$Success@6c9bf3b5
2023-04-23 00:37:51 I/main: 2 plugin(s) enabled.
2023-04-23 00:37:51 I/main: mirai-console started successfully.
2023-04-23 01:30:44 V/Bot.270488994: [Public Dayz(697785664)] 浦原喜助(2639224478) -> 就熬夜干是吧
2023-04-23 01:30:47 V/Bot.270488994: [Public Dayz(697785664)] 浦原喜助(2639224478) -> 篮子
2023-04-23 01:31:30 V/Bot.270488994: [Public Dayz(697785664)] Joey(2691681493) -> [mirai:at:270488994] 在线人数
2023-04-23 01:31:31 V/Bot.270488994: Group(697785664) <- 服务器状态：离线，当前在线人数：未知
2023-04-23 09:04:44 V/Bot.270488994: [Public Dayz(697785664)] BigNB(86887878) -> [mirai:at:270488994] 在线人数
2023-04-23 09:04:45 V/Bot.270488994: Group(697785664) <- 服务器状态：离线，当前在线人数：未知
2023-04-23 09:05:21 V/Bot.270488994: [Public Dayz(697785664)] BigNB(86887878) -> 腐竹！
2023-04-23 09:05:27 V/Bot.270488994: [Public Dayz(697785664)] BigNB(86887878) -> 你的机器人又不行了
2023-04-23 09:13:17 V/Bot.270488994: [Public Dayz(697785664)] qiyonghan(2502510147) -> [mirai:image:{294C62B3-B984-D1C7-EC4C-ABCE1C1F3F3B}.jpg, width=240, height=240, size=798686, type=GIF, isEmoji=true]
2023-04-23 09:27:14 V/Bot.270488994: Event: FriendAvatarChangedEvent(friend=Friend(424564556))
2023-04-23 10:08:25 V/Bot.270488994: [Public Dayz(697785664)] pan(775481796) -> [mirai:at:270488994] 在线人数
2023-04-23 10:08:26 V/Bot.270488994: Group(697785664) <- 服务器状态：离线，当前在线人数：未知
2023-04-23 10:16:37 V/Bot.270488994: [Public Dayz(697785664)] qiyonghan(2502510147) -> [mirai:image:{677BABDE-EC2B-016E-1119-DEF6F0CF77B3}.png, width=2560, height=1440, size=1888402, type=PNG, isEmoji=false]
2023-04-23 10:16:39 V/Bot.270488994: [Public Dayz(697785664)] qiyonghan(2502510147) -> 明明在线
2023-04-23 10:17:04 V/Bot.270488994: [Public Dayz(697785664)] 童.(919969931) -> 机器人被你弄坏了
2023-04-23 10:17:08 V/Bot.270488994: [Public Dayz(697785664)] BigNB(86887878) -> 机器人不行了
2023-04-23 10:27:00 V/Bot.270488994: [Public Dayz(697785664)] qiyonghan(2502510147) -> [mirai:at:270488994] 在线人数
2023-04-23 10:27:01 V/Bot.270488994: Group(697785664) <- 服务器状态：在线，10点23分在线人数：1
2023-04-23 10:34:06 V/Bot.270488994: Event: MemberJoinRequestEvent(bot=Bot(270488994), eventId=1682217247051142, message=, fromId=1210116630, groupId=697785664, groupName=Public Dayz, fromNick=XIN, invitorId=null)
2023-04-23 10:35:41 V/Bot.270488994: [Public Dayz(697785664)] qiyonghan(2502510147) -> 怎么升级群啊
2023-04-23 10:35:45 V/Bot.270488994: [Public Dayz(697785664)] qiyonghan(2502510147) -> 扩容一下
2023-04-23 10:36:19 V/Bot.270488994: Event: MemberJoinEvent.Active(member=1210116630)
2023-04-23 10:36:21 V/Bot.270488994: Group(697785664) <- [mirai:at:1210116630] 欢迎XIN入群! 白名单申请看公告，把steam资料设置全部公开。格式:\nqq:xxxxxxx\nsteamid:xxxxxxxxxxxxxxxx\n波西米亚id:xxxxxxxxx\n游戏昵称:xxx。\n波西米亚id获取方式：群里AT机器人发送命令：转换为波西米亚id:此处填写你的steam17位id。\n以上面这个格式发送给群主\nsteamid获取方式看公告\n进服务器方法http://dayzguide.qiyonghan.icu/
2023-04-23 10:45:59 V/Bot.270488994: Event: MemberCardChangeEvent(origin=XIN, new=, member=NormalMember(1210116630))
2023-04-23 10:45:59 V/Bot.270488994: [Public Dayz(697785664)] XIN(1210116630) -> [mirai:at:270488994] 转换为波西米亚id:76561199269213727
2023-04-23 10:48:40 V/Bot.270488994: [Public Dayz(697785664)] BigNB(86887878) -> [mirai:at:2502510147] 
2023-04-23 10:48:42 V/Bot.270488994: [Public Dayz(697785664)] BigNB(86887878) -> 群主给我
2023-04-23 10:48:47 V/Bot.270488994: [Public Dayz(697785664)] BigNB(86887878) -> 我给你升级千人群
2023-04-23 10:48:50 V/Bot.270488994: [Public Dayz(697785664)] BigNB(86887878) -> [mirai:image:{C9697343-D239-AD5F-32EC-BFC9A28E82B2}.jpg, width=80, height=80, size=4930, type=GIF, isEmoji=true]
2023-04-23 10:49:00 V/Bot.270488994: [Public Dayz(697785664)] BigNB(86887878) -> 我有三千人的名额
2023-04-23 10:50:18 V/Bot.270488994: [Public Dayz(697785664)] qiyonghan(2502510147) -> 三千人一年398
2023-04-23 10:50:21 V/Bot.270488994: [Public Dayz(697785664)] qiyonghan(2502510147) -> 是要付费的
2023-04-23 10:50:30 V/Bot.270488994: [Public Dayz(697785664)] qiyonghan(2502510147) -> 我升级两千了
2023-04-23 10:51:55 V/Bot.270488994: [Public Dayz(697785664)] BigNB(86887878) -> 竟然要钱？
2023-04-23 10:52:11 V/Bot.270488994: [Public Dayz(697785664)] BigNB(86887878) -> 我记得前两年不是免费
2023-04-23 10:52:27 V/Bot.270488994: [Public Dayz(697785664)] BigNB(86887878) -> 化腾啥钱都赚现在
2023-04-23 10:53:31 V/Bot.270488994: [Public Dayz(697785664)] BigNB(86887878) -> [mirai:at:2502510147] 
2023-04-23 10:53:35 V/Bot.270488994: [Public Dayz(697785664)] BigNB(86887878) -> 648一年
2023-04-23 10:53:37 V/Bot.270488994: [Public Dayz(697785664)] BigNB(86887878) -> 你说少了
2023-04-23 10:53:39 V/Bot.270488994: [Public Dayz(697785664)] BigNB(86887878) -> [mirai:image:{E61A48E7-F9EE-19FF-3E65-A75860A1EFBA}.jpg, width=196, height=198, size=33333, type=JPG, isEmoji=true]
2023-04-23 11:00:25 V/Bot.270488994: [Public Dayz(697785664)] qiyonghan(2502510147) -> 648
2023-04-23 11:00:27 V/Bot.270488994: [Public Dayz(697785664)] qiyonghan(2502510147) -> 这么贵
2023-04-23 11:02:49 V/Bot.270488994: [Public Dayz(697785664)] BigNB(86887878) -> 想不到吧
2023-04-23 11:02:58 V/Bot.270488994: [Public Dayz(697785664)] BigNB(86887878) -> 还有折扣优惠
2023-04-23 11:03:04 V/Bot.270488994: [Public Dayz(697785664)] BigNB(86887878) -> 两年只要958
2023-04-23 11:03:07 V/Bot.270488994: [Public Dayz(697785664)] BigNB(86887878) -> [mirai:image:{C9697343-D239-AD5F-32EC-BFC9A28E82B2}.jpg, width=80, height=80, size=4930, type=GIF, isEmoji=true]
2023-04-23 11:04:07 V/Bot.270488994: [Public Dayz(697785664)] qiyonghan(2502510147) -> [mirai:image:{3EE0609F-4215-B4C6-2266-CBC98BB5D5EB}.png, width=654, height=318, size=24683, type=PNG, isEmoji=false]
2023-04-23 11:04:16 V/Bot.270488994: [Public Dayz(697785664)] qiyonghan(2502510147) -> 你是中介是吧
2023-04-23 11:04:18 V/Bot.270488994: [Public Dayz(697785664)] qiyonghan(2502510147) -> 还要赚差价
2023-04-23 11:19:47 V/Bot.270488994: [testbot(365899064)] <LTR>(2502510147) -> 在线人数
2023-04-23 11:19:59 V/Bot.270488994: [testbot(365899064)] <LTR>(2502510147) -> [mirai:at:270488994] 在线人数
2023-04-23 11:21:13 V/Bot.270488994: [Public Dayz(697785664)] BigNB(86887878) -> 妈的
2023-04-23 11:21:16 V/Bot.270488994: [Public Dayz(697785664)] BigNB(86887878) -> 分人是吧
2023-04-23 11:21:29 V/Bot.270488994: [Public Dayz(697785664)] BigNB(86887878) -> [mirai:image:{185298C9-465A-7E40-B61D-A13C8E00BDB9}.jpg, width=1126, height=2436, size=176214, type=JPG, isEmoji=false]
2023-04-23 11:21:30 V/Bot.270488994: [Public Dayz(697785664)] BigNB(86887878) -> [mirai:image:{E61A48E7-F9EE-19FF-3E65-A75860A1EFBA}.jpg, width=196, height=198, size=33333, type=JPG, isEmoji=true]
2023-04-23 11:21:51 V/Bot.270488994: [testbot(365899064)] <LTR>(2502510147) -> [mirai:at:270488994] 在线人数
2023-04-23 11:22:33 V/Bot.270488994: [testbot(365899064)] <LTR>(2502510147) -> [mirai:at:270488994] 在线人数
2023-04-23 11:23:14 V/Bot.270488994: [testbot(365899064)] <LTR>(2502510147) -> [mirai:at:270488994] 在线人数
2023-04-23 11:23:15 V/Bot.270488994: Group(365899064) <- 服务器状态：在线，11点22分在线人数：7
2023-04-23 11:23:19 V/Bot.270488994: [testbot(365899064)] <LTR>(2502510147) -> [mirai:at:270488994] 在线人数
2023-04-23 11:23:20 V/Bot.270488994: Group(365899064) <- 服务器状态：在线，11点22分在线人数：7
2023-04-23 11:23:28 V/Bot.270488994: [testbot(365899064)] <LTR>(2502510147) -> [mirai:at:270488994] 在线人数
2023-04-23 11:23:29 V/Bot.270488994: Group(365899064) <- 服务器状态：在线，11点22分在线人数：7
2023-04-23 11:23:35 V/Bot.270488994: [testbot(365899064)] <LTR>(2502510147) -> [mirai:at:270488994] 在线人数
2023-04-23 11:23:36 V/Bot.270488994: Group(365899064) <- 服务器状态：在线，11点22分在线人数：7
2023-04-23 11:23:41 V/Bot.270488994: [testbot(365899064)] <LTR>(2502510147) -> [mirai:at:270488994] 在线人数
2023-04-23 11:23:42 V/Bot.270488994: Group(365899064) <- 服务器状态：在线，11点22分在线人数：7
2023-04-23 11:25:14 V/Bot.270488994: [testbot(365899064)] <LTR>(2502510147) -> [mirai:at:270488994] 在线人数
2023-04-23 11:25:15 V/Bot.270488994: Group(365899064) <- 服务器状态：在线，11点22分在线人数：7
2023-04-23 11:25:20 V/Bot.270488994: [testbot(365899064)] <LTR>(2502510147) -> [mirai:at:270488994] 在线人数
2023-04-23 11:25:21 V/Bot.270488994: Group(365899064) <- 服务器状态：在线，11点22分在线人数：7
2023-04-23 11:25:41 V/Bot.270488994: [testbot(365899064)] <LTR>(2502510147) -> [mirai:at:270488994] 在线人数
2023-04-23 11:25:42 V/Bot.270488994: Group(365899064) <- 服务器状态：在线，11点22分在线人数：7
2023-04-23 11:26:35 V/Bot.270488994: [testbot(365899064)] <LTR>(2502510147) -> [mirai:at:270488994] 在线人数
2023-04-23 11:26:36 V/Bot.270488994: Group(365899064) <- 服务器状态：在线，11点22分在线人数：7
2023-04-23 11:28:13 V/Bot.270488994: [testbot(365899064)] <LTR>(2502510147) -> [mirai:at:270488994] [mirai:at:270488994] 在线人数
2023-04-23 11:28:14 V/Bot.270488994: Group(365899064) <- 服务器状态：在线，11点22分在线人数：7
2023-04-23 11:29:38 V/Bot.270488994: [testbot(365899064)] <LTR>(2502510147) -> [mirai:at:270488994] 在线人数
2023-04-23 11:29:39 V/Bot.270488994: Group(365899064) <- 服务器状态：在线，11点22分在线人数：5
2023-04-23 11:30:23 V/Bot.270488994: [testbot(365899064)] <LTR>(2502510147) -> [mirai:at:270488994] 在线人数
2023-04-23 11:30:24 V/Bot.270488994: Group(365899064) <- 服务器状态：在线，11点22分在线人数：5
2023-04-23 11:30:41 V/Bot.270488994: [testbot(365899064)] <LTR>(2502510147) -> [mirai:at:270488994] 在线人数
2023-04-23 11:30:42 V/Bot.270488994: Group(365899064) <- 服务器状态：在线，11点22分在线人数：5
2023-04-23 11:31:08 V/Bot.270488994: [testbot(365899064)] <LTR>(2502510147) -> [mirai:at:270488994] 在线人数
2023-04-23 11:31:40 V/Bot.270488994: Group(365899064) <- 服务器状态：在线，11点22分在线人数：5
2023-04-23 11:34:12 V/Bot.270488994: [testbot(365899064)] <LTR>(2502510147) -> [mirai:at:270488994] 在线人数
2023-04-23 11:34:14 V/Bot.270488994: Group(365899064) <- 服务器状态：在线，11点22分在线人数：5
2023-04-23 11:34:20 V/Bot.270488994: [testbot(365899064)] <LTR>(2502510147) -> [mirai:at:270488994] 在线人数
2023-04-23 11:34:21 V/Bot.270488994: Group(365899064) <- 服务器状态：在线，11点22分在线人数：5
2023-04-23 11:36:05 V/Bot.270488994: [testbot(365899064)] <LTR>(2502510147) -> [mirai:at:270488994] 在线人数
2023-04-23 11:36:06 V/Bot.270488994: Group(365899064) <- 服务器状态：在线，11点33分在线人数：6
2023-04-23 11:38:24 V/Bot.270488994: [testbot(365899064)] <LTR>(2502510147) -> [mirai:at:270488994] 在线人数
2023-04-23 11:38:26 V/Bot.270488994: Group(365899064) <- 服务器状态：在线，11点33分在线人数：6
2023-04-23 11:39:02 V/Bot.270488994: [testbot(365899064)] <LTR>(2502510147) -> [mirai:at:270488994] 在线人数
2023-04-23 11:39:03 V/Bot.270488994: Group(365899064) <- 服务器状态：在线，11点33分在线人数：6
2023-04-23 11:40:14 V/Bot.270488994: [testbot(365899064)] <LTR>(2502510147) -> \n[mirai:at:270488994] 在线人数
2023-04-23 11:40:14 V/Bot.270488994: Group(365899064) <- 服务器状态：在线，11点33分在线人数：7
2023-04-23 11:45:15 V/Bot.270488994: [testbot(365899064)] <LTR>(2502510147) -> [mirai:at:270488994] 在线人数
2023-04-23 11:45:16 V/Bot.270488994: Group(365899064) <- 服务器状态：在线，11点42分在线人数：7
2023-04-23 11:50:33 V/Bot.270488994: [testbot(365899064)] <LTR>(2502510147) -> @在线人数
2023-04-23 11:50:36 V/Bot.270488994: [testbot(365899064)] <LTR>(2502510147) -> [mirai:at:270488994] 在线人数
2023-04-23 11:50:37 V/Bot.270488994: Group(365899064) <- 服务器状态：在线，11点44分在线人数：7
2023-04-23 11:54:13 V/Bot.270488994: [testbot(365899064)] <LTR>(2502510147) -> [mirai:at:270488994] 在线人数
2023-04-23 11:54:14 V/Bot.270488994: Group(365899064) <- 服务器状态：在线，11点44分在线人数：8
2023-04-23 11:54:37 V/Bot.270488994: [testbot(365899064)] <LTR>(2502510147) -> [mirai:at:270488994] 在线人数
2023-04-23 11:54:38 V/Bot.270488994: Group(365899064) <- 服务器状态：在线，11点44分在线人数：5
2023-04-23 11:54:47 V/Bot.270488994: [testbot(365899064)] <LTR>(2502510147) -> [mirai:at:270488994] 在线人数
2023-04-23 11:54:47 V/Bot.270488994: Group(365899064) <- 服务器状态：在线，11点44分在线人数：5
2023-04-23 11:54:55 V/Bot.270488994: [testbot(365899064)] <LTR>(2502510147) -> [mirai:at:270488994] 在线人数
2023-04-23 11:54:56 V/Bot.270488994: Group(365899064) <- 服务器状态：在线，11点44分在线人数：8
2023-04-23 11:55:03 V/Bot.270488994: [testbot(365899064)] <LTR>(2502510147) -> [mirai:at:270488994] 在线人数
2023-04-23 11:55:04 V/Bot.270488994: Group(365899064) <- 服务器状态：在线，11点44分在线人数：8
2023-04-23 11:55:09 V/Bot.270488994: [testbot(365899064)] <LTR>(2502510147) -> [mirai:at:270488994] 在线人数
2023-04-23 11:55:10 V/Bot.270488994: Group(365899064) <- 服务器状态：在线，11点44分在线人数：8
2023-04-23 11:55:15 V/Bot.270488994: [testbot(365899064)] <LTR>(2502510147) -> [mirai:at:270488994] 在线人数
2023-04-23 11:55:15 V/Bot.270488994: Group(365899064) <- 服务器状态：在线，11点44分在线人数：5
2023-04-23 11:56:11 V/Bot.270488994: [testbot(365899064)] <LTR>(2502510147) -> [mirai:at:270488994] 在线人数
2023-04-23 11:56:12 V/Bot.270488994: Group(365899064) <- 服务器状态：在线，11点44分在线人数：5
2023-04-23 11:57:39 V/Bot.270488994: [testbot(365899064)] <LTR>(2502510147) -> [mirai:at:270488994] 在线人数
2023-04-23 11:57:40 V/Bot.270488994: Group(365899064) <- 服务器状态：在线，11点44分在线人数：7
2023-04-23 11:57:44 V/Bot.270488994: [testbot(365899064)] <LTR>(2502510147) -> [mirai:at:270488994] 在线人数
2023-04-23 11:57:45 V/Bot.270488994: Group(365899064) <- 服务器状态：在线，11点44分在线人数：7
2023-04-23 11:57:49 V/Bot.270488994: [testbot(365899064)] <LTR>(2502510147) -> [mirai:at:270488994] 在线人数
2023-04-23 11:57:50 V/Bot.270488994: Group(365899064) <- 服务器状态：在线，11点44分在线人数：7
2023-04-23 11:57:53 V/Bot.270488994: [testbot(365899064)] <LTR>(2502510147) -> [mirai:at:270488994] 在线人数
2023-04-23 11:57:53 V/Bot.270488994: Group(365899064) <- 服务器状态：在线，11点44分在线人数：7
2023-04-23 11:57:55 V/Bot.270488994: [testbot(365899064)] <LTR>(2502510147) -> [mirai:at:270488994] 在线人数
2023-04-23 11:57:56 V/Bot.270488994: Group(365899064) <- 服务器状态：在线，11点44分在线人数：7
2023-04-23 11:57:58 V/Bot.270488994: [testbot(365899064)] <LTR>(2502510147) -> [mirai:at:270488994] 在线人数
2023-04-23 11:57:59 V/Bot.270488994: Group(365899064) <- 服务器状态：在线，11点44分在线人数：7
2023-04-23 11:58:00 V/Bot.270488994: [testbot(365899064)] <LTR>(2502510147) -> [mirai:at:270488994] 在线人数
2023-04-23 11:58:02 V/Bot.270488994: Group(365899064) <- 服务器状态：在线，11点44分在线人数：7
2023-04-23 11:58:03 V/Bot.270488994: [testbot(365899064)] <LTR>(2502510147) -> [mirai:at:270488994] 在线人数
2023-04-23 11:58:04 V/Bot.270488994: Group(365899064) <- 服务器状态：在线，11点44分在线人数：7
2023-04-23 11:58:19 V/Bot.270488994: [testbot(365899064)] <LTR>(2502510147) -> [mirai:at:270488994] 在线人数
2023-04-23 11:58:21 V/Bot.270488994: Group(365899064) <- 服务器状态：在线，11点44分在线人数：7
2023-04-23 11:59:12 V/Bot.270488994: [Public Dayz(697785664)] pan(775481796) -> [mirai:at:270488994] 在线人数
2023-04-23 11:59:29 V/Bot.270488994: [Public Dayz(697785664)] pan(775481796) -> [mirai:at:270488994] 在线人数
2023-04-23 11:59:49 V/Bot.270488994: [Public Dayz(697785664)] pan(775481796) -> [mirai:image:{A97ABB9B-5DC1-F57E-51CE-82E9C036563E}.gif, width=72, height=67, size=4968, type=GIF, isEmoji=true]
2023-04-23 12:03:24 V/Bot.270488994: [testbot(365899064)] <LTR>(2502510147) -> [mirai:at:270488994] 在线人数
2023-04-23 12:03:25 V/Bot.270488994: Group(365899064) <- 服务器状态：在线，11点44分在线人数：7
2023-04-23 12:03:57 V/Bot.270488994: [testbot(365899064)] <LTR>(2502510147) -> [mirai:at:270488994] 在线人数
2023-04-23 12:03:58 V/Bot.270488994: Group(365899064) <- 服务器状态：在线，11点44分在线人数：7
2023-04-23 12:04:48 V/Bot.270488994: [Public Dayz(697785664)] qiyonghan(2502510147) -> 在修呢
2023-04-23 12:09:34 V/Bot.270488994: [testbot(365899064)] <LTR>(2502510147) -> [mirai:at:270488994] 在线人数
2023-04-23 12:09:35 V/Bot.270488994: Group(365899064) <- 服务器状态：在线，12点06分在线人数：5
2023-04-23 12:16:41 V/Bot.270488994: [testbot(365899064)] <LTR>(2502510147) -> 在线人数
2023-04-23 12:16:44 V/Bot.270488994: [testbot(365899064)] <LTR>(2502510147) -> [mirai:at:270488994] 在线人数
2023-04-23 12:17:18 V/Bot.270488994: [testbot(365899064)] <LTR>(2502510147) -> [mirai:at:270488994] 在线人数
2023-04-23 12:17:19 V/Bot.270488994: Group(365899064) <- 服务器状态：在线，12点16分在线人数：6
2023-04-23 12:18:30 V/Bot.270488994: [testbot(365899064)] <LTR>(2502510147) -> [mirai:at:270488994] 在线人数
2023-04-23 12:18:30 V/Bot.270488994: Group(365899064) <- 服务器状态：在线，12点16分在线人数：6
2023-04-23 12:19:48 V/Bot.270488994: [testbot(365899064)] <LTR>(2502510147) -> [mirai:at:270488994] 在线人数
2023-04-23 12:21:36 V/Bot.270488994: [testbot(365899064)] <LTR>(2502510147) -> [mirai:at:270488994] 在线人数
2023-04-23 12:21:47 V/Bot.270488994: Group(365899064) <- 服务器状态：在线，12点16分在线人数：6
2023-04-23 12:24:20 V/Bot.270488994: Group(365899064) <- 服务器状态：在线，12点21分在线人数：7
2023-04-23 12:25:55 V/Bot.270488994: [Public Dayz(697785664)] qiyonghan(2502510147) -> [mirai:at:270488994] 在线人数
2023-04-23 12:25:55 V/Bot.270488994: Group(697785664) <- 服务器状态：在线，12点21分在线人数：9
2023-04-23 12:25:57 V/Bot.270488994: [Public Dayz(697785664)] qiyonghan(2502510147) -> 进不去
2023-04-23 12:25:58 V/Bot.270488994: Group(697785664) <- 服务器IP换了,进不去就取消收藏,重新直连一次,或者去社区搜索群名。\n直连IP为dayz.qiyonghan.icu,端口为22302
2023-04-23 12:26:11 V/Bot.270488994: [Public Dayz(697785664)] qiyonghan(2502510147) -> [mirai:at:270488994] 转换为波西米亚id:dsadasdwqe2131
2023-04-23 12:26:12 V/Bot.270488994: Group(697785664) <- Td_LVhcMQGuOISRuUaFBWnkjhCwAn9lnvjoFWktlCgE=
2023-04-23 12:43:46 V/Bot.270488994: [Public Dayz(697785664)] zisssss(2934576547) -> 在线人数
2023-04-23 12:43:57 V/Bot.270488994: [Public Dayz(697785664)] zisssss(2934576547) -> [mirai:at:270488994] 在线人数
2023-04-23 12:43:58 V/Bot.270488994: Group(697785664) <- 获取在线人数失败，稍后重试！
2023-04-23 12:44:17 V/Bot.270488994: [Public Dayz(697785664)] qiyonghan(2502510147) -> 应该是重启了
2023-04-23 12:50:56 V/Bot.270488994: [Public Dayz(697785664)] qiyonghan(2502510147) -> [mirai:at:270488994] 在线人数
2023-04-23 12:50:57 V/Bot.270488994: Group(697785664) <- 服务器状态：在线，12点49分在线人数：10
2023-04-23 12:57:19 V/Bot.270488994: Event: MemberJoinRequestEvent(bot=Bot(270488994), eventId=1682225839644257, message=大家好，我是s13。射手座男一枚~, fromId=1939079536, groupId=697785664, groupName=Public Dayz, fromNick=s13, invitorId=null)
2023-04-23 12:57:20 V/Bot.270488994: Event: MemberJoinEvent.Active(member=1939079536)
2023-04-23 12:57:20 V/Bot.270488994: Event: MemberCardChangeEvent(origin=s13, new=, member=NormalMember(1939079536))
2023-04-23 12:57:20 V/Bot.270488994: [Public Dayz(697785664)] s13(1939079536) -> 大家好，我是s13。射手座男一枚~
2023-04-23 12:57:21 V/Bot.270488994: Group(697785664) <- [mirai:at:1939079536] 欢迎s13入群! 白名单申请看公告，把steam资料设置全部公开。格式:\nqq:xxxxxxx\nsteamid:xxxxxxxxxxxxxxxx\n波西米亚id:xxxxxxxxx\n游戏昵称:xxx。\n波西米亚id获取方式：群里AT机器人发送命令：转换为波西米亚id:此处填写你的steam17位id。\n以上面这个格式发送给群主\nsteamid获取方式看公告\n进服务器方法http://dayzguide.qiyonghan.icu/
2023-04-23 12:59:28 V/Bot.270488994: Event: MemberJoinEvent.Invite(member=3448190682, invitor=964571021)
2023-04-23 12:59:29 V/Bot.270488994: Group(697785664) <- [mirai:at:3448190682] 欢迎王昊然入群! 白名单申请看公告，把steam资料设置全部公开。格式:\nqq:xxxxxxx\nsteamid:xxxxxxxxxxxxxxxx\n波西米亚id:xxxxxxxxx\n游戏昵称:xxx。\n波西米亚id获取方式：群里AT机器人发送命令：转换为波西米亚id:此处填写你的steam17位id。\n以上面这个格式发送给群主\nsteamid获取方式看公告\n进服务器方法http://dayzguide.qiyonghan.icu/
2023-04-23 13:03:22 V/Bot.270488994: [Public Dayz(697785664)] pan(775481796) -> [mirai:at:270488994] 在线人数
2023-04-23 13:03:24 V/Bot.270488994: Group(697785664) <- 服务器状态：在线，12点59分在线人数：9
2023-04-23 13:04:43 V/Bot.270488994: [Public Dayz(697785664)] s13(1939079536) -> 怎么加入
2023-04-23 13:05:30 V/Bot.270488994: [Public Dayz(697785664)] s13(1939079536) -> [mirai:at:270488994] 怎么加入dayz
2023-04-23 13:06:46 V/Bot.270488994: [Public Dayz(697785664)] qiyonghan(2502510147) -> [mirai:quote:[mirai:source:ids=[35458], internalIds=[216405128], from 1939079536 to 697785664 at 1682226283], content=<not yet initialized>][mirai:at:1939079536] 看一下公告
2023-04-23 13:06:51 V/Bot.270488994: [Public Dayz(697785664)] qiyonghan(2502510147) -> 那个连接
2023-04-23 13:06:53 V/Bot.270488994: [Public Dayz(697785664)] qiyonghan(2502510147) -> 链接
2023-04-23 13:07:00 V/Bot.270488994: Group(365899064) <- [mirai:atall]./dayzstart.jpg
2023-04-23 13:08:00 E/MAH Access: java.net.MalformedURLException: no protocol: ./dayzstart.jpg
java.net.MalformedURLException: no protocol: ./dayzstart.jpg
	at java.base/java.net.URL.<init>(Unknown Source)
	at java.base/java.net.URL.<init>(Unknown Source)
	at java.base/java.net.URL.<init>(Unknown Source)
	at mirai-api-http-2.9.1.mirai2.jar//net.mamoe.mirai.api.http.adapter.internal.convertor.ConvertorKt$imageLikeToMessage$3.invokeSuspend(convertor.kt:162)
	at mirai-api-http-2.9.1.mirai2.jar//net.mamoe.mirai.api.http.adapter.internal.convertor.ConvertorKt$imageLikeToMessage$3.invoke(convertor.kt)
	at mirai-api-http-2.9.1.mirai2.jar//net.mamoe.mirai.api.http.adapter.internal.convertor.ConvertorKt$imageLikeToMessage$3.invoke(convertor.kt)
	at kotlinx.coroutines.intrinsics.UndispatchedKt.startUndispatchedOrReturn(Undispatched.kt:89)
	at kotlinx.coroutines.BuildersKt__Builders_commonKt.withContext(Builders.common.kt:169)
	at kotlinx.coroutines.BuildersKt.withContext(Unknown Source)
	at mirai-api-http-2.9.1.mirai2.jar//net.mamoe.mirai.api.http.adapter.internal.convertor.ConvertorKt.imageLikeToMessage(convertor.kt:119)
	at mirai-api-http-2.9.1.mirai2.jar//net.mamoe.mirai.api.http.adapter.internal.convertor.ConvertorKt.toMessage(convertor.kt:74)
	at mirai-api-http-2.9.1.mirai2.jar//net.mamoe.mirai.api.http.adapter.internal.convertor.ConvertorKt.toMessageChain(convertor.kt:57)
	at mirai-api-http-2.9.1.mirai2.jar//net.mamoe.mirai.api.http.adapter.internal.action.MessageKt.onSendGroupMessage(message.kt:126)
	at mirai-api-http-2.9.1.mirai2.jar//net.mamoe.mirai.api.http.adapter.http.router.MessageKt$messageRouter$1$invoke$$inlined$respondDTOStrategy$3.invokeSuspend(dsl.kt:198)
	at mirai-api-http-2.9.1.mirai2.jar//net.mamoe.mirai.api.http.adapter.http.router.MessageKt$messageRouter$1$invoke$$inlined$respondDTOStrategy$3.invoke(dsl.kt)
	at mirai-api-http-2.9.1.mirai2.jar//net.mamoe.mirai.api.http.adapter.http.router.MessageKt$messageRouter$1$invoke$$inlined$respondDTOStrategy$3.invoke(dsl.kt)
	at mirai-api-http-2.9.1.mirai2.jar//net.mamoe.mirai.api.http.adapter.http.router.MessageKt$messageRouter$1$invoke$$inlined$httpAuthedPost$2$1.invokeSuspend(dsl.kt:207)
	at mirai-api-http-2.9.1.mirai2.jar//net.mamoe.mirai.api.http.adapter.http.router.MessageKt$messageRouter$1$invoke$$inlined$httpAuthedPost$2$1.invoke(dsl.kt)
	at mirai-api-http-2.9.1.mirai2.jar//net.mamoe.mirai.api.http.adapter.http.router.MessageKt$messageRouter$1$invoke$$inlined$httpAuthedPost$2$1.invoke(dsl.kt)
	at mirai-api-http-2.9.1.mirai2.jar[shared]//io.ktor.server.routing.Route$buildPipeline$1$1.invokeSuspend(Route.kt:116)
	at mirai-api-http-2.9.1.mirai2.jar[shared]//io.ktor.server.routing.Route$buildPipeline$1$1.invoke(Route.kt)
	at mirai-api-http-2.9.1.mirai2.jar[shared]//io.ktor.server.routing.Route$buildPipeline$1$1.invoke(Route.kt)
	at mirai-api-http-2.9.1.mirai2.jar[shared]//io.ktor.util.pipeline.SuspendFunctionGun.loop(SuspendFunctionGun.kt:123)
	at mirai-api-http-2.9.1.mirai2.jar[shared]//io.ktor.util.pipeline.SuspendFunctionGun.proceed(SuspendFunctionGun.kt:81)
	at mirai-api-http-2.9.1.mirai2.jar[shared]//io.ktor.util.pipeline.SuspendFunctionGun.execute$ktor_utils(SuspendFunctionGun.kt:101)
	at mirai-api-http-2.9.1.mirai2.jar[shared]//io.ktor.util.pipeline.Pipeline.execute(Pipeline.kt:77)
	at mirai-api-http-2.9.1.mirai2.jar[shared]//io.ktor.server.routing.Routing$executeResult$$inlined$execute$1.invokeSuspend(Pipeline.kt:478)
	at mirai-api-http-2.9.1.mirai2.jar[shared]//io.ktor.server.routing.Routing$executeResult$$inlined$execute$1.invoke(Pipeline.kt)
	at mirai-api-http-2.9.1.mirai2.jar[shared]//io.ktor.server.routing.Routing$executeResult$$inlined$execute$1.invoke(Pipeline.kt)
	at mirai-api-http-2.9.1.mirai2.jar[shared]//io.ktor.util.debug.ContextUtilsKt.initContextInDebugMode(ContextUtils.kt:17)
	at mirai-api-http-2.9.1.mirai2.jar[shared]//io.ktor.server.routing.Routing.executeResult(Routing.kt:174)
	at mirai-api-http-2.9.1.mirai2.jar[shared]//io.ktor.server.routing.Routing.interceptor(Routing.kt:49)
	at mirai-api-http-2.9.1.mirai2.jar[shared]//io.ktor.server.routing.Routing$Plugin$install$1.invokeSuspend(Routing.kt:124)
	at mirai-api-http-2.9.1.mirai2.jar[shared]//io.ktor.server.routing.Routing$Plugin$install$1.invoke(Routing.kt)
	at mirai-api-http-2.9.1.mirai2.jar[shared]//io.ktor.server.routing.Routing$Plugin$install$1.invoke(Routing.kt)
	at mirai-api-http-2.9.1.mirai2.jar[shared]//io.ktor.util.pipeline.SuspendFunctionGun.loop(SuspendFunctionGun.kt:123)
	at mirai-api-http-2.9.1.mirai2.jar[shared]//io.ktor.util.pipeline.SuspendFunctionGun.proceed(SuspendFunctionGun.kt:81)
	at mirai-api-http-2.9.1.mirai2.jar//net.mamoe.mirai.api.http.adapter.http.feature.auth.Authorization$install$1.invokeSuspend(Authorization.kt:41)
	at mirai-api-http-2.9.1.mirai2.jar//net.mamoe.mirai.api.http.adapter.http.feature.auth.Authorization$install$1.invoke(Authorization.kt)
	at mirai-api-http-2.9.1.mirai2.jar//net.mamoe.mirai.api.http.adapter.http.feature.auth.Authorization$install$1.invoke(Authorization.kt)
	at mirai-api-http-2.9.1.mirai2.jar[shared]//io.ktor.util.pipeline.SuspendFunctionGun.loop(SuspendFunctionGun.kt:123)
	at mirai-api-http-2.9.1.mirai2.jar[shared]//io.ktor.util.pipeline.SuspendFunctionGun.proceed(SuspendFunctionGun.kt:81)
	at mirai-api-http-2.9.1.mirai2.jar[shared]//io.ktor.server.engine.BaseApplicationEngineKt$installDefaultTransformationChecker$1.invokeSuspend(BaseApplicationEngine.kt:122)
	at mirai-api-http-2.9.1.mirai2.jar[shared]//io.ktor.server.engine.BaseApplicationEngineKt$installDefaultTransformationChecker$1.invoke(BaseApplicationEngine.kt)
	at mirai-api-http-2.9.1.mirai2.jar[shared]//io.ktor.server.engine.BaseApplicationEngineKt$installDefaultTransformationChecker$1.invoke(BaseApplicationEngine.kt)
	at mirai-api-http-2.9.1.mirai2.jar[shared]//io.ktor.util.pipeline.SuspendFunctionGun.loop(SuspendFunctionGun.kt:123)
	at mirai-api-http-2.9.1.mirai2.jar[shared]//io.ktor.util.pipeline.SuspendFunctionGun.proceed(SuspendFunctionGun.kt:81)
	at mirai-api-http-2.9.1.mirai2.jar//net.mamoe.mirai.api.http.adapter.http.feature.handler.HttpRouterAccessHandler.intercept(HttpRouterAccessHandler.kt:35)
	at mirai-api-http-2.9.1.mirai2.jar//net.mamoe.mirai.api.http.adapter.http.feature.handler.HttpRouterAccessHandler.access$intercept(HttpRouterAccessHandler.kt:24)
	at mirai-api-http-2.9.1.mirai2.jar//net.mamoe.mirai.api.http.adapter.http.feature.handler.HttpRouterAccessHandler$intercept$1.invokeSuspend(HttpRouterAccessHandler.kt)
	at kotlin.coroutines.jvm.internal.BaseContinuationImpl.resumeWith(ContinuationImpl.kt:33)
	at kotlinx.coroutines.DispatchedTask.run(DispatchedTask.kt:106)
	at kotlinx.coroutines.internal.LimitedDispatcher.run(LimitedDispatcher.kt:42)
	at kotlinx.coroutines.scheduling.TaskImpl.run(Tasks.kt:95)
	at kotlinx.coroutines.scheduling.CoroutineScheduler.runSafely(CoroutineScheduler.kt:570)
	at kotlinx.coroutines.scheduling.CoroutineScheduler$Worker.executeTask(CoroutineScheduler.kt:750)
	at kotlinx.coroutines.scheduling.CoroutineScheduler$Worker.runWorker(CoroutineScheduler.kt:677)
	at kotlinx.coroutines.scheduling.CoroutineScheduler$Worker.run(CoroutineScheduler.kt:664)

2023-04-23 13:08:38 V/Bot.270488994: [Public Dayz(697785664)] s13(1939079536) -> [mirai:at:2502510147] steammid是啥
2023-04-23 13:08:48 V/Bot.270488994: [Public Dayz(697785664)] s13(1939079536) -> 公告里链接打开图片
2023-04-23 13:09:25 V/Bot.270488994: [Public Dayz(697785664)] qiyonghan(2502510147) -> https://www.bilibili.com/video/BV1V64y1D7dy
2023-04-23 13:09:50 V/Bot.270488994: [Public Dayz(697785664)] qiyonghan(2502510147) -> 就是图问教程
2023-04-23 13:09:53 V/Bot.270488994: [Public Dayz(697785664)] qiyonghan(2502510147) -> 图文
2023-04-23 13:12:25 V/Bot.270488994: [Public Dayz(697785664)] s13(1939079536) -> [mirai:at:2502510147] 我加入进去说没有白名单
2023-04-23 13:12:34 V/Bot.270488994: [testbot(365899064)] <LTR>(2502510147) -> [mirai:atall] [mirai:image:{924A66D4-31AE-D6D0-7EE8-65C8147F8616}.jpg, width=198, height=148, size=6956, type=JPG, isEmoji=true]
2023-04-23 13:12:37 V/Bot.270488994: [Public Dayz(697785664)] s13(1939079536) -> 服务器名字写着什么防生官服
2023-04-23 13:12:42 V/Bot.270488994: [Public Dayz(697785664)] s13(1939079536) -> 是不是这个
2023-04-23 13:12:53 V/Bot.270488994: [Public Dayz(697785664)] qiyonghan(2502510147) -> 服务器名就是群名
2023-04-23 13:13:16 V/Bot.270488994: [Public Dayz(697785664)] qiyonghan(2502510147) -> 白名单你看下steamid发给我
2023-04-23 13:13:22 V/Bot.270488994: [Public Dayz(697785664)] s13(1939079536) -> ok
2023-04-23 13:14:10 V/Bot.270488994: [Public Dayz(697785664)] s13(1939079536) -> [mirai:at:2502510147] 没有氪金物资刷新率什么都正常吗
2023-04-23 13:14:53 V/Bot.270488994: [Public Dayz(697785664)] qiyonghan(2502510147) -> 官服一眼
2023-04-23 13:14:55 V/Bot.270488994: [Public Dayz(697785664)] qiyonghan(2502510147) -> 一样
2023-04-23 13:15:35 V/Bot.270488994: [Public Dayz(697785664)] s13(1939079536) -> [mirai:at:2502510147] 私发给你了！
2023-04-23 13:15:54 V/Bot.270488994: [Public Dayz(697785664)] s13(1939079536) -> 给我白名单我晚上再来玩 
2023-04-23 13:17:14 V/Bot.270488994: [Public Dayz(697785664)] qiyonghan(2502510147) -> 好
2023-04-23 13:18:45 V/Bot.270488994: [Public Dayz(697785664)] pan(775481796) -> [mirai:at:270488994] 在线人数
2023-04-23 13:19:21 V/Bot.270488994: [Public Dayz(697785664)] pan(775481796) -> [mirai:image:{563BEABA-B502-A657-1A1F-6979963E7761}.jpg, width=98, height=102, size=2805, type=JPG, isEmoji=true]
2023-04-23 13:20:56 V/Bot.270488994: [Public Dayz(697785664)] s13(1939079536) -> [mirai:at:270488994] 转换为波西米亚76561198819215437
2023-04-23 13:21:03 V/Bot.270488994: [Public Dayz(697785664)] qiyonghan(2502510147) -> 在加别的东西呢
2023-04-23 13:21:05 V/Bot.270488994: [Public Dayz(697785664)] qiyonghan(2502510147) -> 机器人暂时不能用
2023-04-23 13:21:14 V/Bot.270488994: [Public Dayz(697785664)] s13(1939079536) -> 那怎么转换
2023-04-23 13:21:37 V/Bot.270488994: [Public Dayz(697785664)] qiyonghan(2502510147) -> 私你了
2023-04-23 13:26:00 E/MAH Access: java.net.MalformedURLException: no protocol: ./dayzstart.jpg
java.net.MalformedURLException: no protocol: ./dayzstart.jpg
	at java.base/java.net.URL.<init>(Unknown Source)
	at java.base/java.net.URL.<init>(Unknown Source)
	at java.base/java.net.URL.<init>(Unknown Source)
	at mirai-api-http-2.9.1.mirai2.jar//net.mamoe.mirai.api.http.adapter.internal.convertor.ConvertorKt$imageLikeToMessage$3.invokeSuspend(convertor.kt:162)
	at mirai-api-http-2.9.1.mirai2.jar//net.mamoe.mirai.api.http.adapter.internal.convertor.ConvertorKt$imageLikeToMessage$3.invoke(convertor.kt)
	at mirai-api-http-2.9.1.mirai2.jar//net.mamoe.mirai.api.http.adapter.internal.convertor.ConvertorKt$imageLikeToMessage$3.invoke(convertor.kt)
	at kotlinx.coroutines.intrinsics.UndispatchedKt.startUndispatchedOrReturn(Undispatched.kt:89)
	at kotlinx.coroutines.BuildersKt__Builders_commonKt.withContext(Builders.common.kt:169)
	at kotlinx.coroutines.BuildersKt.withContext(Unknown Source)
	at mirai-api-http-2.9.1.mirai2.jar//net.mamoe.mirai.api.http.adapter.internal.convertor.ConvertorKt.imageLikeToMessage(convertor.kt:119)
	at mirai-api-http-2.9.1.mirai2.jar//net.mamoe.mirai.api.http.adapter.internal.convertor.ConvertorKt.toMessage(convertor.kt:74)
	at mirai-api-http-2.9.1.mirai2.jar//net.mamoe.mirai.api.http.adapter.internal.convertor.ConvertorKt.toMessageChain(convertor.kt:57)
	at mirai-api-http-2.9.1.mirai2.jar//net.mamoe.mirai.api.http.adapter.internal.action.MessageKt.onSendGroupMessage(message.kt:126)
	at mirai-api-http-2.9.1.mirai2.jar//net.mamoe.mirai.api.http.adapter.http.router.MessageKt$messageRouter$1$invoke$$inlined$respondDTOStrategy$3.invokeSuspend(dsl.kt:198)
	at mirai-api-http-2.9.1.mirai2.jar//net.mamoe.mirai.api.http.adapter.http.router.MessageKt$messageRouter$1$invoke$$inlined$respondDTOStrategy$3.invoke(dsl.kt)
	at mirai-api-http-2.9.1.mirai2.jar//net.mamoe.mirai.api.http.adapter.http.router.MessageKt$messageRouter$1$invoke$$inlined$respondDTOStrategy$3.invoke(dsl.kt)
	at mirai-api-http-2.9.1.mirai2.jar//net.mamoe.mirai.api.http.adapter.http.router.MessageKt$messageRouter$1$invoke$$inlined$httpAuthedPost$2$1.invokeSuspend(dsl.kt:207)
	at mirai-api-http-2.9.1.mirai2.jar//net.mamoe.mirai.api.http.adapter.http.router.MessageKt$messageRouter$1$invoke$$inlined$httpAuthedPost$2$1.invoke(dsl.kt)
	at mirai-api-http-2.9.1.mirai2.jar//net.mamoe.mirai.api.http.adapter.http.router.MessageKt$messageRouter$1$invoke$$inlined$httpAuthedPost$2$1.invoke(dsl.kt)
	at mirai-api-http-2.9.1.mirai2.jar[shared]//io.ktor.server.routing.Route$buildPipeline$1$1.invokeSuspend(Route.kt:116)
	at mirai-api-http-2.9.1.mirai2.jar[shared]//io.ktor.server.routing.Route$buildPipeline$1$1.invoke(Route.kt)
	at mirai-api-http-2.9.1.mirai2.jar[shared]//io.ktor.server.routing.Route$buildPipeline$1$1.invoke(Route.kt)
	at mirai-api-http-2.9.1.mirai2.jar[shared]//io.ktor.util.pipeline.SuspendFunctionGun.loop(SuspendFunctionGun.kt:123)
	at mirai-api-http-2.9.1.mirai2.jar[shared]//io.ktor.util.pipeline.SuspendFunctionGun.proceed(SuspendFunctionGun.kt:81)
	at mirai-api-http-2.9.1.mirai2.jar[shared]//io.ktor.util.pipeline.SuspendFunctionGun.execute$ktor_utils(SuspendFunctionGun.kt:101)
	at mirai-api-http-2.9.1.mirai2.jar[shared]//io.ktor.util.pipeline.Pipeline.execute(Pipeline.kt:77)
	at mirai-api-http-2.9.1.mirai2.jar[shared]//io.ktor.server.routing.Routing$executeResult$$inlined$execute$1.invokeSuspend(Pipeline.kt:478)
	at mirai-api-http-2.9.1.mirai2.jar[shared]//io.ktor.server.routing.Routing$executeResult$$inlined$execute$1.invoke(Pipeline.kt)
	at mirai-api-http-2.9.1.mirai2.jar[shared]//io.ktor.server.routing.Routing$executeResult$$inlined$execute$1.invoke(Pipeline.kt)
	at mirai-api-http-2.9.1.mirai2.jar[shared]//io.ktor.util.debug.ContextUtilsKt.initContextInDebugMode(ContextUtils.kt:17)
	at mirai-api-http-2.9.1.mirai2.jar[shared]//io.ktor.server.routing.Routing.executeResult(Routing.kt:174)
	at mirai-api-http-2.9.1.mirai2.jar[shared]//io.ktor.server.routing.Routing.interceptor(Routing.kt:49)
	at mirai-api-http-2.9.1.mirai2.jar[shared]//io.ktor.server.routing.Routing$Plugin$install$1.invokeSuspend(Routing.kt:124)
	at mirai-api-http-2.9.1.mirai2.jar[shared]//io.ktor.server.routing.Routing$Plugin$install$1.invoke(Routing.kt)
	at mirai-api-http-2.9.1.mirai2.jar[shared]//io.ktor.server.routing.Routing$Plugin$install$1.invoke(Routing.kt)
	at mirai-api-http-2.9.1.mirai2.jar[shared]//io.ktor.util.pipeline.SuspendFunctionGun.loop(SuspendFunctionGun.kt:123)
	at mirai-api-http-2.9.1.mirai2.jar[shared]//io.ktor.util.pipeline.SuspendFunctionGun.proceed(SuspendFunctionGun.kt:81)
	at mirai-api-http-2.9.1.mirai2.jar//net.mamoe.mirai.api.http.adapter.http.feature.auth.Authorization$install$1.invokeSuspend(Authorization.kt:41)
	at mirai-api-http-2.9.1.mirai2.jar//net.mamoe.mirai.api.http.adapter.http.feature.auth.Authorization$install$1.invoke(Authorization.kt)
	at mirai-api-http-2.9.1.mirai2.jar//net.mamoe.mirai.api.http.adapter.http.feature.auth.Authorization$install$1.invoke(Authorization.kt)
	at mirai-api-http-2.9.1.mirai2.jar[shared]//io.ktor.util.pipeline.SuspendFunctionGun.loop(SuspendFunctionGun.kt:123)
	at mirai-api-http-2.9.1.mirai2.jar[shared]//io.ktor.util.pipeline.SuspendFunctionGun.proceed(SuspendFunctionGun.kt:81)
	at mirai-api-http-2.9.1.mirai2.jar[shared]//io.ktor.server.engine.BaseApplicationEngineKt$installDefaultTransformationChecker$1.invokeSuspend(BaseApplicationEngine.kt:122)
	at mirai-api-http-2.9.1.mirai2.jar[shared]//io.ktor.server.engine.BaseApplicationEngineKt$installDefaultTransformationChecker$1.invoke(BaseApplicationEngine.kt)
	at mirai-api-http-2.9.1.mirai2.jar[shared]//io.ktor.server.engine.BaseApplicationEngineKt$installDefaultTransformationChecker$1.invoke(BaseApplicationEngine.kt)
	at mirai-api-http-2.9.1.mirai2.jar[shared]//io.ktor.util.pipeline.SuspendFunctionGun.loop(SuspendFunctionGun.kt:123)
	at mirai-api-http-2.9.1.mirai2.jar[shared]//io.ktor.util.pipeline.SuspendFunctionGun.proceed(SuspendFunctionGun.kt:81)
	at mirai-api-http-2.9.1.mirai2.jar//net.mamoe.mirai.api.http.adapter.http.feature.handler.HttpRouterAccessHandler.intercept(HttpRouterAccessHandler.kt:35)
	at mirai-api-http-2.9.1.mirai2.jar//net.mamoe.mirai.api.http.adapter.http.feature.handler.HttpRouterAccessHandler.access$intercept(HttpRouterAccessHandler.kt:24)
	at mirai-api-http-2.9.1.mirai2.jar//net.mamoe.mirai.api.http.adapter.http.feature.handler.HttpRouterAccessHandler$intercept$1.invokeSuspend(HttpRouterAccessHandler.kt)
	at kotlin.coroutines.jvm.internal.BaseContinuationImpl.resumeWith(ContinuationImpl.kt:33)
	at kotlinx.coroutines.DispatchedTask.run(DispatchedTask.kt:106)
	at kotlinx.coroutines.internal.LimitedDispatcher.run(LimitedDispatcher.kt:42)
	at kotlinx.coroutines.scheduling.TaskImpl.run(Tasks.kt:95)
	at kotlinx.coroutines.scheduling.CoroutineScheduler.runSafely(CoroutineScheduler.kt:570)
	at kotlinx.coroutines.scheduling.CoroutineScheduler$Worker.executeTask(CoroutineScheduler.kt:750)
	at kotlinx.coroutines.scheduling.CoroutineScheduler$Worker.runWorker(CoroutineScheduler.kt:677)
	at kotlinx.coroutines.scheduling.CoroutineScheduler$Worker.run(CoroutineScheduler.kt:664)

2023-04-23 13:32:00 E/MAH Access: java.net.MalformedURLException: no protocol: ./dayzstart.jpg
java.net.MalformedURLException: no protocol: ./dayzstart.jpg
	at java.base/java.net.URL.<init>(Unknown Source)
	at java.base/java.net.URL.<init>(Unknown Source)
	at java.base/java.net.URL.<init>(Unknown Source)
	at mirai-api-http-2.9.1.mirai2.jar//net.mamoe.mirai.api.http.adapter.internal.convertor.ConvertorKt$imageLikeToMessage$3.invokeSuspend(convertor.kt:162)
	at mirai-api-http-2.9.1.mirai2.jar//net.mamoe.mirai.api.http.adapter.internal.convertor.ConvertorKt$imageLikeToMessage$3.invoke(convertor.kt)
	at mirai-api-http-2.9.1.mirai2.jar//net.mamoe.mirai.api.http.adapter.internal.convertor.ConvertorKt$imageLikeToMessage$3.invoke(convertor.kt)
	at kotlinx.coroutines.intrinsics.UndispatchedKt.startUndispatchedOrReturn(Undispatched.kt:89)
	at kotlinx.coroutines.BuildersKt__Builders_commonKt.withContext(Builders.common.kt:169)
	at kotlinx.coroutines.BuildersKt.withContext(Unknown Source)
	at mirai-api-http-2.9.1.mirai2.jar//net.mamoe.mirai.api.http.adapter.internal.convertor.ConvertorKt.imageLikeToMessage(convertor.kt:119)
	at mirai-api-http-2.9.1.mirai2.jar//net.mamoe.mirai.api.http.adapter.internal.convertor.ConvertorKt.toMessage(convertor.kt:74)
	at mirai-api-http-2.9.1.mirai2.jar//net.mamoe.mirai.api.http.adapter.internal.convertor.ConvertorKt.toMessageChain(convertor.kt:57)
	at mirai-api-http-2.9.1.mirai2.jar//net.mamoe.mirai.api.http.adapter.internal.action.MessageKt.onSendGroupMessage(message.kt:126)
	at mirai-api-http-2.9.1.mirai2.jar//net.mamoe.mirai.api.http.adapter.http.router.MessageKt$messageRouter$1$invoke$$inlined$respondDTOStrategy$3.invokeSuspend(dsl.kt:198)
	at mirai-api-http-2.9.1.mirai2.jar//net.mamoe.mirai.api.http.adapter.http.router.MessageKt$messageRouter$1$invoke$$inlined$respondDTOStrategy$3.invoke(dsl.kt)
	at mirai-api-http-2.9.1.mirai2.jar//net.mamoe.mirai.api.http.adapter.http.router.MessageKt$messageRouter$1$invoke$$inlined$respondDTOStrategy$3.invoke(dsl.kt)
	at mirai-api-http-2.9.1.mirai2.jar//net.mamoe.mirai.api.http.adapter.http.router.MessageKt$messageRouter$1$invoke$$inlined$httpAuthedPost$2$1.invokeSuspend(dsl.kt:207)
	at mirai-api-http-2.9.1.mirai2.jar//net.mamoe.mirai.api.http.adapter.http.router.MessageKt$messageRouter$1$invoke$$inlined$httpAuthedPost$2$1.invoke(dsl.kt)
	at mirai-api-http-2.9.1.mirai2.jar//net.mamoe.mirai.api.http.adapter.http.router.MessageKt$messageRouter$1$invoke$$inlined$httpAuthedPost$2$1.invoke(dsl.kt)
	at mirai-api-http-2.9.1.mirai2.jar[shared]//io.ktor.server.routing.Route$buildPipeline$1$1.invokeSuspend(Route.kt:116)
	at mirai-api-http-2.9.1.mirai2.jar[shared]//io.ktor.server.routing.Route$buildPipeline$1$1.invoke(Route.kt)
	at mirai-api-http-2.9.1.mirai2.jar[shared]//io.ktor.server.routing.Route$buildPipeline$1$1.invoke(Route.kt)
	at mirai-api-http-2.9.1.mirai2.jar[shared]//io.ktor.util.pipeline.SuspendFunctionGun.loop(SuspendFunctionGun.kt:123)
	at mirai-api-http-2.9.1.mirai2.jar[shared]//io.ktor.util.pipeline.SuspendFunctionGun.proceed(SuspendFunctionGun.kt:81)
	at mirai-api-http-2.9.1.mirai2.jar[shared]//io.ktor.util.pipeline.SuspendFunctionGun.execute$ktor_utils(SuspendFunctionGun.kt:101)
	at mirai-api-http-2.9.1.mirai2.jar[shared]//io.ktor.util.pipeline.Pipeline.execute(Pipeline.kt:77)
	at mirai-api-http-2.9.1.mirai2.jar[shared]//io.ktor.server.routing.Routing$executeResult$$inlined$execute$1.invokeSuspend(Pipeline.kt:478)
	at mirai-api-http-2.9.1.mirai2.jar[shared]//io.ktor.server.routing.Routing$executeResult$$inlined$execute$1.invoke(Pipeline.kt)
	at mirai-api-http-2.9.1.mirai2.jar[shared]//io.ktor.server.routing.Routing$executeResult$$inlined$execute$1.invoke(Pipeline.kt)
	at mirai-api-http-2.9.1.mirai2.jar[shared]//io.ktor.util.debug.ContextUtilsKt.initContextInDebugMode(ContextUtils.kt:17)
	at mirai-api-http-2.9.1.mirai2.jar[shared]//io.ktor.server.routing.Routing.executeResult(Routing.kt:174)
	at mirai-api-http-2.9.1.mirai2.jar[shared]//io.ktor.server.routing.Routing.interceptor(Routing.kt:49)
	at mirai-api-http-2.9.1.mirai2.jar[shared]//io.ktor.server.routing.Routing$Plugin$install$1.invokeSuspend(Routing.kt:124)
	at mirai-api-http-2.9.1.mirai2.jar[shared]//io.ktor.server.routing.Routing$Plugin$install$1.invoke(Routing.kt)
	at mirai-api-http-2.9.1.mirai2.jar[shared]//io.ktor.server.routing.Routing$Plugin$install$1.invoke(Routing.kt)
	at mirai-api-http-2.9.1.mirai2.jar[shared]//io.ktor.util.pipeline.SuspendFunctionGun.loop(SuspendFunctionGun.kt:123)
	at mirai-api-http-2.9.1.mirai2.jar[shared]//io.ktor.util.pipeline.SuspendFunctionGun.proceed(SuspendFunctionGun.kt:81)
	at mirai-api-http-2.9.1.mirai2.jar//net.mamoe.mirai.api.http.adapter.http.feature.auth.Authorization$install$1.invokeSuspend(Authorization.kt:41)
	at mirai-api-http-2.9.1.mirai2.jar//net.mamoe.mirai.api.http.adapter.http.feature.auth.Authorization$install$1.invoke(Authorization.kt)
	at mirai-api-http-2.9.1.mirai2.jar//net.mamoe.mirai.api.http.adapter.http.feature.auth.Authorization$install$1.invoke(Authorization.kt)
	at mirai-api-http-2.9.1.mirai2.jar[shared]//io.ktor.util.pipeline.SuspendFunctionGun.loop(SuspendFunctionGun.kt:123)
	at mirai-api-http-2.9.1.mirai2.jar[shared]//io.ktor.util.pipeline.SuspendFunctionGun.proceed(SuspendFunctionGun.kt:81)
	at mirai-api-http-2.9.1.mirai2.jar[shared]//io.ktor.server.engine.BaseApplicationEngineKt$installDefaultTransformationChecker$1.invokeSuspend(BaseApplicationEngine.kt:122)
	at mirai-api-http-2.9.1.mirai2.jar[shared]//io.ktor.server.engine.BaseApplicationEngineKt$installDefaultTransformationChecker$1.invoke(BaseApplicationEngine.kt)
	at mirai-api-http-2.9.1.mirai2.jar[shared]//io.ktor.server.engine.BaseApplicationEngineKt$installDefaultTransformationChecker$1.invoke(BaseApplicationEngine.kt)
	at mirai-api-http-2.9.1.mirai2.jar[shared]//io.ktor.util.pipeline.SuspendFunctionGun.loop(SuspendFunctionGun.kt:123)
	at mirai-api-http-2.9.1.mirai2.jar[shared]//io.ktor.util.pipeline.SuspendFunctionGun.proceed(SuspendFunctionGun.kt:81)
	at mirai-api-http-2.9.1.mirai2.jar//net.mamoe.mirai.api.http.adapter.http.feature.handler.HttpRouterAccessHandler.intercept(HttpRouterAccessHandler.kt:35)
	at mirai-api-http-2.9.1.mirai2.jar//net.mamoe.mirai.api.http.adapter.http.feature.handler.HttpRouterAccessHandler.access$intercept(HttpRouterAccessHandler.kt:24)
	at mirai-api-http-2.9.1.mirai2.jar//net.mamoe.mirai.api.http.adapter.http.feature.handler.HttpRouterAccessHandler$intercept$1.invokeSuspend(HttpRouterAccessHandler.kt)
	at kotlin.coroutines.jvm.internal.BaseContinuationImpl.resumeWith(ContinuationImpl.kt:33)
	at kotlinx.coroutines.DispatchedTask.run(DispatchedTask.kt:106)
	at kotlinx.coroutines.internal.LimitedDispatcher.run(LimitedDispatcher.kt:42)
	at kotlinx.coroutines.scheduling.TaskImpl.run(Tasks.kt:95)
	at kotlinx.coroutines.scheduling.CoroutineScheduler.runSafely(CoroutineScheduler.kt:570)
	at kotlinx.coroutines.scheduling.CoroutineScheduler$Worker.executeTask(CoroutineScheduler.kt:750)
	at kotlinx.coroutines.scheduling.CoroutineScheduler$Worker.runWorker(CoroutineScheduler.kt:677)
	at kotlinx.coroutines.scheduling.CoroutineScheduler$Worker.run(CoroutineScheduler.kt:664)

2023-04-23 13:48:33 V/Bot.270488994: Event: MemberJoinRequestEvent(bot=Bot(270488994), eventId=1682228914226841, message=, fromId=286846079, groupId=697785664, groupName=Public Dayz, fromNick=叁贰, invitorId=null)
2023-04-23 13:49:33 V/Bot.270488994: Event: MemberJoinEvent.Active(member=286846079)
2023-04-23 13:51:31 V/Bot.270488994: Event: MemberLeaveEvent.Quit(member=728335525)
2023-04-23 13:52:15 W/console: 未知指令: /cc, 输入 ? 获取帮助
2023-04-23 13:52:18 W/console: 未知指令: /cls, 输入 ? 获取帮助
2023-04-23 13:56:07 V/Bot.270488994: [Public Dayz(697785664)] s13(1939079536) -> [mirai:at:270488994] 在线人数
2023-04-23 14:25:01 V/Bot.270488994: Group(365899064) <- [mirai:atall][mirai:image:{A4031D21-FC2A-6A82-26C5-BC324CD7770B}.jpg, width=198, height=161, size=3242, type=JPG, isEmoji=false]
2023-04-23 14:26:01 V/Bot.270488994: [Public Dayz(697785664)] pan(775481796) -> [mirai:at:2502510147] 重置服务器吧
2023-04-23 14:26:11 V/Bot.270488994: [Public Dayz(697785664)] pan(775481796) -> 都没人玩了
2023-04-23 14:26:28 V/Bot.270488994: [Public Dayz(697785664)] 浦原喜助(2639224478) -> 今天工作日
2023-04-23 14:26:29 V/Bot.270488994: [Public Dayz(697785664)] 嗯(1448959116) -> 群里谁有车
2023-04-23 14:26:36 V/Bot.270488994: [Public Dayz(697785664)] qiyonghan(2502510147) -> 模组还没设置好
2023-04-23 14:26:38 V/Bot.270488994: [Public Dayz(697785664)] 浦原喜助(2639224478) -> 哪有人玩
2023-04-23 14:26:40 V/Bot.270488994: [Public Dayz(697785664)] 浦原喜助(2639224478) -> /拍头
2023-04-23 14:27:34 V/Bot.270488994: [Public Dayz(697785664)] pan(775481796) -> 今天又是蹲空气的一天
2023-04-23 14:30:36 V/Bot.270488994: [Public Dayz(697785664)] pan(775481796) -> 今天不是周末吗？
2023-04-23 14:30:41 V/Bot.270488994: [Public Dayz(697785664)] qiyonghan(2502510147) -> 等等吧 刚搞完机器人
2023-04-23 14:30:47 V/Bot.270488994: [Public Dayz(697785664)] qiyonghan(2502510147) -> 今天是周一
2023-04-23 14:31:42 V/Bot.270488994: [Public Dayz(697785664)] qiyonghan(2502510147) -> [mirai:image:{68FDE676-1E38-F746-944E-A86D7BE42914}.png, width=597, height=475, size=49250, type=PNG, isEmoji=false]
2023-04-23 14:31:48 V/Bot.270488994: [Public Dayz(697785664)] qiyonghan(2502510147) -> 反正五一前肯定重置的
2023-04-23 14:33:24 V/Bot.270488994: [Public Dayz(697785664)] pan(775481796) -> 我们广西这边还在放假呢[抠鼻]
2023-04-23 14:33:49 V/Bot.270488994: [Public Dayz(697785664)] qiyonghan(2502510147) -> 55个民族和他爱上班的汉族同胞
2023-04-23 14:33:53 V/Bot.270488994: [Public Dayz(697785664)] qiyonghan(2502510147) -> ^ ^
2023-04-23 14:35:19 V/Bot.270488994: [Public Dayz(697785664)] pan(775481796) -> [mirai:image:{2F42409E-AF5C-53DF-2AC8-2E6A5C076DA0}.jpg, width=1080, height=1163, size=52040, type=JPG, isEmoji=false]
2023-04-23 14:38:17 V/Bot.270488994: [Public Dayz(697785664)] 童.(919969931) -> 谁在军事基地
2023-04-23 14:38:19 V/Bot.270488994: [Public Dayz(697785664)] 童.(919969931) -> 救救我
2023-04-23 14:38:43 V/Bot.270488994: [Public Dayz(697785664)] 童.(919969931) -> [mirai:image:{4FA9391A-9615-B1A2-DB4C-F7A6F7311510}.png, width=2560, height=1440, size=4961271, type=PNG, isEmoji=false]
2023-04-23 14:39:26 V/Bot.270488994: [Public Dayz(697785664)] Joey(2691681493) -> 机场么
2023-04-23 14:39:33 V/Bot.270488994: [Public Dayz(697785664)] qiyonghan(2502510147) -> 这不是活得好好的
2023-04-23 14:43:42 V/Bot.270488994: [Public Dayz(697785664)] 童.(919969931) -> 机场
2023-04-23 14:45:01 V/Bot.270488994: [Public Dayz(697785664)] 童.(919969931) -> 我快到机场了
2023-04-23 14:45:07 V/Bot.270488994: [Public Dayz(697785664)] 童.(919969931) -> 听到打枪了
2023-04-23 14:58:23 V/Bot.270488994: [Public Dayz(697785664)] s13(1939079536) -> [mirai:at:2502510147] 重制服务器所有东西都没了吗
2023-04-23 15:00:11 V/Bot.270488994: [Public Dayz(697785664)] Joey(2691681493) -> [mirai:at:270488994] 在线人数
2023-04-23 15:00:12 V/Bot.270488994: Group(697785664) <- 服务器状态：在线，14点58分在线人数：11
2023-04-23 15:03:26 V/Bot.270488994: [Public Dayz(697785664)] 十一(793958379) -> [mirai:at:2502510147] 车的数量能不能增加一些呀
2023-04-23 15:04:38 V/Bot.270488994: [Public Dayz(697785664)] s13(1939079536) -> 我觉得行 我也想要车
2023-04-23 15:05:25 V/Bot.270488994: [Public Dayz(697785664)] qiyonghan(2502510147) -> 是的
2023-04-23 15:05:27 V/Bot.270488994: [Public Dayz(697785664)] qiyonghan(2502510147) -> 重置就没了
2023-04-23 15:05:34 V/Bot.270488994: [Public Dayz(697785664)] qiyonghan(2502510147) -> 因为车现在都被人囤起来了
2023-04-23 15:05:37 V/Bot.270488994: [Public Dayz(697785664)] qiyonghan(2502510147) -> 找不到的
2023-04-23 15:06:59 V/Bot.270488994: [Public Dayz(697785664)] 浦原喜助(2639224478) -> [mirai:quote:[mirai:source:ids=[35512], internalIds=[364528079], from 919969931 to 697785664 at 1682232308], content=<not yet initialized>][mirai:at:919969931] 奔着枪声去
2023-04-23 15:07:01 V/Bot.270488994: [Public Dayz(697785664)] 浦原喜助(2639224478) -> 给他杀了
2023-04-23 15:07:39 V/Bot.270488994: [Public Dayz(697785664)] qiyonghan(2502510147) -> 正好帮我测一下机器人的播报功能
2023-04-23 15:07:57 V/Bot.270488994: [Public Dayz(697785664)] 浦原喜助(2639224478) -> /干杯/干杯/干杯期待你的表现
2023-04-23 15:08:31 V/Bot.270488994: [Public Dayz(697785664)] s13(1939079536) -> [mirai:at:2502510147] 那不会我玩两天刚建好的家就被你重置没了 包括我背包的东西
2023-04-23 15:08:35 V/Bot.270488994: [Public Dayz(697785664)] s13(1939079536) -> /哦
2023-04-23 15:10:22 V/Bot.270488994: [Public Dayz(697785664)] pan(775481796) -> [mirai:at:919969931] 应该是我
2023-04-23 15:10:26 V/Bot.270488994: [Public Dayz(697785664)] 童.(919969931) -> 我组装一个车会不会
2023-04-23 15:10:30 V/Bot.270488994: [Public Dayz(697785664)] 童.(919969931) -> 刷没啊
2023-04-23 15:10:32 V/Bot.270488994: [Public Dayz(697785664)] pan(775481796) -> 放心搜吧
2023-04-23 15:10:34 V/Bot.270488994: [Public Dayz(697785664)] 童.(919969931) -> 我在机场呢
2023-04-23 15:10:39 V/Bot.270488994: [Public Dayz(697785664)] 浦原喜助(2639224478) -> [mirai:quote:[mirai:source:ids=[35526], internalIds=[1734249871], from 1939079536 to 697785664 at 1682233712], content=<not yet initialized>][mirai:at:1939079536] 家不会充值
2023-04-23 15:10:45 V/Bot.270488994: [Public Dayz(697785664)] 浦原喜助(2639224478) -> 然后你的背包啊啥的
2023-04-23 15:10:56 V/Bot.270488994: [Public Dayz(697785664)] pan(775481796) -> 我刚出门办事
2023-04-23 15:10:57 V/Bot.270488994: [Public Dayz(697785664)] 浦原喜助(2639224478) -> 达到一定长时间没有人触碰也会刷掉了
2023-04-23 15:11:05 V/Bot.270488994: [Public Dayz(697785664)] 童.(919969931) -> 0
2023-04-23 15:11:10 V/Bot.270488994: [Public Dayz(697785664)] s13(1939079536) -> [mirai:at:2639224478] 我建造的家跟背包还在是吧
2023-04-23 15:11:12 V/Bot.270488994: [Public Dayz(697785664)] s13(1939079536) -> 那就ok
2023-04-23 15:12:08 V/Bot.270488994: [Public Dayz(697785664)] pan(775481796) -> [mirai:at:1939079536] 没有
2023-04-23 15:12:14 V/Bot.270488994: [Public Dayz(697785664)] pan(775481796) -> 全部重置
2023-04-23 15:12:20 V/Bot.270488994: [Public Dayz(697785664)] pan(775481796) -> 重头开始
2023-04-23 15:12:22 V/Bot.270488994: [Public Dayz(697785664)] 阿翔(840388246) -> [mirai:quote:[mirai:source:ids=[35519], internalIds=[0], from 2502510147 to 697785664 at 1682233527], content=<not yet initialized>][mirai:at:2502510147] 服主，可以加点绿色板甲，黑色板甲，绿色的m4和配件呀，我看还挺好看的
2023-04-23 15:12:37 V/Bot.270488994: [Public Dayz(697785664)] 十一(793958379) ->  还有一个就是  体力会不会太少了  只要装满就根本跑不动
2023-04-23 15:14:10 V/Bot.270488994: [Public Dayz(697785664)] s13(1939079536) -> 啊
2023-04-23 15:14:38 V/Bot.270488994: [Public Dayz(697785664)] s13(1939079536) -> [mirai:at:2502510147] 没必要重置吧 重置物资车辆就行了我感觉
2023-04-23 15:14:46 V/Bot.270488994: [Public Dayz(697785664)] pan(775481796) -> 绿色甲跟黑甲都有了
2023-04-23 15:15:14 V/Bot.270488994: [Public Dayz(697785664)] 浦原喜助(2639224478) -> [mirai:quote:[mirai:source:ids=[35538], internalIds=[1873217589], from 1939079536 to 697785664 at 1682233871], content=<not yet initialized>][mirai:at:1939079536] 喔你说重置服务器啊
2023-04-23 15:15:16 V/Bot.270488994: [Public Dayz(697785664)] 浦原喜助(2639224478) -> 那就没了
2023-04-23 15:15:20 V/Bot.270488994: [Public Dayz(697785664)] 浦原喜助(2639224478) -> 我以为你说重启服务器
2023-04-23 15:15:22 V/Bot.270488994: [Public Dayz(697785664)] 浦原喜助(2639224478) -> /干杯
2023-04-23 15:15:41 V/Bot.270488994: [Public Dayz(697785664)] 浦原喜助(2639224478) -> [mirai:quote:[mirai:source:ids=[35546], internalIds=[196333675], from 1939079536 to 697785664 at 1682234079], content=<not yet initialized>][mirai:at:1939079536] 每个档就是要重置才有新的动力
2023-04-23 15:15:45 V/Bot.270488994: [Public Dayz(697785664)] 浦原喜助(2639224478) -> 跟塔科夫一样的
2023-04-23 15:15:47 V/Bot.270488994: [Public Dayz(697785664)] 阿翔(840388246) -> 哦哦，还没怎么玩[mirai:at:775481796] 
2023-04-23 15:16:04 V/Bot.270488994: [Public Dayz(697785664)] 浦原喜助(2639224478) -> 囤了几个月大家要拿出来消耗消耗的呀
2023-04-23 15:16:31 V/Bot.270488994: [Public Dayz(697785664)] 十一(793958379) -> 仓鼠党舍不得/汪汪
2023-04-23 15:16:43 V/Bot.270488994: [Public Dayz(697785664)] 十一(793958379) -> 宁愿烂在家里
2023-04-23 15:16:45 V/Bot.270488994: [Public Dayz(697785664)] 阿翔(840388246) -> 重置的话我喊喊之前的队员看看有没人来的，之前一直玩的那种无限体力的打架服，也没啥意思了
2023-04-23 15:17:56 V/Bot.270488994: [Public Dayz(697785664)] s13(1939079536) -> [mirai:quote:[mirai:source:ids=[35556], internalIds=[0], from 793958379 to 697785664 at 1682234192], content=<not yet initialized>][mirai:at:793958379] 对啊
2023-04-23 15:18:16 V/Bot.270488994: [Public Dayz(697785664)] s13(1939079536) -> [mirai:quote:[mirai:source:ids=[35552], internalIds=[0], from 2639224478 to 697785664 at 1682234141], content=<not yet initialized>][mirai:at:2639224478] 我感觉不重制才舒服 辛苦建的家就重制了
2023-04-23 15:18:59 V/Bot.270488994: [Public Dayz(697785664)] 阿翔(840388246) -> [mirai:quote:[mirai:source:ids=[35556], internalIds=[2037147199], from 793958379 to 697785664 at 1682234192], content=<not yet initialized>][mirai:at:793958379] 没啥用，之前和队友玩氪金服，一大堆家具攒满了mod枪，跑车，飞机，服务器没人了想消耗都消耗不掉
2023-04-23 15:19:49 V/Bot.270488994: [Public Dayz(697785664)] 十一(793958379) -> 你氪金服获得太容易了 自然就容易腻
2023-04-23 15:20:49 V/Bot.270488994: [Public Dayz(697785664)] 浦原喜助(2639224478) -> [mirai:quote:[mirai:source:ids=[35560], internalIds=[1509176721], from 1939079536 to 697785664 at 1682234296], content=<not yet initialized>][mirai:at:1939079536] 我都不建家
2023-04-23 15:20:55 V/Bot.270488994: [Public Dayz(697785664)] 浦原喜助(2639224478) -> 一条命一条命得玩
2023-04-23 15:21:00 V/Bot.270488994: [Public Dayz(697785664)] 浦原喜助(2639224478) -> /拍头
2023-04-23 15:21:11 V/Bot.270488994: [Public Dayz(697785664)] 浦原喜助(2639224478) -> 人生都在旅途上
2023-04-23 15:21:24 V/Bot.270488994: [Public Dayz(697785664)] 童.(919969931) -> [mirai:image:{D6BBFAD9-DBAC-00E7-A349-F5C027E345FA}.png, width=2560, height=1440, size=4610815, type=PNG, isEmoji=false]大佬们
2023-04-23 15:21:25 V/Bot.270488994: [Public Dayz(697785664)] 童.(919969931) -> 为什么瞄准镜打不开
2023-04-23 15:21:27 V/Bot.270488994: [Public Dayz(697785664)] 十一(793958379) -> 那你肯定是一个人玩
2023-04-23 15:21:38 V/Bot.270488994: [Public Dayz(697785664)] 十一(793958379) -> 用鼠标滑轮
2023-04-23 15:21:40 V/Bot.270488994: [Public Dayz(697785664)] 十一(793958379) -> 往上
2023-04-23 15:21:52 V/Bot.270488994: [Public Dayz(697785664)] 阿翔(840388246) -> [mirai:quote:[mirai:source:ids=[35562], internalIds=[1299537509], from 793958379 to 697785664 at 1682234389], content=<not yet initialized>]还好把，之前我们玩的防官一大堆m4km，子弹，没人了还是换服了[mirai:at:793958379] 
2023-04-23 15:22:08 V/Bot.270488994: [Public Dayz(697785664)] 十一(793958379) -> 主要是
2023-04-23 15:22:13 V/Bot.270488994: [Public Dayz(697785664)] 十一(793958379) -> 这个游戏本身就没几个人啊
2023-04-23 15:23:20 V/Bot.270488994: [Public Dayz(697785664)] 童.(919969931) -> ok
2023-04-23 15:26:11 V/Bot.270488994: [Public Dayz(697785664)] qiyonghan(2502510147) -> [mirai:quote:[mirai:source:ids=[35543], internalIds=[1157468637], from 840388246 to 697785664 at 1682233943], content=<not yet initialized>][mirai:at:840388246] 服务器有的
2023-04-23 15:26:15 V/Bot.270488994: [Public Dayz(697785664)] qiyonghan(2502510147) -> 这个是小图的
2023-04-23 15:26:19 V/Bot.270488994: [Public Dayz(697785664)] qiyonghan(2502510147) -> 我调出来了
2023-04-23 15:26:26 V/Bot.270488994: [Public Dayz(697785664)] qiyonghan(2502510147) -> 四级资源点会刷新
2023-04-23 15:26:49 V/Bot.270488994: [Public Dayz(697785664)] 阿翔(840388246) -> [mirai:quote:[mirai:source:ids=[35578], internalIds=[1712631635], from 2502510147 to 697785664 at 1682234780], content=<not yet initialized>][mirai:at:2502510147] 好的
2023-04-23 15:27:17 V/Bot.270488994: [Public Dayz(697785664)] s13(1939079536) -> [mirai:at:2502510147] 重制车辆物资就好我建议！
2023-04-23 15:27:39 V/Bot.270488994: [Public Dayz(697785664)] qiyonghan(2502510147) -> 没办法的
2023-04-23 15:27:54 V/Bot.270488994: [Public Dayz(697785664)] qiyonghan(2502510147) -> 存档是加密的 要删就全没了
2023-04-23 15:28:05 V/Bot.270488994: [Public Dayz(697785664)] s13(1939079536) -> 那几号重制啊
2023-04-23 15:28:07 V/Bot.270488994: [Public Dayz(697785664)] qiyonghan(2502510147) -> 大家一起重新开始呗
2023-04-23 15:28:10 V/Bot.270488994: [Public Dayz(697785664)] qiyonghan(2502510147) -> 五一之前
2023-04-23 15:28:23 V/Bot.270488994: [Public Dayz(697785664)] qiyonghan(2502510147) -> 以后每三个月重置一次，不然一堆物资，根本不知道干啥
2023-04-23 15:29:40 V/Bot.270488994: [Public Dayz(697785664)] s13(1939079536) -> 那我得等重制之后玩吧
2023-04-23 15:29:59 V/Bot.270488994: [Public Dayz(697785664)] s13(1939079536) -> 不然感觉刚搜起色就没了/捂脸
2023-04-23 15:30:07 V/Bot.270488994: [Public Dayz(697785664)] 阿翔(840388246) -> 嗯，我之前玩的一个冰岛白名单也是一个季度重置一次
2023-04-23 15:30:21 V/Bot.270488994: [Public Dayz(697785664)] 阿翔(840388246) -> [mirai:quote:[mirai:source:ids=[35589], internalIds=[1309214868], from 1939079536 to 697785664 at 1682235000], content=<not yet initialized>][mirai:at:1939079536] 新档连夜肝
2023-04-23 15:34:53 V/Bot.270488994: [Public Dayz(697785664)] 童.(919969931) -> 卧槽
2023-04-23 15:34:55 V/Bot.270488994: [Public Dayz(697785664)] 童.(919969931) -> 我被打了
2023-04-23 15:34:58 V/Bot.270488994: [Public Dayz(697785664)] 童.(919969931) -> 在机场
2023-04-23 15:35:31 V/Bot.270488994: [Public Dayz(697785664)] s13(1939079536) -> [mirai:quote:[mirai:source:ids=[35591], internalIds=[1105554300], from 840388246 to 697785664 at 1682235021], content=<not yet initialized>][mirai:at:840388246] 我真的不贪 我要个卡车跟小车就够了
2023-04-23 15:35:34 V/Bot.270488994: [Public Dayz(697785664)] 童.(919969931) -> 完了啊
2023-04-23 15:35:53 V/Bot.270488994: [Public Dayz(697785664)] 童.(919969931) -> [mirai:image:{CBFAD078-E344-2350-8DEC-02C630A28957}.png, width=2560, height=1440, size=88389, type=PNG, isEmoji=false]
2023-04-23 15:36:35 V/Bot.270488994: [Public Dayz(697785664)] s13(1939079536) -> [mirai:at:919969931] 你在哪直播
2023-04-23 15:37:00 V/Bot.270488994: Group(697785664) <- 在15:36:59，'CC'选择了自杀
2023-04-23 15:38:19 V/Bot.270488994: [Public Dayz(697785664)] 童.(919969931) -> 抖音
2023-04-23 15:39:05 V/Bot.270488994: [Public Dayz(697785664)] Joey(2691681493) -> 。。。我打的
2023-04-23 15:39:08 V/Bot.270488994: [Public Dayz(697785664)] Joey(2691681493) -> /doge
2023-04-23 15:39:26 V/Bot.270488994: [Public Dayz(697785664)] Joey(2691681493) -> [mirai:image:{43F14D1C-ACBA-E8EC-23FB-914CEE7F93A6}.jpg, width=1124, height=2436, size=652861, type=JPG, isEmoji=false]
2023-04-23 15:40:18 V/Bot.270488994: [Public Dayz(697785664)] 童.(919969931) -> 淦
2023-04-23 15:40:24 V/Bot.270488994: [Public Dayz(697785664)] 童.(919969931) -> 我白跑了
2023-04-23 15:40:27 V/Bot.270488994: [Public Dayz(697785664)] 童.(919969931) -> 跑了一上午
2023-04-23 15:40:35 V/Bot.270488994: [Public Dayz(697785664)] Joey(2691681493) -> 你开枪开了太多次了
2023-04-23 15:40:43 V/Bot.270488994: [Public Dayz(697785664)] 童.(919969931) -> 我在打僵尸
2023-04-23 15:40:51 V/Bot.270488994: [Public Dayz(697785664)] Joey(2691681493) -> 对
2023-04-23 15:41:05 V/Bot.270488994: [Public Dayz(697785664)] 童.(919969931) -> 我没有血了黑白的 不敢肉搏
2023-04-23 15:42:12 V/Bot.270488994: Group(697785664) <- 在15:42:12，'CC'选择了自杀
2023-04-23 15:43:04 V/Bot.270488994: [Public Dayz(697785664)] 佐(361356646) -> 扔的红色烟雾弹很骚
2023-04-23 15:43:29 V/Bot.270488994: [Public Dayz(697785664)] 童.(919969931) -> 哈哈
2023-04-23 15:43:37 V/Bot.270488994: [Public Dayz(697785664)] 童.(919969931) -> 闲着没事
2023-04-23 15:43:44 V/Bot.270488994: [Public Dayz(697785664)] 童.(919969931) -> 背包站不下下了
2023-04-23 15:45:11 V/Bot.270488994: [Public Dayz(697785664)] 阿翔(840388246) -> [mirai:at:919969931] 你叫啥，给你关注关注
2023-04-23 15:45:23 V/Bot.270488994: [Public Dayz(697785664)] Joey(2691681493) -> 我给你点个关注
2023-04-23 15:45:26 V/Bot.270488994: [Public Dayz(697785664)] Joey(2691681493) -> 哈哈
2023-04-23 15:45:41 V/Bot.270488994: [Public Dayz(697785664)] 童.(919969931) -> 恐龙岛小CC
2023-04-23 15:46:08 V/Bot.270488994: [Public Dayz(697785664)] Joey(2691681493) -> 关注了
2023-04-23 15:47:12 V/Bot.270488994: [Public Dayz(697785664)] s13(1939079536) -> [mirai:at:919969931] 痘印叫啥
2023-04-23 15:47:17 V/Bot.270488994: [Public Dayz(697785664)] s13(1939079536) -> 我来看你主播
2023-04-23 15:52:15 V/Bot.270488994: Group(697785664) <- 在15:52:14，'CC'选择了自杀
2023-04-23 15:52:54 V/Bot.270488994: [Public Dayz(697785664)] 阿翔(840388246) -> [mirai:image:{6EBC0313-CE2D-A723-50BE-2C5571606B7D}.jpg, width=2436, height=1124, size=284606, type=JPG, isEmoji=false]
2023-04-23 15:53:17 V/Bot.270488994: [Public Dayz(697785664)] 阿翔(840388246) -> [mirai:at:2502510147] 给你宣传宣传
2023-04-23 16:00:53 V/Bot.270488994: [Public Dayz(697785664)] zisssss(2934576547) -> [mirai:at:270488994] 在线人数
2023-04-23 16:00:54 V/Bot.270488994: Group(697785664) <- 服务器状态：在线，15点58分在线人数：12
2023-04-23 16:03:33 V/Bot.270488994: [Public Dayz(697785664)] qiyonghan(2502510147) -> 好宣 点名表扬
2023-04-23 16:03:47 V/Bot.270488994: [Public Dayz(697785664)] qiyonghan(2502510147) -> [mirai:quote:[mirai:source:ids=[35596], internalIds=[382579769], from 919969931 to 697785664 at 1682235334], content=<not yet initialized>][mirai:at:919969931] 你这是自杀啊
2023-04-23 16:03:52 V/Bot.270488994: [Public Dayz(697785664)] qiyonghan(2502510147) -> 是你晕倒了然后重开了吗
2023-04-23 16:05:00 V/Bot.270488994: Group(697785664) <- 在16:04:59，"****"被"CC"用Sporter击中Head(0)，距离7.86005米，致死
2023-04-23 16:08:40 V/Bot.270488994: [Public Dayz(697785664)] qiyonghan(2502510147) -> 爆头啊
2023-04-23 16:11:18 V/Bot.270488994: Event: MemberJoinRequestEvent(bot=Bot(270488994), eventId=1682237479137227, message=大家好，我是Cassell。, fromId=871097726, groupId=697785664, groupName=Public Dayz, fromNick=Cassell, invitorId=null)
2023-04-23 16:11:19 V/Bot.270488994: Event: MemberJoinEvent.Active(member=871097726)
2023-04-23 16:11:19 V/Bot.270488994: Event: MemberCardChangeEvent(origin=Cassell, new=, member=NormalMember(871097726))
2023-04-23 16:11:19 V/Bot.270488994: [Public Dayz(697785664)] Cassell(871097726) -> 大家好，我是Cassell。
2023-04-23 16:11:20 V/Bot.270488994: Group(697785664) <- [mirai:at:871097726] 欢迎Cassell入群! 白名单申请看公告，把steam资料设置全部公开。格式:\nqq:xxxxxxx\nsteamid:xxxxxxxxxxxxxxxx\n波西米亚id:xxxxxxxxx\n游戏昵称:xxx。\n波西米亚id获取方式：群里AT机器人发送命令：转换为波西米亚id:此处填写你的steam17位id。\n以上面这个格式发送给群主\nsteamid获取方式看公告\n进服务器方法http://dayzguide.qiyonghan.icu/
2023-04-23 16:17:03 V/Bot.270488994: [Public Dayz(697785664)] pan(775481796) -> [mirai:at:270488994] 在线人数
2023-04-23 16:17:04 V/Bot.270488994: Group(697785664) <- 服务器状态：在线，16点13分在线人数：12
2023-04-23 16:17:07 V/Bot.270488994: Event: MemberJoinRequestEvent(bot=Bot(270488994), eventId=1682237828210245, message=11, fromId=33988907, groupId=697785664, groupName=Public Dayz, fromNick=于斌/ka, invitorId=null)
2023-04-23 16:17:08 V/Bot.270488994: Event: MemberJoinEvent.Active(member=33988907)
2023-04-23 16:17:09 V/Bot.270488994: Group(697785664) <- [mirai:at:33988907] 欢迎于斌/ka入群! 白名单申请看公告，把steam资料设置全部公开。格式:\nqq:xxxxxxx\nsteamid:xxxxxxxxxxxxxxxx\n波西米亚id:xxxxxxxxx\n游戏昵称:xxx。\n波西米亚id获取方式：群里AT机器人发送命令：转换为波西米亚id:此处填写你的steam17位id。\n以上面这个格式发送给群主\nsteamid获取方式看公告\n进服务器方法http://dayzguide.qiyonghan.icu/
2023-04-23 16:17:30 V/Bot.270488994: Event: MemberCardChangeEvent(origin=, new=SunsetNugget, member=NormalMember(871097726))
2023-04-23 16:17:30 V/Bot.270488994: [Public Dayz(697785664)] SunsetNugget(871097726) -> [mirai:at:270488994] 76561198185390571
2023-04-23 16:17:58 V/Bot.270488994: [Public Dayz(697785664)] SunsetNugget(871097726) -> [mirai:at:270488994] 转换为波西米亚id:76561198185390571
2023-04-23 16:17:59 V/Bot.270488994: Group(697785664) <- BL5qLArmSopv4uA_85XZlHjTU67DJbQJu1E3ei_tPfI=
2023-04-23 16:19:41 V/Bot.270488994: Event: MemberCardChangeEvent(origin=于斌/ka, new=, member=NormalMember(33988907))
2023-04-23 16:19:41 V/Bot.270488994: [Public Dayz(697785664)] 于斌/ka(33988907) -> [mirai:at:270488994] 转换为波西米亚id:https://steamcommunity.com/profiles/76561198201536111/
2023-04-23 16:20:47 V/Bot.270488994: [Public Dayz(697785664)] 于斌/ka(33988907) -> [mirai:at:270488994] 转换为波西米亚id:76561198201536111
2023-04-23 16:20:49 V/Bot.270488994: Group(697785664) <- 8_FIG1Yezcso5seQcL3Vl4JGcokeBSMkqc1jiTQMTgk=
2023-04-23 16:24:18 V/Bot.270488994: [Public Dayz(697785664)] SunsetNugget(871097726) -> [mirai:at:2502510147] 群主在吗？
2023-04-23 16:24:23 V/Bot.270488994: [Public Dayz(697785664)] SunsetNugget(871097726) -> 信息私发你了
2023-04-23 16:26:11 V/Bot.270488994: [Public Dayz(697785664)] qiyonghan(2502510147) -> 稍等
2023-04-23 16:35:21 V/Bot.270488994: [Public Dayz(697785664)] zisssss(2934576547) -> 哪人多啊一般
2023-04-23 16:35:28 V/Bot.270488994: [Public Dayz(697785664)] zisssss(2934576547) -> 大家伙都喜欢在哪啊
2023-04-23 16:36:04 V/Bot.270488994: [Public Dayz(697785664)] qiyonghan(2502510147) -> 喜欢在家
2023-04-23 16:36:06 V/Bot.270488994: [Public Dayz(697785664)] s13(1939079536) -> 不知道 坐等重制服务器然后拿车
2023-04-23 16:36:18 V/Bot.270488994: [Public Dayz(697785664)] SunsetNugget(871097726) -> 还清档吗？
2023-04-23 16:36:33 V/Bot.270488994: [Public Dayz(697785664)] s13(1939079536) -> 五一前要清档
2023-04-23 16:36:36 V/Bot.270488994: [Public Dayz(697785664)] s13(1939079536) -> 三月一次
2023-04-23 16:36:48 V/Bot.270488994: [Public Dayz(697785664)] qiyonghan(2502510147) -> 不然物资太多了
2023-04-23 16:36:56 V/Bot.270488994: [Public Dayz(697785664)] zisssss(2934576547) -> 在z城蹲两天都没蹲到人
2023-04-23 16:37:01 V/Bot.270488994: [Public Dayz(697785664)] qiyonghan(2502510147) -> 之前囤了四五十个油桶
2023-04-23 16:37:07 V/Bot.270488994: [Public Dayz(697785664)] qiyonghan(2502510147) -> z城人已经不玩了
2023-04-23 16:37:33 V/Bot.270488994: [Public Dayz(697785664)] s13(1939079536) -> [mirai:quote:[mirai:source:ids=[35656], internalIds=[2013141173], from 2502510147 to 697785664 at 1682239021], content=<not yet initialized>][mirai:at:2502510147] 给我我爽的要死 屯屯鼠玩的才快乐
2023-04-23 16:37:36 V/Bot.270488994: [Public Dayz(697785664)] s13(1939079536) -> 见人就跑
2023-04-23 16:37:39 V/Bot.270488994: [Public Dayz(697785664)] s13(1939079536) -> [菜汪]请使用最新版手机QQ体验新功能
2023-04-23 16:38:05 V/Bot.270488994: [Public Dayz(697785664)] pan(775481796) -> [mirai:at:2934576547] 来机场
2023-04-23 16:38:12 V/Bot.270488994: [Public Dayz(697785664)] pan(775481796) -> 机场人比较多
2023-04-23 16:38:16 V/Bot.270488994: [Public Dayz(697785664)] zisssss(2934576547) -> 像我这种不建家 搜一身装备就蹲人的独狼/吃瓜
2023-04-23 16:38:30 V/Bot.270488994: [Public Dayz(697785664)] zisssss(2934576547) -> 前几天我在机场 也遇不到人
2023-04-23 16:39:12 V/Bot.270488994: [Public Dayz(697785664)] Nigen(3195472056) -> [mirai:quote:[mirai:source:ids=[35655], internalIds=[18057464], from 2934576547 to 697785664 at 1682239017], content=<not yet initialized>][mirai:at:2934576547] 还来吗，我上线干你
2023-04-23 16:39:21 V/Bot.270488994: [Public Dayz(697785664)] zisssss(2934576547) -> 来
2023-04-23 16:39:56 V/Bot.270488994: [Public Dayz(697785664)] Nigen(3195472056) -> [mirai:quote:[mirai:source:ids=[35657], internalIds=[2107096219], from 2502510147 to 697785664 at 1682239028], content=<not yet initialized>][mirai:at:2502510147] 重置服务器又得修家捡破烂，太浪费时间了，没人打架
2023-04-23 16:40:21 V/Bot.270488994: [Public Dayz(697785664)] Nigen(3195472056) -> 几个人
2023-04-23 16:40:28 V/Bot.270488994: [Public Dayz(697785664)] Nigen(3195472056) -> 就你一个？
2023-04-23 16:40:32 V/Bot.270488994: [Public Dayz(697785664)] zisssss(2934576547) -> 我就自己 我一直是独狼
2023-04-23 16:40:56 V/Bot.270488994: [Public Dayz(697785664)] Nigen(3195472056) -> 行吧，要不你在z周围建个家
2023-04-23 16:41:08 V/Bot.270488994: [Public Dayz(697785664)] Nigen(3195472056) -> 我们只打架，不抄你家
2023-04-23 16:41:24 V/Bot.270488994: [Public Dayz(697785664)] zisssss(2934576547) -> 太麻烦了 还得搞一大堆材料和工具
2023-04-23 16:41:26 V/Bot.270488994: [Public Dayz(697785664)] zisssss(2934576547) -> /沧桑
2023-04-23 16:41:43 V/Bot.270488994: [Public Dayz(697785664)] Nigen(3195472056) -> 我给你丢
2023-04-23 16:41:48 V/Bot.270488994: [Public Dayz(697785664)] zisssss(2934576547) -> 我玩这个游戏一直都是搜装备 打架 搜装备打架/笑哭
2023-04-23 16:42:02 V/Bot.270488994: [Public Dayz(697785664)] Nigen(3195472056) -> 甩你一车东西
2023-04-23 16:42:10 V/Bot.270488994: [Public Dayz(697785664)] Nigen(3195472056) -> [mirai:image:{4A071D93-0D20-8548-F726-4BF08E2EDA58}.jpg, width=200, height=200, size=884, type=JPG, isEmoji=false]
2023-04-23 16:42:25 V/Bot.270488994: [Public Dayz(697785664)] zisssss(2934576547) -> [mirai:image:{796BC0F3-F767-87F3-DAF5-CA426A41BBEA}.jpg, width=440, height=433, size=16367, type=JPG, isEmoji=true]
2023-04-23 16:42:49 V/Bot.270488994: [Public Dayz(697785664)] Nigen(3195472056) -> 军营天天刷一堆ak74
2023-04-23 16:43:00 V/Bot.270488994: [Public Dayz(697785664)] SunsetNugget(871097726) -> 这个服打架要录视频吗？
2023-04-23 16:43:05 V/Bot.270488994: [Public Dayz(697785664)] zisssss(2934576547) -> 我现在用的就是74/笑哭
2023-04-23 16:43:05 V/Bot.270488994: [Public Dayz(697785664)] Nigen(3195472056) -> 随便捡个枪就是干
2023-04-23 16:43:13 V/Bot.270488994: [Public Dayz(697785664)] zisssss(2934576547) -> 捡不到更好的了
2023-04-23 16:43:21 V/Bot.270488994: [Public Dayz(697785664)] Nigen(3195472056) -> [mirai:quote:[mirai:source:ids=[35681], internalIds=[708903667], from 871097726 to 697785664 at 1682239381], content=<not yet initialized>][mirai:at:871097726] 我z城打，我不要视频
2023-04-23 16:43:24 V/Bot.270488994: [Public Dayz(697785664)] zisssss(2934576547) -> 都被这群仓鼠放家里了
2023-04-23 16:43:36 V/Bot.270488994: [Public Dayz(697785664)] Nigen(3195472056) -> [mirai:quote:[mirai:source:ids=[35686], internalIds=[1797135806], from 2934576547 to 697785664 at 1682239405], content=都被这群仓鼠放家里了][mirai:at:2934576547] 我也用74
2023-04-23 16:44:25 V/Bot.270488994: [Public Dayz(697785664)] Nigen(3195472056) -> 来z城打，我们通通不要视频，死了继续打
2023-04-23 16:44:33 V/Bot.270488994: [Public Dayz(697785664)] zisssss(2934576547) -> 你们几个人啊
2023-04-23 16:44:40 V/Bot.270488994: [Public Dayz(697785664)] Nigen(3195472056) -> 没家的可以给你们拨一些建家物质
2023-04-23 16:45:08 V/Bot.270488994: [Public Dayz(697785664)] Nigen(3195472056) -> 就建在z城周围，我们不抄家，甚至会帮你们守一下
2023-04-23 16:45:23 V/Bot.270488994: [Public Dayz(697785664)] Nigen(3195472056) -> 要几个有几个
2023-04-23 16:45:31 V/Bot.270488994: [Public Dayz(697785664)] ☁(1065913433) -> 要枪也可以拨一些
2023-04-23 16:45:59 V/Bot.270488994: [Public Dayz(697785664)] ☁(1065913433) -> m4akm都有
2023-04-23 16:47:28 V/Bot.270488994: [Public Dayz(697785664)] 阿翔(840388246) -> [mirai:at:871097726] 要
2023-04-23 16:47:43 V/Bot.270488994: [Public Dayz(697785664)] 阿翔(840388246) -> 看公告[mirai:at:871097726] 
2023-04-23 16:59:08 V/Bot.270488994: [Public Dayz(697785664)] SunsetNugget(871097726) -> 玩的有延迟，是不是要开加速器？
2023-04-23 17:00:28 V/Bot.270488994: [Public Dayz(697785664)] qiyonghan(2502510147) -> 你什么网
2023-04-23 17:01:17 V/Bot.270488994: [Public Dayz(697785664)] SunsetNugget(871097726) -> 移动
2023-04-23 17:01:51 V/Bot.270488994: [Public Dayz(697785664)] 浦原喜助(2639224478) -> 移动是拉一点
2023-04-23 17:01:52 V/Bot.270488994: [Public Dayz(697785664)] 浦原喜助(2639224478) -> 哈哈
2023-04-23 17:01:57 V/Bot.270488994: [Public Dayz(697785664)] 浦原喜助(2639224478) -> 我换电信了
2023-04-23 17:02:34 V/Bot.270488994: [Public Dayz(697785664)] s13(1939079536) -> 移动手机卡都是
2023-04-23 17:02:35 V/Bot.270488994: [Public Dayz(697785664)] s13(1939079536) -> 卡的要死
2023-04-23 17:03:02 V/Bot.270488994: [Public Dayz(697785664)] SunsetNugget(871097726) -> 来了加速器还进不去了
2023-04-23 17:03:03 V/Bot.270488994: Group(697785664) <- 服务器IP换了,进不去就取消收藏,重新直连一次,或者去社区搜索群名。\n直连IP为dayz.qiyonghan.icu,端口为22302
2023-04-23 17:03:31 V/Bot.270488994: [Public Dayz(697785664)] qiyonghan(2502510147) -> 移动还是挂一个加速器吧 移动高峰期带宽很卡的
2023-04-23 17:03:58 V/Bot.270488994: [Public Dayz(697785664)] qiyonghan(2502510147) -> 加速港服应该就没问题了
2023-04-23 17:04:11 V/Bot.270488994: [Public Dayz(697785664)] SunsetNugget(871097726) -> 好
2023-04-23 17:06:12 V/Bot.270488994: [Public Dayz(697785664)] SunsetNugget(871097726) -> [mirai:image:{68376504-050C-1B34-C4E4-696CFA5FBB35}.jpg, width=2436, height=1124, size=451698, type=JPG, isEmoji=false]
2023-04-23 17:06:15 V/Bot.270488994: [Public Dayz(697785664)] SunsetNugget(871097726) -> 衣服卡墙里怎么办/泪奔
2023-04-23 17:12:20 V/Bot.270488994: Event: MemberJoinEvent.Active(member=497726735)
2023-04-23 17:17:06 V/Bot.270488994: [Public Dayz(697785664)] qiyonghan(2502510147) -> 第一视角对着它
2023-04-23 17:17:11 V/Bot.270488994: [Public Dayz(697785664)] qiyonghan(2502510147) -> 看看有没有拿的提示
2023-04-23 17:17:13 V/Bot.270488994: [Public Dayz(697785664)] qiyonghan(2502510147) -> 没有就G了
2023-04-23 17:26:01 V/Bot.270488994: [Public Dayz(697785664)] ☁(1065913433) -> [mirai:quote:[mirai:source:ids=[35710], internalIds=[1538021596], from 871097726 to 697785664 at 1682240773], content=<not yet initialized>][mirai:at:871097726] 空手
2023-04-23 17:28:27 V/Bot.270488994: [Public Dayz(697785664)] s13(1939079536) -> 话说我在官服 锁车胎了
2023-04-23 17:28:34 V/Bot.270488994: [Public Dayz(697785664)] s13(1939079536) -> 为什么车还能被别人开走
2023-04-23 17:32:36 V/Bot.270488994: [Public Dayz(697785664)] 当。(770250633) -> 或许他有开锁器
2023-04-23 17:32:44 V/Bot.270488994: [Public Dayz(697785664)] 嗯(1448959116) -> 我开走了
2023-04-23 17:32:48 V/Bot.270488994: [Public Dayz(697785664)] 当。(770250633) -> 给你锁翘了吧
2023-04-23 17:34:02 V/Bot.270488994: [Public Dayz(697785664)] s13(1939079536) -> 离谱啊
2023-04-23 17:34:10 V/Bot.270488994: [Public Dayz(697785664)] s13(1939079536) -> 停了几小时上线打算建家
2023-04-23 17:34:21 V/Bot.270488994: [Public Dayz(697785664)] s13(1939079536) -> 就剩下一个车门车盖两个大灯
2023-04-23 17:34:39 V/Bot.270488994: [Public Dayz(697785664)] Chooly(742990290) -> 撬胎棒锁车胎只是把车胎固定在车上
2023-04-23 17:34:45 V/Bot.270488994: [Public Dayz(697785664)] Chooly(742990290) -> 并不是不能开了
2023-04-23 17:34:48 V/Bot.270488994: [Public Dayz(697785664)] Chooly(742990290) -> [mirai:image:{8759B37D-6DED-DEB8-37F4-E8B4F059B520}.jpg, width=246, height=246, size=5625, type=JPG, isEmoji=true]
2023-04-23 17:35:30 V/Bot.270488994: [Public Dayz(697785664)] s13(1939079536) -> [mirai:quote:[mirai:source:ids=[35724], internalIds=[2115237730], from 742990290 to 697785664 at 1682242480], content=撬胎棒锁车胎只是把车胎固定在车上][mirai:at:742990290] wc是这样？
2023-04-23 17:35:37 V/Bot.270488994: [Public Dayz(697785664)] s13(1939079536) -> 然后人家大摇大摆开走了！
2023-04-23 17:35:38 V/Bot.270488994: [Public Dayz(697785664)] s13(1939079536) -> 卧槽
2023-04-23 17:36:11 V/Bot.270488994: [Public Dayz(697785664)] Chooly(742990290) -> 只是说不能徒手拆轮胎罢了
2023-04-23 17:36:24 V/Bot.270488994: [Public Dayz(697785664)] s13(1939079536) -> 我甚至还扣了两个电池
2023-04-23 17:36:31 V/Bot.270488994: [Public Dayz(697785664)] s13(1939079536) -> 放包里 大意了
2023-04-23 17:36:41 V/Bot.270488994: [Public Dayz(697785664)] s13(1939079536) -> 早知道我就把轮胎拿手上下线
2023-04-23 17:37:30 V/Bot.270488994: [Public Dayz(697785664)] qiyonghan(2502510147) -> 没用的
2023-04-23 17:37:37 V/Bot.270488994: [Public Dayz(697785664)] qiyonghan(2502510147) -> 别人开不走会给你打烂掉
2023-04-23 17:38:46 V/Bot.270488994: [Public Dayz(697785664)] s13(1939079536) -> 太离谱了官服
2023-04-23 17:42:37 V/Bot.270488994: [Public Dayz(697785664)] ☁(1065913433) -> 都是这样
2023-04-23 18:04:11 V/Bot.270488994: Event: MemberJoinEvent.Invite(member=3581674002, invitor=1939079536)
2023-04-23 18:04:13 V/Bot.270488994: Group(697785664) <- [mirai:at:3581674002] 欢迎。入群! 白名单申请看公告，把steam资料设置全部公开。格式:\nqq:xxxxxxx\nsteamid:xxxxxxxxxxxxxxxx\n波西米亚id:xxxxxxxxx\n游戏昵称:xxx。\n波西米亚id获取方式：群里AT机器人发送命令：转换为波西米亚id:此处填写你的steam17位id。\n以上面这个格式发送给群主\nsteamid获取方式看公告\n进服务器方法http://dayzguide.qiyonghan.icu/
2023-04-23 18:21:21 V/Bot.270488994: Event: MemberLeaveEvent.Quit(member=3581674002)
2023-04-23 18:21:22 V/Bot.270488994: Group(697785664) <-  。离开了我们
2023-04-23 18:28:45 V/Bot.270488994: [Public Dayz(697785664)] pan(775481796) -> [mirai:at:270488994] 在线人数
2023-04-23 18:28:46 V/Bot.270488994: Group(697785664) <- 服务器状态：在线，18点28分在线人数：8
2023-04-23 18:34:20 V/Bot.270488994: Event: MemberJoinRequestEvent(bot=Bot(270488994), eventId=1682246061092802, message=, fromId=634192899, groupId=697785664, groupName=Public Dayz, fromNick=也熊吧。。, invitorId=null)
2023-04-23 18:34:21 V/Bot.270488994: Event: MemberJoinEvent.Active(member=634192899)
2023-04-23 18:34:22 V/Bot.270488994: Group(697785664) <- [mirai:at:634192899] 欢迎也熊吧。。入群! 白名单申请看公告，把steam资料设置全部公开。格式:\nqq:xxxxxxx\nsteamid:xxxxxxxxxxxxxxxx\n波西米亚id:xxxxxxxxx\n游戏昵称:xxx。\n波西米亚id获取方式：群里AT机器人发送命令：转换为波西米亚id:此处填写你的steam17位id。\n以上面这个格式发送给群主\nsteamid获取方式看公告\n进服务器方法http://dayzguide.qiyonghan.icu/
2023-04-23 18:35:04 V/Bot.270488994: Event: MemberLeaveEvent.Quit(member=634192899)
2023-04-23 18:35:05 V/Bot.270488994: Group(697785664) <-  也熊吧。。离开了我们
2023-04-23 18:41:06 V/Bot.270488994: [Public Dayz(697785664)] qiyonghan(2502510147) -> 怎么这么多速通哥
2023-04-23 18:48:21 V/Bot.270488994: [Public Dayz(697785664)] zisssss(2934576547) -> 没准是挂哥
2023-04-23 18:48:26 V/Bot.270488994: [Public Dayz(697785664)] zisssss(2934576547) -> 一看还得白名单
2023-04-23 18:48:28 V/Bot.270488994: [Public Dayz(697785664)] zisssss(2934576547) -> 溜了溜了
2023-04-23 18:51:08 V/Bot.270488994: Event: MemberJoinRequestEvent(bot=Bot(270488994), eventId=1682247069100387, message=, fromId=69193922, groupId=697785664, groupName=Public Dayz, fromNick=CodyWolf, invitorId=null)
2023-04-23 18:51:08 V/Bot.270488994: Event: MemberJoinEvent.Active(member=69193922)
2023-04-23 18:51:10 V/Bot.270488994: Group(697785664) <- [mirai:at:69193922] 欢迎CodyWolf入群! 白名单申请看公告，把steam资料设置全部公开。格式:\nqq:xxxxxxx\nsteamid:xxxxxxxxxxxxxxxx\n波西米亚id:xxxxxxxxx\n游戏昵称:xxx。\n波西米亚id获取方式：群里AT机器人发送命令：转换为波西米亚id:此处填写你的steam17位id。\n以上面这个格式发送给群主\nsteamid获取方式看公告\n进服务器方法http://dayzguide.qiyonghan.icu/
2023-04-23 18:55:13 V/Bot.270488994: Event: MemberCardChangeEvent(origin=CodyWolf, new=, member=NormalMember(69193922))
2023-04-23 18:55:13 V/Bot.270488994: [Public Dayz(697785664)] CodyWolf(69193922) -> [mirai:at:270488994] 转换为波西米亚id:76561198913211052
2023-04-23 18:56:22 V/Bot.270488994: [Public Dayz(697785664)] qiyonghan(2502510147) -> 英文冒号
2023-04-23 18:57:28 V/Bot.270488994: [Public Dayz(697785664)] CodyWolf(69193922) -> [mirai:at:270488994] 转换为波西米亚id:76561198913211052
2023-04-23 18:57:29 V/Bot.270488994: Group(697785664) <- 9AP3B5LjIgT5pg973adWBPLYno7pqQmunRbKABeAvtw=
2023-04-23 18:57:38 V/Bot.270488994: [Public Dayz(697785664)] CodyWolf(69193922) -> 我复制的
2023-04-23 18:57:42 V/Bot.270488994: [Public Dayz(697785664)] CodyWolf(69193922) -> 竟然错了
2023-04-23 18:59:24 V/Bot.270488994: [Public Dayz(697785664)] CodyWolf(69193922) -> [mirai:at:270488994] 在线人数
2023-04-23 18:59:25 V/Bot.270488994: Group(697785664) <- 服务器状态：在线，18点55分在线人数：13
2023-04-23 19:00:00 V/Bot.270488994: Group(697785664) <- [mirai:atall][mirai:image:{A4031D21-FC2A-6A82-26C5-BC324CD7770B}.jpg, width=198, height=161, size=3242, type=JPG, isEmoji=false]
2023-04-23 19:01:02 V/Bot.270488994: [Public Dayz(697785664)] pan(775481796) -> [mirai:image:{C274CEDD-8A4E-B1E2-AC30-EE5DFEA84C8F}.gif, width=128, height=128, size=13984, type=GIF, isEmoji=true]
2023-04-23 19:01:57 V/Bot.270488994: [Public Dayz(697785664)] CodyWolf(69193922) -> [mirai:image:{DAC70E0F-B666-6163-55DC-F01AB49E735B}.jpg, width=68, height=98, size=1935, type=JPG, isEmoji=true]有小队吗？
2023-04-23 19:23:58 V/Bot.270488994: [Public Dayz(697785664)] CodyWolf(69193922) -> [mirai:at:270488994] 在线人数
2023-04-23 19:23:59 V/Bot.270488994: Group(697785664) <- 服务器状态：在线，19点20分在线人数：15
2023-04-23 19:25:29 V/Bot.270488994: [Public Dayz(697785664)] Nigen(3195472056) -> 打架的有没有
2023-04-23 19:30:36 V/Bot.270488994: [Public Dayz(697785664)] Nigen(3195472056) -> [mirai:image:{78A67276-AD40-848B-BC31-D8604F83BEE3}.jpg, width=200, height=200, size=37552, type=JPG, isEmoji=false]
2023-04-23 19:34:49 V/Bot.270488994: [Public Dayz(697785664)] pan(775481796) -> [mirai:at:3195472056] 机场集合
2023-04-23 19:35:04 V/Bot.270488994: [Public Dayz(697785664)] Nigen(3195472056) -> 太大了
2023-04-23 19:35:25 V/Bot.270488994: [Public Dayz(697785664)] pan(775481796) -> 我在机场外围打猎
2023-04-23 19:35:32 V/Bot.270488994: [Public Dayz(697785664)] pan(775481796) -> 准备饿死了
2023-04-23 19:35:34 V/Bot.270488994: [Public Dayz(697785664)] Nigen(3195472056) -> 才几个人在线，溜了
2023-04-23 19:35:56 V/Bot.270488994: [Public Dayz(697785664)] Nigen(3195472056) -> 没救了发装备都没人打架
2023-04-23 19:35:59 V/Bot.270488994: [Public Dayz(697785664)] Nigen(3195472056) -> [mirai:image:{DE17010F-2323-B8F0-181A-CFF1FD0BE1AA}.jpg, width=150, height=82, size=3937, type=JPG, isEmoji=true]
2023-04-23 19:37:49 V/Bot.270488994: [Public Dayz(697785664)] qiyonghan(2502510147) -> 先关服务器了 我要设置一下测试服
2023-04-23 19:38:11 V/Bot.270488994: Event: BotOfflineEvent.Active(bot=Bot(270488994), cause=null, reconnect=false)
2023-04-23 19:38:11 I/Bot.270488994: Bot is closed manually
2023-04-23 19:38:11 I/Bot.270488994: Bot cancelled: Job was cancelled
2023-04-23 20:07:09 I/main: Starting mirai-console...
2023-04-23 20:07:09 I/main: 

=================================[ Mirai console 2.15.0-M1 ]==================================
 __       __ __                   __  ______                                      __
|  \     /  \  \                 |  \/      \                                    |  \
| ▓▓\   /  ▓▓\▓▓ ______   ______  \▓▓  ▓▓▓▓▓▓\ ______  _______   _______  ______ | ▓▓ ______
| ▓▓▓\ /  ▓▓▓  \/      \ |      \|  \ ▓▓   \▓▓/      \|       \ /       \/      \| ▓▓/      \
| ▓▓▓▓\  ▓▓▓▓ ▓▓  ▓▓▓▓▓▓\ \▓▓▓▓▓▓\ ▓▓ ▓▓     |  ▓▓▓▓▓▓\ ▓▓▓▓▓▓▓\  ▓▓▓▓▓▓▓  ▓▓▓▓▓▓\ ▓▓  ▓▓▓▓▓▓\
| ▓▓\▓▓ ▓▓ ▓▓ ▓▓ ▓▓   \▓▓/      ▓▓ ▓▓ ▓▓   __| ▓▓  | ▓▓ ▓▓  | ▓▓\▓▓    \| ▓▓  | ▓▓ ▓▓ ▓▓    ▓▓
| ▓▓ \▓▓▓| ▓▓ ▓▓ ▓▓     |  ▓▓▓▓▓▓▓ ▓▓ ▓▓__/  \ ▓▓__/ ▓▓ ▓▓  | ▓▓_\▓▓▓▓▓▓\ ▓▓__/ ▓▓ ▓▓ ▓▓▓▓▓▓▓▓
| ▓▓  \▓ | ▓▓ ▓▓ ▓▓      \▓▓    ▓▓ ▓▓\▓▓    ▓▓\▓▓    ▓▓ ▓▓  | ▓▓       ▓▓\▓▓    ▓▓ ▓▓\▓▓     \
 \▓▓      \▓▓\▓▓\▓▓       \▓▓▓▓▓▓▓\▓▓ \▓▓▓▓▓▓  \▓▓▓▓▓▓ \▓▓   \▓▓\▓▓▓▓▓▓▓  \▓▓▓▓▓▓ \▓▓ \▓▓▓▓▓▓▓


2023-04-23 20:07:09 I/main: Backend: version 2.15.0-M1, built on 2023-03-21 22:16:35.
2023-04-23 20:07:09 I/main: Frontend Terminal: version 2.15.0-M1, provided by Mamoe Technologies
2023-04-23 20:07:09 I/main: Welcome to visit https://mirai.mamoe.net/
2023-04-23 20:07:11 I/plugin: Successfully loaded plugin mirai-api-http v2.9.1
2023-04-23 20:07:11 I/plugin: Successfully loaded plugin QRLogin v0.1.2
2023-04-23 20:07:11 I/main: Prepared built-in commands: autoLogin, help, login, logout, permission, status, stop
2023-04-23 20:07:11 I/Mirai HTTP API: ********************************************************
2023-04-23 20:07:11 I/MahKtorAdapter[http]: Autoreload is disabled because the development mode is off.
2023-04-23 20:07:11 I/MahKtorAdapter[http]: Application started in 0.174 seconds.
2023-04-23 20:07:11 I/MahKtorAdapter[http]: Responding at http://192.168.50.198:8080
2023-04-23 20:07:11 I/http adapter: >>> [http adapter] is listening at http://192.168.50.198:8080
2023-04-23 20:07:11 I/Mirai HTTP API: Http api server is running with verifyKey: 1234567890
2023-04-23 20:07:11 I/Mirai HTTP API: adaptors: [http]
2023-04-23 20:07:11 I/Mirai HTTP API: ********************************************************
2023-04-23 20:07:11 W/QRLogin: 本插件仅在 2.15.0 或以上工作，且在正式版或先行发布版(RC)中可能无法使用
2023-04-23 20:07:11 I/QRLogin: Auto-login 270488994, protocol: ANDROID_WATCH, heartbeatStrategy: STAT_HB
2023-04-23 20:07:12 I/Bot.270488994: Loaded account secrets from local cache.
2023-04-23 20:07:12 I/Bot.270488994: Saved account secrets to local cache for fast login.
2023-04-23 20:07:12 I/Bot.270488994: Login successful.
2023-04-23 20:07:22 V/Bot.270488994: Event: BotOnlineEvent(bot=Bot(270488994))
2023-04-23 20:07:22 I/Bot.270488994: Bot login successful.
2023-04-23 20:07:22 V/Bot.270488994: Event: net.mamoe.mirai.console.events.AutoLoginEvent$Success@8b670c0
2023-04-23 20:07:22 I/main: 2 plugin(s) enabled.
2023-04-23 20:07:22 I/main: mirai-console started successfully.
2023-04-23 20:09:06 V/Bot.270488994: [Public Dayz(697785664)] qiyonghan(2502510147) -> [mirai:atall] 可以了
2023-04-23 20:09:11 V/Bot.270488994: [Public Dayz(697785664)] qiyonghan(2502510147) -> 能进了吗
2023-04-23 20:09:18 V/Bot.270488994: [Public Dayz(697785664)] pan(775481796) -> 可以了可以了
2023-04-23 20:09:20 V/Bot.270488994: [Public Dayz(697785664)] pan(775481796) -> [mirai:image:{2FA55523-31A5-2B3D-521A-BA40E2CDA025}.jpg, width=481, height=487, size=19008, type=JPG, isEmoji=true]
2023-04-23 20:09:29 V/Bot.270488994: [Public Dayz(697785664)] 嗯(1448959116) -> [mirai:at:775481796] 
2023-04-23 20:09:34 V/Bot.270488994: [Public Dayz(697785664)] 嗯(1448959116) -> 你在机场吗
2023-04-23 20:09:40 V/Bot.270488994: [Public Dayz(697785664)] 嗯(1448959116) -> 我马上到了
2023-04-23 20:09:45 V/Bot.270488994: [Public Dayz(697785664)] 嗯(1448959116) -> 开着车
2023-04-23 20:09:45 V/Bot.270488994: [Public Dayz(697785664)] pan(775481796) -> 在外围找吃的
2023-04-23 20:09:53 V/Bot.270488994: [Public Dayz(697785664)] pan(775481796) -> [惊讶]
2023-04-23 20:10:03 V/Bot.270488994: [Public Dayz(697785664)] 童.(919969931) -> 我在机场被打死了
2023-04-23 20:10:06 V/Bot.270488994: [Public Dayz(697785664)] 童.(919969931) -> 别去了
2023-04-23 20:10:13 V/Bot.270488994: [Public Dayz(697785664)] 童.(919969931) -> 全是全装的
2023-04-23 20:10:20 V/Bot.270488994: [Public Dayz(697785664)] pan(775481796) -> 没事
2023-04-23 20:10:42 V/Bot.270488994: [Public Dayz(697785664)] pan(775481796) -> 家里大把枪，都准备发霉了
2023-04-23 20:17:56 V/Bot.270488994: [Public Dayz(697785664)] Joey(2691681493) -> [mirai:at:270488994] 在线人数
2023-04-23 20:17:56 V/Bot.270488994: Group(697785664) <- 服务器状态：在线，20点16分在线人数：11
2023-04-23 20:30:53 V/Bot.270488994: [Public Dayz(697785664)] Mr.L(314963767) -> @机器人 在线人数
2023-04-23 20:33:52 V/Bot.270488994: [Public Dayz(697785664)] pan(775481796) -> [mirai:at:1448959116] 你到哪了
2023-04-23 21:04:57 V/Bot.270488994: [Public Dayz(697785664)] CodyWolf(69193922) -> 给个域名呢？
2023-04-23 21:11:36 V/Bot.270488994: [Public Dayz(697785664)] CodyWolf(69193922) -> 加速哪里啊？
2023-04-23 21:11:59 V/Bot.270488994: [Public Dayz(697785664)] pan(775481796) -> 不用加速器
2023-04-23 21:12:41 V/Bot.270488994: [Public Dayz(697785664)] CodyWolf(69193922) -> 哦哦好的
2023-04-23 21:13:58 V/Bot.270488994: [Public Dayz(697785664)] CodyWolf(69193922) -> 你们怎么解决而转头切输入法这个毛病的？
2023-04-23 21:14:54 V/Bot.270488994: [Public Dayz(697785664)] CodyWolf(69193922) -> 会了
2023-04-23 21:21:41 V/Bot.270488994: [Public Dayz(697785664)] Joey(2691681493) -> 有人在机场么
2023-04-23 21:21:46 V/Bot.270488994: [Public Dayz(697785664)] Joey(2691681493) -> 我要开搜了
2023-04-23 21:25:57 V/Bot.270488994: Group(697785664) <- 在21:25:56，'CodyWolf'选择了自杀
2023-04-23 21:26:12 V/Bot.270488994: [Public Dayz(697785664)] CodyWolf(69193922) -> /睁眼
2023-04-23 21:26:23 V/Bot.270488994: [Public Dayz(697785664)] CodyWolf(69193922) -> 八嘎
2023-04-23 21:27:49 V/Bot.270488994: Group(697785664) <- 在21:27:47，'CodyWolf'选择了自杀
2023-04-23 21:28:21 V/Bot.270488994: [Public Dayz(697785664)] CodyWolf(69193922) -> 让我默默地死不行么非要公开鞭尸我
2023-04-23 21:28:25 V/Bot.270488994: [Public Dayz(697785664)] CodyWolf(69193922) -> /捂脸
2023-04-23 21:34:44 V/Bot.270488994: [Public Dayz(697785664)] Joey(2691681493) -> [mirai:at:270488994] 在线人数
2023-04-23 21:34:45 V/Bot.270488994: Group(697785664) <- 服务器状态：在线，21点31分在线人数：16
2023-04-23 21:34:46 V/Bot.270488994: Group(697785664) <- 在21:34:45，"****"被"pan"用LAR击中Torso(7)，距离158.679米，致死
2023-04-23 21:34:56 V/Bot.270488994: Group(697785664) <- 在21:34:46，"CC"被"pan"用LAR击中Torso(15)，距离160.281米，致死
2023-04-23 21:35:40 V/Bot.270488994: [Public Dayz(697785664)] 嗯(1448959116) -> 卧槽 
2023-04-23 21:35:49 V/Bot.270488994: [Public Dayz(697785664)] 嗯(1448959116) -> 谁呀。跑图给打死了
2023-04-23 21:36:14 V/Bot.270488994: [Public Dayz(697785664)] 童.(919969931) -> 啊哈哈哈
2023-04-23 21:36:42 V/Bot.270488994: [Public Dayz(697785664)] 嗯(1448959116) -> 跟没见过人一样
2023-04-23 21:39:46 V/Bot.270488994: [Public Dayz(697785664)] 浦原喜助(2639224478) -> 哈哈
2023-04-23 21:39:52 V/Bot.270488994: [Public Dayz(697785664)] 浦原喜助(2639224478) -> 被看到了打死了也正常嘛
2023-04-23 21:39:54 V/Bot.270488994: [Public Dayz(697785664)] 浦原喜助(2639224478) -> 别生气
2023-04-23 21:40:00 V/Bot.270488994: [Public Dayz(697785664)] 嗯(1448959116) -> 没生气
2023-04-23 21:40:08 V/Bot.270488994: [Public Dayz(697785664)] 嗯(1448959116) -> 这有什么生气的
2023-04-23 21:43:05 V/Bot.270488994: [Public Dayz(697785664)] CodyWolf(69193922) -> 小事
2023-04-23 21:43:15 V/Bot.270488994: [Public Dayz(697785664)] CodyWolf(69193922) -> dayz不就这样么
2023-04-23 21:43:24 V/Bot.270488994: [Public Dayz(697785664)] 嗯(1448959116) -> 是的
2023-04-23 21:43:47 V/Bot.270488994: [Public Dayz(697785664)] 嗯(1448959116) -> 去喂人肉去了
2023-04-23 21:45:31 V/Bot.270488994: [Public Dayz(697785664)] 嗯(1448959116) -> 你的QQ暂不支持查看视频短片，请期待后续版本
2023-04-23 21:45:38 V/Bot.270488994: [Public Dayz(697785664)] 嗯(1448959116) -> 丧失追猪
2023-04-23 21:47:11 V/Bot.270488994: [Public Dayz(697785664)] CodyWolf(69193922) -> [mirai:at:1448959116] 组队啊
2023-04-23 21:47:34 V/Bot.270488994: [Public Dayz(697785664)] 嗯(1448959116) -> 不了
2023-04-23 21:47:51 V/Bot.270488994: [Public Dayz(697785664)] 嗯(1448959116) -> 玩别的了
2023-04-23 21:48:39 V/Bot.270488994: [Public Dayz(697785664)] 童.(919969931) -> [mirai:quote:[mirai:source:ids=[35850], internalIds=[645579227], from 1448959116 to 697785664 at 1682257530], content=<not yet initialized>][mirai:at:1448959116] 66
2023-04-23 21:49:56 V/Bot.270488994: [Public Dayz(697785664)] 嗯(1448959116) -> [mirai:at:69193922] 有Yy吗
2023-04-23 21:49:57 V/Bot.270488994: [Public Dayz(697785664)] pan(775481796) -> [mirai:at:1448959116] 车留给你们了
2023-04-23 21:50:22 V/Bot.270488994: [Public Dayz(697785664)] 嗯(1448959116) -> 不要了
2023-04-23 21:50:37 V/Bot.270488994: [Public Dayz(697785664)] 嗯(1448959116) -> 我跑了一天图收集到的
2023-04-23 21:50:38 V/Bot.270488994: [Public Dayz(697785664)] CodyWolf(69193922) -> 有啊
2023-04-23 21:50:42 V/Bot.270488994: [Public Dayz(697785664)] CodyWolf(69193922) -> 847348
2023-04-23 21:51:19 V/Bot.270488994: [Public Dayz(697785664)] pan(775481796) -> 拿我开走咯~
2023-04-23 21:51:27 V/Bot.270488994: [Public Dayz(697785664)] 嗯(1448959116) -> 嗯
2023-04-23 21:52:04 V/Bot.270488994: [Public Dayz(697785664)] pan(775481796) -> 旁边还有辆4X4的车
2023-04-23 21:52:15 V/Bot.270488994: [Public Dayz(697785664)] 嗯(1448959116) -> 没注意
2023-04-23 21:52:24 V/Bot.270488994: [Public Dayz(697785664)] 嗯(1448959116) -> 没有都坏的
2023-04-23 21:52:33 V/Bot.270488994: [Public Dayz(697785664)] 嗯(1448959116) -> [mirai:at:69193922] 
2023-04-23 21:52:55 V/Bot.270488994: [Public Dayz(697785664)] CodyWolf(69193922) -> 啊
2023-04-23 21:52:57 V/Bot.270488994: [Public Dayz(697785664)] CodyWolf(69193922) -> 啥
2023-04-23 21:53:01 V/Bot.270488994: [Public Dayz(697785664)] pan(775481796) -> 是这边
2023-04-23 21:53:14 V/Bot.270488994: [Public Dayz(697785664)] pan(775481796) -> [mirai:image:{E290A7E7-789D-0BD5-3C88-64E929029CBB}.jpg, width=4624, height=3472, size=11098339, type=JPG, isEmoji=false]
2023-04-23 21:53:19 V/Bot.270488994: [Public Dayz(697785664)] pan(775481796) -> 城镇旁边
2023-04-23 21:53:21 V/Bot.270488994: [Public Dayz(697785664)] CodyWolf(69193922) -> [mirai:at:1448959116] 你们有频道吗？
2023-04-23 21:53:26 V/Bot.270488994: [Public Dayz(697785664)] 嗯(1448959116) -> 有
2023-04-23 21:53:34 V/Bot.270488994: [Public Dayz(697785664)] 嗯(1448959116) -> 我没有地图
2023-04-23 21:53:45 V/Bot.270488994: [Public Dayz(697785664)] 嗯(1448959116) -> 我都不知道哪对哪
2023-04-23 21:53:57 V/Bot.270488994: [Public Dayz(697785664)] CodyWolf(69193922) -> 我知道
2023-04-23 21:54:01 V/Bot.270488994: [Public Dayz(697785664)] 嗯(1448959116) -> 258829
2023-04-23 21:54:05 V/Bot.270488994: [Public Dayz(697785664)] 嗯(1448959116) -> Yy
2023-04-23 21:54:45 V/Bot.270488994: [Public Dayz(697785664)] CodyWolf(69193922) -> 那个？
2023-04-23 21:55:05 V/Bot.270488994: [Public Dayz(697785664)] 嗯(1448959116) -> Yy屏道
2023-04-23 21:55:12 V/Bot.270488994: [Public Dayz(697785664)] CodyWolf(69193922) -> 我到了
2023-04-23 21:55:17 V/Bot.270488994: [Public Dayz(697785664)] CodyWolf(69193922) -> 在红线呢
2023-04-23 21:57:08 V/Bot.270488994: [Public Dayz(697785664)] 嗯(1448959116) -> [mirai:at:775481796] 后备箱有卡车轮胎
2023-04-23 21:57:12 V/Bot.270488994: [Public Dayz(697785664)] 嗯(1448959116) -> 记得给我留着
2023-04-23 21:57:20 V/Bot.270488994: [Public Dayz(697785664)] 嗯(1448959116) -> 我得去修那个卡车
2023-04-23 21:57:21 V/Bot.270488994: [Public Dayz(697785664)] pan(775481796) -> OK👌
2023-04-23 21:57:44 V/Bot.270488994: [Public Dayz(697785664)] 嗯(1448959116) -> 那个车不是少个轮胎吗
2023-04-23 21:57:48 V/Bot.270488994: [Public Dayz(697785664)] pan(775481796) -> 但是服务器都准备重置了，还修来干嘛
2023-04-23 21:57:49 V/Bot.270488994: [Public Dayz(697785664)] 嗯(1448959116) -> 你找到啦
2023-04-23 21:57:54 V/Bot.270488994: [Public Dayz(697785664)] 嗯(1448959116) -> 啊
2023-04-23 21:58:03 V/Bot.270488994: [Public Dayz(697785664)] 嗯(1448959116) -> [mirai:at:775481796] 
2023-04-23 21:58:06 V/Bot.270488994: [Public Dayz(697785664)] 嗯(1448959116) -> 你有车吗
2023-04-23 21:58:06 V/Bot.270488994: [Public Dayz(697785664)] pan(775481796) -> 过两天就重置了
2023-04-23 21:58:15 V/Bot.270488994: [Public Dayz(697785664)] pan(775481796) -> 有啊
2023-04-23 21:58:21 V/Bot.270488994: [Public Dayz(697785664)] pan(775481796) -> 你要就给你留着
2023-04-23 21:58:25 V/Bot.270488994: [Public Dayz(697785664)] 嗯(1448959116) -> 能来带三个人不
2023-04-23 21:58:37 V/Bot.270488994: [Public Dayz(697785664)] pan(775481796) -> 带不了哦
2023-04-23 21:58:39 V/Bot.270488994: [Public Dayz(697785664)] 嗯(1448959116) -> 长这么大没去过军事基地
2023-04-23 21:59:58 V/Bot.270488994: [Public Dayz(697785664)] 嗯(1448959116) -> 那来带我给我拉个轮胎
2023-04-23 22:00:04 V/Bot.270488994: [Public Dayz(697785664)] 嗯(1448959116) -> 我去修修
2023-04-23 22:03:30 V/Bot.270488994: Group(697785664) <- 在22:03:30，'CodyWolf'选择了自杀
2023-04-23 22:06:29 V/Bot.270488994: Group(697785664) <- 在22:06:29，'CodyWolf'选择了自杀
2023-04-23 22:07:18 V/Bot.270488994: Group(697785664) <- 在22:07:17，'CodyWolf'选择了自杀
2023-04-23 22:08:53 V/Bot.270488994: Group(697785664) <- 在22:08:52，'CodyWolf'选择了自杀
2023-04-23 22:09:57 V/Bot.270488994: Group(697785664) <- 在22:09:56，'CodyWolf'选择了自杀
2023-04-23 22:12:19 V/Bot.270488994: [Public Dayz(697785664)] xiongjie(759894122) -> 我们两个人在那边找到一辆车正准备去找零件的时候看到你们在那边打僵尸，就想过来问你们喜欢5.56还是7.62的/吃瓜
2023-04-23 22:37:59 V/Bot.270488994: [Public Dayz(697785664)] pan(775481796) -> [mirai:at:2691681493] 机场搜完了吗
2023-04-23 22:38:24 V/Bot.270488994: [Public Dayz(697785664)] pan(775481796) -> 没搜该还给我咯
2023-04-23 22:41:54 V/Bot.270488994: [Public Dayz(697785664)] Joey(2691681493) -> 架好狙了
2023-04-23 22:42:09 V/Bot.270488994: [Public Dayz(697785664)] pan(775481796) -> 在哪呢
2023-04-23 22:42:17 V/Bot.270488994: [Public Dayz(697785664)] pan(775481796) -> 开一枪
2023-04-23 23:10:25 V/Bot.270488994: Event: MemberLeaveEvent.Quit(member=2586498546)
2023-04-23 23:31:20 V/Bot.270488994: [Public Dayz(697785664)] pan(775481796) -> [mirai:at:270488994] 在线人数
2023-04-23 23:31:21 V/Bot.270488994: Group(697785664) <- 服务器状态：在线，23点30分在线人数：7
