2023-05-07 00:02:16 V/Bot.270488994: [Public Dayz(697785664)] Я(747692922) -> 你们都在哪？
2023-05-07 00:02:27 V/Bot.270488994: [Public Dayz(697785664)] Я(747692922) -> 我只想打死各位，或者被各位打死
2023-05-07 00:02:41 V/Bot.270488994: [Public Dayz(697785664)] Я(747692922) -> 装备太肥了，有点无聊
2023-05-07 00:03:16 V/Bot.270488994: [Public Dayz(697785664)] 嗯(1448959116) -> 拍出来
2023-05-07 00:03:19 V/Bot.270488994: [Public Dayz(697785664)] 嗯(1448959116) -> 瞅瞅
2023-05-07 00:03:39 V/Bot.270488994: [Public Dayz(697785664)] 嗯(1448959116) -> 看值不值得我去杀你
2023-05-07 00:06:32 V/Bot.270488994: [Public Dayz(697785664)] Я(747692922) -> 就很肥啊
2023-05-07 00:06:39 V/Bot.270488994: [Public Dayz(697785664)] Я(747692922) -> 发出来你都不敢来了
2023-05-07 00:06:55 V/Bot.270488994: [Public Dayz(697785664)] Я(747692922) -> 有点无聊，要不你送我回海岸
2023-05-07 00:07:13 V/Bot.270488994: [Public Dayz(697785664)] 嗯(1448959116) -> 不信
2023-05-07 00:07:26 V/Bot.270488994: [Public Dayz(697785664)] 嗯(1448959116) -> 你拍给我瞅瞅
2023-05-07 00:08:11 V/Bot.270488994: [Public Dayz(697785664)] Я(747692922) -> [mirai:image:{C6536D68-14F0-F6E7-9C36-467D355A048F}.jpg, width=2560, height=1440, size=176948, type=PNG, isEmoji=false]
2023-05-07 00:09:03 V/Bot.270488994: [Public Dayz(697785664)] 嗯(1448959116) -> ？
2023-05-07 00:21:11 V/Bot.270488994: [Public Dayz(697785664)] WWRT3100(1361481004) -> [mirai:quote:[mirai:source:ids=[46438], internalIds=[-989632167], from 1448959116 to 697785664 at 1683389343], content=<not yet initialized>][mirai:at:1448959116] 哈哈哈
2023-05-07 00:21:38 V/Bot.270488994: [Public Dayz(697785664)] Я(747692922) -> [mirai:at:1448959116] 大哥你这是看不起我吗
2023-05-07 00:34:51 V/Bot.270488994: Group(697785664) <- 服务器规则\n(一)建造规则:\n1:海边城市内禁止三人以上队伍建家，三人以上必须去内陆建家，海边一千五百米都算是海边城市。\n2:一个队伍只允许在一处建筑建造基地，建造基地只能在自己所属基地添加建筑，不能堵周围通道和建筑。\n3:不允许在饮水点，军营，重要物资点建造建筑或封锁通道。大型资源点禁止建家。\n4.不允许在路上建家，发现违规可以联系群主删除违规建筑\n(二)突袭规则:\n1:拆家突袭时间为每周五19:00-周日22:00，以及所有的国家法定节假日。如果正在突袭过程中的一方进入对方基地，以最后突袭时间为准。\n2:拆除基地后，请带走自己需要的资源，如有不需要的资源，不允许恶意毁坏或者扬空他人基地物资。\n3:禁止拆除基地后从他人基地下线。如果上线后发现自己所处位置被建造成基地，请联系管理员拉出，禁止进行破坏。\n4:禁止使用一切卡BUG手段拆家或进入他人基地偷东西;不得利用自由建造机制无限叠瞭望塔进入他人基地。(可以造到官方设置的高度)\n5:小队与小队之间禁止合家，结盟拆家，以及超过五人的结盟战斗且通过人数建立不平衡优势的行为。\n6:在完全占领他人基地之前，禁止给他人基地上锁，换锁或者加门。\n(三)录屏规则:\n1:杀人必须录屏，需要录制最短五分钟的视频，从击杀那一刻往前推，五分钟的视频，录屏是回放式录制，不会影响正常游戏体验，杀完人按快捷键保存即可。谁杀人谁录制，不允许一队只有一人开录制，必须人人打开，谁杀谁录。\n2：拆家必须提前打开录制，录完整个拆家视频，从进去到出来的那一刻。\n3：被其他玩家击杀后，可以在半小时内要求群主帮忙查录屏，超出半小时则无法要求击杀者提供视频。\n4：如果击杀者在被要求拿出录屏的时候无法给出，会被记录没有录屏。每个人有两次机会因为各种因素导致的给不出录屏，第三次给不出会直接永久ban掉。\n录屏教程：\n如果你是Nvidia显卡用户，可以使用英伟达自带的驱动录制，录制方法如视频教程:https://www.bilibili.com/video/BV1zS4y1G7QA/\n如果你是其他显卡，可以使用OBS软件进行录制，录制方法教程如视频：https://www.bilibili.com/video/BV1QQ4y1h7Ru/\n(四）其他规则:\n1:禁止利用游戏机制中的漏洞来获得不公平的优势，在夜晚使用NVIDIA滤镜效果等。\n2:禁止任何性质的人身虐待、淫秽、骚扰、威胁、仇恨、种族歧视、同性歧视或诽谤言论;群内故意制造争端引起争吵也是不允许的。\n3:请勿在游戏群中点名违规者或作弊者，如果问题请私聊管理员处理。\n加入Public dayz服务器，即表示您同意我们的规则，规则将不定期更新。违反以上规定者视严重程度处3-7天甚至永久封禁。\n如果您退出了QQ群聊，即代表您放弃了白名单使用权。为防止作弊和违规行为的脱管，我们会对您的白名单进行收回。最后更新于:2023年4月27日
2023-05-07 00:44:25 V/Bot.270488994: [Public Dayz(697785664)] WWRT3100(1361481004) -> [mirai:image:{4BF39B9E-DD7E-9344-F379-E5042074A23F}.jpg, width=1920, height=1080, size=333750, type=PNG, isEmoji=false]
2023-05-07 00:46:26 V/Bot.270488994: [Public Dayz(697785664)] WWRT3100(1361481004) -> [mirai:image:{12027B11-725B-5760-6810-450B12176FA9}.jpg, width=1920, height=1080, size=337286, type=PNG, isEmoji=false]
2023-05-07 01:17:54 V/Bot.270488994: [Public Dayz(697785664)] MTF_Yz(2601333735) -> [mirai:at:270488994] 在线人数
2023-05-07 01:17:54 V/Bot.270488994: Group(697785664) <- [mirai:quote:[mirai:source:ids=[46444], internalIds=[-1130062070], from group 2601333735 to 697785664 at 1683393474], content=[mirai:at:270488994] 在线人数]服务器状态：在线，01点14分在线人数：7
2023-05-07 01:27:02 V/Bot.270488994: [Public Dayz(697785664)] Я(747692922) -> 刚刚听到了几声枪响，你们在打架吗？
2023-05-07 01:27:04 V/Bot.270488994: [Public Dayz(697785664)] Я(747692922) -> 好可怕
2023-05-07 01:27:37 V/Bot.270488994: [Public Dayz(697785664)] Я(747692922) -> 就在我附近啊
2023-05-07 01:27:45 V/Bot.270488994: [Public Dayz(697785664)] Я(747692922) -> 不会是要来追杀我的吧
2023-05-07 01:28:49 V/Bot.270488994: [Public Dayz(697785664)] Я(747692922) -> 好
2023-05-07 02:36:01 V/Bot.270488994: Group(697785664) <- 服务器规则\n(一)建造规则:\n1:海边城市内禁止三人以上队伍建家，三人以上必须去内陆建家，海边一千五百米都算是海边城市。\n2:一个队伍只允许在一处建筑建造基地，建造基地只能在自己所属基地添加建筑，不能堵周围通道和建筑。\n3:不允许在饮水点，军营，重要物资点建造建筑或封锁通道。大型资源点禁止建家。\n4.不允许在路上建家，发现违规可以联系群主删除违规建筑\n(二)突袭规则:\n1:拆家突袭时间为每周五19:00-周日22:00，以及所有的国家法定节假日。如果正在突袭过程中的一方进入对方基地，以最后突袭时间为准。\n2:拆除基地后，请带走自己需要的资源，如有不需要的资源，不允许恶意毁坏或者扬空他人基地物资。\n3:禁止拆除基地后从他人基地下线。如果上线后发现自己所处位置被建造成基地，请联系管理员拉出，禁止进行破坏。\n4:禁止使用一切卡BUG手段拆家或进入他人基地偷东西;不得利用自由建造机制无限叠瞭望塔进入他人基地。(可以造到官方设置的高度)\n5:小队与小队之间禁止合家，结盟拆家，以及超过五人的结盟战斗且通过人数建立不平衡优势的行为。\n6:在完全占领他人基地之前，禁止给他人基地上锁，换锁或者加门。\n(三)录屏规则:\n1:杀人必须录屏，需要录制最短五分钟的视频，从击杀那一刻往前推，五分钟的视频，录屏是回放式录制，不会影响正常游戏体验，杀完人按快捷键保存即可。谁杀人谁录制，不允许一队只有一人开录制，必须人人打开，谁杀谁录。\n2：拆家必须提前打开录制，录完整个拆家视频，从进去到出来的那一刻。\n3：被其他玩家击杀后，可以在半小时内要求群主帮忙查录屏，超出半小时则无法要求击杀者提供视频。\n4：如果击杀者在被要求拿出录屏的时候无法给出，会被记录没有录屏。每个人有两次机会因为各种因素导致的给不出录屏，第三次给不出会直接永久ban掉。\n录屏教程：\n如果你是Nvidia显卡用户，可以使用英伟达自带的驱动录制，录制方法如视频教程:https://www.bilibili.com/video/BV1zS4y1G7QA/\n如果你是其他显卡，可以使用OBS软件进行录制，录制方法教程如视频：https://www.bilibili.com/video/BV1QQ4y1h7Ru/\n(四）其他规则:\n1:禁止利用游戏机制中的漏洞来获得不公平的优势，在夜晚使用NVIDIA滤镜效果等。\n2:禁止任何性质的人身虐待、淫秽、骚扰、威胁、仇恨、种族歧视、同性歧视或诽谤言论;群内故意制造争端引起争吵也是不允许的。\n3:请勿在游戏群中点名违规者或作弊者，如果问题请私聊管理员处理。\n加入Public dayz服务器，即表示您同意我们的规则，规则将不定期更新。违反以上规定者视严重程度处3-7天甚至永久封禁。\n如果您退出了QQ群聊，即代表您放弃了白名单使用权。为防止作弊和违规行为的脱管，我们会对您的白名单进行收回。最后更新于:2023年4月27日
2023-05-07 04:37:07 V/Bot.270488994: Group(697785664) <- 服务器规则\n(一)建造规则:\n1:海边城市内禁止三人以上队伍建家，三人以上必须去内陆建家，海边一千五百米都算是海边城市。\n2:一个队伍只允许在一处建筑建造基地，建造基地只能在自己所属基地添加建筑，不能堵周围通道和建筑。\n3:不允许在饮水点，军营，重要物资点建造建筑或封锁通道。大型资源点禁止建家。\n4.不允许在路上建家，发现违规可以联系群主删除违规建筑\n(二)突袭规则:\n1:拆家突袭时间为每周五19:00-周日22:00，以及所有的国家法定节假日。如果正在突袭过程中的一方进入对方基地，以最后突袭时间为准。\n2:拆除基地后，请带走自己需要的资源，如有不需要的资源，不允许恶意毁坏或者扬空他人基地物资。\n3:禁止拆除基地后从他人基地下线。如果上线后发现自己所处位置被建造成基地，请联系管理员拉出，禁止进行破坏。\n4:禁止使用一切卡BUG手段拆家或进入他人基地偷东西;不得利用自由建造机制无限叠瞭望塔进入他人基地。(可以造到官方设置的高度)\n5:小队与小队之间禁止合家，结盟拆家，以及超过五人的结盟战斗且通过人数建立不平衡优势的行为。\n6:在完全占领他人基地之前，禁止给他人基地上锁，换锁或者加门。\n(三)录屏规则:\n1:杀人必须录屏，需要录制最短五分钟的视频，从击杀那一刻往前推，五分钟的视频，录屏是回放式录制，不会影响正常游戏体验，杀完人按快捷键保存即可。谁杀人谁录制，不允许一队只有一人开录制，必须人人打开，谁杀谁录。\n2：拆家必须提前打开录制，录完整个拆家视频，从进去到出来的那一刻。\n3：被其他玩家击杀后，可以在半小时内要求群主帮忙查录屏，超出半小时则无法要求击杀者提供视频。\n4：如果击杀者在被要求拿出录屏的时候无法给出，会被记录没有录屏。每个人有两次机会因为各种因素导致的给不出录屏，第三次给不出会直接永久ban掉。\n录屏教程：\n如果你是Nvidia显卡用户，可以使用英伟达自带的驱动录制，录制方法如视频教程:https://www.bilibili.com/video/BV1zS4y1G7QA/\n如果你是其他显卡，可以使用OBS软件进行录制，录制方法教程如视频：https://www.bilibili.com/video/BV1QQ4y1h7Ru/\n(四）其他规则:\n1:禁止利用游戏机制中的漏洞来获得不公平的优势，在夜晚使用NVIDIA滤镜效果等。\n2:禁止任何性质的人身虐待、淫秽、骚扰、威胁、仇恨、种族歧视、同性歧视或诽谤言论;群内故意制造争端引起争吵也是不允许的。\n3:请勿在游戏群中点名违规者或作弊者，如果问题请私聊管理员处理。\n加入Public dayz服务器，即表示您同意我们的规则，规则将不定期更新。违反以上规定者视严重程度处3-7天甚至永久封禁。\n如果您退出了QQ群聊，即代表您放弃了白名单使用权。为防止作弊和违规行为的脱管，我们会对您的白名单进行收回。最后更新于:2023年4月27日
2023-05-07 06:38:12 V/Bot.270488994: Group(697785664) <- 服务器规则\n(一)建造规则:\n1:海边城市内禁止三人以上队伍建家，三人以上必须去内陆建家，海边一千五百米都算是海边城市。\n2:一个队伍只允许在一处建筑建造基地，建造基地只能在自己所属基地添加建筑，不能堵周围通道和建筑。\n3:不允许在饮水点，军营，重要物资点建造建筑或封锁通道。大型资源点禁止建家。\n4.不允许在路上建家，发现违规可以联系群主删除违规建筑\n(二)突袭规则:\n1:拆家突袭时间为每周五19:00-周日22:00，以及所有的国家法定节假日。如果正在突袭过程中的一方进入对方基地，以最后突袭时间为准。\n2:拆除基地后，请带走自己需要的资源，如有不需要的资源，不允许恶意毁坏或者扬空他人基地物资。\n3:禁止拆除基地后从他人基地下线。如果上线后发现自己所处位置被建造成基地，请联系管理员拉出，禁止进行破坏。\n4:禁止使用一切卡BUG手段拆家或进入他人基地偷东西;不得利用自由建造机制无限叠瞭望塔进入他人基地。(可以造到官方设置的高度)\n5:小队与小队之间禁止合家，结盟拆家，以及超过五人的结盟战斗且通过人数建立不平衡优势的行为。\n6:在完全占领他人基地之前，禁止给他人基地上锁，换锁或者加门。\n(三)录屏规则:\n1:杀人必须录屏，需要录制最短五分钟的视频，从击杀那一刻往前推，五分钟的视频，录屏是回放式录制，不会影响正常游戏体验，杀完人按快捷键保存即可。谁杀人谁录制，不允许一队只有一人开录制，必须人人打开，谁杀谁录。\n2：拆家必须提前打开录制，录完整个拆家视频，从进去到出来的那一刻。\n3：被其他玩家击杀后，可以在半小时内要求群主帮忙查录屏，超出半小时则无法要求击杀者提供视频。\n4：如果击杀者在被要求拿出录屏的时候无法给出，会被记录没有录屏。每个人有两次机会因为各种因素导致的给不出录屏，第三次给不出会直接永久ban掉。\n录屏教程：\n如果你是Nvidia显卡用户，可以使用英伟达自带的驱动录制，录制方法如视频教程:https://www.bilibili.com/video/BV1zS4y1G7QA/\n如果你是其他显卡，可以使用OBS软件进行录制，录制方法教程如视频：https://www.bilibili.com/video/BV1QQ4y1h7Ru/\n(四）其他规则:\n1:禁止利用游戏机制中的漏洞来获得不公平的优势，在夜晚使用NVIDIA滤镜效果等。\n2:禁止任何性质的人身虐待、淫秽、骚扰、威胁、仇恨、种族歧视、同性歧视或诽谤言论;群内故意制造争端引起争吵也是不允许的。\n3:请勿在游戏群中点名违规者或作弊者，如果问题请私聊管理员处理。\n加入Public dayz服务器，即表示您同意我们的规则，规则将不定期更新。违反以上规定者视严重程度处3-7天甚至永久封禁。\n如果您退出了QQ群聊，即代表您放弃了白名单使用权。为防止作弊和违规行为的脱管，我们会对您的白名单进行收回。最后更新于:2023年4月27日
2023-05-07 08:39:17 V/Bot.270488994: Group(697785664) <- 服务器规则\n(一)建造规则:\n1:海边城市内禁止三人以上队伍建家，三人以上必须去内陆建家，海边一千五百米都算是海边城市。\n2:一个队伍只允许在一处建筑建造基地，建造基地只能在自己所属基地添加建筑，不能堵周围通道和建筑。\n3:不允许在饮水点，军营，重要物资点建造建筑或封锁通道。大型资源点禁止建家。\n4.不允许在路上建家，发现违规可以联系群主删除违规建筑\n(二)突袭规则:\n1:拆家突袭时间为每周五19:00-周日22:00，以及所有的国家法定节假日。如果正在突袭过程中的一方进入对方基地，以最后突袭时间为准。\n2:拆除基地后，请带走自己需要的资源，如有不需要的资源，不允许恶意毁坏或者扬空他人基地物资。\n3:禁止拆除基地后从他人基地下线。如果上线后发现自己所处位置被建造成基地，请联系管理员拉出，禁止进行破坏。\n4:禁止使用一切卡BUG手段拆家或进入他人基地偷东西;不得利用自由建造机制无限叠瞭望塔进入他人基地。(可以造到官方设置的高度)\n5:小队与小队之间禁止合家，结盟拆家，以及超过五人的结盟战斗且通过人数建立不平衡优势的行为。\n6:在完全占领他人基地之前，禁止给他人基地上锁，换锁或者加门。\n(三)录屏规则:\n1:杀人必须录屏，需要录制最短五分钟的视频，从击杀那一刻往前推，五分钟的视频，录屏是回放式录制，不会影响正常游戏体验，杀完人按快捷键保存即可。谁杀人谁录制，不允许一队只有一人开录制，必须人人打开，谁杀谁录。\n2：拆家必须提前打开录制，录完整个拆家视频，从进去到出来的那一刻。\n3：被其他玩家击杀后，可以在半小时内要求群主帮忙查录屏，超出半小时则无法要求击杀者提供视频。\n4：如果击杀者在被要求拿出录屏的时候无法给出，会被记录没有录屏。每个人有两次机会因为各种因素导致的给不出录屏，第三次给不出会直接永久ban掉。\n录屏教程：\n如果你是Nvidia显卡用户，可以使用英伟达自带的驱动录制，录制方法如视频教程:https://www.bilibili.com/video/BV1zS4y1G7QA/\n如果你是其他显卡，可以使用OBS软件进行录制，录制方法教程如视频：https://www.bilibili.com/video/BV1QQ4y1h7Ru/\n(四）其他规则:\n1:禁止利用游戏机制中的漏洞来获得不公平的优势，在夜晚使用NVIDIA滤镜效果等。\n2:禁止任何性质的人身虐待、淫秽、骚扰、威胁、仇恨、种族歧视、同性歧视或诽谤言论;群内故意制造争端引起争吵也是不允许的。\n3:请勿在游戏群中点名违规者或作弊者，如果问题请私聊管理员处理。\n加入Public dayz服务器，即表示您同意我们的规则，规则将不定期更新。违反以上规定者视严重程度处3-7天甚至永久封禁。\n如果您退出了QQ群聊，即代表您放弃了白名单使用权。为防止作弊和违规行为的脱管，我们会对您的白名单进行收回。最后更新于:2023年4月27日
2023-05-07 09:54:02 V/Bot.270488994: [Public Dayz(697785664)] BigNB(86887878) -> [mirai:at:270488994] 在线人数
2023-05-07 09:54:03 V/Bot.270488994: Group(697785664) <- [mirai:quote:[mirai:source:ids=[46455], internalIds=[2007708822], from group 86887878 to 697785664 at 1683424443], content=[mirai:at:270488994] 在线人数]获取在线人数失败，稍后重试！
2023-05-07 09:57:39 V/Bot.270488994: Event: FriendAvatarChangedEvent(friend=Friend(3062209768))
2023-05-07 09:58:23 V/Bot.270488994: Event: FriendAvatarChangedEvent(friend=Friend(3062209768))
2023-05-07 09:58:59 V/Bot.270488994: Event: FriendAvatarChangedEvent(friend=Friend(3062209768))
2023-05-07 09:59:29 V/Bot.270488994: Event: FriendAvatarChangedEvent(friend=Friend(3062209768))
2023-05-07 09:59:49 V/Bot.270488994: Event: FriendAvatarChangedEvent(friend=Friend(3062209768))
2023-05-07 10:00:07 V/Bot.270488994: Event: FriendAvatarChangedEvent(friend=Friend(3062209768))
2023-05-07 10:00:32 V/Bot.270488994: Event: FriendAvatarChangedEvent(friend=Friend(3062209768))
2023-05-07 10:01:21 V/Bot.270488994: Event: FriendAvatarChangedEvent(friend=Friend(3062209768))
2023-05-07 10:03:26 V/Bot.270488994: Event: FriendAvatarChangedEvent(friend=Friend(3062209768))
2023-05-07 10:04:02 V/Bot.270488994: Event: FriendAvatarChangedEvent(friend=Friend(3062209768))
2023-05-07 10:04:34 V/Bot.270488994: Event: FriendAvatarChangedEvent(friend=Friend(3062209768))
2023-05-07 10:04:52 V/Bot.270488994: Event: FriendAvatarChangedEvent(friend=Friend(3062209768))
2023-05-07 10:06:13 V/Bot.270488994: Event: FriendAvatarChangedEvent(friend=Friend(3062209768))
2023-05-07 10:07:08 V/Bot.270488994: Event: FriendAvatarChangedEvent(friend=Friend(3062209768))
2023-05-07 10:07:25 V/Bot.270488994: Event: FriendAvatarChangedEvent(friend=Friend(3062209768))
2023-05-07 10:09:00 V/Bot.270488994: Event: FriendAvatarChangedEvent(friend=Friend(3062209768))
2023-05-07 10:40:23 V/Bot.270488994: Group(697785664) <- 服务器规则\n(一)建造规则:\n1:海边城市内禁止三人以上队伍建家，三人以上必须去内陆建家，海边一千五百米都算是海边城市。\n2:一个队伍只允许在一处建筑建造基地，建造基地只能在自己所属基地添加建筑，不能堵周围通道和建筑。\n3:不允许在饮水点，军营，重要物资点建造建筑或封锁通道。大型资源点禁止建家。\n4.不允许在路上建家，发现违规可以联系群主删除违规建筑\n(二)突袭规则:\n1:拆家突袭时间为每周五19:00-周日22:00，以及所有的国家法定节假日。如果正在突袭过程中的一方进入对方基地，以最后突袭时间为准。\n2:拆除基地后，请带走自己需要的资源，如有不需要的资源，不允许恶意毁坏或者扬空他人基地物资。\n3:禁止拆除基地后从他人基地下线。如果上线后发现自己所处位置被建造成基地，请联系管理员拉出，禁止进行破坏。\n4:禁止使用一切卡BUG手段拆家或进入他人基地偷东西;不得利用自由建造机制无限叠瞭望塔进入他人基地。(可以造到官方设置的高度)\n5:小队与小队之间禁止合家，结盟拆家，以及超过五人的结盟战斗且通过人数建立不平衡优势的行为。\n6:在完全占领他人基地之前，禁止给他人基地上锁，换锁或者加门。\n(三)录屏规则:\n1:杀人必须录屏，需要录制最短五分钟的视频，从击杀那一刻往前推，五分钟的视频，录屏是回放式录制，不会影响正常游戏体验，杀完人按快捷键保存即可。谁杀人谁录制，不允许一队只有一人开录制，必须人人打开，谁杀谁录。\n2：拆家必须提前打开录制，录完整个拆家视频，从进去到出来的那一刻。\n3：被其他玩家击杀后，可以在半小时内要求群主帮忙查录屏，超出半小时则无法要求击杀者提供视频。\n4：如果击杀者在被要求拿出录屏的时候无法给出，会被记录没有录屏。每个人有两次机会因为各种因素导致的给不出录屏，第三次给不出会直接永久ban掉。\n录屏教程：\n如果你是Nvidia显卡用户，可以使用英伟达自带的驱动录制，录制方法如视频教程:https://www.bilibili.com/video/BV1zS4y1G7QA/\n如果你是其他显卡，可以使用OBS软件进行录制，录制方法教程如视频：https://www.bilibili.com/video/BV1QQ4y1h7Ru/\n(四）其他规则:\n1:禁止利用游戏机制中的漏洞来获得不公平的优势，在夜晚使用NVIDIA滤镜效果等。\n2:禁止任何性质的人身虐待、淫秽、骚扰、威胁、仇恨、种族歧视、同性歧视或诽谤言论;群内故意制造争端引起争吵也是不允许的。\n3:请勿在游戏群中点名违规者或作弊者，如果问题请私聊管理员处理。\n加入Public dayz服务器，即表示您同意我们的规则，规则将不定期更新。违反以上规定者视严重程度处3-7天甚至永久封禁。\n如果您退出了QQ群聊，即代表您放弃了白名单使用权。为防止作弊和违规行为的脱管，我们会对您的白名单进行收回。最后更新于:2023年4月27日
2023-05-07 11:46:16 V/Bot.270488994: Event: MemberJoinRequestEvent(bot=Bot(270488994), eventId=1683431177757570, message=, fromId=1095640883, groupId=697785664, groupName=Public Dayz, fromNick=三瓣嘴, invitorId=null)
2023-05-07 11:46:17 V/Bot.270488994: Event: MemberJoinEvent.Active(member=1095640883)
2023-05-07 11:46:18 V/Bot.270488994: Group(697785664) <- [mirai:at:1095640883] 欢迎三瓣嘴入群! 白名单申请看公告，把steam资料设置全部公开。格式:\nqq:xxxxxxx\nsteamid:xxxxxxxxxxxxxxxx\n波西米亚id:xxxxxxxxx\n游戏昵称:xxx。\n波西米亚id获取方式：群里AT机器人发送命令：转换为波西米亚id:此处填写你的steam17位id。\n以上面这个格式发送给群主\nsteamid获取方式:https://www.bilibili.com/video/BV14a411W7gU/\n进服务器方法http://dayzguide.qiyonghan.icu/
2023-05-07 11:51:11 V/Bot.270488994: Event: MemberLeaveEvent.Quit(member=1095640883)
2023-05-07 11:51:12 V/Bot.270488994: Group(697785664) <-  三瓣嘴离开了我们
2023-05-07 11:56:23 V/Bot.270488994: [Public Dayz(697785664)] SXDNR(3491151929) -> [mirai:at:270488994] 在线人数
2023-05-07 11:56:25 V/Bot.270488994: Group(697785664) <- [mirai:quote:[mirai:source:ids=[46460], internalIds=[380224983], from group 3491151929 to 697785664 at 1683431784], content=[mirai:at:270488994] 在线人数]服务器状态：在线，11点38分在线人数：1
2023-05-07 12:07:44 V/Bot.270488994: Event: FriendAvatarChangedEvent(friend=Friend(1354843534))
2023-05-07 12:41:30 V/Bot.270488994: Group(697785664) <- 服务器规则\n(一)建造规则:\n1:海边城市内禁止三人以上队伍建家，三人以上必须去内陆建家，海边一千五百米都算是海边城市。\n2:一个队伍只允许在一处建筑建造基地，建造基地只能在自己所属基地添加建筑，不能堵周围通道和建筑。\n3:不允许在饮水点，军营，重要物资点建造建筑或封锁通道。大型资源点禁止建家。\n4.不允许在路上建家，发现违规可以联系群主删除违规建筑\n(二)突袭规则:\n1:拆家突袭时间为每周五19:00-周日22:00，以及所有的国家法定节假日。如果正在突袭过程中的一方进入对方基地，以最后突袭时间为准。\n2:拆除基地后，请带走自己需要的资源，如有不需要的资源，不允许恶意毁坏或者扬空他人基地物资。\n3:禁止拆除基地后从他人基地下线。如果上线后发现自己所处位置被建造成基地，请联系管理员拉出，禁止进行破坏。\n4:禁止使用一切卡BUG手段拆家或进入他人基地偷东西;不得利用自由建造机制无限叠瞭望塔进入他人基地。(可以造到官方设置的高度)\n5:小队与小队之间禁止合家，结盟拆家，以及超过五人的结盟战斗且通过人数建立不平衡优势的行为。\n6:在完全占领他人基地之前，禁止给他人基地上锁，换锁或者加门。\n(三)录屏规则:\n1:杀人必须录屏，需要录制最短五分钟的视频，从击杀那一刻往前推，五分钟的视频，录屏是回放式录制，不会影响正常游戏体验，杀完人按快捷键保存即可。谁杀人谁录制，不允许一队只有一人开录制，必须人人打开，谁杀谁录。\n2：拆家必须提前打开录制，录完整个拆家视频，从进去到出来的那一刻。\n3：被其他玩家击杀后，可以在半小时内要求群主帮忙查录屏，超出半小时则无法要求击杀者提供视频。\n4：如果击杀者在被要求拿出录屏的时候无法给出，会被记录没有录屏。每个人有两次机会因为各种因素导致的给不出录屏，第三次给不出会直接永久ban掉。\n录屏教程：\n如果你是Nvidia显卡用户，可以使用英伟达自带的驱动录制，录制方法如视频教程:https://www.bilibili.com/video/BV1zS4y1G7QA/\n如果你是其他显卡，可以使用OBS软件进行录制，录制方法教程如视频：https://www.bilibili.com/video/BV1QQ4y1h7Ru/\n(四）其他规则:\n1:禁止利用游戏机制中的漏洞来获得不公平的优势，在夜晚使用NVIDIA滤镜效果等。\n2:禁止任何性质的人身虐待、淫秽、骚扰、威胁、仇恨、种族歧视、同性歧视或诽谤言论;群内故意制造争端引起争吵也是不允许的。\n3:请勿在游戏群中点名违规者或作弊者，如果问题请私聊管理员处理。\n加入Public dayz服务器，即表示您同意我们的规则，规则将不定期更新。违反以上规定者视严重程度处3-7天甚至永久封禁。\n如果您退出了QQ群聊，即代表您放弃了白名单使用权。为防止作弊和违规行为的脱管，我们会对您的白名单进行收回。最后更新于:2023年4月27日
2023-05-07 13:01:32 V/Bot.270488994: Event: MemberJoinRequestEvent(bot=Bot(270488994), eventId=1683435693472212, message=, fromId=2322501329, groupId=697785664, groupName=Public Dayz, fromNick=暗语的阿尔凯因, invitorId=null)
2023-05-07 13:01:33 V/Bot.270488994: Event: MemberJoinEvent.Active(member=2322501329)
2023-05-07 13:01:34 V/Bot.270488994: Group(697785664) <- [mirai:at:2322501329] 欢迎暗语的阿尔凯因入群! 白名单申请看公告，把steam资料设置全部公开。格式:\nqq:xxxxxxx\nsteamid:xxxxxxxxxxxxxxxx\n波西米亚id:xxxxxxxxx\n游戏昵称:xxx。\n波西米亚id获取方式：群里AT机器人发送命令：转换为波西米亚id:此处填写你的steam17位id。\n以上面这个格式发送给群主\nsteamid获取方式:https://www.bilibili.com/video/BV14a411W7gU/\n进服务器方法http://dayzguide.qiyonghan.icu/
2023-05-07 13:13:51 V/Bot.270488994: [Public Dayz(697785664)] MTF_Yz(2601333735) -> [mirai:at:270488994] 在线人数
2023-05-07 13:13:52 V/Bot.270488994: Group(697785664) <- [mirai:quote:[mirai:source:ids=[46464], internalIds=[500268522], from group 2601333735 to 697785664 at 1683436432], content=[mirai:at:270488994] 在线人数]服务器状态：在线，13点12分在线人数：2
2023-05-07 13:24:02 V/Bot.270488994: [Public Dayz(697785664)] MTF_Yz(2601333735) -> [mirai:at:270488994] 在线人数
2023-05-07 13:24:03 V/Bot.270488994: Group(697785664) <- [mirai:quote:[mirai:source:ids=[46466], internalIds=[-534195835], from group 2601333735 to 697785664 at 1683437043], content=[mirai:at:270488994] 在线人数]服务器状态：在线，13点22分在线人数：2
2023-05-07 13:24:15 V/Bot.270488994: [Public Dayz(697785664)] MTF_Yz(Temp 2601333735) -> 我在哪
2023-05-07 13:24:50 V/Bot.270488994: [Public Dayz(697785664)] MTF_Yz(2601333735) -> [mirai:at:270488994] 我在哪
2023-05-07 13:24:51 V/Bot.270488994: Group(697785664) <- [mirai:quote:[mirai:source:ids=[46468], internalIds=[-32385326], from group 2601333735 to 697785664 at 1683437091], content=[mirai:at:270488994] 我在哪]MTF_Yz\n位置：(x:4796.3,y: 10360.6)\n时间：13时22分
2023-05-07 13:32:43 V/Bot.270488994: [Public Dayz(697785664)] BigNB(86887878) -> 你怎么还在机场
2023-05-07 13:33:15 V/Bot.270488994: [Public Dayz(697785664)] BigNB(86887878) -> 你这怕不是给机场每个地方都塞满了地雷
2023-05-07 13:34:09 V/Bot.270488994: [Public Dayz(697785664)] MTF_Yz(2601333735) -> 我哪来的地雷哦
2023-05-07 13:34:13 V/Bot.270488994: [Public Dayz(697785664)] MTF_Yz(2601333735) -> 没见到过
2023-05-07 13:34:26 V/Bot.270488994: [Public Dayz(697785664)] MTF_Yz(2601333735) -> 我搜了半天一把m4或者ak都没
2023-05-07 13:35:27 V/Bot.270488994: [Public Dayz(697785664)] MTF_Yz(2601333735) -> 骨折了怎么办
2023-05-07 13:35:34 V/Bot.270488994: [Public Dayz(697785664)] MTF_Yz(2601333735) -> 走着走着不知道哪来的捕兽夹
2023-05-07 13:35:38 V/Bot.270488994: [Public Dayz(697785664)] MTF_Yz(2601333735) -> 给我夹了
2023-05-07 13:36:56 V/Bot.270488994: [Public Dayz(697785664)] BigNB(86887878) -> m4固定毒区才有木
2023-05-07 13:37:19 V/Bot.270488994: [Public Dayz(697785664)] BigNB(86887878) -> 骨折你做个夹板
2023-05-07 13:37:26 V/Bot.270488994: [Public Dayz(697785664)] BigNB(86887878) -> 给自己夹上
2023-05-07 13:37:40 V/Bot.270488994: [Public Dayz(697785664)] MTF_Yz(2601333735) -> 那机场有啥
2023-05-07 13:38:05 V/Bot.270488994: [Public Dayz(697785664)] MTF_Yz(2601333735) -> 我看不是机场很多人来吗
2023-05-07 13:42:26 V/Bot.270488994: [Public Dayz(697785664)] aynami1314(2352325006) -> 子弹防具多
2023-05-07 13:42:47 V/Bot.270488994: [Public Dayz(697785664)] aynami1314(2352325006) -> 差点的突击步枪也有
2023-05-07 13:43:07 V/Bot.270488994: [Public Dayz(697785664)] MTF_Yz(2601333735) -> 骨折怎么做甲板啊
2023-05-07 13:43:27 V/Bot.270488994: [Public Dayz(697785664)] MTF_Yz(2601333735) -> 在地上爬半天了
2023-05-07 13:43:36 V/Bot.270488994: [Public Dayz(697785664)] aynami1314(2352325006) -> 绷带和短棍
2023-05-07 13:43:44 V/Bot.270488994: [Public Dayz(697785664)] MTF_Yz(2601333735) -> 要几个啊
2023-05-07 13:43:50 V/Bot.270488994: [Public Dayz(697785664)] MTF_Yz(2601333735) -> 我都有但是做不出来
2023-05-07 13:43:52 V/Bot.270488994: [Public Dayz(697785664)] aynami1314(2352325006) -> 或者碎布和短棍
2023-05-07 13:44:14 V/Bot.270488994: [Public Dayz(697785664)] aynami1314(2352325006) -> 绷带得满耐久的
2023-05-07 13:44:27 V/Bot.270488994: [Public Dayz(697785664)] aynami1314(2352325006) -> 短棍俩还是三
2023-05-07 13:44:38 V/Bot.270488994: [Public Dayz(697785664)] aynami1314(2352325006) -> 碎布得四个
2023-05-07 14:09:44 V/Bot.270488994: [Public Dayz(697785664)] 当。(770250633) -> [mirai:at:2601333735] 是不是机场的捕兽夹
2023-05-07 14:09:54 V/Bot.270488994: [Public Dayz(697785664)] 当。(770250633) -> 在一个围墙缺口被夹的
2023-05-07 14:09:56 V/Bot.270488994: [Public Dayz(697785664)] 当。(770250633) -> /汪汪
2023-05-07 14:11:46 V/Bot.270488994: [Public Dayz(697785664)] BigNB(86887878) -> 找到坏蛋了
2023-05-07 14:14:55 V/Bot.270488994: [Public Dayz(697785664)] 当。(770250633) -> 这捕兽夹得放了三四天了
2023-05-07 14:14:58 V/Bot.270488994: [Public Dayz(697785664)] 当。(770250633) -> /汪汪
2023-05-07 14:15:28 V/Bot.270488994: [Public Dayz(697785664)] xiaowang(2983870951) -> 太可怕了
2023-05-07 14:19:52 V/Bot.270488994: [Public Dayz(697785664)] MTF_Yz(2601333735) -> [mirai:at:270488994] 在线人数
2023-05-07 14:19:53 V/Bot.270488994: Group(697785664) <- [mirai:quote:[mirai:source:ids=[46501], internalIds=[-1037916040], from group 2601333735 to 697785664 at 1683440391], content=[mirai:at:270488994] 在线人数]服务器状态：在线，14点17分在线人数：1
2023-05-07 14:20:07 V/Bot.270488994: [Public Dayz(697785664)] MTF_Yz(2601333735) -> [mirai:at:270488994] 我在哪
2023-05-07 14:20:08 V/Bot.270488994: Group(697785664) <- [mirai:quote:[mirai:source:ids=[46503], internalIds=[1988400087], from group 2601333735 to 697785664 at 1683440407], content=[mirai:at:270488994] 我在哪]MTF_Yz\n位置：(x:4983.1,y: 10016.6)\n时间：14时17分
2023-05-07 14:20:28 V/Bot.270488994: Event: FriendAvatarChangedEvent(friend=Friend(940075451))
2023-05-07 14:36:30 V/Bot.270488994: [Public Dayz(697785664)] pan(775481796) -> [mirai:at:270488994] 在线人数
2023-05-07 14:36:31 V/Bot.270488994: Group(697785664) <- [mirai:quote:[mirai:source:ids=[46505], internalIds=[390507696], from group 775481796 to 697785664 at 1683441390], content=[mirai:at:270488994] 在线人数]服务器状态：在线，14点32分在线人数：2
2023-05-07 14:42:56 V/Bot.270488994: Group(697785664) <- 服务器规则\n(一)建造规则:\n1:海边城市内禁止三人以上队伍建家，三人以上必须去内陆建家，海边一千五百米都算是海边城市。\n2:一个队伍只允许在一处建筑建造基地，建造基地只能在自己所属基地添加建筑，不能堵周围通道和建筑。\n3:不允许在饮水点，军营，重要物资点建造建筑或封锁通道。大型资源点禁止建家。\n4.不允许在路上建家，发现违规可以联系群主删除违规建筑\n(二)突袭规则:\n1:拆家突袭时间为每周五19:00-周日22:00，以及所有的国家法定节假日。如果正在突袭过程中的一方进入对方基地，以最后突袭时间为准。\n2:拆除基地后，请带走自己需要的资源，如有不需要的资源，不允许恶意毁坏或者扬空他人基地物资。\n3:禁止拆除基地后从他人基地下线。如果上线后发现自己所处位置被建造成基地，请联系管理员拉出，禁止进行破坏。\n4:禁止使用一切卡BUG手段拆家或进入他人基地偷东西;不得利用自由建造机制无限叠瞭望塔进入他人基地。(可以造到官方设置的高度)\n5:小队与小队之间禁止合家，结盟拆家，以及超过五人的结盟战斗且通过人数建立不平衡优势的行为。\n6:在完全占领他人基地之前，禁止给他人基地上锁，换锁或者加门。\n(三)录屏规则:\n1:杀人必须录屏，需要录制最短五分钟的视频，从击杀那一刻往前推，五分钟的视频，录屏是回放式录制，不会影响正常游戏体验，杀完人按快捷键保存即可。谁杀人谁录制，不允许一队只有一人开录制，必须人人打开，谁杀谁录。\n2：拆家必须提前打开录制，录完整个拆家视频，从进去到出来的那一刻。\n3：被其他玩家击杀后，可以在半小时内要求群主帮忙查录屏，超出半小时则无法要求击杀者提供视频。\n4：如果击杀者在被要求拿出录屏的时候无法给出，会被记录没有录屏。每个人有两次机会因为各种因素导致的给不出录屏，第三次给不出会直接永久ban掉。\n录屏教程：\n如果你是Nvidia显卡用户，可以使用英伟达自带的驱动录制，录制方法如视频教程:https://www.bilibili.com/video/BV1zS4y1G7QA/\n如果你是其他显卡，可以使用OBS软件进行录制，录制方法教程如视频：https://www.bilibili.com/video/BV1QQ4y1h7Ru/\n(四）其他规则:\n1:禁止利用游戏机制中的漏洞来获得不公平的优势，在夜晚使用NVIDIA滤镜效果等。\n2:禁止任何性质的人身虐待、淫秽、骚扰、威胁、仇恨、种族歧视、同性歧视或诽谤言论;群内故意制造争端引起争吵也是不允许的。\n3:请勿在游戏群中点名违规者或作弊者，如果问题请私聊管理员处理。\n加入Public dayz服务器，即表示您同意我们的规则，规则将不定期更新。违反以上规定者视严重程度处3-7天甚至永久封禁。\n如果您退出了QQ群聊，即代表您放弃了白名单使用权。为防止作弊和违规行为的脱管，我们会对您的白名单进行收回。最后更新于:2023年4月27日
2023-05-07 15:07:58 V/Bot.270488994: [Public Dayz(697785664)] PapyrusXts(1206581727) -> 密码锁在地图里可以捡到吗
2023-05-07 15:08:16 V/Bot.270488994: [Public Dayz(697785664)] BigNB(86887878) -> 可以
2023-05-07 15:12:20 V/Bot.270488994: [Public Dayz(697785664)] PapyrusXts(1206581727) -> OK
2023-05-07 15:12:29 V/Bot.270488994: [Public Dayz(697785664)] PapyrusXts(1206581727) -> [mirai:at:270488994] 我在哪
2023-05-07 15:12:30 V/Bot.270488994: Group(697785664) <- 未查询到你的信息，请确保你已经在线，并且群昵称是你的游戏昵称！
2023-05-07 15:22:05 V/Bot.270488994: [Public Dayz(697785664)] PapyrusXts(Temp 1206581727) -> 我在哪
2023-05-07 15:28:48 V/Bot.270488994: Event: MemberCardChangeEvent(origin=, new=PapyrusXts, member=NormalMember(1206581727))
2023-05-07 15:28:48 V/Bot.270488994: [Public Dayz(697785664)] PapyrusXts(1206581727) -> [mirai:at:270488994] 我在哪
2023-05-07 15:33:11 V/Bot.270488994: [Public Dayz(697785664)] S_RobertoTH(173445004) -> [mirai:at:270488994] 在线人数
2023-05-07 15:33:12 V/Bot.270488994: Group(697785664) <- [mirai:quote:[mirai:source:ids=[46514], internalIds=[129463272], from group 173445004 to 697785664 at 1683444791], content=[mirai:at:270488994] 在线人数]服务器状态：在线，15点31分在线人数：1
2023-05-07 15:42:31 V/Bot.270488994: Event: MemberMuteEvent(member=NormalMember(2191596278), durationSeconds=3600, operator=NormalMember(694453045))
2023-05-07 16:06:37 V/Bot.270488994: [Public Dayz(697785664)] qiyonghan(2502510147) -> [mirai:at:270488994] 在线人数
2023-05-07 16:06:38 V/Bot.270488994: Group(697785664) <- [mirai:quote:[mirai:source:ids=[46516], internalIds=[328351078], from group 2502510147 to 697785664 at 1683446797], content=[mirai:at:270488994] 在线人数]服务器状态：在线，16点06分在线人数：4
2023-05-07 16:44:23 V/Bot.270488994: Group(697785664) <- 服务器规则\n(一)建造规则:\n1:海边城市内禁止三人以上队伍建家，三人以上必须去内陆建家，海边一千五百米都算是海边城市。\n2:一个队伍只允许在一处建筑建造基地，建造基地只能在自己所属基地添加建筑，不能堵周围通道和建筑。\n3:不允许在饮水点，军营，重要物资点建造建筑或封锁通道。大型资源点禁止建家。\n4.不允许在路上建家，发现违规可以联系群主删除违规建筑\n(二)突袭规则:\n1:拆家突袭时间为每周五19:00-周日22:00，以及所有的国家法定节假日。如果正在突袭过程中的一方进入对方基地，以最后突袭时间为准。\n2:拆除基地后，请带走自己需要的资源，如有不需要的资源，不允许恶意毁坏或者扬空他人基地物资。\n3:禁止拆除基地后从他人基地下线。如果上线后发现自己所处位置被建造成基地，请联系管理员拉出，禁止进行破坏。\n4:禁止使用一切卡BUG手段拆家或进入他人基地偷东西;不得利用自由建造机制无限叠瞭望塔进入他人基地。(可以造到官方设置的高度)\n5:小队与小队之间禁止合家，结盟拆家，以及超过五人的结盟战斗且通过人数建立不平衡优势的行为。\n6:在完全占领他人基地之前，禁止给他人基地上锁，换锁或者加门。\n(三)录屏规则:\n1:杀人必须录屏，需要录制最短五分钟的视频，从击杀那一刻往前推，五分钟的视频，录屏是回放式录制，不会影响正常游戏体验，杀完人按快捷键保存即可。谁杀人谁录制，不允许一队只有一人开录制，必须人人打开，谁杀谁录。\n2：拆家必须提前打开录制，录完整个拆家视频，从进去到出来的那一刻。\n3：被其他玩家击杀后，可以在半小时内要求群主帮忙查录屏，超出半小时则无法要求击杀者提供视频。\n4：如果击杀者在被要求拿出录屏的时候无法给出，会被记录没有录屏。每个人有两次机会因为各种因素导致的给不出录屏，第三次给不出会直接永久ban掉。\n录屏教程：\n如果你是Nvidia显卡用户，可以使用英伟达自带的驱动录制，录制方法如视频教程:https://www.bilibili.com/video/BV1zS4y1G7QA/\n如果你是其他显卡，可以使用OBS软件进行录制，录制方法教程如视频：https://www.bilibili.com/video/BV1QQ4y1h7Ru/\n(四）其他规则:\n1:禁止利用游戏机制中的漏洞来获得不公平的优势，在夜晚使用NVIDIA滤镜效果等。\n2:禁止任何性质的人身虐待、淫秽、骚扰、威胁、仇恨、种族歧视、同性歧视或诽谤言论;群内故意制造争端引起争吵也是不允许的。\n3:请勿在游戏群中点名违规者或作弊者，如果问题请私聊管理员处理。\n加入Public dayz服务器，即表示您同意我们的规则，规则将不定期更新。违反以上规定者视严重程度处3-7天甚至永久封禁。\n如果您退出了QQ群聊，即代表您放弃了白名单使用权。为防止作弊和违规行为的脱管，我们会对您的白名单进行收回。最后更新于:2023年4月27日
2023-05-07 16:53:33 V/Bot.270488994: [Public Dayz(697785664)] Я(747692922) -> @在线人数
2023-05-07 16:53:41 V/Bot.270488994: [Public Dayz(697785664)] Я(747692922) -> [mirai:at:270488994] 在线人数
2023-05-07 16:53:42 V/Bot.270488994: Group(697785664) <- [mirai:quote:[mirai:source:ids=[46520], internalIds=[810588335], from group 747692922 to 697785664 at 1683449621], content=[mirai:at:270488994] 在线人数]服务器状态：在线，16点50分在线人数：3
2023-05-07 17:30:17 V/Bot.270488994: [Public Dayz(697785664)] pan(775481796) -> [mirai:at:270488994] 在线人数
2023-05-07 17:30:18 V/Bot.270488994: Group(697785664) <- [mirai:quote:[mirai:source:ids=[46522], internalIds=[598502572], from group 775481796 to 697785664 at 1683451817], content=[mirai:at:270488994] 在线人数]服务器状态：在线，17点25分在线人数：4
2023-05-07 18:06:54 V/Bot.270488994: Event: MemberLeaveEvent.Quit(member=898370607)
2023-05-07 18:12:59 V/Bot.270488994: Event: FriendAvatarChangedEvent(friend=Friend(3062209768))
2023-05-07 18:13:26 V/Bot.270488994: Event: FriendAvatarChangedEvent(friend=Friend(3062209768))
2023-05-07 18:23:05 V/Bot.270488994: Event: FriendAvatarChangedEvent(friend=Friend(3062209768))
2023-05-07 18:25:54 V/Bot.270488994: Event: MemberJoinRequestEvent(bot=Bot(270488994), eventId=1683455154297121, message=, fromId=332155281, groupId=697785664, groupName=Public Dayz, fromNick=弔貳兲坣, invitorId=null)
2023-05-07 18:25:55 V/Bot.270488994: Event: MemberJoinEvent.Active(member=332155281)
2023-05-07 18:25:56 V/Bot.270488994: Group(697785664) <- [mirai:at:332155281] 欢迎弔貳兲坣入群! 白名单申请看公告，把steam资料设置全部公开。格式:\nqq:xxxxxxx\nsteamid:xxxxxxxxxxxxxxxx\n波西米亚id:xxxxxxxxx\n游戏昵称:xxx。\n波西米亚id获取方式：群里AT机器人发送命令：转换为波西米亚id:此处填写你的steam17位id。\n以上面这个格式发送给群主\nsteamid获取方式:https://www.bilibili.com/video/BV14a411W7gU/\n进服务器方法http://dayzguide.qiyonghan.icu/
2023-05-07 18:26:10 V/Bot.270488994: [Public Dayz(697785664)] S_RobertoTH(173445004) -> [mirai:at:270488994] 在线人数
2023-05-07 18:26:11 V/Bot.270488994: Group(697785664) <- [mirai:quote:[mirai:source:ids=[46525], internalIds=[1639312901], from group 173445004 to 697785664 at 1683455170], content=[mirai:at:270488994] 在线人数]服务器状态：在线，18点25分在线人数：1
2023-05-07 18:26:28 V/Bot.270488994: Event: MemberCardChangeEvent(origin=弔貳兲坣, new=, member=NormalMember(332155281))
2023-05-07 18:26:28 V/Bot.270488994: [Public Dayz(697785664)] 弔貳兲坣(332155281) -> YY多少
2023-05-07 18:28:20 V/Bot.270488994: [Public Dayz(697785664)] 弔貳兲坣(332155281) -> [mirai:at:270488994] 
2023-05-07 18:28:21 V/Bot.270488994: Group(697785664) <- [mirai:quote:[mirai:source:ids=[46528], internalIds=[163239825], from group 332155281 to 697785664 at 1683455300], content=[mirai:at:270488994] ]输入的命令有误,你可以跟我说查询命令,我会告诉你所有的命令
2023-05-07 18:28:47 V/Bot.270488994: [Public Dayz(697785664)] BigNB(86887878) -> [mirai:at:332155281] 
2023-05-07 18:28:48 V/Bot.270488994: [Public Dayz(697785664)] BigNB(86887878) -> 没yy
2023-05-07 18:28:51 V/Bot.270488994: [Public Dayz(697785664)] BigNB(86887878) -> 有kook
2023-05-07 18:29:26 V/Bot.270488994: [Public Dayz(697785664)] 弔貳兲坣(332155281) -> 直连
2023-05-07 18:29:38 V/Bot.270488994: [Public Dayz(697785664)] 弔貳兲坣(332155281) -> 我进服看看可以吗
2023-05-07 18:29:42 V/Bot.270488994: [Public Dayz(697785664)] 弔貳兲坣(332155281) -> [mirai:at:86887878] 
2023-05-07 18:29:47 V/Bot.270488994: [Public Dayz(697785664)] BigNB(86887878) -> 需要白名单才能进
2023-05-07 18:30:00 V/Bot.270488994: [Public Dayz(697785664)] BigNB(86887878) -> 你把st17位id发给机器人
2023-05-07 18:30:05 V/Bot.270488994: [Public Dayz(697785664)] BigNB(86887878) -> 腐竹给你加就能进了
2023-05-07 18:37:55 V/Bot.270488994: [Public Dayz(697785664)] 弔貳兲坣(332155281) -> [mirai:at:86887878] 发给谁
2023-05-07 18:38:12 V/Bot.270488994: [Public Dayz(697785664)] 弔貳兲坣(332155281) -> 76561198224540284
2023-05-07 18:38:28 V/Bot.270488994: [Public Dayz(697785664)] BigNB(86887878) -> [mirai:at:270488994] 查询命令
2023-05-07 18:38:29 V/Bot.270488994: Group(697785664) <- 1.在线人数\n2.我在哪\n3.转换为波西米亚id:steamid(英文冒号！！！！！！！！！)\n4.如何进服务器\n
2023-05-07 18:38:52 V/Bot.270488994: [Public Dayz(697785664)] BigNB(86887878) -> [mirai:at:270488994] 转换为波西米亚id:76561198224540284
2023-05-07 18:38:53 V/Bot.270488994: Group(697785664) <- HADT8w-6AkmISjylRvh1xDc3bI5DHsV2qVXmkOVqI_Q=
2023-05-07 18:39:05 V/Bot.270488994: [Public Dayz(697785664)] BigNB(86887878) -> [mirai:at:2502510147] 
2023-05-07 18:39:09 V/Bot.270488994: [Public Dayz(697785664)] BigNB(86887878) -> 干活咯
2023-05-07 18:39:13 V/Bot.270488994: [Public Dayz(697785664)] qiyonghan(2502510147) -> 111
2023-05-07 18:39:45 V/Bot.270488994: [Public Dayz(697785664)] qiyonghan(2502510147) -> [mirai:quote:[mirai:source:ids=[46539], internalIds=[1971875254], from 332155281 to 697785664 at 1683455875], content=@BigNB 发给谁][mirai:at:332155281] 加上咯
2023-05-07 18:40:21 V/Bot.270488994: [Public Dayz(697785664)] 弔貳兲坣(332155281) -> 现在直连可以发给我嘛
2023-05-07 18:42:32 V/Bot.270488994: [Public Dayz(697785664)] qiyonghan(2502510147) -> 进不去
2023-05-07 18:42:33 V/Bot.270488994: Group(697785664) <- 服务器IP换了,进不去就取消收藏,重新直连一次,或者去社区搜索群名。\n直连IP为dayz.qiyonghan.icu,端口为22302
2023-05-07 18:43:08 V/Bot.270488994: [Public Dayz(697785664)] 弔貳兲坣(332155281) -> IP
2023-05-07 18:43:18 V/Bot.270488994: [Public Dayz(697785664)] BigNB(86887878) -> 直连IP为dayz.qiyonghan.icu,端口为22302
2023-05-07 18:45:54 V/Bot.270488994: Group(697785664) <- 服务器规则\n(一)建造规则:\n1:海边城市内禁止三人以上队伍建家，三人以上必须去内陆建家，海边一千五百米都算是海边城市。\n2:一个队伍只允许在一处建筑建造基地，建造基地只能在自己所属基地添加建筑，不能堵周围通道和建筑。\n3:不允许在饮水点，军营，重要物资点建造建筑或封锁通道。大型资源点禁止建家。\n4.不允许在路上建家，发现违规可以联系群主删除违规建筑\n(二)突袭规则:\n1:拆家突袭时间为每周五19:00-周日22:00，以及所有的国家法定节假日。如果正在突袭过程中的一方进入对方基地，以最后突袭时间为准。\n2:拆除基地后，请带走自己需要的资源，如有不需要的资源，不允许恶意毁坏或者扬空他人基地物资。\n3:禁止拆除基地后从他人基地下线。如果上线后发现自己所处位置被建造成基地，请联系管理员拉出，禁止进行破坏。\n4:禁止使用一切卡BUG手段拆家或进入他人基地偷东西;不得利用自由建造机制无限叠瞭望塔进入他人基地。(可以造到官方设置的高度)\n5:小队与小队之间禁止合家，结盟拆家，以及超过五人的结盟战斗且通过人数建立不平衡优势的行为。\n6:在完全占领他人基地之前，禁止给他人基地上锁，换锁或者加门。\n(三)录屏规则:\n1:杀人必须录屏，需要录制最短五分钟的视频，从击杀那一刻往前推，五分钟的视频，录屏是回放式录制，不会影响正常游戏体验，杀完人按快捷键保存即可。谁杀人谁录制，不允许一队只有一人开录制，必须人人打开，谁杀谁录。\n2：拆家必须提前打开录制，录完整个拆家视频，从进去到出来的那一刻。\n3：被其他玩家击杀后，可以在半小时内要求群主帮忙查录屏，超出半小时则无法要求击杀者提供视频。\n4：如果击杀者在被要求拿出录屏的时候无法给出，会被记录没有录屏。每个人有两次机会因为各种因素导致的给不出录屏，第三次给不出会直接永久ban掉。\n录屏教程：\n如果你是Nvidia显卡用户，可以使用英伟达自带的驱动录制，录制方法如视频教程:https://www.bilibili.com/video/BV1zS4y1G7QA/\n如果你是其他显卡，可以使用OBS软件进行录制，录制方法教程如视频：https://www.bilibili.com/video/BV1QQ4y1h7Ru/\n(四）其他规则:\n1:禁止利用游戏机制中的漏洞来获得不公平的优势，在夜晚使用NVIDIA滤镜效果等。\n2:禁止任何性质的人身虐待、淫秽、骚扰、威胁、仇恨、种族歧视、同性歧视或诽谤言论;群内故意制造争端引起争吵也是不允许的。\n3:请勿在游戏群中点名违规者或作弊者，如果问题请私聊管理员处理。\n加入Public dayz服务器，即表示您同意我们的规则，规则将不定期更新。违反以上规定者视严重程度处3-7天甚至永久封禁。\n如果您退出了QQ群聊，即代表您放弃了白名单使用权。为防止作弊和违规行为的脱管，我们会对您的白名单进行收回。最后更新于:2023年4月27日
2023-05-07 19:21:12 V/Bot.270488994: [Public Dayz(697785664)] pan(775481796) -> [mirai:at:270488994] 在线人数
2023-05-07 19:21:13 V/Bot.270488994: Group(697785664) <- [mirai:quote:[mirai:source:ids=[46555], internalIds=[497664208], from group 775481796 to 697785664 at 1683458473], content=[mirai:at:270488994] 在线人数]服务器状态：在线，19点20分在线人数：3
2023-05-07 19:22:13 V/Bot.270488994: [Public Dayz(697785664)] pan(775481796) -> 好安静啊，都没刚开档那么热闹了
2023-05-07 19:23:18 V/Bot.270488994: [Public Dayz(697785664)] York(137672102) -> 是啊都蹲不到人
2023-05-07 19:31:14 V/Bot.270488994: [Public Dayz(697785664)] xiongjie(759894122) -> 是啊，我在西北机场已经蹲了一天了
2023-05-07 19:31:20 V/Bot.270488994: [Public Dayz(697785664)] xiongjie(759894122) -> 硬是一个人都见不到
2023-05-07 19:34:05 V/Bot.270488994: [Public Dayz(697785664)] BigNB(86887878) -> 我都在沉船蹲了两天了
2023-05-07 19:34:53 V/Bot.270488994: [Public Dayz(697785664)] 杀人坏B(2639224478) -> [mirai:image:{16FDC56F-AB68-4EF5-D882-902F227F5172}.jpg, width=1920, height=1440, size=213348, type=JPG, isEmoji=false]
2023-05-07 19:34:55 V/Bot.270488994: [Public Dayz(697785664)] 杀人坏B(2639224478) -> 在外面玩
2023-05-07 19:47:43 V/Bot.270488994: Event: MemberJoinRequestEvent(bot=Bot(270488994), eventId=1683460063516541, message=大家好，我是🐹。双鱼座男一枚~, fromId=3031257927, groupId=697785664, groupName=Public Dayz, fromNick=🐹, invitorId=null)
2023-05-07 19:47:44 V/Bot.270488994: Event: MemberJoinEvent.Active(member=3031257927)
2023-05-07 19:47:44 V/Bot.270488994: Event: MemberCardChangeEvent(origin=🐹, new=, member=NormalMember(3031257927))
2023-05-07 19:47:44 V/Bot.270488994: [Public Dayz(697785664)] 🐹(3031257927) -> 大家好，我是🐹。双鱼座男一枚~
2023-05-07 19:47:46 V/Bot.270488994: Group(697785664) <- [mirai:at:3031257927] 欢迎🐹入群! 白名单申请看公告，把steam资料设置全部公开。格式:\nqq:xxxxxxx\nsteamid:xxxxxxxxxxxxxxxx\n波西米亚id:xxxxxxxxx\n游戏昵称:xxx。\n波西米亚id获取方式：群里AT机器人发送命令：转换为波西米亚id:此处填写你的steam17位id。\n以上面这个格式发送给群主\nsteamid获取方式:https://www.bilibili.com/video/BV14a411W7gU/\n进服务器方法http://dayzguide.qiyonghan.icu/
2023-05-07 19:47:53 V/Bot.270488994: [Public Dayz(697785664)] BigNB(86887878) -> 在外吃席
2023-05-07 19:47:56 V/Bot.270488994: [Public Dayz(697785664)] BigNB(86887878) -> [mirai:image:{E61A48E7-F9EE-19FF-3E65-A75860A1EFBA}.jpg, width=196, height=198, size=33333, type=JPG, isEmoji=true]
2023-05-07 19:53:58 V/Bot.270488994: [Public Dayz(697785664)] qiyonghan(2502510147) -> 下档换小图吧
2023-05-07 19:59:28 V/Bot.270488994: [Public Dayz(697785664)] BigNB(86887878) -> 是不是还得一个月
2023-05-07 20:25:10 V/Bot.270488994: [Public Dayz(697785664)] qiyonghan(2502510147) -> 不知道
2023-05-07 20:25:17 V/Bot.270488994: [Public Dayz(697785664)] qiyonghan(2502510147) -> 1.21什么时候更
2023-05-07 20:25:43 V/Bot.270488994: Event: MemberJoinRequestEvent(bot=Bot(270488994), eventId=1683462343705512, message=大家好，我是德佬别睡太死,大的💊来了!。, fromId=1833461853, groupId=697785664, groupName=Public Dayz, fromNick=德佬别睡太死,大的💊来了!, invitorId=null)
2023-05-07 20:25:44 V/Bot.270488994: Event: MemberJoinEvent.Active(member=1833461853)
2023-05-07 20:25:44 V/Bot.270488994: Event: MemberCardChangeEvent(origin=德佬别睡太死,大的💊来了!, new=, member=NormalMember(1833461853))
2023-05-07 20:25:44 V/Bot.270488994: [Public Dayz(697785664)] 德佬别睡太死,大的💊来了!(1833461853) -> 大家好，我是德佬别睡太死,大的💊来了!。
2023-05-07 20:25:45 V/Bot.270488994: Group(697785664) <- [mirai:at:1833461853] 欢迎德佬别睡太死,大的💊来了!入群! 白名单申请看公告，把steam资料设置全部公开。格式:\nqq:xxxxxxx\nsteamid:xxxxxxxxxxxxxxxx\n波西米亚id:xxxxxxxxx\n游戏昵称:xxx。\n波西米亚id获取方式：群里AT机器人发送命令：转换为波西米亚id:此处填写你的steam17位id。\n以上面这个格式发送给群主\nsteamid获取方式:https://www.bilibili.com/video/BV14a411W7gU/\n进服务器方法http://dayzguide.qiyonghan.icu/
2023-05-07 20:26:45 V/Bot.270488994: [Public Dayz(697785664)] joker(1031995161) -> [mirai:at:270488994] 在线人数
2023-05-07 20:26:46 V/Bot.270488994: Group(697785664) <- [mirai:quote:[mirai:source:ids=[46574], internalIds=[655352741], from group 1031995161 to 697785664 at 1683462405], content=[mirai:at:270488994] 在线人数]服务器状态：在线，20点25分在线人数：3
2023-05-07 20:32:50 V/Bot.270488994: [Public Dayz(697785664)] 德佬别睡太死,大的💊来了!(1833461853) -> 安全区是不是不允许打人👀
2023-05-07 20:36:26 V/Bot.270488994: [Public Dayz(697785664)] BigNB(86887878) -> 对
2023-05-07 20:36:31 V/Bot.270488994: [Public Dayz(697785664)] BigNB(86887878) -> 你要入住吗
2023-05-07 20:36:46 V/Bot.270488994: [Public Dayz(697785664)] 德佬别睡太死,大的💊来了!(1833461853) -> 我还没搞懂
2023-05-07 20:37:06 V/Bot.270488994: [Public Dayz(697785664)] 德佬别睡太死,大的💊来了!(1833461853) -> 我明天带我朋友一起来申请/汪汪
2023-05-07 20:37:17 V/Bot.270488994: [Public Dayz(697785664)] S_RobertoTH(173445004) -> /斜眼笑
2023-05-07 20:37:45 V/Bot.270488994: [Public Dayz(697785664)] 德佬别睡太死,大的💊来了!(1833461853) -> 地图是哪个图啊/汪汪
2023-05-07 20:40:41 V/Bot.270488994: [Public Dayz(697785664)] BigNB(86887878) -> 可以
2023-05-07 20:47:24 V/Bot.270488994: Group(697785664) <- 服务器规则\n(一)建造规则:\n1:海边城市内禁止三人以上队伍建家，三人以上必须去内陆建家，海边一千五百米都算是海边城市。\n2:一个队伍只允许在一处建筑建造基地，建造基地只能在自己所属基地添加建筑，不能堵周围通道和建筑。\n3:不允许在饮水点，军营，重要物资点建造建筑或封锁通道。大型资源点禁止建家。\n4.不允许在路上建家，发现违规可以联系群主删除违规建筑\n(二)突袭规则:\n1:拆家突袭时间为每周五19:00-周日22:00，以及所有的国家法定节假日。如果正在突袭过程中的一方进入对方基地，以最后突袭时间为准。\n2:拆除基地后，请带走自己需要的资源，如有不需要的资源，不允许恶意毁坏或者扬空他人基地物资。\n3:禁止拆除基地后从他人基地下线。如果上线后发现自己所处位置被建造成基地，请联系管理员拉出，禁止进行破坏。\n4:禁止使用一切卡BUG手段拆家或进入他人基地偷东西;不得利用自由建造机制无限叠瞭望塔进入他人基地。(可以造到官方设置的高度)\n5:小队与小队之间禁止合家，结盟拆家，以及超过五人的结盟战斗且通过人数建立不平衡优势的行为。\n6:在完全占领他人基地之前，禁止给他人基地上锁，换锁或者加门。\n(三)录屏规则:\n1:杀人必须录屏，需要录制最短五分钟的视频，从击杀那一刻往前推，五分钟的视频，录屏是回放式录制，不会影响正常游戏体验，杀完人按快捷键保存即可。谁杀人谁录制，不允许一队只有一人开录制，必须人人打开，谁杀谁录。\n2：拆家必须提前打开录制，录完整个拆家视频，从进去到出来的那一刻。\n3：被其他玩家击杀后，可以在半小时内要求群主帮忙查录屏，超出半小时则无法要求击杀者提供视频。\n4：如果击杀者在被要求拿出录屏的时候无法给出，会被记录没有录屏。每个人有两次机会因为各种因素导致的给不出录屏，第三次给不出会直接永久ban掉。\n录屏教程：\n如果你是Nvidia显卡用户，可以使用英伟达自带的驱动录制，录制方法如视频教程:https://www.bilibili.com/video/BV1zS4y1G7QA/\n如果你是其他显卡，可以使用OBS软件进行录制，录制方法教程如视频：https://www.bilibili.com/video/BV1QQ4y1h7Ru/\n(四）其他规则:\n1:禁止利用游戏机制中的漏洞来获得不公平的优势，在夜晚使用NVIDIA滤镜效果等。\n2:禁止任何性质的人身虐待、淫秽、骚扰、威胁、仇恨、种族歧视、同性歧视或诽谤言论;群内故意制造争端引起争吵也是不允许的。\n3:请勿在游戏群中点名违规者或作弊者，如果问题请私聊管理员处理。\n加入Public dayz服务器，即表示您同意我们的规则，规则将不定期更新。违反以上规定者视严重程度处3-7天甚至永久封禁。\n如果您退出了QQ群聊，即代表您放弃了白名单使用权。为防止作弊和违规行为的脱管，我们会对您的白名单进行收回。最后更新于:2023年4月27日
2023-05-07 20:55:44 V/Bot.270488994: Event: FriendNickChangedEvent(friend=Friend(2513935447), from=阿晶, to=C)
2023-05-07 20:59:00 V/Bot.270488994: [Public Dayz(697785664)] qiyonghan(2502510147) -> [mirai:quote:[mirai:source:ids=[46582], internalIds=[1116196822], from 1833461853 to 697785664 at 1683463065], content=<not yet initialized>][mirai:at:1833461853] 大图
2023-05-07 21:12:33 V/Bot.270488994: [Public Dayz(697785664)] SXDNR(3491151929) -> 小图基本没人玩
2023-05-07 21:12:35 V/Bot.270488994: [Public Dayz(697785664)] SXDNR(3491151929) -> [我方了]请使用最新版手机QQ体验新功能
2023-05-07 21:30:11 V/Bot.270488994: [Public Dayz(697785664)] joker(1031995161) -> 还得要钱呢
2023-05-07 21:32:11 V/Bot.270488994: [Public Dayz(697785664)] BigNB(86887878) -> 什么要钱
2023-05-07 21:35:25 V/Bot.270488994: [Public Dayz(697785664)] S_RobertoTH(173445004) -> dlc
2023-05-07 21:37:20 V/Bot.270488994: [Public Dayz(697785664)] xiongjie(759894122) -> 我已经买了dlc了/吃瓜南方简直就是战场，人多基本都能看到人
2023-05-07 21:37:36 V/Bot.270488994: [Public Dayz(697785664)] xiongjie(759894122) -> 每日每夜打成一片
2023-05-07 21:37:54 V/Bot.270488994: [Public Dayz(697785664)] aynami1314(2352325006) -> 主要是大枪基本都在南方
2023-05-07 21:38:07 V/Bot.270488994: [Public Dayz(697785664)] xiongjie(759894122) -> 没错/吃瓜
2023-05-07 21:38:15 V/Bot.270488994: [Public Dayz(697785664)] aynami1314(2352325006) -> 北方就毒区机场有好枪
2023-05-07 21:38:26 V/Bot.270488994: [Public Dayz(697785664)] xiongjie(759894122) -> 手雷也基本只在南方刷
2023-05-07 21:38:31 V/Bot.270488994: [Public Dayz(697785664)] aynami1314(2352325006) -> 但是北方你有搜不到啥防化服
2023-05-07 21:38:37 V/Bot.270488994: [Public Dayz(697785664)] xiongjie(759894122) -> 你要想有好装备就得去南方
2023-05-07 21:38:37 V/Bot.270488994: [Public Dayz(697785664)] aynami1314(2352325006) -> 就很矛盾
2023-05-07 21:38:45 V/Bot.270488994: [Public Dayz(697785664)] aynami1314(2352325006) -> 你得打完架回来搜
2023-05-07 21:38:57 V/Bot.270488994: [Public Dayz(697785664)] xiongjie(759894122) -> 但南方没有什么民用建筑，基本都是军营
2023-05-07 21:39:23 V/Bot.270488994: [Public Dayz(697785664)] xiongjie(759894122) -> 而且南方路特别难走，全是山卡拉
2023-05-07 21:39:59 V/Bot.270488994: [Public Dayz(697785664)] xiongjie(759894122) -> 不对照地图根本很难走，一不小心就迷路，萌新的噩梦
2023-05-07 21:40:06 V/Bot.270488994: [Public Dayz(697785664)] pan(775481796) -> 装备不好还得被熊扒
2023-05-07 21:40:45 V/Bot.270488994: [Public Dayz(697785664)] aynami1314(2352325006) -> 利沃尼亚我记得国内就没啥人开服
2023-05-07 21:40:57 V/Bot.270488994: [Public Dayz(697785664)] aynami1314(2352325006) -> 我就玩过一个张子服
2023-05-07 21:41:05 V/Bot.270488994: [Public Dayz(697785664)] aynami1314(2352325006) -> 还碰见腐竹了
2023-05-07 21:41:18 V/Bot.270488994: [Public Dayz(697785664)] aynami1314(2352325006) -> 他们说他们朋友开着玩的
2023-05-07 21:42:34 V/Bot.270488994: [Public Dayz(697785664)] xiongjie(759894122) -> 我记得利沃尼亚就一个大城
2023-05-07 21:42:50 V/Bot.270488994: [Public Dayz(697785664)] xiongjie(759894122) -> 剩下确实乡镇
2023-05-07 21:43:00 V/Bot.270488994: [Public Dayz(697785664)] xiongjie(759894122) -> 剩下全是乡镇
2023-05-07 21:45:35 V/Bot.270488994: [Public Dayz(697785664)] aynami1314(2352325006) -> 东部
2023-05-07 21:45:42 V/Bot.270488994: [Public Dayz(697785664)] aynami1314(2352325006) -> 靠近地图边境的
2023-05-07 21:54:01 V/Bot.270488994: Event: MemberCardChangeEvent(origin=, new=XiaoPangGe, member=NormalMember(2090720579))
2023-05-07 21:54:01 V/Bot.270488994: [Public Dayz(697785664)] XiaoPangGe(2090720579) -> 额  小图啊 我也没有买[冷汗]
2023-05-07 21:55:20 V/Bot.270488994: [Public Dayz(697785664)] SXDNR(3491151929) -> [变形]请使用最新版手机QQ体验新功能
2023-05-07 21:55:50 V/Bot.270488994: [Public Dayz(697785664)] 445566(1371632798) -> 纯净服一晚上也能有十来个人
2023-05-07 21:55:51 V/Bot.270488994: [Public Dayz(697785664)] SXDNR(3491151929) -> 所以不建议开小图
2023-05-07 21:56:31 V/Bot.270488994: [Public Dayz(697785664)] S_RobertoTH(173445004) -> 具有社交玩法的纯净服
2023-05-07 21:57:10 V/Bot.270488994: [Public Dayz(697785664)] 445566(1371632798) -> 仿官纯净我个人觉得挺好玩的
2023-05-07 21:58:34 V/Bot.270488994: [Public Dayz(697785664)] 445566(1371632798) -> 来几个实用的模组，十几个人打打架捡捡垃圾，能玩到游戏倒闭
2023-05-07 22:10:25 V/Bot.270488994: Event: FriendAvatarChangedEvent(friend=Friend(2324293526))
2023-05-07 22:10:56 V/Bot.270488994: Event: FriendAvatarChangedEvent(friend=Friend(3062209768))
2023-05-07 22:11:39 V/Bot.270488994: [Public Dayz(697785664)] Sakakibara Kouichi(617824037) -> 小图玩的人多
2023-05-07 22:11:47 V/Bot.270488994: [Public Dayz(697785664)] Sakakibara Kouichi(617824037) -> 打打架框框爽
2023-05-07 22:12:41 V/Bot.270488994: Event: FriendAvatarChangedEvent(friend=Friend(2324293526))
2023-05-07 22:12:51 V/Bot.270488994: Event: FriendAvatarChangedEvent(friend=Friend(2324293526))
2023-05-07 22:17:22 V/Bot.270488994: [Public Dayz(697785664)] 德佬别睡太死,大的💊来了!(1833461853) -> 需要dlc吗
2023-05-07 22:17:25 V/Bot.270488994: [Public Dayz(697785664)] 德佬别睡太死,大的💊来了!(1833461853) -> /睁眼/睁眼
2023-05-07 22:18:04 V/Bot.270488994: [Public Dayz(697785664)] xiongjie(759894122) -> 我觉得群里234个人里有30个人买了dlc就已经很了不起/吃瓜
2023-05-07 22:19:55 V/Bot.270488994: Event: FriendAvatarChangedEvent(friend=Friend(2324293526))
2023-05-07 22:27:35 V/Bot.270488994: [Public Dayz(697785664)] SXDNR(3491151929) -> 的确
2023-05-07 22:28:32 V/Bot.270488994: [Public Dayz(697785664)] Sakakibara Kouichi(617824037) -> 确实
2023-05-07 22:28:55 V/Bot.270488994: [Public Dayz(697785664)] 德佬别睡太死,大的💊来了!(1833461853) -> 所以要dlc不
2023-05-07 22:29:07 V/Bot.270488994: [Public Dayz(697785664)] BigNB(86887878) -> 现在不用
2023-05-07 22:29:18 V/Bot.270488994: [Public Dayz(697785664)] BigNB(86887878) -> 现在在考虑下个档要不要换
2023-05-07 22:29:54 V/Bot.270488994: [Public Dayz(697785664)] PapyrusXts(1206581727) -> 晚上跟瞎了一样
2023-05-07 22:30:10 V/Bot.270488994: [Public Dayz(697785664)] PapyrusXts(1206581727) -> 丧尸到脸上都看不到
2023-05-07 22:46:53 V/Bot.270488994: [Public Dayz(697785664)] xiongjie(759894122) -> 晚上谁有夜视仪谁是王
2023-05-07 22:47:25 V/Bot.270488994: [Public Dayz(697785664)] xiongjie(759894122) -> 黑夜和夜视仪照样能压制萌新/吃瓜
2023-05-07 22:48:52 V/Bot.270488994: Group(697785664) <- 服务器规则\n(一)建造规则:\n1:海边城市内禁止三人以上队伍建家，三人以上必须去内陆建家，海边一千五百米都算是海边城市。\n2:一个队伍只允许在一处建筑建造基地，建造基地只能在自己所属基地添加建筑，不能堵周围通道和建筑。\n3:不允许在饮水点，军营，重要物资点建造建筑或封锁通道。大型资源点禁止建家。\n4.不允许在路上建家，发现违规可以联系群主删除违规建筑\n(二)突袭规则:\n1:拆家突袭时间为每周五19:00-周日22:00，以及所有的国家法定节假日。如果正在突袭过程中的一方进入对方基地，以最后突袭时间为准。\n2:拆除基地后，请带走自己需要的资源，如有不需要的资源，不允许恶意毁坏或者扬空他人基地物资。\n3:禁止拆除基地后从他人基地下线。如果上线后发现自己所处位置被建造成基地，请联系管理员拉出，禁止进行破坏。\n4:禁止使用一切卡BUG手段拆家或进入他人基地偷东西;不得利用自由建造机制无限叠瞭望塔进入他人基地。(可以造到官方设置的高度)\n5:小队与小队之间禁止合家，结盟拆家，以及超过五人的结盟战斗且通过人数建立不平衡优势的行为。\n6:在完全占领他人基地之前，禁止给他人基地上锁，换锁或者加门。\n(三)录屏规则:\n1:杀人必须录屏，需要录制最短五分钟的视频，从击杀那一刻往前推，五分钟的视频，录屏是回放式录制，不会影响正常游戏体验，杀完人按快捷键保存即可。谁杀人谁录制，不允许一队只有一人开录制，必须人人打开，谁杀谁录。\n2：拆家必须提前打开录制，录完整个拆家视频，从进去到出来的那一刻。\n3：被其他玩家击杀后，可以在半小时内要求群主帮忙查录屏，超出半小时则无法要求击杀者提供视频。\n4：如果击杀者在被要求拿出录屏的时候无法给出，会被记录没有录屏。每个人有两次机会因为各种因素导致的给不出录屏，第三次给不出会直接永久ban掉。\n录屏教程：\n如果你是Nvidia显卡用户，可以使用英伟达自带的驱动录制，录制方法如视频教程:https://www.bilibili.com/video/BV1zS4y1G7QA/\n如果你是其他显卡，可以使用OBS软件进行录制，录制方法教程如视频：https://www.bilibili.com/video/BV1QQ4y1h7Ru/\n(四）其他规则:\n1:禁止利用游戏机制中的漏洞来获得不公平的优势，在夜晚使用NVIDIA滤镜效果等。\n2:禁止任何性质的人身虐待、淫秽、骚扰、威胁、仇恨、种族歧视、同性歧视或诽谤言论;群内故意制造争端引起争吵也是不允许的。\n3:请勿在游戏群中点名违规者或作弊者，如果问题请私聊管理员处理。\n加入Public dayz服务器，即表示您同意我们的规则，规则将不定期更新。违反以上规定者视严重程度处3-7天甚至永久封禁。\n如果您退出了QQ群聊，即代表您放弃了白名单使用权。为防止作弊和违规行为的脱管，我们会对您的白名单进行收回。最后更新于:2023年4月27日
2023-05-07 22:51:39 V/Bot.270488994: [Public Dayz(697785664)] Я(747692922) -> 利沃尼亚更好玩
2023-05-07 22:51:49 V/Bot.270488994: [Public Dayz(697785664)] 坤(963607316) -> [mirai:image:{EFA3F21D-7365-DBFC-A6F0-F57B8BB88E11}.jpg, width=400, height=400, size=15550, type=JPG, isEmoji=true]
2023-05-07 22:52:01 V/Bot.270488994: [Public Dayz(697785664)] Я(747692922) -> DLC是真的推荐没有买的去买
2023-05-07 22:52:10 V/Bot.270488994: [Public Dayz(697785664)] Я(747692922) -> 挂也少一点
2023-05-07 22:52:27 V/Bot.270488994: [Public Dayz(697785664)] Я(747692922) -> 调色鲜艳
2023-05-07 22:52:43 V/Bot.270488994: [Public Dayz(697785664)] Я(747692922) -> 还很热闹
2023-05-07 22:59:28 V/Bot.270488994: [Public Dayz(697785664)] 德佬别睡太死,大的💊来了!(1833461853) -> 这服
2023-05-07 22:59:34 V/Bot.270488994: [Public Dayz(697785664)] 德佬别睡太死,大的💊来了!(1833461853) -> 可以开滤镜不
2023-05-07 23:00:47 V/Bot.270488994: Event: FriendAvatarChangedEvent(friend=Friend(2602663646))
2023-05-07 23:00:51 V/Bot.270488994: Event: FriendNickChangedEvent(friend=Friend(2602663646), from=Y, to=途說)
2023-05-07 23:03:30 V/Bot.270488994: [Public Dayz(697785664)] pan(775481796) -> 可以开
2023-05-07 23:03:51 V/Bot.270488994: [Public Dayz(697785664)] pan(775481796) -> 但是没什么卵用/笑哭
2023-05-07 23:06:14 V/Bot.270488994: Event: FriendNickChangedEvent(friend=Friend(3476945944), from=麋鹿, to=将离)
2023-05-07 23:07:13 V/Bot.270488994: Event: FriendNickChangedEvent(friend=Friend(3476945944), from=将离, to=鸽子)
2023-05-07 23:22:51 V/Bot.270488994: [Public Dayz(697785664)] 德佬别睡太死,大的💊来了!(1833461853) -> 不哦
2023-05-07 23:22:58 V/Bot.270488994: [Public Dayz(697785664)] 德佬别睡太死,大的💊来了!(1833461853) -> 滤镜晚上和夜视仪一样
2023-05-07 23:23:04 V/Bot.270488994: [Public Dayz(697785664)] 德佬别睡太死,大的💊来了!(1833461853) -> 还看得更远
2023-05-07 23:31:06 V/Bot.270488994: [Public Dayz(697785664)] luo_han(3321105266) -> 开滤镜杀人的话 肯定被踢
2023-05-07 23:31:07 V/Bot.270488994: [Public Dayz(697785664)] luo_han(3321105266) -> [mirai:image:{34860699-A663-B7A0-37B1-C6A6FEC3814E}.gif, width=58, height=58, size=21720, type=GIF, isEmoji=true]
2023-05-07 23:36:03 V/Bot.270488994: [Public Dayz(697785664)] pan(775481796) -> 不会，你可以开一下试一试
2023-05-07 23:36:19 V/Bot.270488994: [Public Dayz(697785664)] pan(775481796) -> 保证还是黑得不见五指
2023-05-07 23:43:03 V/Bot.270488994: [Public Dayz(697785664)] 十一(793958379) -> 已经调过了
2023-05-07 23:43:11 V/Bot.270488994: [Public Dayz(697785664)] 十一(793958379) -> 黑的你妈的都不认识/汪汪
2023-05-07 23:43:52 V/Bot.270488994: [Public Dayz(697785664)] S_RobertoTH(173445004) -> 黑天调成白天 有点功利了
2023-05-07 23:44:03 V/Bot.270488994: [Public Dayz(697785664)] S_RobertoTH(173445004) -> 没有黑天的意义
2023-05-07 23:45:17 V/Bot.270488994: [Public Dayz(697785664)] 德佬别睡太死,大的💊来了!(1833461853) -> 确实
2023-05-07 23:45:22 V/Bot.270488994: [Public Dayz(697785664)] 德佬别睡太死,大的💊来了!(1833461853) -> [mirai:at:793958379] 你好
2023-05-07 23:45:41 V/Bot.270488994: [Public Dayz(697785664)] 德佬别睡太死,大的💊来了!(1833461853) -> 机器人
2023-05-07 23:45:45 V/Bot.270488994: [Public Dayz(697785664)] 德佬别睡太死,大的💊来了!(1833461853) -> 是谁
2023-05-07 23:47:10 V/Bot.270488994: [Public Dayz(697785664)] 德佬别睡太死,大的💊来了!(1833461853) -> [mirai:at:270488994] 转换为波西米亚id:76561199245267993
2023-05-07 23:47:11 V/Bot.270488994: Group(697785664) <- GZ56OTuDfTj-xLRWo7N775BjNmYw2erkmOq1uaqGNsM=
2023-05-07 23:47:15 V/Bot.270488994: [Public Dayz(697785664)] 十一(793958379) -> 那个服务器  好像凉了
2023-05-07 23:47:23 V/Bot.270488994: [Public Dayz(697785664)] 德佬别睡太死,大的💊来了!(1833461853) -> /大怨种/大怨种
2023-05-07 23:47:31 V/Bot.270488994: [Public Dayz(697785664)] 十一(793958379) -> 我搜三天的东西没了卧槽
