2023-05-05 00:04:29 V/Bot.270488994: [Public Dayz(697785664)] BigNB(86887878) -> [mirai:at:270488994] 在线人数
2023-05-05 00:04:30 V/Bot.270488994: Group(697785664) <- [mirai:quote:[mirai:source:ids=[45478], internalIds=[-1798574502], from group 86887878 to 697785664 at 1683216269], content=[mirai:at:270488994] 在线人数]服务器状态：在线，00点04分在线人数：1
2023-05-05 00:04:38 V/Bot.270488994: [Public Dayz(697785664)] BigNB(86887878) -> 怎么一下子下完了
2023-05-05 00:21:36 V/Bot.270488994: Group(697785664) <- 服务器规则\n(一)建造规则:\n1:海边城市内禁止三人以上队伍建家，三人以上必须去内陆建家，海边一千五百米都算是海边城市。\n2:一个队伍只允许在一处建筑建造基地，建造基地只能在自己所属基地添加建筑，不能堵周围通道和建筑。\n3:不允许在饮水点，军营，重要物资点建造建筑或封锁通道。大型资源点禁止建家。\n4.不允许在路上建家，发现违规可以联系群主删除违规建筑\n(二)突袭规则:\n1:拆家突袭时间为每周五19:00-周日22:00，以及所有的国家法定节假日。如果正在突袭过程中的一方进入对方基地，以最后突袭时间为准。\n2:拆除基地后，请带走自己需要的资源，如有不需要的资源，不允许恶意毁坏或者扬空他人基地物资。\n3:禁止拆除基地后从他人基地下线。如果上线后发现自己所处位置被建造成基地，请联系管理员拉出，禁止进行破坏。\n4:禁止使用一切卡BUG手段拆家或进入他人基地偷东西;不得利用自由建造机制无限叠瞭望塔进入他人基地。(可以造到官方设置的高度)\n5:小队与小队之间禁止合家，结盟拆家，以及超过五人的结盟战斗且通过人数建立不平衡优势的行为。\n6:在完全占领他人基地之前，禁止给他人基地上锁，换锁或者加门。\n(三)录屏规则:\n1:杀人必须录屏，需要录制最短五分钟的视频，从击杀那一刻往前推，五分钟的视频，录屏是回放式录制，不会影响正常游戏体验，杀完人按快捷键保存即可。谁杀人谁录制，不允许一队只有一人开录制，必须人人打开，谁杀谁录。\n2：拆家必须提前打开录制，录完整个拆家视频，从进去到出来的那一刻。\n3：被其他玩家击杀后，可以在半小时内要求群主帮忙查录屏，超出半小时则无法要求击杀者提供视频。\n4：如果击杀者在被要求拿出录屏的时候无法给出，会被记录没有录屏。每个人有两次机会因为各种因素导致的给不出录屏，第三次给不出会直接永久ban掉。\n录屏教程：\n如果你是Nvidia显卡用户，可以使用英伟达自带的驱动录制，录制方法如视频教程:https://www.bilibili.com/video/BV1zS4y1G7QA/\n如果你是其他显卡，可以使用OBS软件进行录制，录制方法教程如视频：https://www.bilibili.com/video/BV1QQ4y1h7Ru/\n(四）其他规则:\n1:禁止利用游戏机制中的漏洞来获得不公平的优势，在夜晚使用NVIDIA滤镜效果等。\n2:禁止任何性质的人身虐待、淫秽、骚扰、威胁、仇恨、种族歧视、同性歧视或诽谤言论;群内故意制造争端引起争吵也是不允许的。\n3:请勿在游戏群中点名违规者或作弊者，如果问题请私聊管理员处理。\n加入Public dayz服务器，即表示您同意我们的规则，规则将不定期更新。违反以上规定者视严重程度处3-7天甚至永久封禁。\n如果您退出了QQ群聊，即代表您放弃了白名单使用权。为防止作弊和违规行为的脱管，我们会对您的白名单进行收回。最后更新于:2023年4月27日
2023-05-05 02:22:49 V/Bot.270488994: Group(697785664) <- 服务器规则\n(一)建造规则:\n1:海边城市内禁止三人以上队伍建家，三人以上必须去内陆建家，海边一千五百米都算是海边城市。\n2:一个队伍只允许在一处建筑建造基地，建造基地只能在自己所属基地添加建筑，不能堵周围通道和建筑。\n3:不允许在饮水点，军营，重要物资点建造建筑或封锁通道。大型资源点禁止建家。\n4.不允许在路上建家，发现违规可以联系群主删除违规建筑\n(二)突袭规则:\n1:拆家突袭时间为每周五19:00-周日22:00，以及所有的国家法定节假日。如果正在突袭过程中的一方进入对方基地，以最后突袭时间为准。\n2:拆除基地后，请带走自己需要的资源，如有不需要的资源，不允许恶意毁坏或者扬空他人基地物资。\n3:禁止拆除基地后从他人基地下线。如果上线后发现自己所处位置被建造成基地，请联系管理员拉出，禁止进行破坏。\n4:禁止使用一切卡BUG手段拆家或进入他人基地偷东西;不得利用自由建造机制无限叠瞭望塔进入他人基地。(可以造到官方设置的高度)\n5:小队与小队之间禁止合家，结盟拆家，以及超过五人的结盟战斗且通过人数建立不平衡优势的行为。\n6:在完全占领他人基地之前，禁止给他人基地上锁，换锁或者加门。\n(三)录屏规则:\n1:杀人必须录屏，需要录制最短五分钟的视频，从击杀那一刻往前推，五分钟的视频，录屏是回放式录制，不会影响正常游戏体验，杀完人按快捷键保存即可。谁杀人谁录制，不允许一队只有一人开录制，必须人人打开，谁杀谁录。\n2：拆家必须提前打开录制，录完整个拆家视频，从进去到出来的那一刻。\n3：被其他玩家击杀后，可以在半小时内要求群主帮忙查录屏，超出半小时则无法要求击杀者提供视频。\n4：如果击杀者在被要求拿出录屏的时候无法给出，会被记录没有录屏。每个人有两次机会因为各种因素导致的给不出录屏，第三次给不出会直接永久ban掉。\n录屏教程：\n如果你是Nvidia显卡用户，可以使用英伟达自带的驱动录制，录制方法如视频教程:https://www.bilibili.com/video/BV1zS4y1G7QA/\n如果你是其他显卡，可以使用OBS软件进行录制，录制方法教程如视频：https://www.bilibili.com/video/BV1QQ4y1h7Ru/\n(四）其他规则:\n1:禁止利用游戏机制中的漏洞来获得不公平的优势，在夜晚使用NVIDIA滤镜效果等。\n2:禁止任何性质的人身虐待、淫秽、骚扰、威胁、仇恨、种族歧视、同性歧视或诽谤言论;群内故意制造争端引起争吵也是不允许的。\n3:请勿在游戏群中点名违规者或作弊者，如果问题请私聊管理员处理。\n加入Public dayz服务器，即表示您同意我们的规则，规则将不定期更新。违反以上规定者视严重程度处3-7天甚至永久封禁。\n如果您退出了QQ群聊，即代表您放弃了白名单使用权。为防止作弊和违规行为的脱管，我们会对您的白名单进行收回。最后更新于:2023年4月27日
2023-05-05 04:23:53 V/Bot.270488994: Group(697785664) <- 服务器规则\n(一)建造规则:\n1:海边城市内禁止三人以上队伍建家，三人以上必须去内陆建家，海边一千五百米都算是海边城市。\n2:一个队伍只允许在一处建筑建造基地，建造基地只能在自己所属基地添加建筑，不能堵周围通道和建筑。\n3:不允许在饮水点，军营，重要物资点建造建筑或封锁通道。大型资源点禁止建家。\n4.不允许在路上建家，发现违规可以联系群主删除违规建筑\n(二)突袭规则:\n1:拆家突袭时间为每周五19:00-周日22:00，以及所有的国家法定节假日。如果正在突袭过程中的一方进入对方基地，以最后突袭时间为准。\n2:拆除基地后，请带走自己需要的资源，如有不需要的资源，不允许恶意毁坏或者扬空他人基地物资。\n3:禁止拆除基地后从他人基地下线。如果上线后发现自己所处位置被建造成基地，请联系管理员拉出，禁止进行破坏。\n4:禁止使用一切卡BUG手段拆家或进入他人基地偷东西;不得利用自由建造机制无限叠瞭望塔进入他人基地。(可以造到官方设置的高度)\n5:小队与小队之间禁止合家，结盟拆家，以及超过五人的结盟战斗且通过人数建立不平衡优势的行为。\n6:在完全占领他人基地之前，禁止给他人基地上锁，换锁或者加门。\n(三)录屏规则:\n1:杀人必须录屏，需要录制最短五分钟的视频，从击杀那一刻往前推，五分钟的视频，录屏是回放式录制，不会影响正常游戏体验，杀完人按快捷键保存即可。谁杀人谁录制，不允许一队只有一人开录制，必须人人打开，谁杀谁录。\n2：拆家必须提前打开录制，录完整个拆家视频，从进去到出来的那一刻。\n3：被其他玩家击杀后，可以在半小时内要求群主帮忙查录屏，超出半小时则无法要求击杀者提供视频。\n4：如果击杀者在被要求拿出录屏的时候无法给出，会被记录没有录屏。每个人有两次机会因为各种因素导致的给不出录屏，第三次给不出会直接永久ban掉。\n录屏教程：\n如果你是Nvidia显卡用户，可以使用英伟达自带的驱动录制，录制方法如视频教程:https://www.bilibili.com/video/BV1zS4y1G7QA/\n如果你是其他显卡，可以使用OBS软件进行录制，录制方法教程如视频：https://www.bilibili.com/video/BV1QQ4y1h7Ru/\n(四）其他规则:\n1:禁止利用游戏机制中的漏洞来获得不公平的优势，在夜晚使用NVIDIA滤镜效果等。\n2:禁止任何性质的人身虐待、淫秽、骚扰、威胁、仇恨、种族歧视、同性歧视或诽谤言论;群内故意制造争端引起争吵也是不允许的。\n3:请勿在游戏群中点名违规者或作弊者，如果问题请私聊管理员处理。\n加入Public dayz服务器，即表示您同意我们的规则，规则将不定期更新。违反以上规定者视严重程度处3-7天甚至永久封禁。\n如果您退出了QQ群聊，即代表您放弃了白名单使用权。为防止作弊和违规行为的脱管，我们会对您的白名单进行收回。最后更新于:2023年4月27日
2023-05-05 04:24:11 V/Bot.270488994: [Public Dayz(697785664)] 蓮華(2685775574) -> [mirai:at:270488994] 在线人数
2023-05-05 04:24:11 V/Bot.270488994: Group(697785664) <- [mirai:quote:[mirai:source:ids=[45484], internalIds=[1039671894], from group 2685775574 to 697785664 at 1683231851], content=[mirai:at:270488994] 在线人数]服务器状态：在线，04点12分在线人数：1
2023-05-05 05:26:14 V/Bot.270488994: [Public Dayz(697785664)] S_RobertoTH(173445004) -> [mirai:at:270488994] 在线人数
2023-05-05 05:26:14 V/Bot.270488994: Group(697785664) <- [mirai:quote:[mirai:source:ids=[45486], internalIds=[28342136], from group 173445004 to 697785664 at 1683235575], content=[mirai:at:270488994] 在线人数]服务器状态：在线，04点12分在线人数：1
2023-05-05 06:24:59 V/Bot.270488994: Group(697785664) <- 服务器规则\n(一)建造规则:\n1:海边城市内禁止三人以上队伍建家，三人以上必须去内陆建家，海边一千五百米都算是海边城市。\n2:一个队伍只允许在一处建筑建造基地，建造基地只能在自己所属基地添加建筑，不能堵周围通道和建筑。\n3:不允许在饮水点，军营，重要物资点建造建筑或封锁通道。大型资源点禁止建家。\n4.不允许在路上建家，发现违规可以联系群主删除违规建筑\n(二)突袭规则:\n1:拆家突袭时间为每周五19:00-周日22:00，以及所有的国家法定节假日。如果正在突袭过程中的一方进入对方基地，以最后突袭时间为准。\n2:拆除基地后，请带走自己需要的资源，如有不需要的资源，不允许恶意毁坏或者扬空他人基地物资。\n3:禁止拆除基地后从他人基地下线。如果上线后发现自己所处位置被建造成基地，请联系管理员拉出，禁止进行破坏。\n4:禁止使用一切卡BUG手段拆家或进入他人基地偷东西;不得利用自由建造机制无限叠瞭望塔进入他人基地。(可以造到官方设置的高度)\n5:小队与小队之间禁止合家，结盟拆家，以及超过五人的结盟战斗且通过人数建立不平衡优势的行为。\n6:在完全占领他人基地之前，禁止给他人基地上锁，换锁或者加门。\n(三)录屏规则:\n1:杀人必须录屏，需要录制最短五分钟的视频，从击杀那一刻往前推，五分钟的视频，录屏是回放式录制，不会影响正常游戏体验，杀完人按快捷键保存即可。谁杀人谁录制，不允许一队只有一人开录制，必须人人打开，谁杀谁录。\n2：拆家必须提前打开录制，录完整个拆家视频，从进去到出来的那一刻。\n3：被其他玩家击杀后，可以在半小时内要求群主帮忙查录屏，超出半小时则无法要求击杀者提供视频。\n4：如果击杀者在被要求拿出录屏的时候无法给出，会被记录没有录屏。每个人有两次机会因为各种因素导致的给不出录屏，第三次给不出会直接永久ban掉。\n录屏教程：\n如果你是Nvidia显卡用户，可以使用英伟达自带的驱动录制，录制方法如视频教程:https://www.bilibili.com/video/BV1zS4y1G7QA/\n如果你是其他显卡，可以使用OBS软件进行录制，录制方法教程如视频：https://www.bilibili.com/video/BV1QQ4y1h7Ru/\n(四）其他规则:\n1:禁止利用游戏机制中的漏洞来获得不公平的优势，在夜晚使用NVIDIA滤镜效果等。\n2:禁止任何性质的人身虐待、淫秽、骚扰、威胁、仇恨、种族歧视、同性歧视或诽谤言论;群内故意制造争端引起争吵也是不允许的。\n3:请勿在游戏群中点名违规者或作弊者，如果问题请私聊管理员处理。\n加入Public dayz服务器，即表示您同意我们的规则，规则将不定期更新。违反以上规定者视严重程度处3-7天甚至永久封禁。\n如果您退出了QQ群聊，即代表您放弃了白名单使用权。为防止作弊和违规行为的脱管，我们会对您的白名单进行收回。最后更新于:2023年4月27日
2023-05-05 07:52:06 V/Bot.270488994: [Public Dayz(697785664)] BigNB(86887878) -> [mirai:at:270488994] 在线人数
2023-05-05 07:52:07 V/Bot.270488994: Group(697785664) <- [mirai:quote:[mirai:source:ids=[45489], internalIds=[592449511], from group 86887878 to 697785664 at 1683244327], content=[mirai:at:270488994] 在线人数]获取在线人数失败，稍后重试！
2023-05-05 08:17:42 V/Bot.270488994: [Public Dayz(697785664)] BigNB(86887878) -> @瓦力 在线人数
2023-05-05 08:26:03 V/Bot.270488994: Group(697785664) <- 服务器规则\n(一)建造规则:\n1:海边城市内禁止三人以上队伍建家，三人以上必须去内陆建家，海边一千五百米都算是海边城市。\n2:一个队伍只允许在一处建筑建造基地，建造基地只能在自己所属基地添加建筑，不能堵周围通道和建筑。\n3:不允许在饮水点，军营，重要物资点建造建筑或封锁通道。大型资源点禁止建家。\n4.不允许在路上建家，发现违规可以联系群主删除违规建筑\n(二)突袭规则:\n1:拆家突袭时间为每周五19:00-周日22:00，以及所有的国家法定节假日。如果正在突袭过程中的一方进入对方基地，以最后突袭时间为准。\n2:拆除基地后，请带走自己需要的资源，如有不需要的资源，不允许恶意毁坏或者扬空他人基地物资。\n3:禁止拆除基地后从他人基地下线。如果上线后发现自己所处位置被建造成基地，请联系管理员拉出，禁止进行破坏。\n4:禁止使用一切卡BUG手段拆家或进入他人基地偷东西;不得利用自由建造机制无限叠瞭望塔进入他人基地。(可以造到官方设置的高度)\n5:小队与小队之间禁止合家，结盟拆家，以及超过五人的结盟战斗且通过人数建立不平衡优势的行为。\n6:在完全占领他人基地之前，禁止给他人基地上锁，换锁或者加门。\n(三)录屏规则:\n1:杀人必须录屏，需要录制最短五分钟的视频，从击杀那一刻往前推，五分钟的视频，录屏是回放式录制，不会影响正常游戏体验，杀完人按快捷键保存即可。谁杀人谁录制，不允许一队只有一人开录制，必须人人打开，谁杀谁录。\n2：拆家必须提前打开录制，录完整个拆家视频，从进去到出来的那一刻。\n3：被其他玩家击杀后，可以在半小时内要求群主帮忙查录屏，超出半小时则无法要求击杀者提供视频。\n4：如果击杀者在被要求拿出录屏的时候无法给出，会被记录没有录屏。每个人有两次机会因为各种因素导致的给不出录屏，第三次给不出会直接永久ban掉。\n录屏教程：\n如果你是Nvidia显卡用户，可以使用英伟达自带的驱动录制，录制方法如视频教程:https://www.bilibili.com/video/BV1zS4y1G7QA/\n如果你是其他显卡，可以使用OBS软件进行录制，录制方法教程如视频：https://www.bilibili.com/video/BV1QQ4y1h7Ru/\n(四）其他规则:\n1:禁止利用游戏机制中的漏洞来获得不公平的优势，在夜晚使用NVIDIA滤镜效果等。\n2:禁止任何性质的人身虐待、淫秽、骚扰、威胁、仇恨、种族歧视、同性歧视或诽谤言论;群内故意制造争端引起争吵也是不允许的。\n3:请勿在游戏群中点名违规者或作弊者，如果问题请私聊管理员处理。\n加入Public dayz服务器，即表示您同意我们的规则，规则将不定期更新。违反以上规定者视严重程度处3-7天甚至永久封禁。\n如果您退出了QQ群聊，即代表您放弃了白名单使用权。为防止作弊和违规行为的脱管，我们会对您的白名单进行收回。最后更新于:2023年4月27日
2023-05-05 08:44:42 V/Bot.270488994: [Public Dayz(697785664)] panghu(1248044639) -> [mirai:at:270488994] 在线人数
2023-05-05 08:44:43 V/Bot.270488994: Group(697785664) <- [mirai:quote:[mirai:source:ids=[45493], internalIds=[434135750], from group 1248044639 to 697785664 at 1683247483], content=[mirai:at:270488994] 在线人数]服务器状态：在线，08点43分在线人数：1
2023-05-05 09:07:42 V/Bot.270488994: Event: MemberJoinRequestEvent(bot=Bot(270488994), eventId=1683248863101885, message=大家好，我是乌拉拉, fromId=3199603412, groupId=697785664, groupName=Public Dayz, fromNick=乌拉拉, invitorId=null)
2023-05-05 09:52:21 V/Bot.270488994: [Public Dayz(697785664)] panghu(1248044639) -> [mirai:at:270488994] 我在哪
2023-05-05 09:52:22 V/Bot.270488994: Group(697785664) <- 未查询到你的信息，请确保你已经在线，并且群昵称是你的游戏昵称！
2023-05-05 09:52:36 V/Bot.270488994: [Public Dayz(697785664)] panghu(1248044639) -> [mirai:at:270488994] 我在哪
2023-05-05 09:52:37 V/Bot.270488994: Group(697785664) <- 未查询到你的信息，请确保你已经在线，并且群昵称是你的游戏昵称！
2023-05-05 09:53:38 V/Bot.270488994: [Public Dayz(697785664)] panghu(1248044639) -> [mirai:at:270488994] 我在哪
2023-05-05 09:53:39 V/Bot.270488994: Group(697785664) <- 未查询到你的信息，请确保你已经在线，并且群昵称是你的游戏昵称！
2023-05-05 09:55:29 V/Bot.270488994: [Public Dayz(697785664)] xiaowang(2983870951) -> [mirai:at:1248044639] 改成你的游戏名字
2023-05-05 09:59:27 V/Bot.270488994: [Public Dayz(697785664)] panghu(1248044639) -> @瓦力 我在哪
2023-05-05 09:59:39 V/Bot.270488994: [Public Dayz(697785664)] panghu(1248044639) -> [mirai:at:270488994] 我在哪
2023-05-05 09:59:40 V/Bot.270488994: Group(697785664) <- [mirai:quote:[mirai:source:ids=[45503], internalIds=[81692494], from group 1248044639 to 697785664 at 1683251980], content=[mirai:at:270488994] 我在哪]panghu\n位置：(x:9084.3,y: 3577.0)\n时间：09时58分
2023-05-05 10:04:08 V/Bot.270488994: [Public Dayz(697785664)] panghu(1248044639) -> [mirai:at:270488994] 我在哪
2023-05-05 10:04:10 V/Bot.270488994: Group(697785664) <- [mirai:quote:[mirai:source:ids=[45505], internalIds=[157862385], from group 1248044639 to 697785664 at 1683252249], content=[mirai:at:270488994] 我在哪]panghu\n位置：(x:9261.9,y: 2810.4)\n时间：10时03分
2023-05-05 10:05:50 V/Bot.270488994: [Public Dayz(697785664)] panghu(1248044639) -> [mirai:at:270488994] 我在哪
2023-05-05 10:05:51 V/Bot.270488994: Group(697785664) <- [mirai:quote:[mirai:source:ids=[45507], internalIds=[-706696924], from group 1248044639 to 697785664 at 1683252352], content=[mirai:at:270488994] 我在哪]panghu\n位置：(x:9261.9,y: 2810.4)\n时间：10时03分
2023-05-05 10:06:21 V/Bot.270488994: [Public Dayz(697785664)] panghu(1248044639) -> [mirai:at:270488994] 我在哪
2023-05-05 10:06:22 V/Bot.270488994: Group(697785664) <- [mirai:quote:[mirai:source:ids=[45509], internalIds=[843133115], from group 1248044639 to 697785664 at 1683252382], content=[mirai:at:270488994] 我在哪]panghu\n位置：(x:9261.9,y: 2810.4)\n时间：10时03分
2023-05-05 10:08:07 V/Bot.270488994: [Public Dayz(697785664)] panghu(1248044639) -> [mirai:at:270488994] 我在哪
2023-05-05 10:08:08 V/Bot.270488994: Group(697785664) <- [mirai:quote:[mirai:source:ids=[45511], internalIds=[-1165005330], from group 1248044639 to 697785664 at 1683252488], content=[mirai:at:270488994] 我在哪]panghu\n位置：(x:9261.9,y: 2810.4)\n时间：10时03分
2023-05-05 10:13:03 V/Bot.270488994: [Public Dayz(697785664)] panghu(1248044639) -> [mirai:image:{2A18930C-0BBF-2F66-1A20-D692819FD516}.png, width=373, height=105, size=67754, type=PNG, isEmoji=false]
2023-05-05 10:13:07 V/Bot.270488994: [Public Dayz(697785664)] panghu(1248044639) -> 这是咋了
2023-05-05 10:13:30 V/Bot.270488994: [Public Dayz(697785664)] BigNB(86887878) -> 感冒了
2023-05-05 10:13:33 V/Bot.270488994: [Public Dayz(697785664)] BigNB(86887878) -> 要吃四环素
2023-05-05 10:13:39 V/Bot.270488994: [Public Dayz(697785664)] ベ断桥烟雨ミ(3150218092) -> 看自身状况
2023-05-05 10:14:11 V/Bot.270488994: [Public Dayz(697785664)] panghu(1248044639) -> 没见过啊
2023-05-05 10:14:15 V/Bot.270488994: [Public Dayz(697785664)] panghu(1248044639) -> 我穿的棉衣
2023-05-05 10:14:19 V/Bot.270488994: [Public Dayz(697785664)] panghu(1248044639) -> 都感冒了
2023-05-05 10:14:43 V/Bot.270488994: [Public Dayz(697785664)] BigNB(86887878) -> 你可以来c城第一高楼区
2023-05-05 10:14:47 V/Bot.270488994: [Public Dayz(697785664)] BigNB(86887878) -> 我身上有四环素
2023-05-05 10:14:50 V/Bot.270488994: [Public Dayz(697785664)] BigNB(86887878) -> 可以给你
2023-05-05 10:16:33 V/Bot.270488994: [Public Dayz(697785664)] panghu(1248044639) -> 刚刚入坑
2023-05-05 10:16:35 V/Bot.270488994: [Public Dayz(697785664)] panghu(1248044639) -> 不会玩
2023-05-05 10:16:43 V/Bot.270488994: [Public Dayz(697785664)] panghu(1248044639) -> [mirai:image:{FC37588E-57E6-7A90-FA21-C3677AA5281C}.gif, width=373, height=487, size=904881, type=GIF, isEmoji=true]
2023-05-05 10:18:12 V/Bot.270488994: [Public Dayz(697785664)] BigNB(86887878) -> [mirai:image:{40164F8E-1FC9-BF5C-A6C3-54D33D397632}.png, width=1354, height=826, size=1802641, type=PNG, isEmoji=false]
2023-05-05 10:18:14 V/Bot.270488994: [Public Dayz(697785664)] BigNB(86887878) -> 你在这红点
2023-05-05 10:18:18 V/Bot.270488994: [Public Dayz(697785664)] BigNB(86887878) -> 你往前面这边走
2023-05-05 10:18:23 V/Bot.270488994: [Public Dayz(697785664)] BigNB(86887878) -> 靠海公路
2023-05-05 10:19:26 V/Bot.270488994: [Public Dayz(697785664)] panghu(1248044639) -> 我不要你的
2023-05-05 10:19:29 V/Bot.270488994: [Public Dayz(697785664)] panghu(1248044639) -> 我怕你杀我
2023-05-05 10:19:49 V/Bot.270488994: [Public Dayz(697785664)] panghu(1248044639) -> 是不是这里
2023-05-05 10:19:49 V/Bot.270488994: [Public Dayz(697785664)] panghu(1248044639) -> [mirai:image:{BE5C2864-73CA-E7BC-7C57-A4BAA0E5ED40}.png, width=1920, height=1080, size=2401582, type=PNG, isEmoji=false]
2023-05-05 10:20:41 V/Bot.270488994: [Public Dayz(697785664)] BigNB(86887878) -> 对
2023-05-05 10:20:42 V/Bot.270488994: [Public Dayz(697785664)] BigNB(86887878) -> 我不打你
2023-05-05 10:20:44 V/Bot.270488994: [Public Dayz(697785664)] BigNB(86887878) -> 我是好人
2023-05-05 10:21:01 V/Bot.270488994: [Public Dayz(697785664)] BigNB(86887878) -> [mirai:image:{96F2A011-F099-FE66-8871-73D8E4462CAA}.png, width=251, height=212, size=45355, type=PNG, isEmoji=false]
2023-05-05 10:21:03 V/Bot.270488994: [Public Dayz(697785664)] BigNB(86887878) -> 我给你
2023-05-05 10:21:20 V/Bot.270488994: [Public Dayz(697785664)] BigNB(86887878) -> 真心换真心
2023-05-05 10:23:48 V/Bot.270488994: [Public Dayz(697785664)] panghu(1248044639) -> 我到楼下
2023-05-05 10:24:10 V/Bot.270488994: [Public Dayz(697785664)] BigNB(86887878) -> 有没有看见金属围栏
2023-05-05 10:24:20 V/Bot.270488994: [Public Dayz(697785664)] panghu(1248044639) -> [mirai:image:{D503228A-B0A3-DCF0-3F96-38D0A1179A74}.png, width=1920, height=1080, size=2975953, type=PNG, isEmoji=false]
2023-05-05 10:24:24 V/Bot.270488994: [Public Dayz(697785664)] panghu(1248044639) -> 不知道是不是这里啊
2023-05-05 10:24:28 V/Bot.270488994: [Public Dayz(697785664)] panghu(1248044639) -> 我都不认识路
2023-05-05 10:24:32 V/Bot.270488994: [Public Dayz(697785664)] BigNB(86887878) -> 我是连排这边
2023-05-05 10:24:36 V/Bot.270488994: [Public Dayz(697785664)] BigNB(86887878) -> 我开两枪
2023-05-05 10:24:37 V/Bot.270488994: [Public Dayz(697785664)] BigNB(86887878) -> 你过来
2023-05-05 10:24:46 V/Bot.270488994: [Public Dayz(697785664)] BigNB(86887878) -> 我顺便清下僵尸
2023-05-05 10:25:08 V/Bot.270488994: [Public Dayz(697785664)] BigNB(86887878) -> 听见你了
2023-05-05 10:25:09 V/Bot.270488994: [Public Dayz(697785664)] BigNB(86887878) -> 你来吧
2023-05-05 10:25:11 V/Bot.270488994: [Public Dayz(697785664)] BigNB(86887878) -> 在附近了
2023-05-05 10:27:12 V/Bot.270488994: Group(697785664) <- 服务器规则\n(一)建造规则:\n1:海边城市内禁止三人以上队伍建家，三人以上必须去内陆建家，海边一千五百米都算是海边城市。\n2:一个队伍只允许在一处建筑建造基地，建造基地只能在自己所属基地添加建筑，不能堵周围通道和建筑。\n3:不允许在饮水点，军营，重要物资点建造建筑或封锁通道。大型资源点禁止建家。\n4.不允许在路上建家，发现违规可以联系群主删除违规建筑\n(二)突袭规则:\n1:拆家突袭时间为每周五19:00-周日22:00，以及所有的国家法定节假日。如果正在突袭过程中的一方进入对方基地，以最后突袭时间为准。\n2:拆除基地后，请带走自己需要的资源，如有不需要的资源，不允许恶意毁坏或者扬空他人基地物资。\n3:禁止拆除基地后从他人基地下线。如果上线后发现自己所处位置被建造成基地，请联系管理员拉出，禁止进行破坏。\n4:禁止使用一切卡BUG手段拆家或进入他人基地偷东西;不得利用自由建造机制无限叠瞭望塔进入他人基地。(可以造到官方设置的高度)\n5:小队与小队之间禁止合家，结盟拆家，以及超过五人的结盟战斗且通过人数建立不平衡优势的行为。\n6:在完全占领他人基地之前，禁止给他人基地上锁，换锁或者加门。\n(三)录屏规则:\n1:杀人必须录屏，需要录制最短五分钟的视频，从击杀那一刻往前推，五分钟的视频，录屏是回放式录制，不会影响正常游戏体验，杀完人按快捷键保存即可。谁杀人谁录制，不允许一队只有一人开录制，必须人人打开，谁杀谁录。\n2：拆家必须提前打开录制，录完整个拆家视频，从进去到出来的那一刻。\n3：被其他玩家击杀后，可以在半小时内要求群主帮忙查录屏，超出半小时则无法要求击杀者提供视频。\n4：如果击杀者在被要求拿出录屏的时候无法给出，会被记录没有录屏。每个人有两次机会因为各种因素导致的给不出录屏，第三次给不出会直接永久ban掉。\n录屏教程：\n如果你是Nvidia显卡用户，可以使用英伟达自带的驱动录制，录制方法如视频教程:https://www.bilibili.com/video/BV1zS4y1G7QA/\n如果你是其他显卡，可以使用OBS软件进行录制，录制方法教程如视频：https://www.bilibili.com/video/BV1QQ4y1h7Ru/\n(四）其他规则:\n1:禁止利用游戏机制中的漏洞来获得不公平的优势，在夜晚使用NVIDIA滤镜效果等。\n2:禁止任何性质的人身虐待、淫秽、骚扰、威胁、仇恨、种族歧视、同性歧视或诽谤言论;群内故意制造争端引起争吵也是不允许的。\n3:请勿在游戏群中点名违规者或作弊者，如果问题请私聊管理员处理。\n加入Public dayz服务器，即表示您同意我们的规则，规则将不定期更新。违反以上规定者视严重程度处3-7天甚至永久封禁。\n如果您退出了QQ群聊，即代表您放弃了白名单使用权。为防止作弊和违规行为的脱管，我们会对您的白名单进行收回。最后更新于:2023年4月27日
2023-05-05 10:28:22 V/Bot.270488994: [Public Dayz(697785664)] panghu(1248044639) -> 我说话你听不见
2023-05-05 10:28:37 V/Bot.270488994: [Public Dayz(697785664)] BigNB(86887878) -> 你没开麦
2023-05-05 10:33:11 V/Bot.270488994: Event: MemberJoinRequestEvent(bot=Bot(270488994), eventId=1683253992904916, message=dayz坐牢，认准pvp，快放我进去, fromId=1055387847, groupId=697785664, groupName=Public Dayz, fromNick=八御, invitorId=null)
2023-05-05 10:33:13 V/Bot.270488994: Event: MemberJoinEvent.Active(member=1055387847)
2023-05-05 10:33:14 V/Bot.270488994: Group(697785664) <- [mirai:at:1055387847] 欢迎八御入群! 白名单申请看公告，把steam资料设置全部公开。格式:\nqq:xxxxxxx\nsteamid:xxxxxxxxxxxxxxxx\n波西米亚id:xxxxxxxxx\n游戏昵称:xxx。\n波西米亚id获取方式：群里AT机器人发送命令：转换为波西米亚id:此处填写你的steam17位id。\n以上面这个格式发送给群主\nsteamid获取方式:https://www.bilibili.com/video/BV14a411W7gU/\n进服务器方法http://dayzguide.qiyonghan.icu/
2023-05-05 10:33:51 V/Bot.270488994: [Public Dayz(697785664)] xiaowang(2983870951) -> [mirai:image:{FBE04AEF-BD4E-6AD4-B054-13B95D31512A}.gif, width=87, height=87, size=7248, type=GIF, isEmoji=false]
2023-05-05 10:34:51 V/Bot.270488994: Event: MemberCardChangeEvent(origin=八御, new=, member=NormalMember(1055387847))
2023-05-05 10:34:51 V/Bot.270488994: [Public Dayz(697785664)] 八御(1055387847) -> [mirai:image:{B1E26F58-7289-C1B4-42A0-875A6C90739D}.jpg, width=90, height=88, size=1673, type=JPG, isEmoji=true]
2023-05-05 10:36:00 V/Bot.270488994: [Public Dayz(697785664)] qiyonghan(2502510147) -> 刚刚被机器人拒绝的是你吗
2023-05-05 10:36:24 V/Bot.270488994: [Public Dayz(697785664)] 八御(1055387847) -> 啊，什么拒绝了
2023-05-05 10:38:07 V/Bot.270488994: [Public Dayz(697785664)] qiyonghan(2502510147) -> 早上有个人加群 qq等级太低被机器人自动拒绝了
2023-05-05 10:38:54 V/Bot.270488994: [Public Dayz(697785664)] 八御(1055387847) -> 那不是我，我刚刚才看到咱们服
2023-05-05 10:42:32 V/Bot.270488994: [Public Dayz(697785664)] 八御(1055387847) -> 波黑id怎么看啊
2023-05-05 10:43:07 V/Bot.270488994: [Public Dayz(697785664)] BigNB(86887878) -> 你的st的id
2023-05-05 10:43:11 V/Bot.270488994: [Public Dayz(697785664)] BigNB(86887878) -> 艾特机器人转换
2023-05-05 10:43:33 V/Bot.270488994: [Public Dayz(697785664)] 八御(1055387847) -> [mirai:at:270488994] 转换为波西米亚id:76561198295772950
2023-05-05 10:43:34 V/Bot.270488994: Group(697785664) <- 1wYhEvnORBYq4dE14iO7UtppcZ4rZQq7cTM3c4XuHiI=
2023-05-05 10:43:42 V/Bot.270488994: Event: MemberPermissionChangeEvent(member=NormalMember(86887878), origin=MEMBER, new=ADMINISTRATOR)
2023-05-05 10:43:43 V/Bot.270488994: [Public Dayz(697785664)] BigNB(86887878) -> [mirai:at:2502510147]
2023-05-05 10:56:54 V/Bot.270488994: [Public Dayz(697785664)] panghu(1248044639) -> [mirai:image:{048904A5-2678-E8FC-67EC-76EF33BE1BA3}.png, width=242, height=110, size=47207, type=PNG, isEmoji=false]
2023-05-05 10:57:04 V/Bot.270488994: [Public Dayz(697785664)] BigNB(86887878) -> [mirai:app:{"app":"com.tencent.mannounce","config":{"ctime":1683255425,"forward":0,"token":"4752e8557866ee33b8600fda88480bd3"},"desc":"群公告","extra":{"app_type":1,"appid":1101236949,"uin":86887878},"meta":{"mannounce":{"cr":1,"encode":1,"fid":"405d972900000000817054648ccd0300","gc":"697785664","sign":"ecb2c47427de404aa0586d14e5d0d2fd","text":"5Li65LqG6JCM5paw5Lul5Y+K5paw6L+b5pyN546p5a625pu05aW955qE5ri45oiP5L2T6aqM77yM546w5Zyo5pyN5Yqh5Zmo5YeG5aSH5byA5pS+5a6J5YWo5Yy657uZ6JCM5paw6L+H5rih5YmN5pyf77yM5Y+v5Lul5om+5pyN5Li75oiW6ICF576k566h55CG55Sz6K+35a6J5YWo5Yy65YWs5a+T5qW85YWl6am777yM5YWl6am75Y2z6YCBMjAw5qC85biQ56+35Lul5Y+K5LiA5Liq5a+G56CB6ZSB77yM5aaC6KaB5pCs56a75YWs5a+T5Y+v5Lul5bim6LWw5biQ56+344CC","title":"576k5YWs5ZGK","tw":0,"uin":"86887878"}},"prompt":"[群公告]为了萌新以及新进服玩家更好的游戏体验，现在服务器准备开放安全区给萌新过渡前期，可以找服主或者群管理申请安全区公寓楼入驻，入驻即送200格帐篷以及一个密码锁，如要搬离公寓可以带走帐篷。","ver":"1.0.0.43","view":"main"}]
2023-05-05 10:57:11 V/Bot.270488994: [Public Dayz(697785664)] panghu(1248044639) -> 怎么又感冒了，还一直在呃呃
2023-05-05 10:57:22 V/Bot.270488994: [Public Dayz(697785664)] BigNB(86887878) -> [mirai:quote:[mirai:source:ids=[45569], internalIds=[-939812999], from 1248044639 to 697785664 at 1683255415], content=<not yet initialized>][mirai:at:1248044639] 你免疫力太低了
2023-05-05 10:57:26 V/Bot.270488994: [Public Dayz(697785664)] BigNB(86887878) -> 你回公寓
2023-05-05 10:57:31 V/Bot.270488994: [Public Dayz(697785664)] BigNB(86887878) -> 我给你糖豆吃
2023-05-05 10:57:37 V/Bot.270488994: [Public Dayz(697785664)] panghu(1248044639) -> 我刚跑出去
2023-05-05 10:57:40 V/Bot.270488994: [Public Dayz(697785664)] BigNB(86887878) -> 你估计淋雨多了
2023-05-05 10:57:40 V/Bot.270488994: [Public Dayz(697785664)] qiyonghan(2502510147) -> 感冒是因为免疫力低
2023-05-05 10:57:51 V/Bot.270488994: [Public Dayz(697785664)] qiyonghan(2502510147) -> 你吃药病好了
2023-05-05 10:57:56 V/Bot.270488994: [Public Dayz(697785664)] qiyonghan(2502510147) -> 但是免疫力没恢复
2023-05-05 10:58:02 V/Bot.270488994: [Public Dayz(697785664)] qiyonghan(2502510147) -> 免疫力的恢复是需要时间的
2023-05-05 10:58:08 V/Bot.270488994: [Public Dayz(697785664)] panghu(1248044639) -> 我吃蜂蜜可以吗
2023-05-05 10:58:15 V/Bot.270488994: [Public Dayz(697785664)] qiyonghan(2502510147) -> 这段时间再次生病就又会降低免疫力
2023-05-05 10:58:20 V/Bot.270488994: [Public Dayz(697785664)] BigNB(86887878) -> 我现在天天吃糖豆
2023-05-05 10:58:21 V/Bot.270488994: [Public Dayz(697785664)] qiyonghan(2502510147) -> 所以病好了需要继续吃药
2023-05-05 10:58:24 V/Bot.270488994: [Public Dayz(697785664)] BigNB(86887878) -> 再也没感冒
2023-05-05 10:58:24 V/Bot.270488994: [Public Dayz(697785664)] qiyonghan(2502510147) -> 连续三颗药
2023-05-05 10:58:31 V/Bot.270488994: [Public Dayz(697785664)] qiyonghan(2502510147) -> 基本上就恢复了
2023-05-05 10:58:34 V/Bot.270488994: [Public Dayz(697785664)] panghu(1248044639) -> 我有蜂蜜
2023-05-05 10:59:20 V/Bot.270488994: [Public Dayz(697785664)] panghu(1248044639) -> 冷檬水
2023-05-05 10:59:30 V/Bot.270488994: [Public Dayz(697785664)] panghu(1248044639) -> 是不是写着有糖 的都可以
2023-05-05 11:00:00 V/Bot.270488994: [Public Dayz(697785664)] BigNB(86887878) -> 不是真的糖
2023-05-05 11:00:04 V/Bot.270488994: [Public Dayz(697785664)] baike(2439971269) -> 维生素才有用
2023-05-05 11:00:04 V/Bot.270488994: [Public Dayz(697785664)] BigNB(86887878) -> 是这个
2023-05-05 11:00:05 V/Bot.270488994: [Public Dayz(697785664)] baike(2439971269) -> /斜眼笑
2023-05-05 11:00:09 V/Bot.270488994: [Public Dayz(697785664)] BigNB(86887878) -> [mirai:image:{24238C62-3948-420F-5C62-571746517752}.png, width=735, height=295, size=143467, type=PNG, isEmoji=false]
2023-05-05 11:00:16 V/Bot.270488994: [Public Dayz(697785664)] BigNB(86887878) -> 当糖豆吃
2023-05-05 11:00:42 V/Bot.270488994: [Public Dayz(697785664)] BigNB(86887878) -> 你等下回来的话喊我
2023-05-05 11:00:52 V/Bot.270488994: [Public Dayz(697785664)] BigNB(86887878) -> 我就在瞭望台这边站着打僵尸玩
2023-05-05 11:01:17 V/Bot.270488994: [Public Dayz(697785664)] panghu(1248044639) -> 我都跑到第3高城了
2023-05-05 11:01:21 V/Bot.270488994: [Public Dayz(697785664)] panghu(1248044639) -> 我去接我朋友的
2023-05-05 11:02:21 V/Bot.270488994: [Public Dayz(697785664)] BigNB(86887878) -> 不打紧你等下来了喊我就行
2023-05-05 11:10:47 V/Bot.270488994: [Public Dayz(697785664)] 八御(1055387847) -> [mirai:image:{5BC2928D-E6BB-E224-F45A-86B20AE5C118}.png, width=1518, height=878, size=1847957, type=PNG, isEmoji=false]好黑，晚上有多久呀
2023-05-05 11:11:13 V/Bot.270488994: [Public Dayz(697785664)] BigNB(86887878) -> 半个小时
2023-05-05 11:11:47 V/Bot.270488994: [Public Dayz(697785664)] panghu(1248044639) -> 我回来了
2023-05-05 11:11:51 V/Bot.270488994: [Public Dayz(697785664)] panghu(1248044639) -> 大牛逼
2023-05-05 11:12:00 V/Bot.270488994: [Public Dayz(697785664)] BigNB(86887878) -> 我在
2023-05-05 11:12:33 V/Bot.270488994: [Public Dayz(697785664)] panghu(1248044639) -> 要连续吃3颗啊
2023-05-05 11:12:42 V/Bot.270488994: [Public Dayz(697785664)] BigNB(86887878) -> 一颗
2023-05-05 11:12:53 V/Bot.270488994: [Public Dayz(697785664)] BigNB(86887878) -> 你淋雨多了就吃一粒
2023-05-05 11:12:59 V/Bot.270488994: [Public Dayz(697785664)] BigNB(86887878) -> 保你不生病
2023-05-05 11:13:13 V/Bot.270488994: [Public Dayz(697785664)] panghu(1248044639) -> [mirai:image:{4F79C642-7899-EA3B-506D-AC61B317F675}.png, width=1920, height=1080, size=2077154, type=PNG, isEmoji=false]
2023-05-05 11:13:19 V/Bot.270488994: [Public Dayz(697785664)] panghu(1248044639) -> 我连续吃3颗还是蓝色的
2023-05-05 11:13:31 V/Bot.270488994: [Public Dayz(697785664)] BigNB(86887878) -> 还得吃四环
2023-05-05 11:13:37 V/Bot.270488994: [Public Dayz(697785664)] BigNB(86887878) -> [mirai:image:{00911CF7-36F9-7A1B-67CF-029EDF9C90E7}.png, width=69, height=65, size=4015, type=PNG, isEmoji=false]
2023-05-05 11:13:39 V/Bot.270488994: [Public Dayz(697785664)] BigNB(86887878) -> 这个是温度
2023-05-05 11:13:41 V/Bot.270488994: [Public Dayz(697785664)] BigNB(86887878) -> 你要烤火
2023-05-05 11:13:57 V/Bot.270488994: [Public Dayz(697785664)] panghu(1248044639) -> 免疫力在哪里看
2023-05-05 11:14:07 V/Bot.270488994: [Public Dayz(697785664)] S_RobertoTH(173445004) -> 隐藏的
2023-05-05 11:14:15 V/Bot.270488994: [Public Dayz(697785664)] BigNB(86887878) -> 免疫力要估
2023-05-05 11:14:28 V/Bot.270488994: [Public Dayz(697785664)] panghu(1248044639) ->  我靠，我是不是要死了
2023-05-05 11:15:16 V/Bot.270488994: [Public Dayz(697785664)] BigNB(86887878) -> 你没扣血就没事
2023-05-05 11:17:00 V/Bot.270488994: [Public Dayz(697785664)] S_RobertoTH(173445004) -> [mirai:at:270488994] 在线人数
2023-05-05 11:17:01 V/Bot.270488994: Group(697785664) <- [mirai:quote:[mirai:source:ids=[45622], internalIds=[1625348939], from group 173445004 to 697785664 at 1683256621], content=[mirai:at:270488994] 在线人数]服务器状态：在线，11点13分在线人数：3
2023-05-05 11:18:31 V/Bot.270488994: [Public Dayz(697785664)] panghu(1248044639) -> 一直在掉血啊
2023-05-05 11:18:41 V/Bot.270488994: [Public Dayz(697785664)] panghu(1248044639) -> 我下线了，下线就死不了了
2023-05-05 11:18:55 V/Bot.270488994: [Public Dayz(697785664)] S_RobertoTH(173445004) -> 机智
2023-05-05 11:19:04 V/Bot.270488994: [Public Dayz(697785664)] panghu(1248044639) -> 晚上在玩
2023-05-05 11:19:06 V/Bot.270488994: [Public Dayz(697785664)] BigNB(86887878) -> 我听声音不像是感冒
2023-05-05 11:19:12 V/Bot.270488994: [Public Dayz(697785664)] BigNB(86887878) -> 在呃呃呃的
2023-05-05 11:19:15 V/Bot.270488994: [Public Dayz(697785664)] BigNB(86887878) -> 是不是吃什么了
2023-05-05 11:19:18 V/Bot.270488994: [Public Dayz(697785664)] panghu(1248044639) -> 反正一直呃呃
2023-05-05 11:19:23 V/Bot.270488994: [Public Dayz(697785664)] panghu(1248044639) -> 啥都吃啊
2023-05-05 11:19:24 V/Bot.270488994: [Public Dayz(697785664)] panghu(1248044639) -> 哈哈
2023-05-05 11:19:29 V/Bot.270488994: [Public Dayz(697785664)] BigNB(86887878) -> [mirai:image:{B3295FA3-062B-BC3C-CD72-580C1FE54315}.jpg, width=216, height=210, size=7514, type=JPG, isEmoji=true]
2023-05-05 11:19:32 V/Bot.270488994: [Public Dayz(697785664)] panghu(1248044639) -> 捡到啥吃啥
2023-05-05 11:19:48 V/Bot.270488994: [Public Dayz(697785664)] panghu(1248044639) -> 我看贴吧不是说
2023-05-05 11:19:56 V/Bot.270488994: [Public Dayz(697785664)] panghu(1248044639) -> 腐烂的也能吃吗
2023-05-05 11:20:04 V/Bot.270488994: [Public Dayz(697785664)] panghu(1248044639) -> 生的也能吃
2023-05-05 11:20:25 V/Bot.270488994: [Public Dayz(697785664)] panghu(1248044639) -> 先在保护区下线
2023-05-05 11:20:36 V/Bot.270488994: [Public Dayz(697785664)] BigNB(86887878) -> 腐烂不能吃！
2023-05-05 11:20:38 V/Bot.270488994: [Public Dayz(697785664)] xiaowang(2983870951) -> 吃肯定能吃
2023-05-05 11:20:42 V/Bot.270488994: [Public Dayz(697785664)] 困(2985701087) -> 下线死不了，那你不上线吗/笑哭/笑哭
2023-05-05 11:20:47 V/Bot.270488994: [Public Dayz(697785664)] xiaowang(2983870951) -> 死不死是一回事
2023-05-05 11:20:58 V/Bot.270488994: [Public Dayz(697785664)] panghu(1248044639) ->  啊
2023-05-05 11:20:58 V/Bot.270488994: [Public Dayz(697785664)] BigNB(86887878) -> 我的建议是
2023-05-05 11:21:03 V/Bot.270488994: [Public Dayz(697785664)] BigNB(86887878) -> 存好东西直接重开复活
2023-05-05 11:21:11 V/Bot.270488994: [Public Dayz(697785664)] panghu(1248044639) -> 腐烂的水果也不能吃吗
2023-05-05 11:21:15 V/Bot.270488994: [Public Dayz(697785664)] BigNB(86887878) -> 不能
2023-05-05 11:21:19 V/Bot.270488994: [Public Dayz(697785664)] BigNB(86887878) -> 腐烂的都不能吃
2023-05-05 11:21:23 V/Bot.270488994: [Public Dayz(697785664)] panghu(1248044639) -> 我吃了好多
2023-05-05 11:21:32 V/Bot.270488994: [Public Dayz(697785664)] panghu(1248044639) -> 纯捡垃圾吃的
2023-05-05 11:21:36 V/Bot.270488994: [Public Dayz(697785664)] BigNB(86887878) -> 存东西重开吧
2023-05-05 11:21:39 V/Bot.270488994: [Public Dayz(697785664)] BigNB(86887878) -> [mirai:image:{6145CE03-C251-50D3-D551-456DE1FCC4BB}.jpg, width=90, height=104, size=2651, type=JPG, isEmoji=true]
2023-05-05 11:21:46 V/Bot.270488994: [Public Dayz(697785664)] panghu(1248044639) -> 跑图好久啊
2023-05-05 11:21:46 V/Bot.270488994: [Public Dayz(697785664)] BigNB(86887878) -> 这边刷复活点快的
2023-05-05 11:21:56 V/Bot.270488994: [Public Dayz(697785664)] BigNB(86887878) -> 边上就有复活点
2023-05-05 11:22:22 V/Bot.270488994: [Public Dayz(697785664)] BigNB(86887878) -> 你自杀刷复活，快的话十分钟就回来了，比纯跑图快很多
2023-05-05 11:22:38 V/Bot.270488994: [Public Dayz(697785664)] panghu(1248044639) -> 我下线了，就死不掉了
2023-05-05 11:22:43 V/Bot.270488994: [Public Dayz(697785664)] panghu(1248044639) -> [mirai:image:{FC37588E-57E6-7A90-FA21-C3677AA5281C}.gif, width=373, height=487, size=904881, type=GIF, isEmoji=true]
2023-05-05 11:22:48 V/Bot.270488994: [开森普通话播音朗诵群(44428175)] Amur River-未测-Lucky(58904169) -> [mirai:image:{1BD9CD3D-B8A1-5643-E14F-504757E7C2F3}.jpg, width=1440, height=1920, size=199033, type=JPG, isEmoji=false]
2023-05-05 11:23:10 V/Bot.270488994: [Public Dayz(697785664)] panghu(1248044639) -> 晚上再玩
2023-05-05 11:23:17 V/Bot.270488994: [Public Dayz(697785664)] panghu(1248044639) -> 已经通宵了
2023-05-05 11:23:27 V/Bot.270488994: [Public Dayz(697785664)] panghu(1248044639) -> 还没玩明白
2023-05-05 11:23:48 V/Bot.270488994: [Public Dayz(697785664)] S_RobertoTH(173445004) -> [mirai:image:{BD202217-1F8A-BC88-35B3-91975EC4B7ED}.gif, width=331, height=331, size=692259, type=GIF, isEmoji=true]
2023-05-05 11:36:23 V/Bot.270488994: [Public Dayz(697785664)] 八御(1055387847) -> xdm，安全区公寓楼在哪里呀
2023-05-05 11:36:48 V/Bot.270488994: [Public Dayz(697785664)] BigNB(86887878) -> 在第一高楼
2023-05-05 11:36:50 V/Bot.270488994: [Public Dayz(697785664)] BigNB(86887878) -> c城
2023-05-05 11:37:48 V/Bot.270488994: [Public Dayz(697785664)] BigNB(86887878) -> [mirai:image:{4F525C31-6B78-7412-5765-B899F72D479B}.png, width=670, height=608, size=673253, type=PNG, isEmoji=false]
2023-05-05 11:37:50 V/Bot.270488994: [Public Dayz(697785664)] BigNB(86887878) -> 这
2023-05-05 11:38:22 V/Bot.270488994: [Public Dayz(697785664)] 八御(1055387847) -> [OK]
2023-05-05 11:38:29 V/Bot.270488994: [Public Dayz(697785664)] BigNB(86887878) -> 来了你喊我
2023-05-05 11:38:33 V/Bot.270488994: [Public Dayz(697785664)] BigNB(86887878) -> 我在瞭望台上
2023-05-05 11:39:36 V/Bot.270488994: [Public Dayz(697785664)] 八御(1055387847) -> 好的我尽力活着过去
2023-05-05 11:39:38 V/Bot.270488994: [Public Dayz(697785664)] 八御(1055387847) -> [mirai:image:{46EAA385-531B-CF97-A626-9BD653ED1B91}.jpg, width=500, height=522, size=19382, type=JPG, isEmoji=true]
2023-05-05 11:47:36 V/Bot.270488994: [Public Dayz(697785664)] 八御(1055387847) -> [mirai:image:{CABF53D7-3263-EB00-00BB-AF26EE242FB3}.png, width=1599, height=1066, size=2986746, type=PNG, isEmoji=false]是这里嘛
2023-05-05 11:48:10 V/Bot.270488994: [Public Dayz(697785664)] xiaowang(2983870951) -> 对
2023-05-05 11:48:42 V/Bot.270488994: [Public Dayz(697785664)] BigNB(86887878) -> 在往前
2023-05-05 11:48:50 V/Bot.270488994: [Public Dayz(697785664)] BigNB(86887878) -> 连排金属墙这边
2023-05-05 11:49:35 V/Bot.270488994: [Public Dayz(697785664)] BigNB(86887878) -> 我开枪
2023-05-05 11:49:41 V/Bot.270488994: [Public Dayz(697785664)] BigNB(86887878) -> 你来声音这边
2023-05-05 11:49:59 V/Bot.270488994: [Public Dayz(697785664)] BigNB(86887878) -> 听到了嘛
2023-05-05 11:51:18 V/Bot.270488994: [Public Dayz(697785664)] 八御(1055387847) -> 没有
2023-05-05 11:51:46 V/Bot.270488994: [Public Dayz(697785664)] 八御(1055387847) -> 我刚刚从海边上来时候听见两声
2023-05-05 11:51:51 V/Bot.270488994: [Public Dayz(697785664)] 八御(1055387847) -> 可能现在跑反了
2023-05-05 11:51:52 V/Bot.270488994: [Public Dayz(697785664)] SXDNR(3491151929) -> /头秃
2023-05-05 11:52:17 V/Bot.270488994: [Public Dayz(697785664)] BigNB(86887878) -> 还没有嘛
2023-05-05 11:53:10 V/Bot.270488994: [Public Dayz(697785664)] 八御(1055387847) -> 莫得
2023-05-05 11:53:47 V/Bot.270488994: [Public Dayz(697785664)] BigNB(86887878) -> 你等下
2023-05-05 11:55:31 V/Bot.270488994: [Public Dayz(697785664)] 八御(1055387847) -> [mirai:image:{58CC68DA-366E-8F9B-E2D6-BD43AA4BE35C}.jpg, width=60, height=60, size=1775, type=JPG, isEmoji=true]
2023-05-05 11:55:31 V/Bot.270488994: [Public Dayz(697785664)] 八御(1055387847) -> 我突然就暴毙了，那下次
2023-05-05 11:55:37 V/Bot.270488994: [Public Dayz(697785664)] BigNB(86887878) -> 你怎么没了
2023-05-05 11:55:41 V/Bot.270488994: [Public Dayz(697785664)] xiaowang(2983870951) -> 咋会突然暴毙
2023-05-05 11:55:46 V/Bot.270488994: [Public Dayz(697785664)] BigNB(86887878) -> 。。我点错了
2023-05-05 11:55:50 V/Bot.270488994: [Public Dayz(697785664)] BigNB(86887878) -> 我拉你回来
2023-05-05 11:55:52 V/Bot.270488994: [Public Dayz(697785664)] BigNB(86887878) -> 骚瑞
2023-05-05 11:56:05 V/Bot.270488994: [Public Dayz(697785664)] 八御(1055387847) -> [mirai:image:{1E944550-252D-492C-C041-F28590AF2431}.jpg, width=200, height=196, size=7730, type=JPG, isEmoji=true]
2023-05-05 11:56:24 V/Bot.270488994: [Public Dayz(697785664)] xiaowang(2983870951) -> 你是不是给人家按杀死了
2023-05-05 11:56:27 V/Bot.270488994: [Public Dayz(697785664)] xiaowang(2983870951) -> [mirai:image:{303BDDBD-755C-B0F8-39E5-7A599D376E7C}.jpg, width=55, height=55, size=1699, type=JPG, isEmoji=true]
2023-05-05 12:24:05 V/Bot.270488994: [Public Dayz(697785664)] xiongjie(759894122) -> /吃瓜
2023-05-05 12:27:54 V/Bot.270488994: [Public Dayz(697785664)] S_RobertoTH(173445004) -> [mirai:at:270488994] 在线人数
2023-05-05 12:27:55 V/Bot.270488994: Group(697785664) <- [mirai:quote:[mirai:source:ids=[45699], internalIds=[-1397199713], from group 173445004 to 697785664 at 1683260874], content=[mirai:at:270488994] 在线人数]服务器状态：在线，12点23分在线人数：3
2023-05-05 12:28:22 V/Bot.270488994: Group(697785664) <- 服务器规则\n(一)建造规则:\n1:海边城市内禁止三人以上队伍建家，三人以上必须去内陆建家，海边一千五百米都算是海边城市。\n2:一个队伍只允许在一处建筑建造基地，建造基地只能在自己所属基地添加建筑，不能堵周围通道和建筑。\n3:不允许在饮水点，军营，重要物资点建造建筑或封锁通道。大型资源点禁止建家。\n4.不允许在路上建家，发现违规可以联系群主删除违规建筑\n(二)突袭规则:\n1:拆家突袭时间为每周五19:00-周日22:00，以及所有的国家法定节假日。如果正在突袭过程中的一方进入对方基地，以最后突袭时间为准。\n2:拆除基地后，请带走自己需要的资源，如有不需要的资源，不允许恶意毁坏或者扬空他人基地物资。\n3:禁止拆除基地后从他人基地下线。如果上线后发现自己所处位置被建造成基地，请联系管理员拉出，禁止进行破坏。\n4:禁止使用一切卡BUG手段拆家或进入他人基地偷东西;不得利用自由建造机制无限叠瞭望塔进入他人基地。(可以造到官方设置的高度)\n5:小队与小队之间禁止合家，结盟拆家，以及超过五人的结盟战斗且通过人数建立不平衡优势的行为。\n6:在完全占领他人基地之前，禁止给他人基地上锁，换锁或者加门。\n(三)录屏规则:\n1:杀人必须录屏，需要录制最短五分钟的视频，从击杀那一刻往前推，五分钟的视频，录屏是回放式录制，不会影响正常游戏体验，杀完人按快捷键保存即可。谁杀人谁录制，不允许一队只有一人开录制，必须人人打开，谁杀谁录。\n2：拆家必须提前打开录制，录完整个拆家视频，从进去到出来的那一刻。\n3：被其他玩家击杀后，可以在半小时内要求群主帮忙查录屏，超出半小时则无法要求击杀者提供视频。\n4：如果击杀者在被要求拿出录屏的时候无法给出，会被记录没有录屏。每个人有两次机会因为各种因素导致的给不出录屏，第三次给不出会直接永久ban掉。\n录屏教程：\n如果你是Nvidia显卡用户，可以使用英伟达自带的驱动录制，录制方法如视频教程:https://www.bilibili.com/video/BV1zS4y1G7QA/\n如果你是其他显卡，可以使用OBS软件进行录制，录制方法教程如视频：https://www.bilibili.com/video/BV1QQ4y1h7Ru/\n(四）其他规则:\n1:禁止利用游戏机制中的漏洞来获得不公平的优势，在夜晚使用NVIDIA滤镜效果等。\n2:禁止任何性质的人身虐待、淫秽、骚扰、威胁、仇恨、种族歧视、同性歧视或诽谤言论;群内故意制造争端引起争吵也是不允许的。\n3:请勿在游戏群中点名违规者或作弊者，如果问题请私聊管理员处理。\n加入Public dayz服务器，即表示您同意我们的规则，规则将不定期更新。违反以上规定者视严重程度处3-7天甚至永久封禁。\n如果您退出了QQ群聊，即代表您放弃了白名单使用权。为防止作弊和违规行为的脱管，我们会对您的白名单进行收回。最后更新于:2023年4月27日
2023-05-05 13:11:39 V/Bot.270488994: [Public Dayz(697785664)] S_RobertoTH(173445004) -> 坏的吗啡不管用吗
2023-05-05 13:40:09 V/Bot.270488994: [Public Dayz(697785664)] S_RobertoTH(173445004) -> [mirai:at:270488994] 我在那
2023-05-05 13:40:10 V/Bot.270488994: Group(697785664) <- [mirai:quote:[mirai:source:ids=[45703], internalIds=[1187899792], from group 173445004 to 697785664 at 1683265209], content=[mirai:at:270488994] 我在那]输入的命令有误,你可以跟我说查询命令,我会告诉你所有的命令
2023-05-05 13:40:15 V/Bot.270488994: [Public Dayz(697785664)] S_RobertoTH(173445004) -> [mirai:at:270488994] 我在哪
2023-05-05 13:40:16 V/Bot.270488994: Group(697785664) <- [mirai:quote:[mirai:source:ids=[45705], internalIds=[1005220927], from group 173445004 to 697785664 at 1683265215], content=[mirai:at:270488994] 我在哪]S_RobertoTH\n位置：(x:12321.5,y: 10188.7)\n时间：13时35分
2023-05-05 13:40:43 V/Bot.270488994: [Public Dayz(697785664)] S_RobertoTH(173445004) -> [mirai:at:270488994] 我在哪
2023-05-05 13:40:44 V/Bot.270488994: Group(697785664) <- [mirai:quote:[mirai:source:ids=[45707], internalIds=[24490878], from group 173445004 to 697785664 at 1683265243], content=[mirai:at:270488994] 我在哪]S_RobertoTH\n位置：(x:12321.5,y: 10188.7)\n时间：13时35分
2023-05-05 13:42:54 V/Bot.270488994: [Public Dayz(697785664)] 八御(1055387847) -> [mirai:at:270488994] 我在哪
2023-05-05 13:42:55 V/Bot.270488994: Group(697785664) <- 未查询到你的信息，请确保你已经在线，并且群昵称是你的游戏昵称！
2023-05-05 13:44:11 V/Bot.270488994: [Public Dayz(697785664)] S_RobertoTH(173445004) -> [mirai:at:270488994] 我在哪
2023-05-05 13:44:11 V/Bot.270488994: Group(697785664) <- [mirai:quote:[mirai:source:ids=[45711], internalIds=[-916839900], from group 173445004 to 697785664 at 1683265450], content=[mirai:at:270488994] 我在哪]S_RobertoTH\n位置：(x:12211.6,y: 10522)\n时间：13时40分
2023-05-05 13:47:49 V/Bot.270488994: [Public Dayz(697785664)] S_RobertoTH(173445004) -> [mirai:at:270488994] 我在哪
2023-05-05 13:47:50 V/Bot.270488994: Group(697785664) <- [mirai:quote:[mirai:source:ids=[45713], internalIds=[-1445356265], from group 173445004 to 697785664 at 1683265669], content=[mirai:at:270488994] 我在哪]S_RobertoTH\n位置：(x:12095.6,y: 10627)\n时间：13时45分
2023-05-05 13:48:36 V/Bot.270488994: Event: MemberLeaveEvent.Quit(member=378140539)
2023-05-05 13:48:37 V/Bot.270488994: Group(697785664) <-  Lin Lin离开了我们
2023-05-05 13:50:12 V/Bot.270488994: [Public Dayz(697785664)] S_RobertoTH(173445004) -> [mirai:at:270488994] 我在哪
2023-05-05 13:50:13 V/Bot.270488994: Group(697785664) <- [mirai:quote:[mirai:source:ids=[45716], internalIds=[1550386902], from group 173445004 to 697785664 at 1683265812], content=[mirai:at:270488994] 我在哪]S_RobertoTH\n位置：(x:12095.6,y: 10627)\n时间：13时45分
2023-05-05 13:53:06 V/Bot.270488994: [Public Dayz(697785664)] S_RobertoTH(173445004) -> [mirai:at:270488994] 我在哪
2023-05-05 13:53:07 V/Bot.270488994: Group(697785664) <- [mirai:quote:[mirai:source:ids=[45718], internalIds=[402142389], from group 173445004 to 697785664 at 1683265986], content=[mirai:at:270488994] 我在哪]S_RobertoTH\n位置：(x:12164,y: 10726.5)\n时间：13时50分
2023-05-05 14:10:23 V/Bot.270488994: [Public Dayz(697785664)] 叶夕子(2601333735) -> [mirai:at:270488994] 我在哪
2023-05-05 14:10:24 V/Bot.270488994: Group(697785664) <- 未查询到你的信息，请确保你已经在线，并且群昵称是你的游戏昵称！
2023-05-05 14:11:33 V/Bot.270488994: Event: MemberCardChangeEvent(origin=, new=MTF_Yz, member=NormalMember(2601333735))
2023-05-05 14:11:33 V/Bot.270488994: [Public Dayz(697785664)] MTF_Yz(2601333735) -> [mirai:at:270488994] 我在哪
2023-05-05 14:12:10 V/Bot.270488994: Event: MemberCardChangeEvent(origin=xiaowang, new=MTF_Yz, member=NormalMember(2983870951))
2023-05-05 14:12:10 V/Bot.270488994: [Public Dayz(697785664)] MTF_Yz(2983870951) -> [mirai:at:270488994] 我在哪
2023-05-05 14:12:54 V/Bot.270488994: [Public Dayz(697785664)] qiyonghan(2502510147) -> [mirai:at:270488994] 我在哪
2023-05-05 14:12:55 V/Bot.270488994: Group(697785664) <- 未查询到你的信息，请确保你已经在线，并且群昵称是你的游戏昵称！
2023-05-05 14:15:26 V/Bot.270488994: [Public Dayz(697785664)] qiyonghan(2502510147) -> [mirai:at:270488994] 我在哪
2023-05-05 14:15:27 V/Bot.270488994: Group(697785664) <- 未查询到你的信息，请确保你已经在线，并且群昵称是你的游戏昵称！
2023-05-05 14:19:17 V/Bot.270488994: Group(697785664) <- 在14:19:17，"S_RobertoTH"被"Govie"用Sporter 22 from 2.63803 meters \n击中Head(0)，距离2.63803米，致死
2023-05-05 14:19:24 V/Bot.270488994: [Public Dayz(697785664)] S_RobertoTH(173445004) -> 我抄
2023-05-05 14:19:29 V/Bot.270488994: [Public Dayz(697785664)] S_RobertoTH(173445004) -> 没想到还有人
2023-05-05 14:19:32 V/Bot.270488994: [Public Dayz(697785664)] BigNB(86887878) -> 老六距离
2023-05-05 14:19:33 V/Bot.270488994: Group(697785664) <- 在14:19:20，"S_RobertoTH"被"Govie"用Sporter 22 from 3.76267 meters \n击中Head(0)，距离3.76267米，致死
2023-05-05 14:19:39 V/Bot.270488994: [Public Dayz(697785664)] BigNB(86887878) -> [mirai:image:{66BBDB46-A79E-DDF9-2DDB-AF9246ECFF87}.jpg, width=300, height=300, size=29360, type=GIF, isEmoji=true]
2023-05-05 14:20:08 V/Bot.270488994: [Public Dayz(697785664)] S_RobertoTH(173445004) -> [mirai:at:270488994] 在线人数
2023-05-05 14:20:09 V/Bot.270488994: Group(697785664) <- [mirai:quote:[mirai:source:ids=[45734], internalIds=[341941942], from group 173445004 to 697785664 at 1683267608], content=[mirai:at:270488994] 在线人数]服务器状态：在线，14点15分在线人数：4
2023-05-05 14:21:17 V/Bot.270488994: [Public Dayz(697785664)] qiyonghan(2502510147) -> [mirai:at:270488994] 在线人数
2023-05-05 14:21:19 V/Bot.270488994: Group(697785664) <- [mirai:quote:[mirai:source:ids=[45736], internalIds=[-402971177], from group 2502510147 to 697785664 at 1683267677], content=[mirai:at:270488994] 在线人数]服务器状态：在线，14点20分在线人数：5
2023-05-05 14:21:33 V/Bot.270488994: [Public Dayz(697785664)] qiyonghan(2502510147) -> 这么几个人人也能碰上
2023-05-05 14:21:36 V/Bot.270488994: [Public Dayz(697785664)] MTF_Yz(2601333735) -> 吓我一跳
2023-05-05 14:21:39 V/Bot.270488994: [Public Dayz(697785664)] qiyonghan(2502510147) -> 逆大天
2023-05-05 14:21:45 V/Bot.270488994: [Public Dayz(697785664)] MTF_Yz(2601333735) -> 我还以为是僵尸
2023-05-05 14:21:47 V/Bot.270488994: [Public Dayz(697785664)] S_RobertoTH(173445004) -> 遇到俩人
2023-05-05 14:25:58 V/Bot.270488994: [Public Dayz(697785664)] S_RobertoTH(173445004) -> [mirai:at:2601333735] 回头
2023-05-05 14:27:53 V/Bot.270488994: [Public Dayz(697785664)] MTF_Yz(2601333735) -> [mirai:image:{5EC7432F-32BE-1E31-C49C-A5C7F2739740}.jpg, width=300, height=300, size=13479, type=JPG, isEmoji=true]
2023-05-05 14:29:30 V/Bot.270488994: [Public Dayz(697785664)] MTF_Yz(2601333735) -> 这离c城远吗
2023-05-05 14:29:37 V/Bot.270488994: [Public Dayz(697785664)] MTF_Yz(2601333735) -> 不认路
2023-05-05 14:29:45 V/Bot.270488994: [Public Dayz(697785664)] S_RobertoTH(173445004) -> 远
2023-05-05 14:30:09 V/Bot.270488994: [Public Dayz(697785664)] S_RobertoTH(173445004) -> [吓]沿海一直跑就能到 很远
2023-05-05 14:30:14 V/Bot.270488994: [Public Dayz(697785664)] BigNB(86887878) -> 来c城是要住公寓楼嘛
2023-05-05 14:30:27 V/Bot.270488994: [Public Dayz(697785664)] MTF_Yz(2601333735) -> 嗯
2023-05-05 14:30:35 V/Bot.270488994: [Public Dayz(697785664)] MTF_Yz(2601333735) -> 太远了那就过会再看
2023-05-05 14:30:56 V/Bot.270488994: [Public Dayz(697785664)] BigNB(86887878) -> 来了喊我
2023-05-05 14:31:05 V/Bot.270488994: [Public Dayz(697785664)] BigNB(86887878) -> 我现在是公寓楼宿管
2023-05-05 14:31:06 V/Bot.270488994: [Public Dayz(697785664)] S_RobertoTH(173445004) -> [mirai:image:{E561CB5A-EFBF-B424-A7AE-52A7ED5BE8C6}.png, width=1295, height=1046, size=1846218, type=PNG, isEmoji=false]
2023-05-05 14:31:11 V/Bot.270488994: [Public Dayz(697785664)] S_RobertoTH(173445004) -> 6
2023-05-05 14:32:25 V/Bot.270488994: [Public Dayz(697785664)] MTF_Yz(2601333735) -> [mirai:image:{8630097F-06B4-2EF9-A81B-44B0BA94840F}.png, width=1349, height=407, size=627220, type=PNG, isEmoji=false]
2023-05-05 14:32:37 V/Bot.270488994: [Public Dayz(697785664)] MTF_Yz(2601333735) -> 这是毒气区吗
2023-05-05 14:32:51 V/Bot.270488994: [Public Dayz(697785664)] qiyonghan(2502510147) -> 是的
2023-05-05 14:32:56 V/Bot.270488994: [Public Dayz(697785664)] SXDNR(3491151929) -> 对
2023-05-05 14:33:52 V/Bot.270488994: [Public Dayz(697785664)] MTF_Yz(2601333735) -> 要一套才能进去还是有面罩就行
2023-05-05 14:37:50 V/Bot.270488994: [Public Dayz(697785664)] MTF_Yz(2601333735) -> [mirai:at:270488994] 我在哪
2023-05-05 14:37:51 V/Bot.270488994: Group(697785664) <- [mirai:quote:[mirai:source:ids=[45761], internalIds=[414789478], from group 2601333735 to 697785664 at 1683268670], content=[mirai:at:270488994] 我在哪]MTF_Yz\n位置：(x:13611,y: 11549.9)\n时间：14时35分
2023-05-05 14:38:07 V/Bot.270488994: [Public Dayz(697785664)] S_RobertoTH(173445004) -> 钉子你们都不要？
2023-05-05 14:38:11 V/Bot.270488994: [Public Dayz(697785664)] S_RobertoTH(173445004) -> 全服最稀缺的
2023-05-05 14:38:53 V/Bot.270488994: [Public Dayz(697785664)] MTF_Yz(2601333735) -> 有啥用
2023-05-05 14:38:54 V/Bot.270488994: [Public Dayz(697785664)] BigNB(86887878) -> [mirai:image:{9F4B7E65-55B6-19EA-B8C0-2B0B67C22CB7}.jpg, width=186, height=200, size=9147, type=JPG, isEmoji=true]
2023-05-05 14:38:58 V/Bot.270488994: [Public Dayz(697785664)] BigNB(86887878) -> 造家用
2023-05-05 14:39:02 V/Bot.270488994: [Public Dayz(697785664)] BigNB(86887878) -> 你可以攒着
2023-05-05 14:39:27 V/Bot.270488994: [Public Dayz(697785664)] MTF_Yz(2601333735) -> 还玩不明白呢
2023-05-05 14:39:30 V/Bot.270488994: [Public Dayz(697785664)] MTF_Yz(2601333735) -> 不会建家
2023-05-05 14:42:42 V/Bot.270488994: [Public Dayz(697785664)] BigNB(86887878) -> 没事，你先来公寓可以前期过度一下，后面东西攒起来之后可以找个地方
2023-05-05 14:44:15 V/Bot.270488994: [Public Dayz(697785664)] MTF_Yz(2601333735) -> 太远了，过会再去
2023-05-05 14:51:40 V/Bot.270488994: [Public Dayz(697785664)] S_RobertoTH(173445004) -> 转一圈一个锁都没
2023-05-05 15:06:07 V/Bot.270488994: [Public Dayz(697785664)] S_RobertoTH(173445004) -> [mirai:image:{2E55D84E-E274-64DF-379A-B55B29442724}.png, width=844, height=448, size=687284, type=PNG, isEmoji=false]满载下线
2023-05-05 15:08:05 V/Bot.270488994: [Public Dayz(697785664)] S_RobertoTH(173445004) -> [mirai:at:270488994] 在线人数
2023-05-05 15:08:07 V/Bot.270488994: Group(697785664) <- [mirai:quote:[mirai:source:ids=[45775], internalIds=[-254700200], from group 173445004 to 697785664 at 1683270485], content=[mirai:at:270488994] 在线人数]服务器状态：在线，15点05分在线人数：5
2023-05-05 15:30:35 V/Bot.270488994: [Public Dayz(697785664)] qiyonghan(2502510147) -> [mirai:at:270488994] 在线人数
2023-05-05 15:30:37 V/Bot.270488994: Group(697785664) <- [mirai:quote:[mirai:source:ids=[45777], internalIds=[-917463324], from group 2502510147 to 697785664 at 1683271835], content=[mirai:at:270488994] 在线人数]服务器状态：在线，15点30分在线人数：6
2023-05-05 15:31:51 V/Bot.270488994: [Public Dayz(697785664)] SunsetNugget(871097726) -> [mirai:at:270488994] 我在哪
2023-05-05 15:31:52 V/Bot.270488994: Group(697785664) <- [mirai:quote:[mirai:source:ids=[45779], internalIds=[197421384], from group 871097726 to 697785664 at 1683271911], content=[mirai:at:270488994] 我在哪]SunsetNugget\n位置：(x:7252.2,y: 2911.0)\n时间：15时30分
2023-05-05 15:33:01 V/Bot.270488994: Event: MemberLeaveEvent.Quit(member=739923928)
2023-05-05 15:33:01 V/Bot.270488994: Group(697785664) <-  木柒柒离开了我们
2023-05-05 15:34:15 V/Bot.270488994: [Public Dayz(697785664)] MTF_Yz(2601333735) -> [mirai:at:270488994] 我在哪
2023-05-05 15:34:17 V/Bot.270488994: Group(697785664) <- [mirai:quote:[mirai:source:ids=[45782], internalIds=[598539599], from group 2601333735 to 697785664 at 1683272055], content=[mirai:at:270488994] 我在哪]MTF_Yz\n位置：(x:13921.2,y: 13284.1)\n时间：15时33分
2023-05-05 15:47:50 V/Bot.270488994: [Public Dayz(697785664)] S_RobertoTH(173445004) -> [mirai:at:270488994] 在线人数
2023-05-05 15:47:51 V/Bot.270488994: Group(697785664) <- [mirai:quote:[mirai:source:ids=[45784], internalIds=[-1202317840], from group 173445004 to 697785664 at 1683272870], content=[mirai:at:270488994] 在线人数]服务器状态：在线，15点45分在线人数：5
2023-05-05 16:02:43 V/Bot.270488994: Event: MemberCardChangeEvent(origin=, new=AloneWolf, member=NormalMember(1055387847))
2023-05-05 16:02:43 V/Bot.270488994: [Public Dayz(697785664)] AloneWolf(1055387847) -> [mirai:at:270488994] 我在哪
2023-05-05 16:16:41 V/Bot.270488994: Group(697785664) <- 服务器规则\n(一)建造规则:\n1:海边城市内禁止三人以上队伍建家，三人以上必须去内陆建家，海边一千五百米都算是海边城市。\n2:一个队伍只允许在一处建筑建造基地，建造基地只能在自己所属基地添加建筑，不能堵周围通道和建筑。\n3:不允许在饮水点，军营，重要物资点建造建筑或封锁通道。大型资源点禁止建家。\n4.不允许在路上建家，发现违规可以联系群主删除违规建筑\n(二)突袭规则:\n1:拆家突袭时间为每周五19:00-周日22:00，以及所有的国家法定节假日。如果正在突袭过程中的一方进入对方基地，以最后突袭时间为准。\n2:拆除基地后，请带走自己需要的资源，如有不需要的资源，不允许恶意毁坏或者扬空他人基地物资。\n3:禁止拆除基地后从他人基地下线。如果上线后发现自己所处位置被建造成基地，请联系管理员拉出，禁止进行破坏。\n4:禁止使用一切卡BUG手段拆家或进入他人基地偷东西;不得利用自由建造机制无限叠瞭望塔进入他人基地。(可以造到官方设置的高度)\n5:小队与小队之间禁止合家，结盟拆家，以及超过五人的结盟战斗且通过人数建立不平衡优势的行为。\n6:在完全占领他人基地之前，禁止给他人基地上锁，换锁或者加门。\n(三)录屏规则:\n1:杀人必须录屏，需要录制最短五分钟的视频，从击杀那一刻往前推，五分钟的视频，录屏是回放式录制，不会影响正常游戏体验，杀完人按快捷键保存即可。谁杀人谁录制，不允许一队只有一人开录制，必须人人打开，谁杀谁录。\n2：拆家必须提前打开录制，录完整个拆家视频，从进去到出来的那一刻。\n3：被其他玩家击杀后，可以在半小时内要求群主帮忙查录屏，超出半小时则无法要求击杀者提供视频。\n4：如果击杀者在被要求拿出录屏的时候无法给出，会被记录没有录屏。每个人有两次机会因为各种因素导致的给不出录屏，第三次给不出会直接永久ban掉。\n录屏教程：\n如果你是Nvidia显卡用户，可以使用英伟达自带的驱动录制，录制方法如视频教程:https://www.bilibili.com/video/BV1zS4y1G7QA/\n如果你是其他显卡，可以使用OBS软件进行录制，录制方法教程如视频：https://www.bilibili.com/video/BV1QQ4y1h7Ru/\n(四）其他规则:\n1:禁止利用游戏机制中的漏洞来获得不公平的优势，在夜晚使用NVIDIA滤镜效果等。\n2:禁止任何性质的人身虐待、淫秽、骚扰、威胁、仇恨、种族歧视、同性歧视或诽谤言论;群内故意制造争端引起争吵也是不允许的。\n3:请勿在游戏群中点名违规者或作弊者，如果问题请私聊管理员处理。\n加入Public dayz服务器，即表示您同意我们的规则，规则将不定期更新。违反以上规定者视严重程度处3-7天甚至永久封禁。\n如果您退出了QQ群聊，即代表您放弃了白名单使用权。为防止作弊和违规行为的脱管，我们会对您的白名单进行收回。最后更新于:2023年4月27日
2023-05-05 16:19:37 V/Bot.270488994: [Public Dayz(697785664)] S_RobertoTH(173445004) -> [mirai:at:270488994] 在线人数
2023-05-05 16:19:38 V/Bot.270488994: Group(697785664) <- [mirai:quote:[mirai:source:ids=[45788], internalIds=[-1084334051], from group 173445004 to 697785664 at 1683274777], content=[mirai:at:270488994] 在线人数]服务器状态：在线，16点15分在线人数：5
2023-05-05 16:21:51 V/Bot.270488994: [Public Dayz(697785664)] S_RobertoTH(173445004) -> [mirai:image:{9326E4C5-9440-D362-045C-8AA7AF1B5981}.gif, width=56, height=53, size=2640, type=GIF, isEmoji=true]
2023-05-05 16:21:57 V/Bot.270488994: [Public Dayz(697785664)] S_RobertoTH(173445004) -> 复活后血型没变
2023-05-05 16:21:59 V/Bot.270488994: [Public Dayz(697785664)] S_RobertoTH(173445004) -> 无敌
2023-05-05 16:25:35 V/Bot.270488994: [Public Dayz(697785664)] 🐱(1138368010) -> [mirai:at:270488994] 我的位置
2023-05-05 16:25:36 V/Bot.270488994: Group(697785664) <- [mirai:quote:[mirai:source:ids=[45793], internalIds=[1559802501], from group 1138368010 to 697785664 at 1683275135], content=[mirai:at:270488994] 我的位置]输入的命令有误,你可以跟我说查询命令,我会告诉你所有的命令
2023-05-05 16:26:18 V/Bot.270488994: Event: MemberCardChangeEvent(origin=, new=Govie, member=NormalMember(1138368010))
2023-05-05 16:26:18 V/Bot.270488994: [Public Dayz(697785664)] Govie(1138368010) -> [mirai:at:270488994] 我在哪
2023-05-05 16:26:36 V/Bot.270488994: [Public Dayz(697785664)] S_RobertoTH(173445004) -> [mirai:image:{F89F1CD2-AB17-A078-5632-3CCAAC2123A5}.png, width=986, height=606, size=986087, type=PNG, isEmoji=false]
2023-05-05 16:26:56 V/Bot.270488994: [Public Dayz(697785664)] Govie(1138368010) -> [mirai:at:270488994] 我在哪
2023-05-05 16:26:57 V/Bot.270488994: Group(697785664) <- [mirai:quote:[mirai:source:ids=[45797], internalIds=[1045491629], from group 1138368010 to 697785664 at 1683275216], content=[mirai:at:270488994] 我在哪]Govie\n位置：(x:13846.9,y: 13218.1)\n时间：16时25分
2023-05-05 16:33:06 V/Bot.270488994: Event: MemberCardChangeEvent(origin=, new=xun, member=NormalMember(2985701087))
2023-05-05 16:33:06 V/Bot.270488994: [Public Dayz(697785664)] xun(2985701087) -> [mirai:at:270488994] 在线人数
2023-05-05 16:35:57 V/Bot.270488994: [Public Dayz(697785664)] MTF_Yz(2601333735) -> [mirai:at:270488994] 我在哪
2023-05-05 16:35:57 V/Bot.270488994: Group(697785664) <- [mirai:quote:[mirai:source:ids=[45800], internalIds=[-1847745661], from group 2601333735 to 697785664 at 1683275757], content=[mirai:at:270488994] 我在哪]MTF_Yz\n位置：(x:13897.1,y: 13198.2)\n时间：16时35分
2023-05-05 16:41:04 V/Bot.270488994: [Public Dayz(697785664)] qiyonghan(2502510147) -> [mirai:quote:[mirai:source:ids=[45796], internalIds=[788359785], from 173445004 to 697785664 at 1683275196], content=<not yet initialized>][mirai:at:173445004] 原来上个档这里的家是你建的
2023-05-05 16:41:12 V/Bot.270488994: [Public Dayz(697785664)] qiyonghan(2502510147) -> [mirai:at:270488994] 在线人数
2023-05-05 16:41:12 V/Bot.270488994: Group(697785664) <- [mirai:quote:[mirai:source:ids=[45803], internalIds=[1197119100], from group 2502510147 to 697785664 at 1683276072], content=[mirai:at:270488994] 在线人数]服务器状态：在线，16点40分在线人数：6
2023-05-05 16:42:23 V/Bot.270488994: [Public Dayz(697785664)] S_RobertoTH(173445004) -> 不是我
2023-05-05 16:42:31 V/Bot.270488994: [Public Dayz(697785664)] S_RobertoTH(173445004) -> 玩上个档没家
2023-05-05 16:46:58 V/Bot.270488994: [Public Dayz(697785664)] MTF_Yz(2601333735) -> [mirai:at:270488994] 我在哪
2023-05-05 16:46:59 V/Bot.270488994: Group(697785664) <- [mirai:quote:[mirai:source:ids=[45807], internalIds=[1396835113], from group 2601333735 to 697785664 at 1683276418], content=[mirai:at:270488994] 我在哪]MTF_Yz\n位置：(x:13967.6,y: 13461)\n时间：16时45分
2023-05-05 16:47:18 V/Bot.270488994: [Public Dayz(697785664)] AloneWolf(1055387847) -> [mirai:at:270488994] 我在哪
2023-05-05 16:47:19 V/Bot.270488994: Group(697785664) <- [mirai:quote:[mirai:source:ids=[45809], internalIds=[2094174835], from group 1055387847 to 697785664 at 1683276438], content=[mirai:at:270488994] 我在哪]AloneWolf\n位置：(x:6535.3,y: 3623.6)\n时间：16时45分
2023-05-05 16:48:41 V/Bot.270488994: [Public Dayz(697785664)] S_RobertoTH(173445004) -> 就是找不到锁
2023-05-05 16:49:05 V/Bot.270488994: [Public Dayz(697785664)] BigNB(86887878) -> +1
2023-05-05 16:49:13 V/Bot.270488994: [Public Dayz(697785664)] BigNB(86887878) -> 全是盘锁
2023-05-05 16:49:21 V/Bot.270488994: [Public Dayz(697785664)] S_RobertoTH(173445004) -> [mirai:image:{BD202217-1F8A-BC88-35B3-91975EC4B7ED}.gif, width=331, height=331, size=692259, type=GIF, isEmoji=true]
2023-05-05 16:49:23 V/Bot.270488994: [Public Dayz(697785664)] BigNB(86887878) -> 现在家里的几个密码锁还是上次活动给的
2023-05-05 16:49:26 V/Bot.270488994: [Public Dayz(697785664)] BigNB(86887878) -> [mirai:image:{BD202217-1F8A-BC88-35B3-91975EC4B7ED}.gif, width=331, height=331, size=692259, type=GIF, isEmoji=true]
2023-05-05 16:49:26 V/Bot.270488994: [Public Dayz(697785664)] Lecter(1371632798) -> 服主有考虑加地图模组吗
2023-05-05 16:49:35 V/Bot.270488994: [Public Dayz(697785664)] S_RobertoTH(173445004) -> 谁发现我家真是赚大了
2023-05-05 16:49:45 V/Bot.270488994: [Public Dayz(697785664)] BigNB(86887878) -> [mirai:image:{FB3DA44F-22F9-1A60-CED2-87E547F5A064}.jpg, width=80, height=80, size=1032, type=JPG, isEmoji=true]
2023-05-05 16:49:50 V/Bot.270488994: [Public Dayz(697785664)] BigNB(86887878) -> 我家已经明目张胆了
2023-05-05 16:49:54 V/Bot.270488994: Event: MemberCardChangeEvent(origin=MTF_Yz, new=xiaowang, member=NormalMember(2983870951))
2023-05-05 16:49:54 V/Bot.270488994: [Public Dayz(697785664)] xiaowang(2983870951) -> 我上次在车队上都看到了
2023-05-05 16:50:12 V/Bot.270488994: [Public Dayz(697785664)] BigNB(86887878) -> [mirai:image:{9A1F515A-D60F-E6EE-41E4-CD52DD9C1736}.png, width=2473, height=1374, size=1495246, type=PNG, isEmoji=false]
2023-05-05 16:50:18 V/Bot.270488994: [Public Dayz(697785664)] BigNB(86887878) -> 有一种明目张胆的美
2023-05-05 16:50:28 V/Bot.270488994: [Public Dayz(697785664)] xiaowang(2983870951) -> 我要去c城住萌新小窝
2023-05-05 16:50:37 V/Bot.270488994: [Public Dayz(697785664)] AloneWolf(1055387847) -> [mirai:image:{DD98E1B1-659E-CD33-D3EA-D44C11327951}.jpg, width=46, height=66, size=1543, type=JPG, isEmoji=true]
2023-05-05 16:50:37 V/Bot.270488994: [Public Dayz(697785664)] AloneWolf(1055387847) -> 我刚刚路过
2023-05-05 16:50:40 V/Bot.270488994: [Public Dayz(697785664)] BigNB(86887878) -> [mirai:image:{CC56BC94-82E5-8EDD-10BC-AAB7B30A5C09}.jpg, width=720, height=720, size=52271, type=JPG, isEmoji=true]
2023-05-05 16:50:56 V/Bot.270488994: [Public Dayz(697785664)] BigNB(86887878) -> 没人住公寓楼的吗
2023-05-05 16:51:02 V/Bot.270488994: [Public Dayz(697785664)] S_RobertoTH(173445004) -> /菜汪/菜汪
2023-05-05 16:51:03 V/Bot.270488994: [Public Dayz(697785664)] BigNB(86887878) -> 今天就俩哥们
2023-05-05 16:51:17 V/Bot.270488994: [Public Dayz(697785664)] S_RobertoTH(173445004) -> 个人觉得新手帐篷有点大了
2023-05-05 16:51:46 V/Bot.270488994: [Public Dayz(697785664)] BigNB(86887878) -> 那整个150的雨棚？
2023-05-05 16:51:49 V/Bot.270488994: [Public Dayz(697785664)] S_RobertoTH(173445004) -> 给个木箱 剩下自己造
2023-05-05 16:51:53 V/Bot.270488994: [Public Dayz(697785664)] BigNB(86887878) -> 现在帐篷是200的
2023-05-05 16:52:00 V/Bot.270488994: [Public Dayz(697785664)] S_RobertoTH(173445004) -> 200也行
2023-05-05 16:54:17 V/Bot.270488994: [Public Dayz(697785664)] AloneWolf(1055387847) -> [mirai:at:270488994] 我在哪
2023-05-05 16:54:18 V/Bot.270488994: Group(697785664) <- [mirai:quote:[mirai:source:ids=[45836], internalIds=[595914209], from group 1055387847 to 697785664 at 1683276857], content=[mirai:at:270488994] 我在哪]AloneWolf\n位置：(x:6309.0,y: 3758.3)\n时间：16时50分
2023-05-05 16:56:03 V/Bot.270488994: [Public Dayz(697785664)] MTF_Yz(2601333735) -> @瓦力 我在哪
2023-05-05 16:56:18 V/Bot.270488994: [Public Dayz(697785664)] MTF_Yz(2601333735) -> [mirai:at:270488994] 我在哪
2023-05-05 16:56:18 V/Bot.270488994: Group(697785664) <- [mirai:quote:[mirai:source:ids=[45839], internalIds=[137128311], from group 2601333735 to 697785664 at 1683276978], content=[mirai:at:270488994] 我在哪]MTF_Yz\n位置：(x:13611.7,y: 13749.6)\n时间：16时55分
2023-05-05 16:56:25 V/Bot.270488994: [Public Dayz(697785664)] xiaowang(2983870951) -> 这俩哥们在互报位置呢，干脆你俩组队
2023-05-05 16:56:43 V/Bot.270488994: [Public Dayz(697785664)] S_RobertoTH(173445004) -> 6
2023-05-05 16:57:04 V/Bot.270488994: [Public Dayz(697785664)] S_RobertoTH(173445004) -> 对啊 直接组队
2023-05-05 16:57:28 V/Bot.270488994: [Public Dayz(697785664)] AloneWolf(1055387847) -> 我俩天涯海角
2023-05-05 16:57:29 V/Bot.270488994: [Public Dayz(697785664)] AloneWolf(1055387847) -> [mirai:image:{B651FF37-8E6F-1F22-A898-EB3DF2C5C598}.jpg, width=314, height=232, size=13735, type=JPG, isEmoji=true]
2023-05-05 16:58:01 V/Bot.270488994: [Public Dayz(697785664)] S_RobertoTH(173445004) -> 组队显示位置
2023-05-05 16:59:28 V/Bot.270488994: [Public Dayz(697785664)] xiongjie(759894122) -> [mirai:quote:[mirai:source:ids=[45823], internalIds=[0], from 86887878 to 697785664 at 1683276618], content=<not yet initialized>][mirai:at:86887878] 你这样的评价有点危险/吃瓜会有人盯上你
2023-05-05 17:00:58 V/Bot.270488994: [Public Dayz(697785664)] BigNB(86887878) -> [mirai:image:{14692FA3-C731-A16C-BE26-7DF738AA2570}.jpg, width=640, height=614, size=22360, type=JPG, isEmoji=true]
2023-05-05 17:02:46 V/Bot.270488994: [Public Dayz(697785664)] qiyonghan(2502510147) -> [mirai:at:270488994] 在线人数
2023-05-05 17:02:47 V/Bot.270488994: Group(697785664) <- [mirai:quote:[mirai:source:ids=[45849], internalIds=[-1473528611], from group 2502510147 to 697785664 at 1683277367], content=[mirai:at:270488994] 在线人数]服务器状态：在线，17点00分在线人数：7
2023-05-05 17:03:45 V/Bot.270488994: [Public Dayz(697785664)] qiyonghan(2502510147) -> [mirai:quote:[mirai:source:ids=[45817], internalIds=[448758028], from 1371632798 to 697785664 at 1683276567], content=<not yet initialized>][mirai:at:1371632798] 应该加不了 将就用下机器人吧
2023-05-05 17:05:54 V/Bot.270488994: [Public Dayz(697785664)] qiyonghan(2502510147) -> 哦对了 新手小家 可以过去标记一下
2023-05-05 17:05:58 V/Bot.270488994: [Public Dayz(697785664)] qiyonghan(2502510147) -> 这样就不会找不到家了
2023-05-05 17:06:35 V/Bot.270488994: [Public Dayz(697785664)] Govie(1138368010) -> [mirai:at:270488994] 我在哪
2023-05-05 17:06:36 V/Bot.270488994: Group(697785664) <- [mirai:quote:[mirai:source:ids=[45854], internalIds=[1005531076], from group 1138368010 to 697785664 at 1683277595], content=[mirai:at:270488994] 我在哪]Govie\n位置：(x:13265.8,y: 13909.5)\n时间：17时05分
2023-05-05 17:11:04 V/Bot.270488994: [Public Dayz(697785664)] Lecter(1371632798) -> [mirai:at:270488994] 我在哪
2023-05-05 17:11:05 V/Bot.270488994: Group(697785664) <- 未查询到你的信息，请确保你已经在线，并且群昵称是你的游戏昵称！
2023-05-05 17:11:27 V/Bot.270488994: Event: MemberCardChangeEvent(origin=, new=445566, member=NormalMember(1371632798))
2023-05-05 17:11:27 V/Bot.270488994: [Public Dayz(697785664)] 445566(1371632798) -> @瓦力 我在哪
2023-05-05 17:12:12 V/Bot.270488994: [Public Dayz(697785664)] xiaowang(2983870951) -> [mirai:file:新手按键教程.txt, id=/eb761426-eb24-11ed-8f8a-525400d6c226, internalId=102, size=821]
2023-05-05 17:15:25 V/Bot.270488994: [Public Dayz(697785664)] xiaowang(2983870951) -> [mirai:file:新手按键教程.txt, id=/5e6d58c2-eb25-11ed-aa1d-5254001c4465, internalId=102, size=927]
2023-05-05 17:15:31 V/Bot.270488994: [Public Dayz(697785664)] MTF_Yz(2601333735) -> [mirai:at:1371632798] 我在哪
2023-05-05 17:15:41 V/Bot.270488994: [Public Dayz(697785664)] MTF_Yz(2601333735) -> [mirai:at:270488994] 我在哪
2023-05-05 17:15:41 V/Bot.270488994: Group(697785664) <- [mirai:quote:[mirai:source:ids=[45862], internalIds=[1945604360], from group 2601333735 to 697785664 at 1683278141], content=[mirai:at:270488994] 我在哪]MTF_Yz\n位置：(x:11774.8,y: 14319.7)\n时间：17时15分
2023-05-05 17:23:30 V/Bot.270488994: Event: FriendAvatarChangedEvent(friend=Friend(3268531186))
2023-05-05 17:38:06 V/Bot.270488994: [Public Dayz(697785664)] 蓮華(2685775574) -> [mirai:quote:[mirai:source:ids=[45852], internalIds=[-992461988], from 2502510147 to 697785664 at 1683277554], content=<not yet initialized>][mirai:at:2502510147] 哦哦，原来那个名字是新手之家
2023-05-05 17:38:14 V/Bot.270488994: [Public Dayz(697785664)] 蓮華(2685775574) -> /胖三斤
2023-05-05 17:48:56 V/Bot.270488994: [Public Dayz(697785664)] MTF_Yz(2601333735) -> [mirai:at:270488994] 我在哪
2023-05-05 17:48:56 V/Bot.270488994: Group(697785664) <- [mirai:quote:[mirai:source:ids=[45866], internalIds=[-478404893], from group 2601333735 to 697785664 at 1683280136], content=[mirai:at:270488994] 我在哪]MTF_Yz\n位置：(x:11381.7,y: 14374.6)\n时间：17时48分
2023-05-05 18:18:15 V/Bot.270488994: Group(697785664) <- 服务器规则\n(一)建造规则:\n1:海边城市内禁止三人以上队伍建家，三人以上必须去内陆建家，海边一千五百米都算是海边城市。\n2:一个队伍只允许在一处建筑建造基地，建造基地只能在自己所属基地添加建筑，不能堵周围通道和建筑。\n3:不允许在饮水点，军营，重要物资点建造建筑或封锁通道。大型资源点禁止建家。\n4.不允许在路上建家，发现违规可以联系群主删除违规建筑\n(二)突袭规则:\n1:拆家突袭时间为每周五19:00-周日22:00，以及所有的国家法定节假日。如果正在突袭过程中的一方进入对方基地，以最后突袭时间为准。\n2:拆除基地后，请带走自己需要的资源，如有不需要的资源，不允许恶意毁坏或者扬空他人基地物资。\n3:禁止拆除基地后从他人基地下线。如果上线后发现自己所处位置被建造成基地，请联系管理员拉出，禁止进行破坏。\n4:禁止使用一切卡BUG手段拆家或进入他人基地偷东西;不得利用自由建造机制无限叠瞭望塔进入他人基地。(可以造到官方设置的高度)\n5:小队与小队之间禁止合家，结盟拆家，以及超过五人的结盟战斗且通过人数建立不平衡优势的行为。\n6:在完全占领他人基地之前，禁止给他人基地上锁，换锁或者加门。\n(三)录屏规则:\n1:杀人必须录屏，需要录制最短五分钟的视频，从击杀那一刻往前推，五分钟的视频，录屏是回放式录制，不会影响正常游戏体验，杀完人按快捷键保存即可。谁杀人谁录制，不允许一队只有一人开录制，必须人人打开，谁杀谁录。\n2：拆家必须提前打开录制，录完整个拆家视频，从进去到出来的那一刻。\n3：被其他玩家击杀后，可以在半小时内要求群主帮忙查录屏，超出半小时则无法要求击杀者提供视频。\n4：如果击杀者在被要求拿出录屏的时候无法给出，会被记录没有录屏。每个人有两次机会因为各种因素导致的给不出录屏，第三次给不出会直接永久ban掉。\n录屏教程：\n如果你是Nvidia显卡用户，可以使用英伟达自带的驱动录制，录制方法如视频教程:https://www.bilibili.com/video/BV1zS4y1G7QA/\n如果你是其他显卡，可以使用OBS软件进行录制，录制方法教程如视频：https://www.bilibili.com/video/BV1QQ4y1h7Ru/\n(四）其他规则:\n1:禁止利用游戏机制中的漏洞来获得不公平的优势，在夜晚使用NVIDIA滤镜效果等。\n2:禁止任何性质的人身虐待、淫秽、骚扰、威胁、仇恨、种族歧视、同性歧视或诽谤言论;群内故意制造争端引起争吵也是不允许的。\n3:请勿在游戏群中点名违规者或作弊者，如果问题请私聊管理员处理。\n加入Public dayz服务器，即表示您同意我们的规则，规则将不定期更新。违反以上规定者视严重程度处3-7天甚至永久封禁。\n如果您退出了QQ群聊，即代表您放弃了白名单使用权。为防止作弊和违规行为的脱管，我们会对您的白名单进行收回。最后更新于:2023年4月27日
2023-05-05 18:25:20 V/Bot.270488994: [Public Dayz(697785664)] xun(2985701087) -> [mirai:at:270488994] 在线人数
2023-05-05 18:25:21 V/Bot.270488994: Group(697785664) <- [mirai:quote:[mirai:source:ids=[45869], internalIds=[241401705], from group 2985701087 to 697785664 at 1683282321], content=[mirai:at:270488994] 在线人数]服务器状态：在线，18点24分在线人数：4
2023-05-05 18:42:27 V/Bot.270488994: Event: MemberLeaveEvent.Quit(member=1342391635)
2023-05-05 18:42:28 V/Bot.270488994: Group(697785664) <-  夭柒八离开了我们
2023-05-05 18:50:11 V/Bot.270488994: [Public Dayz(697785664)] BigNB(86887878) -> 有没有人要去安全区的
2023-05-05 18:50:15 V/Bot.270488994: [Public Dayz(697785664)] BigNB(86887878) -> 没有我就溜了
2023-05-05 19:00:01 V/Bot.270488994: Group(697785664) <- [mirai:atall]今天是开服第10天,服务器状态：在线，18点59分在线人数：6,兄弟们开冲
2023-05-05 19:00:03 V/Bot.270488994: Group(697785664) <- [mirai:atall][mirai:image:{A4031D21-FC2A-6A82-26C5-BC324CD7770B}.jpg, width=198, height=161, size=3242, type=JPG, isEmoji=false]
2023-05-05 19:20:23 V/Bot.270488994: [开森普通话播音朗诵群(44428175)] 鄂-没级-平淡(1971629704) -> [mirai:audio:28E5CD6DED38523BBEF8EED422322654.amr]
2023-05-05 19:24:00 V/Bot.270488994: [Public Dayz(697785664)] MTF_Yz(2601333735) -> [mirai:at:270488994] 我在哪
2023-05-05 19:24:01 V/Bot.270488994: Group(697785664) <- [mirai:quote:[mirai:source:ids=[45876], internalIds=[-185292658], from group 2601333735 to 697785664 at 1683285840], content=[mirai:at:270488994] 我在哪]MTF_Yz\n位置：(x:11415.9,y: 14240.3)\n时间：19时23分
2023-05-05 19:25:55 V/Bot.270488994: [Public Dayz(697785664)] S_RobertoTH(173445004) -> [mirai:image:{BD202217-1F8A-BC88-35B3-91975EC4B7ED}.gif, width=331, height=331, size=692259, type=GIF, isEmoji=true]
2023-05-05 19:26:01 V/Bot.270488994: [Public Dayz(697785664)] S_RobertoTH(173445004) -> [mirai:at:270488994] 在线人数
2023-05-05 19:26:02 V/Bot.270488994: Group(697785664) <- [mirai:quote:[mirai:source:ids=[45879], internalIds=[-22634527], from group 173445004 to 697785664 at 1683285961], content=[mirai:at:270488994] 在线人数]服务器状态：在线，19点23分在线人数：4
2023-05-05 19:28:56 V/Bot.270488994: [Public Dayz(697785664)] MTF_Yz(2601333735) -> [mirai:at:270488994] 我在哪
2023-05-05 19:28:57 V/Bot.270488994: Group(697785664) <- [mirai:quote:[mirai:source:ids=[45881], internalIds=[-404240760], from group 2601333735 to 697785664 at 1683286137], content=[mirai:at:270488994] 我在哪]MTF_Yz\n位置：(x:11232,y: 13959.3)\n时间：19时28分
2023-05-05 19:29:34 V/Bot.270488994: [Public Dayz(697785664)] BigNB(86887878) -> 狠狠报点
2023-05-05 19:31:15 V/Bot.270488994: [Public Dayz(697785664)] MTF_Yz(2601333735) -> [mirai:at:270488994] 我在哪
2023-05-05 19:31:16 V/Bot.270488994: Group(697785664) <- [mirai:quote:[mirai:source:ids=[45884], internalIds=[-1253738709], from group 2601333735 to 697785664 at 1683286275], content=[mirai:at:270488994] 我在哪]MTF_Yz\n位置：(x:11232,y: 13959.3)\n时间：19时28分
2023-05-05 19:31:53 V/Bot.270488994: [Public Dayz(697785664)] MTF_Yz(2601333735) -> 怎么没刷新
2023-05-05 19:31:58 V/Bot.270488994: [Public Dayz(697785664)] MTF_Yz(2601333735) -> [mirai:at:270488994] 我在哪
2023-05-05 19:31:59 V/Bot.270488994: Group(697785664) <- [mirai:quote:[mirai:source:ids=[45887], internalIds=[-253634676], from group 2601333735 to 697785664 at 1683286318], content=[mirai:at:270488994] 我在哪]MTF_Yz\n位置：(x:11232,y: 13959.3)\n时间：19时28分
2023-05-05 19:32:16 V/Bot.270488994: [Public Dayz(697785664)] Govie(1138368010) -> @瓦力 我在哪
2023-05-05 19:32:32 V/Bot.270488994: [Public Dayz(697785664)] Govie(1138368010) -> [mirai:at:270488994] 我在哪
2023-05-05 19:32:34 V/Bot.270488994: Group(697785664) <- [mirai:quote:[mirai:source:ids=[45890], internalIds=[-1107834098], from group 1138368010 to 697785664 at 1683286352], content=[mirai:at:270488994] 我在哪]Govie\n位置：(x:11233.9,y: 13962)\n时间：19时28分
2023-05-05 19:33:42 V/Bot.270488994: [Public Dayz(697785664)] BigNB(86887878) -> 你俩这怕不是钓鱼执法
2023-05-05 19:33:57 V/Bot.270488994: [Public Dayz(697785664)] S_RobertoTH(173445004) -> 掎角之势
2023-05-05 19:34:30 V/Bot.270488994: [Public Dayz(697785664)] MTF_Yz(2601333735) -> 我不认路啊
2023-05-05 19:34:51 V/Bot.270488994: [Public Dayz(697785664)] S_RobertoTH(173445004) -> 你俩去机场掏枪拉
2023-05-05 19:34:57 V/Bot.270488994: [Public Dayz(697785664)] MTF_Yz(2601333735) -> 来人我就死，死了就玩csgo去
2023-05-05 19:38:01 V/Bot.270488994: [Public Dayz(697785664)] AloneWolf(1055387847) -> 好爽啊刷的都是满配枪嘿嘿嘿🥵
2023-05-05 19:38:29 V/Bot.270488994: [Public Dayz(697785664)] xiaowang(2983870951) -> 哪里还会刷满配枪
2023-05-05 19:38:59 V/Bot.270488994: [Public Dayz(697785664)] AloneWolf(1055387847) -> [mirai:image:{86D0D6A2-D006-5C14-5A14-0C57C10E7BEE}.png, width=619, height=402, size=359910, type=PNG, isEmoji=false]
2023-05-05 19:39:19 V/Bot.270488994: [Public Dayz(697785664)] AloneWolf(1055387847) -> 不算太满配
2023-05-05 19:39:28 V/Bot.270488994: [Public Dayz(697785664)] xiaowang(2983870951) -> 比这个好的还有好多呢
2023-05-05 19:39:33 V/Bot.270488994: [Public Dayz(697785664)] AloneWolf(1055387847) -> 就在里公寓不远的帐篷
2023-05-05 19:39:53 V/Bot.270488994: [Public Dayz(697785664)] BigNB(86887878) -> 你在安全区那个公寓？
2023-05-05 19:40:29 V/Bot.270488994: [Public Dayz(697785664)] AloneWolf(1055387847) -> 对，我从那边出发的
2023-05-05 19:42:01 V/Bot.270488994: [Public Dayz(697785664)] BigNB(86887878) -> 这样
2023-05-05 19:42:59 V/Bot.270488994: [Public Dayz(697785664)] AloneWolf(1055387847) -> 不会是被群友偷袭了吧
2023-05-05 19:44:02 V/Bot.270488994: [Public Dayz(697785664)] BigNB(86887878) -> 有可能
2023-05-05 19:44:25 V/Bot.270488994: [Public Dayz(697785664)] AloneWolf(1055387847) -> 好像有人给了我一枪，就黑屏了
2023-05-05 19:44:41 V/Bot.270488994: [Public Dayz(697785664)] S_RobertoTH(173445004) -> ？
2023-05-05 19:44:49 V/Bot.270488994: [Public Dayz(697785664)] S_RobertoTH(173445004) -> [mirai:at:270488994] 在线人数
2023-05-05 19:44:50 V/Bot.270488994: Group(697785664) <- [mirai:quote:[mirai:source:ids=[45910], internalIds=[1960092040], from group 173445004 to 697785664 at 1683287089], content=[mirai:at:270488994] 在线人数]服务器状态：在线，19点43分在线人数：8
2023-05-05 19:44:54 V/Bot.270488994: [Public Dayz(697785664)] S_RobertoTH(173445004) -> 这么多人
2023-05-05 19:45:14 V/Bot.270488994: [Public Dayz(697785664)] BigNB(86887878) -> 还没有跳杀
2023-05-05 19:45:21 V/Bot.270488994: [Public Dayz(697785664)] BigNB(86887878) -> 应该没有补你
2023-05-05 19:45:26 V/Bot.270488994: [Public Dayz(697785664)] BigNB(86887878) -> 还有机会
2023-05-05 19:45:34 V/Bot.270488994: [Public Dayz(697785664)] AloneWolf(1055387847) -> 可能被僵尸缠住了
2023-05-05 19:45:38 V/Bot.270488994: [Public Dayz(697785664)] AloneWolf(1055387847) -> 我润了
2023-05-05 19:48:08 V/Bot.270488994: [Public Dayz(697785664)] AloneWolf(1055387847) -> 我还以为我死了原来是昏迷
2023-05-05 19:52:09 V/Bot.270488994: [Public Dayz(697785664)] MTF_Yz(2601333735) -> [mirai:at:270488994] 我在哪
2023-05-05 19:52:10 V/Bot.270488994: Group(697785664) <- [mirai:quote:[mirai:source:ids=[45919], internalIds=[-327138033], from group 2601333735 to 697785664 at 1683287529], content=[mirai:at:270488994] 我在哪]MTF_Yz\n位置：(x:9848,y: 13333.2)\n时间：19时48分
2023-05-05 19:53:50 V/Bot.270488994: [Public Dayz(697785664)] MTF_Yz(2601333735) -> [mirai:at:270488994] 我在哪
2023-05-05 19:53:50 V/Bot.270488994: Group(697785664) <- [mirai:quote:[mirai:source:ids=[45921], internalIds=[431443453], from group 2601333735 to 697785664 at 1683287630], content=[mirai:at:270488994] 我在哪]MTF_Yz\n位置：(x:9267.4,y: 13296.6)\n时间：19时53分
2023-05-05 19:54:14 V/Bot.270488994: [Public Dayz(697785664)] pan(775481796) -> [mirai:at:270488994] 在线人数
2023-05-05 19:54:15 V/Bot.270488994: Group(697785664) <- [mirai:quote:[mirai:source:ids=[45923], internalIds=[299847681], from group 775481796 to 697785664 at 1683287654], content=[mirai:at:270488994] 在线人数]服务器状态：在线，19点53分在线人数：8
2023-05-05 20:00:01 V/Bot.270488994: Group(697785664) <- [mirai:atall]今天是开服第10天,服务器状态：在线，19点58分在线人数：9,兄弟们开冲
2023-05-05 20:00:02 V/Bot.270488994: Group(697785664) <- [mirai:atall][mirai:image:{A4031D21-FC2A-6A82-26C5-BC324CD7770B}.jpg, width=198, height=161, size=3242, type=JPG, isEmoji=false]
2023-05-05 20:07:07 V/Bot.270488994: [Public Dayz(697785664)] MTF_Yz(2601333735) -> [mirai:at:270488994] 我在哪
2023-05-05 20:07:07 V/Bot.270488994: Group(697785664) <- [mirai:quote:[mirai:source:ids=[45927], internalIds=[-2020670395], from group 2601333735 to 697785664 at 1683288427], content=[mirai:at:270488994] 我在哪]MTF_Yz\n位置：(x:9588.3,y: 13733.1)\n时间：20时06分
2023-05-05 20:10:01 V/Bot.270488994: [Public Dayz(697785664)] S_RobertoTH(173445004) -> 三盘锁不能直接锁门么
2023-05-05 20:10:14 V/Bot.270488994: [Public Dayz(697785664)] S_RobertoTH(173445004) -> [mirai:at:270488994] 在线人数
2023-05-05 20:10:15 V/Bot.270488994: Group(697785664) <- [mirai:quote:[mirai:source:ids=[45930], internalIds=[-2085019582], from group 173445004 to 697785664 at 1683288615], content=[mirai:at:270488994] 在线人数]服务器状态：在线，20点08分在线人数：9
2023-05-05 20:14:11 V/Bot.270488994: [Public Dayz(697785664)] MTF_Yz(2601333735) -> [mirai:at:270488994] 我在哪
2023-05-05 20:14:12 V/Bot.270488994: Group(697785664) <- [mirai:quote:[mirai:source:ids=[45932], internalIds=[-2088945517], from group 2601333735 to 697785664 at 1683288851], content=[mirai:at:270488994] 我在哪]MTF_Yz\n位置：(x:9504.8,y: 13787.3)\n时间：20时13分
2023-05-05 20:16:52 V/Bot.270488994: [Public Dayz(697785664)] MTF_Yz(2601333735) -> [mirai:at:270488994] 我在哪
2023-05-05 20:16:53 V/Bot.270488994: Group(697785664) <- [mirai:quote:[mirai:source:ids=[45934], internalIds=[-1373990415], from group 2601333735 to 697785664 at 1683289012], content=[mirai:at:270488994] 我在哪]MTF_Yz\n位置：(x:9504.8,y: 13787.3)\n时间：20时13分
2023-05-05 20:17:34 V/Bot.270488994: [Public Dayz(697785664)] MTF_Yz(2601333735) -> [mirai:at:270488994] 我在哪
2023-05-05 20:17:35 V/Bot.270488994: Group(697785664) <- [mirai:quote:[mirai:source:ids=[45936], internalIds=[-1876655948], from group 2601333735 to 697785664 at 1683289054], content=[mirai:at:270488994] 我在哪]MTF_Yz\n位置：(x:9504.8,y: 13787.3)\n时间：20时13分
2023-05-05 20:17:41 V/Bot.270488994: [Public Dayz(697785664)] MTF_Yz(2601333735) -> 怎么不刷新
2023-05-05 20:18:03 V/Bot.270488994: [Public Dayz(697785664)] MTF_Yz(2601333735) -> [mirai:at:270488994] 我在哪
2023-05-05 20:18:04 V/Bot.270488994: Group(697785664) <- [mirai:quote:[mirai:source:ids=[45939], internalIds=[-1865772693], from group 2601333735 to 697785664 at 1683289083], content=[mirai:at:270488994] 我在哪]MTF_Yz\n位置：(x:9504.8,y: 13787.3)\n时间：20时13分
2023-05-05 20:18:12 V/Bot.270488994: [Public Dayz(697785664)] S_RobertoTH(173445004) -> 五分钟一次吧
2023-05-05 20:18:31 V/Bot.270488994: [Public Dayz(697785664)] Govie(1138368010) -> [mirai:at:270488994] 11233.9
2023-05-05 20:18:32 V/Bot.270488994: Group(697785664) <- [mirai:quote:[mirai:source:ids=[45942], internalIds=[-962840461], from group 1138368010 to 697785664 at 1683289112], content=[mirai:at:270488994] 11233.9]输入的命令有误,你可以跟我说查询命令,我会告诉你所有的命令
2023-05-05 20:18:40 V/Bot.270488994: [Public Dayz(697785664)] Govie(1138368010) -> [mirai:at:270488994] 我在哪
2023-05-05 20:18:41 V/Bot.270488994: Group(697785664) <- [mirai:quote:[mirai:source:ids=[45944], internalIds=[-203044172], from group 1138368010 to 697785664 at 1683289120], content=[mirai:at:270488994] 我在哪]Govie\n位置：(x:9347.6,y: 13706.8)\n时间：20时18分
2023-05-05 20:19:39 V/Bot.270488994: [Public Dayz(697785664)] AloneWolf(1055387847) -> 我们有那种交易区吗
2023-05-05 20:19:58 V/Bot.270488994: Group(697785664) <- 服务器规则\n(一)建造规则:\n1:海边城市内禁止三人以上队伍建家，三人以上必须去内陆建家，海边一千五百米都算是海边城市。\n2:一个队伍只允许在一处建筑建造基地，建造基地只能在自己所属基地添加建筑，不能堵周围通道和建筑。\n3:不允许在饮水点，军营，重要物资点建造建筑或封锁通道。大型资源点禁止建家。\n4.不允许在路上建家，发现违规可以联系群主删除违规建筑\n(二)突袭规则:\n1:拆家突袭时间为每周五19:00-周日22:00，以及所有的国家法定节假日。如果正在突袭过程中的一方进入对方基地，以最后突袭时间为准。\n2:拆除基地后，请带走自己需要的资源，如有不需要的资源，不允许恶意毁坏或者扬空他人基地物资。\n3:禁止拆除基地后从他人基地下线。如果上线后发现自己所处位置被建造成基地，请联系管理员拉出，禁止进行破坏。\n4:禁止使用一切卡BUG手段拆家或进入他人基地偷东西;不得利用自由建造机制无限叠瞭望塔进入他人基地。(可以造到官方设置的高度)\n5:小队与小队之间禁止合家，结盟拆家，以及超过五人的结盟战斗且通过人数建立不平衡优势的行为。\n6:在完全占领他人基地之前，禁止给他人基地上锁，换锁或者加门。\n(三)录屏规则:\n1:杀人必须录屏，需要录制最短五分钟的视频，从击杀那一刻往前推，五分钟的视频，录屏是回放式录制，不会影响正常游戏体验，杀完人按快捷键保存即可。谁杀人谁录制，不允许一队只有一人开录制，必须人人打开，谁杀谁录。\n2：拆家必须提前打开录制，录完整个拆家视频，从进去到出来的那一刻。\n3：被其他玩家击杀后，可以在半小时内要求群主帮忙查录屏，超出半小时则无法要求击杀者提供视频。\n4：如果击杀者在被要求拿出录屏的时候无法给出，会被记录没有录屏。每个人有两次机会因为各种因素导致的给不出录屏，第三次给不出会直接永久ban掉。\n录屏教程：\n如果你是Nvidia显卡用户，可以使用英伟达自带的驱动录制，录制方法如视频教程:https://www.bilibili.com/video/BV1zS4y1G7QA/\n如果你是其他显卡，可以使用OBS软件进行录制，录制方法教程如视频：https://www.bilibili.com/video/BV1QQ4y1h7Ru/\n(四）其他规则:\n1:禁止利用游戏机制中的漏洞来获得不公平的优势，在夜晚使用NVIDIA滤镜效果等。\n2:禁止任何性质的人身虐待、淫秽、骚扰、威胁、仇恨、种族歧视、同性歧视或诽谤言论;群内故意制造争端引起争吵也是不允许的。\n3:请勿在游戏群中点名违规者或作弊者，如果问题请私聊管理员处理。\n加入Public dayz服务器，即表示您同意我们的规则，规则将不定期更新。违反以上规定者视严重程度处3-7天甚至永久封禁。\n如果您退出了QQ群聊，即代表您放弃了白名单使用权。为防止作弊和违规行为的脱管，我们会对您的白名单进行收回。最后更新于:2023年4月27日
2023-05-05 20:22:26 V/Bot.270488994: [Public Dayz(697785664)] MTF_Yz(2601333735) -> [mirai:at:270488994] 我在哪
2023-05-05 20:22:27 V/Bot.270488994: Group(697785664) <- [mirai:quote:[mirai:source:ids=[45948], internalIds=[-2122783201], from group 2601333735 to 697785664 at 1683289346], content=[mirai:at:270488994] 我在哪]MTF_Yz\n位置：(x:9211.8,y: 13555.4)\n时间：20时20分
2023-05-05 20:24:07 V/Bot.270488994: [Public Dayz(697785664)] S_RobertoTH(173445004) -> [mirai:quote:[mirai:source:ids=[45946], internalIds=[898959034], from 1055387847 to 697785664 at 1683289179], content=<not yet initialized>][mirai:at:1055387847] 现在没有
2023-05-05 20:24:37 V/Bot.270488994: [Public Dayz(697785664)] MTF_Yz(2601333735) -> [mirai:at:270488994] 我在哪
2023-05-05 20:24:37 V/Bot.270488994: Group(697785664) <- [mirai:quote:[mirai:source:ids=[45951], internalIds=[-1952616633], from group 2601333735 to 697785664 at 1683289477], content=[mirai:at:270488994] 我在哪]MTF_Yz\n位置：(x:9060.0,y: 13231.2)\n时间：20时23分
2023-05-05 20:27:01 V/Bot.270488994: [Public Dayz(697785664)] Mr.L(314963767) -> [mirai:at:270488994] 在线人数
2023-05-05 20:27:02 V/Bot.270488994: Group(697785664) <- [mirai:quote:[mirai:source:ids=[45953], internalIds=[1782203937], from group 314963767 to 697785664 at 1683289622], content=[mirai:at:270488994] 在线人数]服务器状态：在线，20点23分在线人数：9
2023-05-05 20:28:32 V/Bot.270488994: [Public Dayz(697785664)] yuye(490026893) -> 大佬们，问一下新手村在那个城，我也想入住一下
2023-05-05 20:28:47 V/Bot.270488994: [Public Dayz(697785664)] BigNB(86887878) -> C城
2023-05-05 20:28:55 V/Bot.270488994: [Public Dayz(697785664)] yuye(490026893) -> [mirai:image:{0912F504-A465-1B5B-893C-B9AB019F1A0A}.gif, width=300, height=300, size=19491, type=GIF, isEmoji=false]
2023-05-05 20:29:06 V/Bot.270488994: [Public Dayz(697785664)] yuye(490026893) -> 话说不会被人堵在新手村吧
2023-05-05 20:29:12 V/Bot.270488994: [Public Dayz(697785664)] BigNB(86887878) -> [mirai:image:{39D8CB55-8F77-6747-DF0C-88A1C070F6F5}.png, width=1173, height=820, size=1522363, type=PNG, isEmoji=false]
2023-05-05 20:29:23 V/Bot.270488994: [Public Dayz(697785664)] BigNB(86887878) -> 不会
2023-05-05 20:30:01 V/Bot.270488994: [Public Dayz(697785664)] yuye(490026893) -> 就怕入住完一出来就被噶了
2023-05-05 20:30:11 V/Bot.270488994: [Public Dayz(697785664)] S_RobertoTH(173445004) -> [mirai:image:{BD202217-1F8A-BC88-35B3-91975EC4B7ED}.gif, width=331, height=331, size=692259, type=GIF, isEmoji=true]
2023-05-05 20:30:13 V/Bot.270488994: [Public Dayz(697785664)] yuye(490026893) -> 等我队友加完班，明天办个入驻
2023-05-05 20:30:21 V/Bot.270488994: [Public Dayz(697785664)] yuye(490026893) -> [mirai:image:{0912F504-A465-1B5B-893C-B9AB019F1A0A}.gif, width=300, height=300, size=19491, type=GIF, isEmoji=false]
2023-05-05 20:30:24 V/Bot.270488994: [Public Dayz(697785664)] L(1250233890) -> [mirai:at:770250633] 今天上晚点 
2023-05-05 20:30:32 V/Bot.270488994: [Public Dayz(697785664)] L(1250233890) -> 晚点再玩 我有点事
2023-05-05 20:34:49 V/Bot.270488994: [Public Dayz(697785664)] L(1250233890) -> [mirai:at:86887878]  
2023-05-05 20:34:56 V/Bot.270488994: [Public Dayz(697785664)] L(1250233890) -> 今天星期五了哟
2023-05-05 20:35:06 V/Bot.270488994: [Public Dayz(697785664)] L(1250233890) -> [mirai:image:{3A1760F8-EF25-DCD2-AC77-4AA277C0589B}.jpg, width=68, height=55, size=5039, type=GIF, isEmoji=false]
2023-05-05 20:35:11 V/Bot.270488994: [Public Dayz(697785664)] AloneWolf(1055387847) -> 兄弟们打死人会有提示吗
2023-05-05 20:35:20 V/Bot.270488994: [Public Dayz(697785664)] L(1250233890) -> 你下线之时就是我上线之日
2023-05-05 20:35:28 V/Bot.270488994: [Public Dayz(697785664)] L(1250233890) -> [mirai:image:{92DBD576-D53C-EB90-307E-BA0FE021CAE8}.jpg, width=60, height=60, size=4410, type=GIF, isEmoji=true]
2023-05-05 20:35:33 V/Bot.270488994: [Public Dayz(697785664)] qiyonghan(2502510147) -> 有
2023-05-05 20:35:38 V/Bot.270488994: [Public Dayz(697785664)] L(1250233890) -> 有的
2023-05-05 20:36:07 V/Bot.270488994: [Public Dayz(697785664)] AloneWolf(1055387847) -> [mirai:image:{1937DF7A-313D-97F4-8D55-C8B319BFE808}.png, width=75, height=63, size=3763, type=PNG, isEmoji=true]
2023-05-05 20:40:26 V/Bot.270488994: [Public Dayz(697785664)] BigNB(86887878) -> [mirai:at:1250233890]
2023-05-05 20:40:28 V/Bot.270488994: [Public Dayz(697785664)] BigNB(86887878) -> 来吧
2023-05-05 20:40:33 V/Bot.270488994: [Public Dayz(697785664)] BigNB(86887878) -> 家里不设防
2023-05-05 20:40:37 V/Bot.270488994: [Public Dayz(697785664)] BigNB(86887878) -> [mirai:image:{EF17DABE-63D6-123A-3055-9BDF28C25ED1}.png, width=2560, height=1440, size=5142599, type=PNG, isEmoji=false]
2023-05-05 20:40:37 V/Bot.270488994: [Public Dayz(697785664)] BigNB(86887878) -> 我在玩别的
2023-05-05 20:40:40 V/Bot.270488994: [Public Dayz(697785664)] Я(747692922) -> [mirai:at:270488994] 在线人数
2023-05-05 20:40:40 V/Bot.270488994: [Public Dayz(697785664)] L(1250233890) -> 不去
2023-05-05 20:40:41 V/Bot.270488994: Group(697785664) <- [mirai:quote:[mirai:source:ids=[45981], internalIds=[644704611], from group 747692922 to 697785664 at 1683290440], content=[mirai:at:270488994] 在线人数]服务器状态：在线，20点38分在线人数：8
2023-05-05 20:40:48 V/Bot.270488994: [Public Dayz(697785664)] Я(747692922) -> 这么活跃
2023-05-05 20:40:51 V/Bot.270488994: [Public Dayz(697785664)] L(1250233890) -> 开玩笑的
2023-05-05 20:42:07 V/Bot.270488994: [Public Dayz(697785664)] BigNB(86887878) -> 没事
2023-05-05 20:42:14 V/Bot.270488994: [Public Dayz(697785664)] BigNB(86887878) -> 你打的话我来得及
2023-05-05 20:42:24 V/Bot.270488994: [Public Dayz(697785664)] BigNB(86887878) -> 家里的门够够的
2023-05-05 20:42:37 V/Bot.270488994: [Public Dayz(697785664)] BigNB(86887878) -> [mirai:image:{C9697343-D239-AD5F-32EC-BFC9A28E82B2}.gif, width=80, height=80, size=4930, type=GIF, isEmoji=true]
2023-05-05 20:42:51 V/Bot.270488994: [Public Dayz(697785664)] BigNB(86887878) -> 为了不守家，我们选择了另外个科技树
2023-05-05 20:45:56 V/Bot.270488994: [Public Dayz(697785664)] Govie(1138368010) -> [mirai:at:270488994] 我在哪
2023-05-05 20:45:57 V/Bot.270488994: Group(697785664) <- [mirai:quote:[mirai:source:ids=[45991], internalIds=[1773514789], from group 1138368010 to 697785664 at 1683290757], content=[mirai:at:270488994] 我在哪]Govie\n位置：(x:8457.5,y: 14212.6)\n时间：20时43分
2023-05-05 20:50:35 V/Bot.270488994: [Public Dayz(697785664)] CoCofive(1725031351) -> [mirai:at:270488994] 在线人数
2023-05-05 20:50:36 V/Bot.270488994: Group(697785664) <- [mirai:quote:[mirai:source:ids=[45993], internalIds=[1596120529], from group 1725031351 to 697785664 at 1683291035], content=[mirai:at:270488994] 在线人数]服务器状态：在线，20点48分在线人数：8
2023-05-05 20:50:58 V/Bot.270488994: [Public Dayz(697785664)] S_RobertoTH(173445004) -> 造门要钳子吗
2023-05-05 20:51:05 V/Bot.270488994: [Public Dayz(697785664)] S_RobertoTH(173445004) -> 半天找不到
2023-05-05 20:51:52 V/Bot.270488994: [Public Dayz(697785664)] SXDNR(3491151929) -> 需要
2023-05-05 20:55:08 V/Bot.270488994: [Public Dayz(697785664)] qiyonghan(2502510147) -> [mirai:quote:[mirai:source:ids=[45993], internalIds=[0], from 1725031351 to 697785664 at 1683291035], content=<not yet initialized>][mirai:at:1725031351] 哥们回来啦
2023-05-05 20:55:16 V/Bot.270488994: [Public Dayz(697785664)] qiyonghan(2502510147) -> [mirai:quote:[mirai:source:ids=[45995], internalIds=[0], from 173445004 to 697785664 at 1683291058], content=<not yet initialized>][mirai:at:173445004] 要
2023-05-05 20:55:27 V/Bot.270488994: [Public Dayz(697785664)] Y0semite(2059997947) -> 💊
2023-05-05 20:55:31 V/Bot.270488994: [Public Dayz(697785664)] qiyonghan(2502510147) -> [mirai:at:270488994] 在线人数
2023-05-05 20:55:32 V/Bot.270488994: Group(697785664) <- [mirai:quote:[mirai:source:ids=[46001], internalIds=[462348067], from group 2502510147 to 697785664 at 1683291331], content=[mirai:at:270488994] 在线人数]服务器状态：在线，20点53分在线人数：9
2023-05-05 20:55:53 V/Bot.270488994: [Public Dayz(697785664)] CoCofive(1725031351) -> 找服呢每天回来看看
2023-05-05 20:56:08 V/Bot.270488994: [Public Dayz(697785664)] aynami1314(2352325006) -> [mirai:image:{5E82E48F-3575-0074-DD7E-530F6C61C0CD}.jpg, width=300, height=280, size=9547, type=JPG, isEmoji=true]
2023-05-05 20:56:21 V/Bot.270488994: [Public Dayz(697785664)] aynami1314(2352325006) -> 你们在玩
2023-05-05 20:56:25 V/Bot.270488994: [Public Dayz(697785664)] aynami1314(2352325006) -> 而我还在上课
2023-05-05 20:57:55 V/Bot.270488994: [Public Dayz(697785664)] qiyonghan(2502510147) -> [mirai:quote:[mirai:source:ids=[46003], internalIds=[920109391], from 1725031351 to 697785664 at 1683291354], content=<not yet initialized>][mirai:at:1725031351] 别找了
2023-05-05 20:57:58 V/Bot.270488994: [Public Dayz(697785664)] qiyonghan(2502510147) -> 加安全区了
2023-05-05 20:58:00 V/Bot.270488994: [Public Dayz(697785664)] qiyonghan(2502510147) -> 回来吧
2023-05-05 20:58:57 V/Bot.270488994: [Public Dayz(697785664)] CoCofive(1725031351) -> 有个队友不玩车臣[敲打]
2023-05-05 20:59:34 V/Bot.270488994: [Public Dayz(697785664)] S_RobertoTH(173445004) -> 那马尔克斯更难
2023-05-05 21:00:00 V/Bot.270488994: Group(697785664) <- [mirai:atall]今天是开服第10天,服务器状态：在线，20点58分在线人数：9,兄弟们开冲
2023-05-05 21:00:01 V/Bot.270488994: Group(697785664) <- [mirai:atall][mirai:image:{A4031D21-FC2A-6A82-26C5-BC324CD7770B}.jpg, width=198, height=161, size=3242, type=JPG, isEmoji=false]
2023-05-05 21:00:07 V/Bot.270488994: [Public Dayz(697785664)] CoCofive(1725031351) -> 冰岛外服有个队友进不去，麻烦很
2023-05-05 21:00:09 V/Bot.270488994: Group(697785664) <- 服务器IP换了,进不去就取消收藏,重新直连一次,或者去社区搜索群名。\n直连IP为dayz.qiyonghan.icu,端口为22302
2023-05-05 21:01:47 V/Bot.270488994: [Public Dayz(697785664)] qiyonghan(2502510147) -> 没事 我加个冬天
2023-05-05 21:01:56 V/Bot.270488994: [Public Dayz(697785664)] Я(747692922) -> 哈哈哈哈哈哈
2023-05-05 21:02:09 V/Bot.270488994: [Public Dayz(697785664)] qiyonghan(2502510147) -> 跟冰岛没什么区别
2023-05-05 21:02:12 V/Bot.270488994: [Public Dayz(697785664)] qiyonghan(2502510147) -> 速速来
2023-05-05 21:02:12 V/Bot.270488994: [Public Dayz(697785664)] Я(747692922) -> 群主哈哈哈
2023-05-05 21:02:14 V/Bot.270488994: [Public Dayz(697785664)] CoCofive(1725031351) -> [mirai:image:{43DE1DE2-156D-FA38-EC39-5AE136E42A16}.gif, width=48, height=48, size=7589, type=GIF, isEmoji=true]
2023-05-05 21:02:28 V/Bot.270488994: [Public Dayz(697785664)] qiyonghan(2502510147) -> [色][色]
2023-05-05 21:02:45 V/Bot.270488994: [Public Dayz(697785664)] Я(747692922) -> 群主就差把服务器送给你了
2023-05-05 21:03:19 V/Bot.270488994: [Public Dayz(697785664)] Я(747692922) -> 人数少可以考虑那张lux
2023-05-05 21:03:50 V/Bot.270488994: [Public Dayz(697785664)] Я(747692922) -> 地图小可能会更热闹
2023-05-05 21:04:41 V/Bot.270488994: [Public Dayz(697785664)] AloneWolf(1055387847) -> 被一哥们撵了一路[mirai:image:{46EAA385-531B-CF97-A626-9BD653ED1B91}.jpg, width=500, height=522, size=19382, type=JPG, isEmoji=true]
2023-05-05 21:04:57 V/Bot.270488994: [Public Dayz(697785664)] aynami1314(2352325006) -> [mirai:image:{5E82E48F-3575-0074-DD7E-530F6C61C0CD}.jpg, width=300, height=280, size=9547, type=JPG, isEmoji=true]
2023-05-05 21:05:31 V/Bot.270488994: [Public Dayz(697785664)] aynami1314(2352325006) -> 要不玩玩巴诺夫？
2023-05-05 21:05:45 V/Bot.270488994: [Public Dayz(697785664)] aynami1314(2352325006) -> 图小一点
2023-05-05 21:06:08 V/Bot.270488994: [Public Dayz(697785664)] Y0semite(2059997947) -> banov
2023-05-05 21:06:25 V/Bot.270488994: [Public Dayz(697785664)] Y0semite(2059997947) -> 巴诺夫有外星人
2023-05-05 21:07:02 V/Bot.270488994: [Public Dayz(697785664)] qiyonghan(2502510147) -> 下个档改吧
2023-05-05 21:07:15 V/Bot.270488994: [Public Dayz(697785664)] Y0semite(2059997947) -> 我感觉
2023-05-05 21:07:25 V/Bot.270488994: [Public Dayz(697785664)] Y0semite(2059997947) -> 官方dlc图也可以
2023-05-05 21:07:37 V/Bot.270488994: [Public Dayz(697785664)] Y0semite(2059997947) -> 挺不错的
2023-05-05 21:09:05 V/Bot.270488994: [Public Dayz(697785664)] qiyonghan(2502510147) -> 那个要钱
2023-05-05 21:09:06 V/Bot.270488994: [Public Dayz(697785664)] qiyonghan(2502510147) -> 很多人没有
2023-05-05 21:09:13 V/Bot.270488994: [Public Dayz(697785664)] Y0semite(2059997947) -> /捂脸/捂脸
2023-05-05 21:09:14 V/Bot.270488994: [Public Dayz(697785664)] aynami1314(2352325006) -> [mirai:quote:[mirai:source:ids=[46034], internalIds=[1999531272], from 2059997947 to 697785664 at 1683292046], content=<not yet initialized>][mirai:at:2059997947] 没多少人买
2023-05-05 21:09:21 V/Bot.270488994: [Public Dayz(697785664)] aynami1314(2352325006) -> 虽然我有么
2023-05-05 21:09:26 V/Bot.270488994: [Public Dayz(697785664)] aynami1314(2352325006) -> [mirai:image:{D7088776-1BCF-4910-7947-8A934DC639DC}.jpg, width=97, height=107, size=8349, type=PNG, isEmoji=true]
2023-05-05 21:09:29 V/Bot.270488994: [Public Dayz(697785664)] Y0semite(2059997947) -> 感觉那个还不错
2023-05-05 21:09:33 V/Bot.270488994: [Public Dayz(697785664)] Y0semite(2059997947) -> /我方了/我方了
2023-05-05 21:10:08 V/Bot.270488994: [Public Dayz(697785664)] aynami1314(2352325006) -> 个人体验
2023-05-05 21:10:17 V/Bot.270488994: [Public Dayz(697785664)] aynami1314(2352325006) -> 高级资源点很少
2023-05-05 21:10:31 V/Bot.270488994: [Public Dayz(697785664)] aynami1314(2352325006) -> 你要大枪
2023-05-05 21:10:39 V/Bot.270488994: [Public Dayz(697785664)] aynami1314(2352325006) -> 往南跑
2023-05-05 21:10:44 V/Bot.270488994: [Public Dayz(697785664)] aynami1314(2352325006) -> 距离也不短
2023-05-05 21:10:52 V/Bot.270488994: [Public Dayz(697785664)] aynami1314(2352325006) -> 最致命的是
2023-05-05 21:11:09 V/Bot.270488994: [Public Dayz(697785664)] aynami1314(2352325006) -> 医疗物资难找
2023-05-05 21:15:19 V/Bot.270488994: [Public Dayz(697785664)] S_RobertoTH(173445004) -> [mirai:at:270488994] 在线人数
2023-05-05 21:15:19 V/Bot.270488994: Group(697785664) <- [mirai:quote:[mirai:source:ids=[46051], internalIds=[-74871413], from group 173445004 to 697785664 at 1683292519], content=[mirai:at:270488994] 在线人数]服务器状态：在线，21点13分在线人数：6
2023-05-05 21:15:45 V/Bot.270488994: [Public Dayz(697785664)] AloneWolf(1055387847) -> 话说我们不如在默认装备里加一手指南针
2023-05-05 21:16:14 V/Bot.270488994: [Public Dayz(697785664)] AloneWolf(1055387847) -> [mirai:image:{E07041D4-8218-B29B-CBE3-2DFFFBD11468}.jpg, width=300, height=298, size=10147, type=JPG, isEmoji=true]
2023-05-05 21:20:13 V/Bot.270488994: Event: MemberJoinRequestEvent(bot=Bot(270488994), eventId=1683292813578272, message=dayz 新手进服务器玩游戏, fromId=2090720579, groupId=697785664, groupName=Public Dayz, fromNick=冷冷leng, invitorId=null)
2023-05-05 21:20:14 V/Bot.270488994: Event: MemberJoinEvent.Active(member=2090720579)
2023-05-05 21:20:14 V/Bot.270488994: Event: MemberCardChangeEvent(origin=冷冷leng, new=, member=NormalMember(2090720579))
2023-05-05 21:20:14 V/Bot.270488994: [Public Dayz(697785664)] 冷冷leng(2090720579) -> dayz 新手进服务器玩游戏
2023-05-05 21:20:16 V/Bot.270488994: Group(697785664) <- [mirai:at:2090720579] 欢迎冷冷leng入群! 白名单申请看公告，把steam资料设置全部公开。格式:\nqq:xxxxxxx\nsteamid:xxxxxxxxxxxxxxxx\n波西米亚id:xxxxxxxxx\n游戏昵称:xxx。\n波西米亚id获取方式：群里AT机器人发送命令：转换为波西米亚id:此处填写你的steam17位id。\n以上面这个格式发送给群主\nsteamid获取方式:https://www.bilibili.com/video/BV14a411W7gU/\n进服务器方法http://dayzguide.qiyonghan.icu/
2023-05-05 21:20:48 V/Bot.270488994: [Public Dayz(697785664)] qiyonghan(2502510147) -> [mirai:quote:[mirai:source:ids=[46053], internalIds=[273806235], from 1055387847 to 697785664 at 1683292545], content=<not yet initialized>][mirai:at:1055387847]  可以
2023-05-05 21:33:39 V/Bot.270488994: [Public Dayz(697785664)] AloneWolf(1055387847) -> [mirai:image:{F6EB3119-5E54-09E3-C41D-69C071E99E08}.gif, width=54, height=51, size=4569, type=GIF, isEmoji=true]
2023-05-05 21:37:53 V/Bot.270488994: [Public Dayz(697785664)] S_RobertoTH(173445004) -> [mirai:image:{4703D73A-EB8D-3065-144B-A7E302FE0F5F}.png, width=211, height=76, size=13929, type=PNG, isEmoji=false]小看僵尸就会得到惩罚
2023-05-05 21:37:58 V/Bot.270488994: Event: FriendAvatarChangedEvent(friend=Friend(2917944138))
2023-05-05 21:40:08 V/Bot.270488994: [Public Dayz(697785664)] Y0semite(2059997947) -> /我方了/我方了
2023-05-05 21:43:55 V/Bot.270488994: [Public Dayz(697785664)] BigNB(86887878) -> 我也是o+
2023-05-05 21:43:58 V/Bot.270488994: [Public Dayz(697785664)] BigNB(86887878) -> 我可以给你输血
2023-05-05 21:44:08 V/Bot.270488994: [Public Dayz(697785664)] S_RobertoTH(173445004) -> [mirai:image:{A2567574-63FB-E39F-2745-D7B4FC0B22AD}.png, width=101, height=178, size=15648, type=PNG, isEmoji=false]
2023-05-05 21:45:53 V/Bot.270488994: [Public Dayz(697785664)] Mr.L(314963767) -> [mirai:at:270488994] 在线人数
2023-05-05 21:45:54 V/Bot.270488994: Group(697785664) <- [mirai:quote:[mirai:source:ids=[46064], internalIds=[1759943820], from group 314963767 to 697785664 at 1683294353], content=[mirai:at:270488994] 在线人数]服务器状态：在线，21点43分在线人数：3
2023-05-05 21:47:16 V/Bot.270488994: [Public Dayz(697785664)] 冷冷leng(2090720579) -> [mirai:at:270488994] 转化为波西米亚id
2023-05-05 21:47:17 V/Bot.270488994: Group(697785664) <- [mirai:quote:[mirai:source:ids=[46066], internalIds=[2109023876], from group 2090720579 to 697785664 at 1683294436], content=[mirai:at:270488994] 转化为波西米亚id]输入的命令有误,你可以跟我说查询命令,我会告诉你所有的命令
2023-05-05 21:47:26 V/Bot.270488994: [Public Dayz(697785664)] 冷冷leng(2090720579) -> 查询命令
2023-05-05 21:47:36 V/Bot.270488994: [Public Dayz(697785664)] BigNB(86887878) -> [mirai:at:270488994] 查询命令
2023-05-05 21:47:37 V/Bot.270488994: Group(697785664) <- 1.在线人数\n2.我在哪\n3.转换为波西米亚id:steamid(英文冒号！！！！！！！！！)\n4.如何进服务器\n
2023-05-05 21:49:32 V/Bot.270488994: [Public Dayz(697785664)] 冷冷leng(2090720579) -> [mirai:at:270488994] 转换为波西米亚id:76561198912129018
2023-05-05 21:49:33 V/Bot.270488994: Group(697785664) <- tIJ3kUfs2PBwqMjmUafs7By5-OyQDYYR3lamv-7JnAM=
2023-05-05 21:51:42 V/Bot.270488994: [Public Dayz(697785664)] 冷冷leng(2090720579) -> qq:2090720579\nsteamid:76561198912129018\n波西米亚id:tIJ3kUfs2PBwqMjmUafs7By5-OyQDYYR3lamv-7JnAM=\n游戏昵称:XiaoPangGe\n
2023-05-05 21:52:01 V/Bot.270488994: [Public Dayz(697785664)] 冷冷leng(2090720579) -> [mirai:at:2502510147] 
2023-05-05 21:52:08 V/Bot.270488994: [Public Dayz(697785664)] 冷冷leng(2090720579) -> 群主发你了哈
2023-05-05 21:52:12 V/Bot.270488994: [Public Dayz(697785664)] 冷冷leng(2090720579) -> 不知道对不对
2023-05-05 21:52:39 V/Bot.270488994: [Public Dayz(697785664)] BigNB(86887878) -> 他在gogo好像
2023-05-05 21:52:41 V/Bot.270488994: [Public Dayz(697785664)] BigNB(86887878) -> 你等会哈
2023-05-05 21:52:49 V/Bot.270488994: [Public Dayz(697785664)] 冷冷leng(2090720579) -> 喔噢  好的
2023-05-05 22:00:00 V/Bot.270488994: Group(697785664) <- [mirai:atall]今天是开服第10天,服务器状态：在线，21点58分在线人数：3,兄弟们开冲
2023-05-05 22:00:01 V/Bot.270488994: Group(697785664) <- [mirai:atall][mirai:image:{A4031D21-FC2A-6A82-26C5-BC324CD7770B}.jpg, width=198, height=161, size=3242, type=JPG, isEmoji=false]
2023-05-05 22:08:26 V/Bot.270488994: [Public Dayz(697785664)] qiyonghan(2502510147) -> [mirai:quote:[mirai:source:ids=[46074], internalIds=[37675413], from 2090720579 to 697785664 at 1683294721], content=<not yet initialized>][mirai:at:2090720579] 好了
2023-05-05 22:08:29 V/Bot.270488994: [Public Dayz(697785664)] qiyonghan(2502510147) -> 我以为你私发我的
2023-05-05 22:08:30 V/Bot.270488994: [Public Dayz(697785664)] qiyonghan(2502510147) -> 刚看到
2023-05-05 22:11:28 V/Bot.270488994: [Public Dayz(697785664)] BigNB(86887878) -> [mirai:at:2090720579] 要入住公寓吗
2023-05-05 22:14:32 V/Bot.270488994: [Public Dayz(697785664)] 冷冷leng(2090720579) -> 额  我不是很懂  啥是入住公寓。。
2023-05-05 22:14:55 V/Bot.270488994: [Public Dayz(697785664)] 冷冷leng(2090720579) -> [mirai:at:2502510147] 谢谢
2023-05-05 22:15:25 V/Bot.270488994: [Public Dayz(697785664)] BigNB(86887878) -> 安全区
2023-05-05 22:15:31 V/Bot.270488994: [Public Dayz(697785664)] S_RobertoTH(173445004) -> 就是安全区
2023-05-05 22:15:42 V/Bot.270488994: [Public Dayz(697785664)] BigNB(86887878) -> 可以给你免费提供一个住所，然后还有一个帐篷
2023-05-05 22:16:29 V/Bot.270488994: [Public Dayz(697785664)] 冷冷leng(2090720579) -> 喔噢  好呀
2023-05-05 22:18:38 V/Bot.270488994: [Public Dayz(697785664)] BigNB(86887878) -> [mirai:at:173445004] 你在游戏不
2023-05-05 22:18:46 V/Bot.270488994: [Public Dayz(697785664)] S_RobertoTH(173445004) -> [疑问]
2023-05-05 22:18:48 V/Bot.270488994: [Public Dayz(697785664)] S_RobertoTH(173445004) -> 在呢
2023-05-05 22:18:59 V/Bot.270488994: [Public Dayz(697785664)] BigNB(86887878) -> 你给他安排下？
2023-05-05 22:19:02 V/Bot.270488994: [Public Dayz(697785664)] BigNB(86887878) -> 我在黎明杀机
2023-05-05 22:19:15 V/Bot.270488994: [Public Dayz(697785664)] S_RobertoTH(173445004) -> [吓]我离c比较远
2023-05-05 22:19:19 V/Bot.270488994: [Public Dayz(697785664)] BigNB(86887878) -> 或者迟点十一点我给你安排，如果你还在的话
2023-05-05 22:19:33 V/Bot.270488994: [Public Dayz(697785664)] BigNB(86887878) -> [mirai:at:2090720579]
2023-05-05 22:21:42 V/Bot.270488994: Group(697785664) <- 服务器规则\n(一)建造规则:\n1:海边城市内禁止三人以上队伍建家，三人以上必须去内陆建家，海边一千五百米都算是海边城市。\n2:一个队伍只允许在一处建筑建造基地，建造基地只能在自己所属基地添加建筑，不能堵周围通道和建筑。\n3:不允许在饮水点，军营，重要物资点建造建筑或封锁通道。大型资源点禁止建家。\n4.不允许在路上建家，发现违规可以联系群主删除违规建筑\n(二)突袭规则:\n1:拆家突袭时间为每周五19:00-周日22:00，以及所有的国家法定节假日。如果正在突袭过程中的一方进入对方基地，以最后突袭时间为准。\n2:拆除基地后，请带走自己需要的资源，如有不需要的资源，不允许恶意毁坏或者扬空他人基地物资。\n3:禁止拆除基地后从他人基地下线。如果上线后发现自己所处位置被建造成基地，请联系管理员拉出，禁止进行破坏。\n4:禁止使用一切卡BUG手段拆家或进入他人基地偷东西;不得利用自由建造机制无限叠瞭望塔进入他人基地。(可以造到官方设置的高度)\n5:小队与小队之间禁止合家，结盟拆家，以及超过五人的结盟战斗且通过人数建立不平衡优势的行为。\n6:在完全占领他人基地之前，禁止给他人基地上锁，换锁或者加门。\n(三)录屏规则:\n1:杀人必须录屏，需要录制最短五分钟的视频，从击杀那一刻往前推，五分钟的视频，录屏是回放式录制，不会影响正常游戏体验，杀完人按快捷键保存即可。谁杀人谁录制，不允许一队只有一人开录制，必须人人打开，谁杀谁录。\n2：拆家必须提前打开录制，录完整个拆家视频，从进去到出来的那一刻。\n3：被其他玩家击杀后，可以在半小时内要求群主帮忙查录屏，超出半小时则无法要求击杀者提供视频。\n4：如果击杀者在被要求拿出录屏的时候无法给出，会被记录没有录屏。每个人有两次机会因为各种因素导致的给不出录屏，第三次给不出会直接永久ban掉。\n录屏教程：\n如果你是Nvidia显卡用户，可以使用英伟达自带的驱动录制，录制方法如视频教程:https://www.bilibili.com/video/BV1zS4y1G7QA/\n如果你是其他显卡，可以使用OBS软件进行录制，录制方法教程如视频：https://www.bilibili.com/video/BV1QQ4y1h7Ru/\n(四）其他规则:\n1:禁止利用游戏机制中的漏洞来获得不公平的优势，在夜晚使用NVIDIA滤镜效果等。\n2:禁止任何性质的人身虐待、淫秽、骚扰、威胁、仇恨、种族歧视、同性歧视或诽谤言论;群内故意制造争端引起争吵也是不允许的。\n3:请勿在游戏群中点名违规者或作弊者，如果问题请私聊管理员处理。\n加入Public dayz服务器，即表示您同意我们的规则，规则将不定期更新。违反以上规定者视严重程度处3-7天甚至永久封禁。\n如果您退出了QQ群聊，即代表您放弃了白名单使用权。为防止作弊和违规行为的脱管，我们会对您的白名单进行收回。最后更新于:2023年4月27日
2023-05-05 22:22:02 V/Bot.270488994: [Public Dayz(697785664)] 冷冷leng(2090720579) -> 喔噢  没事儿不着急哈  我在里面玩会就下了  明天下班回来再玩 谢啦/我想开了
2023-05-05 22:23:28 V/Bot.270488994: [Public Dayz(697785664)] BigNB(86887878) -> 好
2023-05-05 22:27:43 V/Bot.270488994: Event: MemberJoinRequestEvent(bot=Bot(270488994), eventId=1683296863637369, message=, fromId=906390898, groupId=697785664, groupName=Public Dayz, fromNick=虎, invitorId=null)
2023-05-05 22:27:44 V/Bot.270488994: Event: MemberJoinEvent.Active(member=906390898)
2023-05-05 22:27:45 V/Bot.270488994: Group(697785664) <- [mirai:at:906390898] 欢迎虎入群! 白名单申请看公告，把steam资料设置全部公开。格式:\nqq:xxxxxxx\nsteamid:xxxxxxxxxxxxxxxx\n波西米亚id:xxxxxxxxx\n游戏昵称:xxx。\n波西米亚id获取方式：群里AT机器人发送命令：转换为波西米亚id:此处填写你的steam17位id。\n以上面这个格式发送给群主\nsteamid获取方式:https://www.bilibili.com/video/BV14a411W7gU/\n进服务器方法http://dayzguide.qiyonghan.icu/
2023-05-05 22:35:39 V/Bot.270488994: [Public Dayz(697785664)] pan(775481796) -> [mirai:at:270488994] 在线人数
2023-05-05 22:35:40 V/Bot.270488994: Group(697785664) <- [mirai:quote:[mirai:source:ids=[46104], internalIds=[29416790], from group 775481796 to 697785664 at 1683297339], content=[mirai:at:270488994] 在线人数]服务器状态：在线，22点32分在线人数：3
2023-05-05 22:48:25 V/Bot.270488994: Event: FriendDeleteEvent(friend=Friend(874153617))
2023-05-05 22:50:52 V/Bot.270488994: [Public Dayz(697785664)] L(1250233890) -> [mirai:at:270488994] 在线人数
2023-05-05 22:50:53 V/Bot.270488994: Group(697785664) <- [mirai:quote:[mirai:source:ids=[46106], internalIds=[1146478247], from group 1250233890 to 697785664 at 1683298253], content=[mirai:at:270488994] 在线人数]服务器状态：在线，22点47分在线人数：5
2023-05-05 22:52:13 V/Bot.270488994: [Public Dayz(697785664)] S_RobertoTH(173445004) -> 我去 怎么有bug
2023-05-05 22:52:18 V/Bot.270488994: [Public Dayz(697785664)] S_RobertoTH(173445004) -> 可以复制小棍
2023-05-05 22:53:21 V/Bot.270488994: [Public Dayz(697785664)] L(1250233890) -> 小棍有啥用啊
2023-05-05 22:53:25 V/Bot.270488994: [Public Dayz(697785664)] L(1250233890) -> ….
2023-05-05 22:53:28 V/Bot.270488994: [Public Dayz(697785664)] S_RobertoTH(173445004) -> w帐篷
2023-05-05 22:56:06 V/Bot.270488994: [Public Dayz(697785664)] L(1250233890) -> 你的QQ暂不支持查看视频短片，请期待后续版本
2023-05-05 22:56:10 V/Bot.270488994: [Public Dayz(697785664)] L(1250233890) -> 用不上
2023-05-05 23:09:56 V/Bot.270488994: [Public Dayz(697785664)] S_RobertoTH(173445004) -> [mirai:image:{D84226A0-164C-5745-9356-3670B7214F90}.png, width=243, height=112, size=32058, type=PNG, isEmoji=false]
2023-05-05 23:15:01 V/Bot.270488994: [Public Dayz(697785664)] S_RobertoTH(173445004) -> [mirai:image:{BD202217-1F8A-BC88-35B3-91975EC4B7ED}.gif, width=331, height=331, size=692259, type=GIF, isEmoji=true]缺个铲子
2023-05-05 23:34:40 V/Bot.270488994: [Public Dayz(697785664)] L(1250233890) -> 瞭望塔
2023-05-05 23:34:52 V/Bot.270488994: [Public Dayz(697785664)] L(1250233890) -> 第二层怎么造不了啊？
2023-05-05 23:35:02 V/Bot.270488994: [Public Dayz(697785664)] L(1250233890) -> 铲子锄头
2023-05-05 23:35:04 V/Bot.270488994: [Public Dayz(697785664)] L(1250233890) -> 都没用
2023-05-05 23:38:38 V/Bot.270488994: [Public Dayz(697785664)] L(1250233890) -> [mirai:at:2502510147]
2023-05-05 23:39:11 V/Bot.270488994: [Public Dayz(697785664)] qiyonghan(2502510147) -> 百度下 我也不会
2023-05-05 23:53:38 V/Bot.270488994: [Public Dayz(697785664)] S_RobertoTH(173445004) -> [mirai:at:270488994] 在线人数
2023-05-05 23:53:39 V/Bot.270488994: Group(697785664) <- [mirai:quote:[mirai:source:ids=[46123], internalIds=[1939188506], from group 173445004 to 697785664 at 1683302019], content=[mirai:at:270488994] 在线人数]服务器状态：在线，23点52分在线人数：3
2023-05-05 23:56:04 V/Bot.270488994: [Public Dayz(697785664)] L(1250233890) -> [mirai:at:86887878] haimeixia ma
2023-05-05 23:57:12 V/Bot.270488994: [Public Dayz(697785664)] BigNB(86887878) -> 刚下
2023-05-05 23:57:39 V/Bot.270488994: [Public Dayz(697785664)] BigNB(86887878) -> 给发电机加了个油
2023-05-05 23:57:44 V/Bot.270488994: [Public Dayz(697785664)] BigNB(86887878) -> 不然没电了
