[0m2023-05-17 00:08:09 V/: Send: MessageSvc.PbSendMsg(MessageSvc.PbSendMsg)[0m
[0m2023-05-17 00:08:10 V/: Recv: MessageSvc.PbSendMsg[0m
[0m2023-05-17 00:26:18 V/: Send: MessageSvc.PbSendMsg(MessageSvc.PbSendMsg)[0m
[0m2023-05-17 00:26:18 V/: Recv: MessageSvc.PbSendMsg[0m
[0m2023-05-17 00:26:24 V/: Send: MessageSvc.PbSendMsg(MessageSvc.PbSendMsg)[0m
[0m2023-05-17 00:26:24 V/: Recv: MessageSvc.PbSendMsg[0m
[0m2023-05-17 00:56:53 V/: Send: MessageSvc.PbSendMsg(MessageSvc.PbSendMsg)[0m
[0m2023-05-17 00:56:53 V/: Recv: MessageSvc.PbSendMsg[0m
[0m2023-05-17 00:59:55 V/: Send: MessageSvc.PbSendMsg(MessageSvc.PbSendMsg)[0m
[0m2023-05-17 00:59:56 V/: Recv: MessageSvc.PbSendMsg[0m
[0m2023-05-17 01:00:58 V/: Send: MessageSvc.PbSendMsg(MessageSvc.PbSendMsg)[0m
[0m2023-05-17 01:00:59 V/: Recv: MessageSvc.PbSendMsg[0m
[0m2023-05-17 01:02:37 V/: Send: MessageSvc.PbSendMsg(MessageSvc.PbSendMsg)[0m
[0m2023-05-17 01:02:37 V/: Recv: MessageSvc.PbSendMsg[0m
[93m2023-05-17 01:22:44 W/: Exception in resumeConnection.
HeartbeatFailedException: 270488994.AliveHeartbeat, recoverable=true, cause=PacketTimeoutException(message=270488994.AliveHeartbeat Scheduler: Timeout receiving action response, cause=kotlinx.coroutines.TimeoutCancellationException: Timed out waiting for 5000 ms)
	at net.mamoe.mirai.internal.network.handler.CommonNetworkHandler$StateOK$heartbeatJobs$1$1.invoke(CommonNetworkHandler.kt:353)
	at net.mamoe.mirai.internal.network.handler.CommonNetworkHandler$StateOK$heartbeatJobs$1$1.invoke(CommonNetworkHandler.kt:353)
	at net.mamoe.mirai.internal.network.handler.NetworkHandlerSupport.setStateImpl$mirai_core(NetworkHandlerSupport.kt:329)
	at net.mamoe.mirai.internal.network.handler.CommonNetworkHandler$StateOK$heartbeatJobs$1.invoke(CommonNetworkHandler.kt:415)
	at net.mamoe.mirai.internal.network.handler.CommonNetworkHandler$StateOK$heartbeatJobs$1.invoke(CommonNetworkHandler.kt:352)
	at net.mamoe.mirai.internal.network.components.TimeBasedHeartbeatSchedulerImpl$launchHeartbeatJobAsync$1.invokeSuspend(HeartbeatScheduler.kt:131)
	at kotlin.coroutines.jvm.internal.BaseContinuationImpl.resumeWith(ContinuationImpl.kt:33)
	at kotlinx.coroutines.internal.ScopeCoroutine.afterResume(Scopes.kt:33)
	at kotlinx.coroutines.AbstractCoroutine.resumeWith(AbstractCoroutine.kt:102)
	at kotlin.coroutines.jvm.internal.BaseContinuationImpl.resumeWith(ContinuationImpl.kt:46)
	at kotlinx.coroutines.internal.ScopeCoroutine.afterResume(Scopes.kt:33)
	at kotlinx.coroutines.AbstractCoroutine.resumeWith(AbstractCoroutine.kt:102)
	at kotlin.coroutines.jvm.internal.BaseContinuationImpl.resumeWith(ContinuationImpl.kt:46)
	at kotlinx.coroutines.DispatchedTask.run(DispatchedTask.kt:104)
	at kotlinx.coroutines.scheduling.CoroutineScheduler.runSafely(CoroutineScheduler.kt:570)
	at kotlinx.coroutines.scheduling.CoroutineScheduler$Worker.executeTask(CoroutineScheduler.kt:750)
	at kotlinx.coroutines.scheduling.CoroutineScheduler$Worker.runWorker(CoroutineScheduler.kt:677)
	at kotlinx.coroutines.scheduling.CoroutineScheduler$Worker.run(CoroutineScheduler.kt:664)
Caused by: PacketTimeoutException(message=270488994.AliveHeartbeat Scheduler: Timeout receiving action response, cause=kotlinx.coroutines.TimeoutCancellationException: Timed out waiting for 5000 ms)
	at net.mamoe.mirai.internal.network.components.TimeBasedHeartbeatSchedulerImpl$launchHeartbeatJobAsync$1.invokeSuspend(HeartbeatScheduler.kt:133)
	... 12 more
Caused by: kotlinx.coroutines.TimeoutCancellationException: Timed out waiting for 5000 ms
	at kotlinx.coroutines.TimeoutKt.TimeoutCancellationException(Timeout.kt:184)
	at kotlinx.coroutines.TimeoutCoroutine.run(Timeout.kt:154)
	at kotlinx.coroutines.EventLoopImplBase$DelayedRunnableTask.run(EventLoop.common.kt:508)
	at kotlinx.coroutines.EventLoopImplBase.processNextEvent(EventLoop.common.kt:284)
	at kotlinx.coroutines.DefaultExecutor.run(DefaultExecutor.kt:108)
	at java.base/java.lang.Thread.run(Unknown Source)
[0m
[0m2023-05-17 01:22:45 V/: Validated caches.[0m
[0m2023-05-17 01:22:45 V/: Loading server list from cache.[0m
[0m2023-05-17 01:22:45 V/: Server list: 117.62.243.225:8080, 123.151.54.185:443, 42.81.194.77:443, 180.109.52.205:80, 42.81.176.211:14000, msfwifi.3g.qq.com:8080, 119.147.190.138:8080, 117.62.242.214:443, 113.96.18.253:14000, 123.151.54.185:80.[0m
[92m2023-05-17 01:22:45 I/: ECDH key is invalid, start to fetch ecdh public key from server.[0m
[92m2023-05-17 01:22:53 I/: Successfully fetched ecdh public key from server.[0m
[0m2023-05-17 01:22:53 V/: Send: wtlogin.exchange_emp(10:fast-login)[0m
[0m2023-05-17 01:22:53 V/: Recv: wtlogin.exchange_emp[0m
[0m2023-05-17 01:22:53 V/: Send: StatSvc.register(online)[0m
[92m2023-05-17 01:22:53 I/: Server time updated, serverTime: 1684257774, diff: 1ms=0.001s[0m
[0m2023-05-17 01:22:53 V/: Recv: StatSvc.register[0m
[92m2023-05-17 01:22:53 I/: Scheduled key refresh in 23h 55min 0.0s.[0m
[92m2023-05-17 01:22:53 I/: Scheduled refresh login session in 19d 23h 55min 0.0s.[0m
[0m2023-05-17 01:22:56 V/: Server list: 180.102.191.95:80, 123.151.54.177:80, 183.47.98.105:8080, 114.222.112.79:8080, msfwifi.3g.qq.com:8080, 114.222.113.185:443, 42.81.194.79:443, 183.47.101.173:14000, 123.151.54.194:14000, 123.151.54.57:443.[0m
[0m2023-05-17 01:22:56 V/: Saving bdh session to cache[0m
[0m2023-05-17 01:22:56 V/: Saving server list to cache[0m
[0m2023-05-17 01:22:56 V/: Send: ConfigPushSvc.PushResp(ConfigPushSvc.PushResp)[0m
[0m2023-05-17 01:22:56 V/: Recv: ConfigPushSvc.PushReq[0m
[0m2023-05-17 01:22:56 V/: Saving bdh session to cache[0m
[0m2023-05-17 01:22:56 V/: Send: ConfigPushSvc.PushResp(ConfigPushSvc.PushResp)[0m
[0m2023-05-17 01:22:56 V/: Recv: ConfigPushSvc.PushReq[0m
[93m2023-05-17 01:27:01 W/: Exception in resumeConnection.
HeartbeatFailedException: 270488994.AliveHeartbeat, recoverable=true, cause=PacketTimeoutException(message=270488994.AliveHeartbeat Scheduler: Timeout receiving action response, cause=kotlinx.coroutines.TimeoutCancellationException: Timed out waiting for 5000 ms)
	at net.mamoe.mirai.internal.network.handler.CommonNetworkHandler$StateOK$heartbeatJobs$1$1.invoke(CommonNetworkHandler.kt:353)
	at net.mamoe.mirai.internal.network.handler.CommonNetworkHandler$StateOK$heartbeatJobs$1$1.invoke(CommonNetworkHandler.kt:353)
	at net.mamoe.mirai.internal.network.handler.NetworkHandlerSupport.setStateImpl$mirai_core(NetworkHandlerSupport.kt:329)
	at net.mamoe.mirai.internal.network.handler.CommonNetworkHandler$StateOK$heartbeatJobs$1.invoke(CommonNetworkHandler.kt:415)
	at net.mamoe.mirai.internal.network.handler.CommonNetworkHandler$StateOK$heartbeatJobs$1.invoke(CommonNetworkHandler.kt:352)
	at net.mamoe.mirai.internal.network.components.TimeBasedHeartbeatSchedulerImpl$launchHeartbeatJobAsync$1.invokeSuspend(HeartbeatScheduler.kt:131)
	at kotlin.coroutines.jvm.internal.BaseContinuationImpl.resumeWith(ContinuationImpl.kt:33)
	at kotlinx.coroutines.internal.ScopeCoroutine.afterResume(Scopes.kt:33)
	at kotlinx.coroutines.AbstractCoroutine.resumeWith(AbstractCoroutine.kt:102)
	at kotlin.coroutines.jvm.internal.BaseContinuationImpl.resumeWith(ContinuationImpl.kt:46)
	at kotlinx.coroutines.internal.ScopeCoroutine.afterResume(Scopes.kt:33)
	at kotlinx.coroutines.AbstractCoroutine.resumeWith(AbstractCoroutine.kt:102)
	at kotlin.coroutines.jvm.internal.BaseContinuationImpl.resumeWith(ContinuationImpl.kt:46)
	at kotlinx.coroutines.DispatchedTask.run(DispatchedTask.kt:104)
	at kotlinx.coroutines.scheduling.CoroutineScheduler.runSafely(CoroutineScheduler.kt:570)
	at kotlinx.coroutines.scheduling.CoroutineScheduler$Worker.executeTask(CoroutineScheduler.kt:750)
	at kotlinx.coroutines.scheduling.CoroutineScheduler$Worker.runWorker(CoroutineScheduler.kt:677)
	at kotlinx.coroutines.scheduling.CoroutineScheduler$Worker.run(CoroutineScheduler.kt:664)
Caused by: PacketTimeoutException(message=270488994.AliveHeartbeat Scheduler: Timeout receiving action response, cause=kotlinx.coroutines.TimeoutCancellationException: Timed out waiting for 5000 ms)
	at net.mamoe.mirai.internal.network.components.TimeBasedHeartbeatSchedulerImpl$launchHeartbeatJobAsync$1.invokeSuspend(HeartbeatScheduler.kt:133)
	... 12 more
Caused by: kotlinx.coroutines.TimeoutCancellationException: Timed out waiting for 5000 ms
	at kotlinx.coroutines.TimeoutKt.TimeoutCancellationException(Timeout.kt:184)
	at kotlinx.coroutines.TimeoutCoroutine.run(Timeout.kt:154)
	at kotlinx.coroutines.EventLoopImplBase$DelayedRunnableTask.run(EventLoop.common.kt:508)
	at kotlinx.coroutines.EventLoopImplBase.processNextEvent(EventLoop.common.kt:284)
	at kotlinx.coroutines.DefaultExecutor.run(DefaultExecutor.kt:108)
	at java.base/java.lang.Thread.run(Unknown Source)
[0m
[0m2023-05-17 01:27:01 V/: Validated caches.[0m
[0m2023-05-17 01:27:01 V/: Loading server list from cache.[0m
[0m2023-05-17 01:27:01 V/: Server list: 180.102.191.95:80, 123.151.54.177:80, 183.47.98.105:8080, 114.222.112.79:8080, msfwifi.3g.qq.com:8080, 114.222.113.185:443, 42.81.194.79:443, 183.47.101.173:14000, 123.151.54.194:14000, 123.151.54.57:443.[0m
[92m2023-05-17 01:27:01 I/: ECDH key is valid.[0m
[0m2023-05-17 01:27:01 V/: Send: wtlogin.exchange_emp(10:fast-login)[0m
[0m2023-05-17 01:27:01 V/: Recv: wtlogin.exchange_emp[0m
[0m2023-05-17 01:27:01 V/: Send: StatSvc.register(online)[0m
[92m2023-05-17 01:27:01 I/: Server time updated, serverTime: 1684258021, diff: 0ms=0.0s[0m
[0m2023-05-17 01:27:01 V/: Recv: StatSvc.register[0m
[92m2023-05-17 01:27:01 I/: Scheduled refresh login session in 19d 23h 55min 0.0s.[0m
[92m2023-05-17 01:27:01 I/: Scheduled key refresh in 23h 55min 0.0s.[0m
[0m2023-05-17 01:27:04 V/: Server list: msfwifi.3g.qq.com:8080, 42.81.192.153:14000, 42.81.179.212:443, 183.47.117.200:8080, 42.81.192.185:80, 180.101.246.202:443, 42.81.194.79:443, 180.102.111.105:8080, 180.109.192.45:80, 183.47.98.25:14000.[0m
[0m2023-05-17 01:27:04 V/: Saving bdh session to cache[0m
[0m2023-05-17 01:27:04 V/: Saving server list to cache[0m
[0m2023-05-17 01:27:04 V/: Send: ConfigPushSvc.PushResp(ConfigPushSvc.PushResp)[0m
[0m2023-05-17 01:27:04 V/: Recv: ConfigPushSvc.PushReq[0m
[0m2023-05-17 01:27:04 V/: Saving bdh session to cache[0m
[0m2023-05-17 01:27:04 V/: Send: ConfigPushSvc.PushResp(ConfigPushSvc.PushResp)[0m
[0m2023-05-17 01:27:04 V/: Recv: ConfigPushSvc.PushReq[0m
[0m2023-05-17 03:04:34 V/: Send: MessageSvc.PbSendMsg(MessageSvc.PbSendMsg)[0m
[0m2023-05-17 03:04:35 V/: Recv: MessageSvc.PbSendMsg[0m
[0m2023-05-17 03:37:40 V/: Send: MessageSvc.PbSendMsg(MessageSvc.PbSendMsg)[0m
[0m2023-05-17 03:37:40 V/: Recv: MessageSvc.PbSendMsg[0m
[93m2023-05-17 04:11:31 W/: Exception in resumeConnection.
HeartbeatFailedException: 270488994.AliveHeartbeat, recoverable=true, cause=PacketTimeoutException(message=270488994.AliveHeartbeat Scheduler: Timeout receiving action response, cause=kotlinx.coroutines.TimeoutCancellationException: Timed out waiting for 5000 ms)
	at net.mamoe.mirai.internal.network.handler.CommonNetworkHandler$StateOK$heartbeatJobs$1$1.invoke(CommonNetworkHandler.kt:353)
	at net.mamoe.mirai.internal.network.handler.CommonNetworkHandler$StateOK$heartbeatJobs$1$1.invoke(CommonNetworkHandler.kt:353)
	at net.mamoe.mirai.internal.network.handler.NetworkHandlerSupport.setStateImpl$mirai_core(NetworkHandlerSupport.kt:329)
	at net.mamoe.mirai.internal.network.handler.CommonNetworkHandler$StateOK$heartbeatJobs$1.invoke(CommonNetworkHandler.kt:415)
	at net.mamoe.mirai.internal.network.handler.CommonNetworkHandler$StateOK$heartbeatJobs$1.invoke(CommonNetworkHandler.kt:352)
	at net.mamoe.mirai.internal.network.components.TimeBasedHeartbeatSchedulerImpl$launchHeartbeatJobAsync$1.invokeSuspend(HeartbeatScheduler.kt:131)
	at kotlin.coroutines.jvm.internal.BaseContinuationImpl.resumeWith(ContinuationImpl.kt:33)
	at kotlinx.coroutines.internal.ScopeCoroutine.afterResume(Scopes.kt:33)
	at kotlinx.coroutines.AbstractCoroutine.resumeWith(AbstractCoroutine.kt:102)
	at kotlin.coroutines.jvm.internal.BaseContinuationImpl.resumeWith(ContinuationImpl.kt:46)
	at kotlinx.coroutines.internal.ScopeCoroutine.afterResume(Scopes.kt:33)
	at kotlinx.coroutines.AbstractCoroutine.resumeWith(AbstractCoroutine.kt:102)
	at kotlin.coroutines.jvm.internal.BaseContinuationImpl.resumeWith(ContinuationImpl.kt:46)
	at kotlinx.coroutines.DispatchedTask.run(DispatchedTask.kt:104)
	at kotlinx.coroutines.scheduling.CoroutineScheduler.runSafely(CoroutineScheduler.kt:570)
	at kotlinx.coroutines.scheduling.CoroutineScheduler$Worker.executeTask(CoroutineScheduler.kt:750)
	at kotlinx.coroutines.scheduling.CoroutineScheduler$Worker.runWorker(CoroutineScheduler.kt:677)
	at kotlinx.coroutines.scheduling.CoroutineScheduler$Worker.run(CoroutineScheduler.kt:664)
Caused by: PacketTimeoutException(message=270488994.AliveHeartbeat Scheduler: Timeout receiving action response, cause=kotlinx.coroutines.TimeoutCancellationException: Timed out waiting for 5000 ms)
	at net.mamoe.mirai.internal.network.components.TimeBasedHeartbeatSchedulerImpl$launchHeartbeatJobAsync$1.invokeSuspend(HeartbeatScheduler.kt:133)
	... 12 more
Caused by: kotlinx.coroutines.TimeoutCancellationException: Timed out waiting for 5000 ms
	at kotlinx.coroutines.TimeoutKt.TimeoutCancellationException(Timeout.kt:184)
	at kotlinx.coroutines.TimeoutCoroutine.run(Timeout.kt:154)
	at kotlinx.coroutines.EventLoopImplBase$DelayedRunnableTask.run(EventLoop.common.kt:508)
	at kotlinx.coroutines.EventLoopImplBase.processNextEvent(EventLoop.common.kt:284)
	at kotlinx.coroutines.DefaultExecutor.run(DefaultExecutor.kt:108)
	at java.base/java.lang.Thread.run(Unknown Source)
[0m
[0m2023-05-17 04:11:32 V/: Validated caches.[0m
[0m2023-05-17 04:11:32 V/: Loading server list from cache.[0m
[0m2023-05-17 04:11:32 V/: Server list: msfwifi.3g.qq.com:8080, 42.81.192.153:14000, 42.81.179.212:443, 183.47.117.200:8080, 42.81.192.185:80, 180.101.246.202:443, 42.81.194.79:443, 180.102.111.105:8080, 180.109.192.45:80, 183.47.98.25:14000.[0m
[92m2023-05-17 04:11:32 I/: ECDH key is valid.[0m
[0m2023-05-17 04:11:32 V/: Send: wtlogin.exchange_emp(10:fast-login)[0m
[0m2023-05-17 04:11:32 V/: Recv: wtlogin.exchange_emp[0m
[0m2023-05-17 04:11:32 V/: Send: StatSvc.register(online)[0m
[92m2023-05-17 04:11:32 I/: Server time updated, serverTime: 1684267893, diff: 1ms=0.001s[0m
[0m2023-05-17 04:11:32 V/: Recv: StatSvc.register[0m
[92m2023-05-17 04:11:32 I/: Scheduled key refresh in 23h 55min 0.0s.[0m
[92m2023-05-17 04:11:32 I/: Scheduled refresh login session in 19d 23h 55min 0.0s.[0m
[0m2023-05-17 04:11:35 V/: Server list: 180.101.246.49:443, 123.151.54.38:14000, 114.222.112.229:80, 123.151.54.194:443, 183.47.106.14:8080, 180.101.246.202:8080, msfwifi.3g.qq.com:8080, 42.81.192.153:443, 123.151.54.60:80, 183.2.144.33:14000.[0m
[0m2023-05-17 04:11:35 V/: Saving bdh session to cache[0m
[0m2023-05-17 04:11:35 V/: Saving server list to cache[0m
[0m2023-05-17 04:11:35 V/: Send: ConfigPushSvc.PushResp(ConfigPushSvc.PushResp)[0m
[0m2023-05-17 04:11:35 V/: Recv: ConfigPushSvc.PushReq[0m
[0m2023-05-17 04:11:35 V/: Saving bdh session to cache[0m
[0m2023-05-17 04:11:35 V/: Send: ConfigPushSvc.PushResp(ConfigPushSvc.PushResp)[0m
[0m2023-05-17 04:11:35 V/: Recv: ConfigPushSvc.PushReq[0m
[0m2023-05-17 07:37:41 V/: Send: MessageSvc.PbSendMsg(MessageSvc.PbSendMsg)[0m
[0m2023-05-17 07:37:42 V/: Recv: MessageSvc.PbSendMsg[0m
[0m2023-05-17 09:06:23 V/: Send: ProfileService.Pb.ReqSystemMsgNew.Group(ProfileService.Pb.ReqSystemMsgNew.Group)[0m
[0m2023-05-17 09:06:23 V/: Recv: ProfileService.Pb.ReqSystemMsgNew.Group[0m
[0m2023-05-17 09:06:23 V/: Send: SummaryCard.ReqSummaryCard(SummaryCard.ReqSummaryCard)[0m
[0m2023-05-17 09:06:24 V/: Recv: SummaryCard.ReqSummaryCard[0m
[0m2023-05-17 09:06:24 V/: Send: ProfileService.Pb.ReqSystemMsgAction.Group(ProfileService.Pb.ReqSystemMsgAction.Group)[0m
[0m2023-05-17 09:06:25 V/: Send: MessageSvc.PbSendMsg(MessageSvc.PbSendMsg)[0m
[0m2023-05-17 09:06:25 V/: Recv: MessageSvc.PbSendMsg[0m
[0m2023-05-17 09:29:50 V/: Send: MessageSvc.PbSendMsg(MessageSvc.PbSendMsg)[0m
[0m2023-05-17 09:29:51 V/: Recv: MessageSvc.PbSendMsg[0m
[0m2023-05-17 09:30:02 V/: Send: ImgStore.GroupPicUp(ImgStore.GroupPicUp)[0m
[0m2023-05-17 09:30:02 V/: Recv: ImgStore.GroupPicUp[0m
[0m2023-05-17 09:30:02 V/: Send: MessageSvc.PbSendMsg(MessageSvc.PbSendMsg)[0m
[0m2023-05-17 09:30:03 V/: Recv: MessageSvc.PbSendMsg[0m
[0m2023-05-17 09:30:21 V/: Recv: OnlinePush.PbPushTransMsg[0m
[0m2023-05-17 09:30:22 V/: Send: MessageSvc.PbSendMsg(MessageSvc.PbSendMsg)[0m
[0m2023-05-17 09:30:22 V/: Recv: MessageSvc.PbSendMsg[0m
[0m2023-05-17 09:43:28 V/: Send: ProfileService.Pb.ReqSystemMsgNew.Group(ProfileService.Pb.ReqSystemMsgNew.Group)[0m
[0m2023-05-17 09:43:28 V/: Recv: ProfileService.Pb.ReqSystemMsgNew.Group[0m
[0m2023-05-17 09:43:28 V/: Recv: ProfileService.Pb.ReqSystemMsgNew.Group[0m
[0m2023-05-17 09:43:28 V/: Recv: ProfileService.Pb.ReqSystemMsgNew.Group[0m
[0m2023-05-17 09:43:29 V/: Send: SummaryCard.ReqSummaryCard(SummaryCard.ReqSummaryCard)[0m
[0m2023-05-17 09:43:30 V/: Recv: SummaryCard.ReqSummaryCard[0m
[0m2023-05-17 09:43:30 V/: Send: ProfileService.Pb.ReqSystemMsgAction.Group(ProfileService.Pb.ReqSystemMsgAction.Group)[0m
[0m2023-05-17 09:43:31 V/: Send: MessageSvc.PbSendMsg(MessageSvc.PbSendMsg)[0m
[0m2023-05-17 09:43:31 V/: Recv: MessageSvc.PbSendMsg[0m
[0m2023-05-17 09:50:21 V/: Send: MessageSvc.PbSendMsg(MessageSvc.PbSendMsg)[0m
[0m2023-05-17 09:50:22 V/: Recv: MessageSvc.PbSendMsg[0m
[0m2023-05-17 10:32:37 V/: Send: StatSvc.register(offline)[0m
[0m2023-05-17 17:31:39 V/Net 270488994: Validated caches.[0m
[0m2023-05-17 17:31:39 V/Net 270488994: Loading server list from cache.[0m
[0m2023-05-17 17:31:39 V/Net 270488994: Server list: 180.101.246.49:443, 123.151.54.38:14000, 114.222.112.229:80, 123.151.54.194:443, 183.47.106.14:8080, 180.101.246.202:8080, msfwifi.3g.qq.com:8080, 42.81.192.153:443, 123.151.54.60:80, 183.2.144.33:14000.[0m
[92m2023-05-17 17:31:39 I/Net 270488994: ECDH key is valid.[0m
[0m2023-05-17 17:31:39 V/Net 270488994: Send: wtlogin.exchange_emp(10:fast-login)[0m
[0m2023-05-17 17:31:39 V/Net 270488994: Recv: wtlogin.exchange_emp[0m
[0m2023-05-17 17:31:39 V/Net 270488994: Send: StatSvc.register(online)[0m
[92m2023-05-17 17:31:40 I/Net 270488994: Server time updated, serverTime: 1684315887, diff: -13ms=-0.013s[0m
[0m2023-05-17 17:31:40 V/Net 270488994: Recv: StatSvc.register[0m
[0m2023-05-17 17:31:40 V/Net 270488994: Loading BdhSession from cache file[0m
[92m2023-05-17 17:31:40 I/Net 270488994: Syncing friend message history...[0m
[92m2023-05-17 17:31:40 I/Net 270488994: Start loading friend list...[0m
[92m2023-05-17 17:31:40 I/Net 270488994: Start loading stranger list...[0m
[92m2023-05-17 17:31:40 I/Net 270488994: Start loading friendGroup list...[0m
[0m2023-05-17 17:31:40 V/Net 270488994: Send: StatSvc.GetDevLoginInfo(StatSvc.GetDevLoginInfo)[0m
[0m2023-05-17 17:31:40 V/Net 270488994: Send: OidbSvc.0x496(OidbSvc.0x496)[0m
[0m2023-05-17 17:31:40 V/Net 270488994: Send: OidbSvc.0x5d2_0(OidbSvc.0x5d2_0)[0m
[0m2023-05-17 17:31:40 V/Net 270488994: Send: friendlist.getFriendGroupList(friendlist.getFriendGroupList)[0m
[0m2023-05-17 17:31:40 V/Net 270488994: Send: friendlist.getFriendGroupList(friendlist.getFriendGroupList)[0m
[0m2023-05-17 17:31:40 V/Net 270488994: Recv: StatSvc.GetDevLoginInfo[0m
[92m2023-05-17 17:31:40 I/Net 270488994: No OtherClient online.[0m
[92m2023-05-17 17:31:40 I/Net 270488994: Start loading group list...[0m
[0m2023-05-17 17:31:40 V/Net 270488994: Recv: OidbSvc.0x496[0m
[0m2023-05-17 17:31:40 V/Net 270488994: Send: friendlist.GetTroopListReqV2(friendlist.GetTroopListReqV2)[0m
[0m2023-05-17 17:31:40 V/Net 270488994: Recv: OidbSvc.0x5d2_0[0m
[92m2023-05-17 17:31:40 I/Net 270488994: Successfully loaded stranger list: 1 in total[0m
[0m2023-05-17 17:31:40 V/Net 270488994: Recv: friendlist.GetTroopListReqV2[0m
[0m2023-05-17 17:31:40 V/Net 270488994: Send: friendlist.GetTroopMemberListReq(friendlist.GetTroopMemberListReq)[0m
[0m2023-05-17 17:31:40 V/Net 270488994: Send: friendlist.GetTroopMemberListReq(friendlist.GetTroopMemberListReq)[0m
[0m2023-05-17 17:31:40 V/Net 270488994: Send: friendlist.GetTroopMemberListReq(friendlist.GetTroopMemberListReq)[0m
[0m2023-05-17 17:31:40 V/Net 270488994: Send: friendlist.GetTroopMemberListReq(friendlist.GetTroopMemberListReq)[0m
[0m2023-05-17 17:31:40 V/Net 270488994: Send: friendlist.GetTroopMemberListReq(friendlist.GetTroopMemberListReq)[0m
[0m2023-05-17 17:31:40 V/Net 270488994: Send: friendlist.GetTroopMemberListReq(friendlist.GetTroopMemberListReq)[0m
[0m2023-05-17 17:31:40 V/Net 270488994: Send: friendlist.GetTroopMemberListReq(friendlist.GetTroopMemberListReq)[0m
[0m2023-05-17 17:31:40 V/Net 270488994: Send: friendlist.GetTroopMemberListReq(friendlist.GetTroopMemberListReq)[0m
[0m2023-05-17 17:31:40 V/Net 270488994: Send: friendlist.GetTroopMemberListReq(friendlist.GetTroopMemberListReq)[0m
[0m2023-05-17 17:31:40 V/Net 270488994: Send: friendlist.GetTroopMemberListReq(friendlist.GetTroopMemberListReq)[0m
[0m2023-05-17 17:31:40 V/Net 270488994: Send: friendlist.GetTroopMemberListReq(friendlist.GetTroopMemberListReq)[0m
[0m2023-05-17 17:31:40 V/Net 270488994: Send: friendlist.GetTroopMemberListReq(friendlist.GetTroopMemberListReq)[0m
[0m2023-05-17 17:31:40 V/Net 270488994: Send: friendlist.GetTroopMemberListReq(friendlist.GetTroopMemberListReq)[0m
[0m2023-05-17 17:31:40 V/Net 270488994: Send: friendlist.GetTroopMemberListReq(friendlist.GetTroopMemberListReq)[0m
[0m2023-05-17 17:31:40 V/Net 270488994: Send: friendlist.GetTroopMemberListReq(friendlist.GetTroopMemberListReq)[0m
[0m2023-05-17 17:31:40 V/Net 270488994: Send: friendlist.GetTroopMemberListReq(friendlist.GetTroopMemberListReq)[0m
[0m2023-05-17 17:31:40 V/Net 270488994: Send: friendlist.GetTroopMemberListReq(friendlist.GetTroopMemberListReq)[0m
[0m2023-05-17 17:31:40 V/Net 270488994: Send: friendlist.GetTroopMemberListReq(friendlist.GetTroopMemberListReq)[0m
[0m2023-05-17 17:31:40 V/Net 270488994: Send: friendlist.GetTroopMemberListReq(friendlist.GetTroopMemberListReq)[0m
[0m2023-05-17 17:31:40 V/Net 270488994: Send: friendlist.GetTroopMemberListReq(friendlist.GetTroopMemberListReq)[0m
[0m2023-05-17 17:31:40 V/Net 270488994: Send: friendlist.GetTroopMemberListReq(friendlist.GetTroopMemberListReq)[0m
[0m2023-05-17 17:31:40 V/Net 270488994: Send: friendlist.GetTroopMemberListReq(friendlist.GetTroopMemberListReq)[0m
[0m2023-05-17 17:31:40 V/Net 270488994: Send: friendlist.GetTroopMemberListReq(friendlist.GetTroopMemberListReq)[0m
[0m2023-05-17 17:31:40 V/Net 270488994: Send: friendlist.GetTroopMemberListReq(friendlist.GetTroopMemberListReq)[0m
[0m2023-05-17 17:31:40 V/Net 270488994: Send: friendlist.GetTroopMemberListReq(friendlist.GetTroopMemberListReq)[0m
[0m2023-05-17 17:31:40 V/Net 270488994: Send: friendlist.GetTroopMemberListReq(friendlist.GetTroopMemberListReq)[0m
[0m2023-05-17 17:31:40 V/Net 270488994: Send: friendlist.GetTroopMemberListReq(friendlist.GetTroopMemberListReq)[0m
[0m2023-05-17 17:31:40 V/Net 270488994: Send: friendlist.GetTroopMemberListReq(friendlist.GetTroopMemberListReq)[0m
[0m2023-05-17 17:31:40 V/Net 270488994: Send: friendlist.GetTroopMemberListReq(friendlist.GetTroopMemberListReq)[0m
[0m2023-05-17 17:31:40 V/Net 270488994: Send: friendlist.GetTroopMemberListReq(friendlist.GetTroopMemberListReq)[0m
[0m2023-05-17 17:31:40 V/Net 270488994: Recv: friendlist.getFriendGroupList[0m
[0m2023-05-17 17:31:40 V/Net 270488994: Loading friend list: 150/336[0m
[0m2023-05-17 17:31:40 V/Net 270488994: Send: friendlist.getFriendGroupList(friendlist.getFriendGroupList)[0m
[0m2023-05-17 17:31:40 V/Net 270488994: Recv: friendlist.getFriendGroupList[0m
[0m2023-05-17 17:31:40 V/Net 270488994: Loading friend list: 300/336[0m
[0m2023-05-17 17:31:40 V/Net 270488994: Send: friendlist.getFriendGroupList(friendlist.getFriendGroupList)[0m
[0m2023-05-17 17:31:40 V/Net 270488994: Loading friend list: 336/336[0m
[0m2023-05-17 17:31:40 V/Net 270488994: Recv: friendlist.getFriendGroupList[0m
[92m2023-05-17 17:31:40 I/Net 270488994: Successfully loaded friend list: 336 in total[0m
[0m2023-05-17 17:31:40 V/Net 270488994: Recv: friendlist.GetTroopMemberListReq[0m
[0m2023-05-17 17:31:40 V/Net 270488994: Send: friendlist.GetTroopMemberListReq(friendlist.GetTroopMemberListReq)[0m
[0m2023-05-17 17:31:40 V/Net 270488994: Recv: friendlist.GetTroopMemberListReq[0m
[0m2023-05-17 17:31:40 V/Net 270488994: Send: friendlist.GetTroopMemberListReq(friendlist.GetTroopMemberListReq)[0m
[0m2023-05-17 17:31:40 V/Net 270488994: Recv: friendlist.GetTroopMemberListReq[0m
[0m2023-05-17 17:31:40 V/Net 270488994: Recv: friendlist.GetTroopMemberListReq[0m
[0m2023-05-17 17:31:40 V/Net 270488994: Send: friendlist.GetTroopMemberListReq(friendlist.GetTroopMemberListReq)[0m
[0m2023-05-17 17:31:40 V/Net 270488994: Send: friendlist.GetTroopMemberListReq(friendlist.GetTroopMemberListReq)[0m
[0m2023-05-17 17:31:40 V/Net 270488994: Recv: friendlist.GetTroopMemberListReq[0m
[0m2023-05-17 17:31:40 V/Net 270488994: Send: friendlist.GetTroopMemberListReq(friendlist.GetTroopMemberListReq)[0m
[0m2023-05-17 17:31:40 V/Net 270488994: Recv: friendlist.GetTroopMemberListReq[0m
[0m2023-05-17 17:31:40 V/Net 270488994: Send: friendlist.GetTroopMemberListReq(friendlist.GetTroopMemberListReq)[0m
[0m2023-05-17 17:31:40 V/Net 270488994: Recv: friendlist.GetTroopMemberListReq[0m
[0m2023-05-17 17:31:40 V/Net 270488994: Recv: friendlist.GetTroopMemberListReq[0m
[0m2023-05-17 17:31:40 V/Net 270488994: Recv: friendlist.GetTroopMemberListReq[0m
[0m2023-05-17 17:31:40 V/Net 270488994: Send: friendlist.GetTroopMemberListReq(friendlist.GetTroopMemberListReq)[0m
[0m2023-05-17 17:31:40 V/Net 270488994: Send: friendlist.GetTroopMemberListReq(friendlist.GetTroopMemberListReq)[0m
[0m2023-05-17 17:31:40 V/Net 270488994: Send: friendlist.GetTroopMemberListReq(friendlist.GetTroopMemberListReq)[0m
[0m2023-05-17 17:31:40 V/Net 270488994: Recv: friendlist.GetTroopMemberListReq[0m
[0m2023-05-17 17:31:40 V/Net 270488994: Recv: friendlist.GetTroopMemberListReq[0m
[0m2023-05-17 17:31:40 V/Net 270488994: Send: friendlist.GetTroopMemberListReq(friendlist.GetTroopMemberListReq)[0m
[0m2023-05-17 17:31:40 V/Net 270488994: Send: friendlist.GetTroopMemberListReq(friendlist.GetTroopMemberListReq)[0m
[0m2023-05-17 17:31:40 V/Net 270488994: Recv: friendlist.GetTroopMemberListReq[0m
[0m2023-05-17 17:31:40 V/Net 270488994: Recv: friendlist.GetTroopMemberListReq[0m
[0m2023-05-17 17:31:40 V/Net 270488994: Recv: friendlist.GetTroopMemberListReq[0m
[0m2023-05-17 17:31:40 V/Net 270488994: Recv: friendlist.GetTroopMemberListReq[0m
[0m2023-05-17 17:31:40 V/Net 270488994: Send: friendlist.GetTroopMemberListReq(friendlist.GetTroopMemberListReq)[0m
[0m2023-05-17 17:31:40 V/Net 270488994: Recv: friendlist.GetTroopMemberListReq[0m
[0m2023-05-17 17:31:40 V/Net 270488994: Send: friendlist.GetTroopMemberListReq(friendlist.GetTroopMemberListReq)[0m
[0m2023-05-17 17:31:40 V/Net 270488994: Recv: friendlist.GetTroopMemberListReq[0m
[0m2023-05-17 17:31:40 V/Net 270488994: Send: friendlist.GetTroopMemberListReq(friendlist.GetTroopMemberListReq)[0m
[0m2023-05-17 17:31:40 V/Net 270488994: Recv: friendlist.GetTroopMemberListReq[0m
[0m2023-05-17 17:31:40 V/Net 270488994: Recv: friendlist.GetTroopMemberListReq[0m
[0m2023-05-17 17:31:40 V/Net 270488994: Send: friendlist.GetTroopMemberListReq(friendlist.GetTroopMemberListReq)[0m
[0m2023-05-17 17:31:40 V/Net 270488994: Recv: friendlist.GetTroopMemberListReq[0m
[0m2023-05-17 17:31:40 V/Net 270488994: Recv: friendlist.GetTroopMemberListReq[0m
[0m2023-05-17 17:31:40 V/Net 270488994: Send: friendlist.GetTroopMemberListReq(friendlist.GetTroopMemberListReq)[0m
[0m2023-05-17 17:31:40 V/Net 270488994: Recv: friendlist.GetTroopMemberListReq[0m
[0m2023-05-17 17:31:40 V/Net 270488994: Send: friendlist.GetTroopMemberListReq(friendlist.GetTroopMemberListReq)[0m
[0m2023-05-17 17:31:40 V/Net 270488994: Recv: friendlist.GetTroopMemberListReq[0m
[0m2023-05-17 17:31:40 V/Net 270488994: Send: friendlist.GetTroopMemberListReq(friendlist.GetTroopMemberListReq)[0m
[0m2023-05-17 17:31:40 V/Net 270488994: Recv: friendlist.GetTroopMemberListReq[0m
[0m2023-05-17 17:31:40 V/Net 270488994: Recv: friendlist.GetTroopMemberListReq[0m
[0m2023-05-17 17:31:40 V/Net 270488994: Send: friendlist.GetTroopMemberListReq(friendlist.GetTroopMemberListReq)[0m
[0m2023-05-17 17:31:40 V/Net 270488994: Recv: friendlist.GetTroopMemberListReq[0m
[0m2023-05-17 17:31:40 V/Net 270488994: Send: friendlist.GetTroopMemberListReq(friendlist.GetTroopMemberListReq)[0m
[0m2023-05-17 17:31:40 V/Net 270488994: Recv: friendlist.GetTroopMemberListReq[0m
[0m2023-05-17 17:31:40 V/Net 270488994: Send: friendlist.GetTroopMemberListReq(friendlist.GetTroopMemberListReq)[0m
[0m2023-05-17 17:31:40 V/Net 270488994: Recv: friendlist.GetTroopMemberListReq[0m
[0m2023-05-17 17:31:40 V/Net 270488994: Recv: friendlist.GetTroopMemberListReq[0m
[0m2023-05-17 17:31:40 V/Net 270488994: Recv: friendlist.GetTroopMemberListReq[0m
[0m2023-05-17 17:31:40 V/Net 270488994: Send: friendlist.GetTroopMemberListReq(friendlist.GetTroopMemberListReq)[0m
[0m2023-05-17 17:31:40 V/Net 270488994: Recv: friendlist.GetTroopMemberListReq[0m
[0m2023-05-17 17:31:40 V/Net 270488994: Send: friendlist.GetTroopMemberListReq(friendlist.GetTroopMemberListReq)[0m
[0m2023-05-17 17:31:40 V/Net 270488994: Recv: friendlist.GetTroopMemberListReq[0m
[0m2023-05-17 17:31:40 V/Net 270488994: Recv: friendlist.GetTroopMemberListReq[0m
[0m2023-05-17 17:31:40 V/Net 270488994: Recv: friendlist.GetTroopMemberListReq[0m
[0m2023-05-17 17:31:40 V/Net 270488994: Recv: friendlist.GetTroopMemberListReq[0m
[0m2023-05-17 17:31:40 V/Net 270488994: Recv: friendlist.GetTroopMemberListReq[0m
[0m2023-05-17 17:31:40 V/Net 270488994: Recv: friendlist.GetTroopMemberListReq[0m
[0m2023-05-17 17:31:40 V/Net 270488994: Send: friendlist.GetTroopMemberListReq(friendlist.GetTroopMemberListReq)[0m
[0m2023-05-17 17:31:40 V/Net 270488994: Recv: friendlist.GetTroopMemberListReq[0m
[0m2023-05-17 17:31:40 V/Net 270488994: Recv: friendlist.GetTroopMemberListReq[0m
[0m2023-05-17 17:31:40 V/Net 270488994: Recv: friendlist.GetTroopMemberListReq[0m
[0m2023-05-17 17:31:40 V/Net 270488994: Send: friendlist.GetTroopMemberListReq(friendlist.GetTroopMemberListReq)[0m
[0m2023-05-17 17:31:40 V/Net 270488994: Recv: friendlist.GetTroopMemberListReq[0m
[0m2023-05-17 17:31:40 V/Net 270488994: Recv: friendlist.GetTroopMemberListReq[0m
[0m2023-05-17 17:31:40 V/Net 270488994: Send: friendlist.GetTroopMemberListReq(friendlist.GetTroopMemberListReq)[0m
[0m2023-05-17 17:31:40 V/Net 270488994: Recv: friendlist.GetTroopMemberListReq[0m
[0m2023-05-17 17:31:40 V/Net 270488994: Send: friendlist.GetTroopMemberListReq(friendlist.GetTroopMemberListReq)[0m
[0m2023-05-17 17:31:40 V/Net 270488994: Recv: friendlist.GetTroopMemberListReq[0m
[0m2023-05-17 17:31:40 V/Net 270488994: Recv: friendlist.GetTroopMemberListReq[0m
[0m2023-05-17 17:31:40 V/Net 270488994: Recv: friendlist.GetTroopMemberListReq[0m
[0m2023-05-17 17:31:40 V/Net 270488994: Send: friendlist.GetTroopMemberListReq(friendlist.GetTroopMemberListReq)[0m
[0m2023-05-17 17:31:40 V/Net 270488994: Recv: friendlist.GetTroopMemberListReq[0m
[0m2023-05-17 17:31:40 V/Net 270488994: Send: friendlist.GetTroopMemberListReq(friendlist.GetTroopMemberListReq)[0m
[0m2023-05-17 17:31:40 V/Net 270488994: Recv: friendlist.GetTroopMemberListReq[0m
[0m2023-05-17 17:31:40 V/Net 270488994: Send: friendlist.GetTroopMemberListReq(friendlist.GetTroopMemberListReq)[0m
[0m2023-05-17 17:31:40 V/Net 270488994: Recv: friendlist.GetTroopMemberListReq[0m
[0m2023-05-17 17:31:40 V/Net 270488994: Recv: friendlist.GetTroopMemberListReq[0m
[0m2023-05-17 17:31:40 V/Net 270488994: Send: friendlist.GetTroopMemberListReq(friendlist.GetTroopMemberListReq)[0m
[0m2023-05-17 17:31:40 V/Net 270488994: Recv: friendlist.GetTroopMemberListReq[0m
[0m2023-05-17 17:31:40 V/Net 270488994: Send: friendlist.GetTroopMemberListReq(friendlist.GetTroopMemberListReq)[0m
[0m2023-05-17 17:31:40 V/Net 270488994: Recv: friendlist.GetTroopMemberListReq[0m
[0m2023-05-17 17:31:40 V/Net 270488994: Recv: friendlist.GetTroopMemberListReq[0m
[0m2023-05-17 17:31:41 V/Net 270488994: Recv: friendlist.GetTroopMemberListReq[0m
[0m2023-05-17 17:31:41 V/Net 270488994: Recv: friendlist.GetTroopMemberListReq[0m
[0m2023-05-17 17:31:41 V/Net 270488994: Send: friendlist.GetTroopMemberListReq(friendlist.GetTroopMemberListReq)[0m
[0m2023-05-17 17:31:41 V/Net 270488994: Recv: friendlist.GetTroopMemberListReq[0m
[0m2023-05-17 17:31:41 V/Net 270488994: Send: friendlist.GetTroopMemberListReq(friendlist.GetTroopMemberListReq)[0m
[0m2023-05-17 17:31:41 V/Net 270488994: Recv: friendlist.GetTroopMemberListReq[0m
[0m2023-05-17 17:31:41 V/Net 270488994: Recv: friendlist.GetTroopMemberListReq[0m
[0m2023-05-17 17:31:41 V/Net 270488994: Recv: friendlist.GetTroopMemberListReq[0m
[0m2023-05-17 17:31:41 V/Net 270488994: Recv: friendlist.GetTroopMemberListReq[0m
[0m2023-05-17 17:31:41 V/Net 270488994: Recv: friendlist.GetTroopMemberListReq[0m
[0m2023-05-17 17:31:41 V/Net 270488994: Send: friendlist.GetTroopMemberListReq(friendlist.GetTroopMemberListReq)[0m
[0m2023-05-17 17:31:41 V/Net 270488994: Recv: friendlist.GetTroopMemberListReq[0m
[0m2023-05-17 17:31:41 V/Net 270488994: Send: friendlist.GetTroopMemberListReq(friendlist.GetTroopMemberListReq)[0m
[0m2023-05-17 17:31:41 V/Net 270488994: Recv: friendlist.GetTroopMemberListReq[0m
[0m2023-05-17 17:31:41 V/Net 270488994: Send: friendlist.GetTroopMemberListReq(friendlist.GetTroopMemberListReq)[0m
[0m2023-05-17 17:31:41 V/Net 270488994: Recv: friendlist.GetTroopMemberListReq[0m
[0m2023-05-17 17:31:41 V/Net 270488994: Send: friendlist.GetTroopMemberListReq(friendlist.GetTroopMemberListReq)[0m
[0m2023-05-17 17:31:41 V/Net 270488994: Send: friendlist.GetTroopMemberListReq(friendlist.GetTroopMemberListReq)[0m
[0m2023-05-17 17:31:41 V/Net 270488994: Recv: friendlist.GetTroopMemberListReq[0m
[0m2023-05-17 17:31:41 V/Net 270488994: Recv: friendlist.GetTroopMemberListReq[0m
[0m2023-05-17 17:31:41 V/Net 270488994: Send: friendlist.GetTroopMemberListReq(friendlist.GetTroopMemberListReq)[0m
[0m2023-05-17 17:31:41 V/Net 270488994: Recv: friendlist.GetTroopMemberListReq[0m
[0m2023-05-17 17:31:41 V/Net 270488994: Recv: friendlist.GetTroopMemberListReq[0m
[0m2023-05-17 17:31:41 V/Net 270488994: Send: friendlist.GetTroopMemberListReq(friendlist.GetTroopMemberListReq)[0m
[0m2023-05-17 17:31:41 V/Net 270488994: Recv: friendlist.GetTroopMemberListReq[0m
[0m2023-05-17 17:31:41 V/Net 270488994: Send: friendlist.GetTroopMemberListReq(friendlist.GetTroopMemberListReq)[0m
[0m2023-05-17 17:31:41 V/Net 270488994: Recv: friendlist.GetTroopMemberListReq[0m
[0m2023-05-17 17:31:41 V/Net 270488994: Recv: friendlist.GetTroopMemberListReq[0m
[0m2023-05-17 17:31:41 V/Net 270488994: Send: friendlist.GetTroopMemberListReq(friendlist.GetTroopMemberListReq)[0m
[0m2023-05-17 17:31:41 V/Net 270488994: Recv: friendlist.GetTroopMemberListReq[0m
[0m2023-05-17 17:31:42 V/Net 270488994: Recv: friendlist.GetTroopMemberListReq[0m
[92m2023-05-17 17:31:42 I/Net 270488994: Successfully loaded group list: 41 in total.[0m
[92m2023-05-17 17:31:42 I/Net 270488994: Syncing friend message history: Success.[0m
[0m2023-05-17 17:31:42 V/Net 270488994: Server list: 42.81.194.99:443, 180.109.52.205:80, 183.47.126.26:8080, 222.94.109.123:8080, msfwifi.3g.qq.com:8080, 123.151.54.185:14000, 180.102.111.213:443, 42.81.184.82:80, 183.47.102.193:14000, 42.81.192.141:443.[0m
[0m2023-05-17 17:31:42 V/Net 270488994: Saving bdh session to cache[0m
[0m2023-05-17 17:31:42 V/Net 270488994: Saving server list to cache[0m
[0m2023-05-17 17:31:42 V/Net 270488994: Send: ConfigPushSvc.PushResp(ConfigPushSvc.PushResp)[0m
[0m2023-05-17 17:31:42 V/Net 270488994: Recv: ConfigPushSvc.PushReq[0m
[0m2023-05-17 17:31:43 V/Net 270488994: Saving bdh session to cache[0m
[0m2023-05-17 17:31:43 V/Net 270488994: Send: ConfigPushSvc.PushResp(ConfigPushSvc.PushResp)[0m
[0m2023-05-17 17:31:43 V/Net 270488994: Recv: ConfigPushSvc.PushReq[0m
[0m2023-05-17 17:31:45 V/Net 270488994: Send: friendlist.getFriendGroupList(friendlist.getFriendGroupList)[0m
[93m2023-05-17 17:31:50 W/Net 270488994: An exception was thrown during 'loading friendGroups' of Bot 270488994. Trying to ignore the error and continue logging in...
kotlinx.coroutines.TimeoutCancellationException: Timed out waiting for 5000 ms
	at kotlinx.coroutines.TimeoutKt.TimeoutCancellationException(Timeout.kt:184)
	at kotlinx.coroutines.TimeoutCoroutine.run(Timeout.kt:154)
	at kotlinx.coroutines.EventLoopImplBase$DelayedRunnableTask.run(EventLoop.common.kt:508)
	at kotlinx.coroutines.EventLoopImplBase.processNextEvent(EventLoop.common.kt:284)
	at kotlinx.coroutines.DefaultExecutor.run(DefaultExecutor.kt:108)
	at java.base/java.lang.Thread.run(Unknown Source)
[0m
[92m2023-05-17 17:31:50 I/Net 270488994: Scheduled refresh login session in 19d 23h 55min 0.0s.[0m
[92m2023-05-17 17:31:50 I/Net 270488994: Scheduled key refresh in 23h 55min 0.0s.[0m
[0m2023-05-17 17:32:00 V/Net 270488994: Send: StatSvc.register(offline)[0m
[0m2023-05-17 17:32:35 V/Net 270488994: Validated caches.[0m
[0m2023-05-17 17:32:35 V/Net 270488994: Loading server list from cache.[0m
[0m2023-05-17 17:32:35 V/Net 270488994: Server list: 42.81.194.99:443, 180.109.52.205:80, 183.47.126.26:8080, 222.94.109.123:8080, msfwifi.3g.qq.com:8080, 123.151.54.185:14000, 180.102.111.213:443, 42.81.184.82:80, 183.47.102.193:14000, 42.81.192.141:443.[0m
[92m2023-05-17 17:32:35 I/Net 270488994: ECDH key is valid.[0m
[0m2023-05-17 17:32:35 V/Net 270488994: Send: wtlogin.exchange_emp(10:fast-login)[0m
[0m2023-05-17 17:32:36 V/Net 270488994: Recv: wtlogin.exchange_emp[0m
[0m2023-05-17 17:32:36 V/Net 270488994: Send: StatSvc.register(online)[0m
[92m2023-05-17 17:32:36 I/Net 270488994: Server time updated, serverTime: 1684315943, diff: -13ms=-0.013s[0m
[0m2023-05-17 17:32:36 V/Net 270488994: Recv: StatSvc.register[0m
[0m2023-05-17 17:32:36 V/Net 270488994: Loading BdhSession from cache file[0m
[92m2023-05-17 17:32:36 I/Net 270488994: Syncing friend message history...[0m
[92m2023-05-17 17:32:36 I/Net 270488994: Start loading friend list...[0m
[92m2023-05-17 17:32:36 I/Net 270488994: Start loading stranger list...[0m
[92m2023-05-17 17:32:36 I/Net 270488994: Start loading friendGroup list...[0m
[0m2023-05-17 17:32:36 V/Net 270488994: Send: StatSvc.GetDevLoginInfo(StatSvc.GetDevLoginInfo)[0m
[0m2023-05-17 17:32:36 V/Net 270488994: Send: OidbSvc.0x496(OidbSvc.0x496)[0m
[0m2023-05-17 17:32:36 V/Net 270488994: Send: friendlist.getFriendGroupList(friendlist.getFriendGroupList)[0m
[0m2023-05-17 17:32:36 V/Net 270488994: Send: friendlist.getFriendGroupList(friendlist.getFriendGroupList)[0m
[0m2023-05-17 17:32:36 V/Net 270488994: Send: OidbSvc.0x5d2_0(OidbSvc.0x5d2_0)[0m
[0m2023-05-17 17:32:36 V/Net 270488994: Recv: StatSvc.GetDevLoginInfo[0m
[92m2023-05-17 17:32:36 I/Net 270488994: No OtherClient online.[0m
[0m2023-05-17 17:32:36 V/Net 270488994: Recv: OidbSvc.0x496[0m
[92m2023-05-17 17:32:36 I/Net 270488994: Start loading group list...[0m
[0m2023-05-17 17:32:36 V/Net 270488994: Send: friendlist.GetTroopListReqV2(friendlist.GetTroopListReqV2)[0m
[0m2023-05-17 17:32:36 V/Net 270488994: Recv: OidbSvc.0x5d2_0[0m
[92m2023-05-17 17:32:36 I/Net 270488994: Successfully loaded stranger list: 1 in total[0m
[0m2023-05-17 17:32:36 V/Net 270488994: Recv: friendlist.GetTroopListReqV2[0m
[0m2023-05-17 17:32:36 V/Net 270488994: Send: friendlist.GetTroopMemberListReq(friendlist.GetTroopMemberListReq)[0m
[0m2023-05-17 17:32:36 V/Net 270488994: Send: friendlist.GetTroopMemberListReq(friendlist.GetTroopMemberListReq)[0m
[0m2023-05-17 17:32:36 V/Net 270488994: Send: friendlist.GetTroopMemberListReq(friendlist.GetTroopMemberListReq)[0m
[0m2023-05-17 17:32:36 V/Net 270488994: Send: friendlist.GetTroopMemberListReq(friendlist.GetTroopMemberListReq)[0m
[0m2023-05-17 17:32:36 V/Net 270488994: Send: friendlist.GetTroopMemberListReq(friendlist.GetTroopMemberListReq)[0m
[0m2023-05-17 17:32:36 V/Net 270488994: Send: friendlist.GetTroopMemberListReq(friendlist.GetTroopMemberListReq)[0m
[0m2023-05-17 17:32:36 V/Net 270488994: Send: friendlist.GetTroopMemberListReq(friendlist.GetTroopMemberListReq)[0m
[0m2023-05-17 17:32:36 V/Net 270488994: Send: friendlist.GetTroopMemberListReq(friendlist.GetTroopMemberListReq)[0m
[0m2023-05-17 17:32:36 V/Net 270488994: Send: friendlist.GetTroopMemberListReq(friendlist.GetTroopMemberListReq)[0m
[0m2023-05-17 17:32:36 V/Net 270488994: Send: friendlist.GetTroopMemberListReq(friendlist.GetTroopMemberListReq)[0m
[0m2023-05-17 17:32:36 V/Net 270488994: Send: friendlist.GetTroopMemberListReq(friendlist.GetTroopMemberListReq)[0m
[0m2023-05-17 17:32:36 V/Net 270488994: Send: friendlist.GetTroopMemberListReq(friendlist.GetTroopMemberListReq)[0m
[0m2023-05-17 17:32:36 V/Net 270488994: Send: friendlist.GetTroopMemberListReq(friendlist.GetTroopMemberListReq)[0m
[0m2023-05-17 17:32:36 V/Net 270488994: Send: friendlist.GetTroopMemberListReq(friendlist.GetTroopMemberListReq)[0m
[0m2023-05-17 17:32:36 V/Net 270488994: Send: friendlist.GetTroopMemberListReq(friendlist.GetTroopMemberListReq)[0m
[0m2023-05-17 17:32:36 V/Net 270488994: Send: friendlist.GetTroopMemberListReq(friendlist.GetTroopMemberListReq)[0m
[0m2023-05-17 17:32:36 V/Net 270488994: Send: friendlist.GetTroopMemberListReq(friendlist.GetTroopMemberListReq)[0m
[0m2023-05-17 17:32:36 V/Net 270488994: Send: friendlist.GetTroopMemberListReq(friendlist.GetTroopMemberListReq)[0m
[0m2023-05-17 17:32:36 V/Net 270488994: Send: friendlist.GetTroopMemberListReq(friendlist.GetTroopMemberListReq)[0m
[0m2023-05-17 17:32:36 V/Net 270488994: Send: friendlist.GetTroopMemberListReq(friendlist.GetTroopMemberListReq)[0m
[0m2023-05-17 17:32:36 V/Net 270488994: Send: friendlist.GetTroopMemberListReq(friendlist.GetTroopMemberListReq)[0m
[0m2023-05-17 17:32:36 V/Net 270488994: Send: friendlist.GetTroopMemberListReq(friendlist.GetTroopMemberListReq)[0m
[0m2023-05-17 17:32:36 V/Net 270488994: Send: friendlist.GetTroopMemberListReq(friendlist.GetTroopMemberListReq)[0m
[0m2023-05-17 17:32:36 V/Net 270488994: Send: friendlist.GetTroopMemberListReq(friendlist.GetTroopMemberListReq)[0m
[0m2023-05-17 17:32:36 V/Net 270488994: Send: friendlist.GetTroopMemberListReq(friendlist.GetTroopMemberListReq)[0m
[0m2023-05-17 17:32:36 V/Net 270488994: Send: friendlist.GetTroopMemberListReq(friendlist.GetTroopMemberListReq)[0m
[0m2023-05-17 17:32:36 V/Net 270488994: Send: friendlist.GetTroopMemberListReq(friendlist.GetTroopMemberListReq)[0m
[0m2023-05-17 17:32:36 V/Net 270488994: Send: friendlist.GetTroopMemberListReq(friendlist.GetTroopMemberListReq)[0m
[0m2023-05-17 17:32:36 V/Net 270488994: Send: friendlist.GetTroopMemberListReq(friendlist.GetTroopMemberListReq)[0m
[0m2023-05-17 17:32:36 V/Net 270488994: Send: friendlist.GetTroopMemberListReq(friendlist.GetTroopMemberListReq)[0m
[0m2023-05-17 17:32:36 V/Net 270488994: Recv: friendlist.getFriendGroupList[0m
[0m2023-05-17 17:32:36 V/Net 270488994: Loading friend list: 150/336[0m
[0m2023-05-17 17:32:36 V/Net 270488994: Send: friendlist.getFriendGroupList(friendlist.getFriendGroupList)[0m
[0m2023-05-17 17:32:36 V/Net 270488994: Recv: friendlist.getFriendGroupList[0m
[0m2023-05-17 17:32:36 V/Net 270488994: Loading friend list: 300/336[0m
[0m2023-05-17 17:32:36 V/Net 270488994: Send: friendlist.getFriendGroupList(friendlist.getFriendGroupList)[0m
[0m2023-05-17 17:32:36 V/Net 270488994: Recv: friendlist.getFriendGroupList[0m
[0m2023-05-17 17:32:36 V/Net 270488994: Loading friend list: 336/336[0m
[92m2023-05-17 17:32:36 I/Net 270488994: Successfully loaded friend list: 336 in total[0m
[0m2023-05-17 17:32:36 V/Net 270488994: Recv: friendlist.GetTroopMemberListReq[0m
[0m2023-05-17 17:32:36 V/Net 270488994: Send: friendlist.GetTroopMemberListReq(friendlist.GetTroopMemberListReq)[0m
[0m2023-05-17 17:32:36 V/Net 270488994: Recv: friendlist.GetTroopMemberListReq[0m
[0m2023-05-17 17:32:36 V/Net 270488994: Send: friendlist.GetTroopMemberListReq(friendlist.GetTroopMemberListReq)[0m
[0m2023-05-17 17:32:36 V/Net 270488994: Recv: friendlist.GetTroopMemberListReq[0m
[0m2023-05-17 17:32:36 V/Net 270488994: Recv: friendlist.GetTroopMemberListReq[0m
[0m2023-05-17 17:32:36 V/Net 270488994: Send: friendlist.GetTroopMemberListReq(friendlist.GetTroopMemberListReq)[0m
[0m2023-05-17 17:32:36 V/Net 270488994: Send: friendlist.GetTroopMemberListReq(friendlist.GetTroopMemberListReq)[0m
[0m2023-05-17 17:32:36 V/Net 270488994: Recv: friendlist.GetTroopMemberListReq[0m
[0m2023-05-17 17:32:36 V/Net 270488994: Send: friendlist.GetTroopMemberListReq(friendlist.GetTroopMemberListReq)[0m
[0m2023-05-17 17:32:36 V/Net 270488994: Recv: friendlist.GetTroopMemberListReq[0m
[0m2023-05-17 17:32:36 V/Net 270488994: Recv: friendlist.GetTroopMemberListReq[0m
[0m2023-05-17 17:32:36 V/Net 270488994: Send: friendlist.GetTroopMemberListReq(friendlist.GetTroopMemberListReq)[0m
[0m2023-05-17 17:32:36 V/Net 270488994: Recv: friendlist.GetTroopMemberListReq[0m
[0m2023-05-17 17:32:36 V/Net 270488994: Send: friendlist.GetTroopMemberListReq(friendlist.GetTroopMemberListReq)[0m
[0m2023-05-17 17:32:36 V/Net 270488994: Send: friendlist.GetTroopMemberListReq(friendlist.GetTroopMemberListReq)[0m
[0m2023-05-17 17:32:36 V/Net 270488994: Recv: friendlist.GetTroopMemberListReq[0m
[0m2023-05-17 17:32:36 V/Net 270488994: Send: friendlist.GetTroopMemberListReq(friendlist.GetTroopMemberListReq)[0m
[0m2023-05-17 17:32:36 V/Net 270488994: Recv: friendlist.GetTroopMemberListReq[0m
[0m2023-05-17 17:32:36 V/Net 270488994: Recv: friendlist.GetTroopMemberListReq[0m
[0m2023-05-17 17:32:36 V/Net 270488994: Send: friendlist.GetTroopMemberListReq(friendlist.GetTroopMemberListReq)[0m
[0m2023-05-17 17:32:36 V/Net 270488994: Send: friendlist.GetTroopMemberListReq(friendlist.GetTroopMemberListReq)[0m
[0m2023-05-17 17:32:36 V/Net 270488994: Recv: friendlist.GetTroopMemberListReq[0m
[0m2023-05-17 17:32:36 V/Net 270488994: Send: friendlist.GetTroopMemberListReq(friendlist.GetTroopMemberListReq)[0m
[0m2023-05-17 17:32:36 V/Net 270488994: Recv: friendlist.GetTroopMemberListReq[0m
[0m2023-05-17 17:32:36 V/Net 270488994: Recv: friendlist.GetTroopMemberListReq[0m
[0m2023-05-17 17:32:36 V/Net 270488994: Recv: friendlist.GetTroopMemberListReq[0m
[0m2023-05-17 17:32:36 V/Net 270488994: Send: friendlist.GetTroopMemberListReq(friendlist.GetTroopMemberListReq)[0m
[0m2023-05-17 17:32:36 V/Net 270488994: Recv: friendlist.GetTroopMemberListReq[0m
[0m2023-05-17 17:32:36 V/Net 270488994: Send: friendlist.GetTroopMemberListReq(friendlist.GetTroopMemberListReq)[0m
[0m2023-05-17 17:32:36 V/Net 270488994: Recv: friendlist.GetTroopMemberListReq[0m
[0m2023-05-17 17:32:36 V/Net 270488994: Send: friendlist.GetTroopMemberListReq(friendlist.GetTroopMemberListReq)[0m
[0m2023-05-17 17:32:36 V/Net 270488994: Recv: friendlist.GetTroopMemberListReq[0m
[0m2023-05-17 17:32:36 V/Net 270488994: Send: friendlist.GetTroopMemberListReq(friendlist.GetTroopMemberListReq)[0m
[0m2023-05-17 17:32:36 V/Net 270488994: Recv: friendlist.GetTroopMemberListReq[0m
[0m2023-05-17 17:32:36 V/Net 270488994: Recv: friendlist.GetTroopMemberListReq[0m
[0m2023-05-17 17:32:36 V/Net 270488994: Send: friendlist.GetTroopMemberListReq(friendlist.GetTroopMemberListReq)[0m
[0m2023-05-17 17:32:36 V/Net 270488994: Recv: friendlist.GetTroopMemberListReq[0m
[0m2023-05-17 17:32:36 V/Net 270488994: Recv: friendlist.GetTroopMemberListReq[0m
[0m2023-05-17 17:32:36 V/Net 270488994: Recv: friendlist.GetTroopMemberListReq[0m
[0m2023-05-17 17:32:36 V/Net 270488994: Send: friendlist.GetTroopMemberListReq(friendlist.GetTroopMemberListReq)[0m
[0m2023-05-17 17:32:36 V/Net 270488994: Recv: friendlist.GetTroopMemberListReq[0m
[0m2023-05-17 17:32:36 V/Net 270488994: Send: friendlist.GetTroopMemberListReq(friendlist.GetTroopMemberListReq)[0m
[0m2023-05-17 17:32:36 V/Net 270488994: Recv: friendlist.GetTroopMemberListReq[0m
[0m2023-05-17 17:32:36 V/Net 270488994: Send: friendlist.GetTroopMemberListReq(friendlist.GetTroopMemberListReq)[0m
[0m2023-05-17 17:32:36 V/Net 270488994: Recv: friendlist.GetTroopMemberListReq[0m
[0m2023-05-17 17:32:36 V/Net 270488994: Recv: friendlist.GetTroopMemberListReq[0m
[0m2023-05-17 17:32:36 V/Net 270488994: Send: friendlist.GetTroopMemberListReq(friendlist.GetTroopMemberListReq)[0m
[0m2023-05-17 17:32:36 V/Net 270488994: Recv: friendlist.GetTroopMemberListReq[0m
[0m2023-05-17 17:32:36 V/Net 270488994: Send: friendlist.GetTroopMemberListReq(friendlist.GetTroopMemberListReq)[0m
[0m2023-05-17 17:32:36 V/Net 270488994: Recv: friendlist.GetTroopMemberListReq[0m
[0m2023-05-17 17:32:36 V/Net 270488994: Send: friendlist.GetTroopMemberListReq(friendlist.GetTroopMemberListReq)[0m
[0m2023-05-17 17:32:36 V/Net 270488994: Recv: friendlist.GetTroopMemberListReq[0m
[0m2023-05-17 17:32:36 V/Net 270488994: Recv: friendlist.GetTroopMemberListReq[0m
[0m2023-05-17 17:32:36 V/Net 270488994: Recv: friendlist.GetTroopMemberListReq[0m
[0m2023-05-17 17:32:36 V/Net 270488994: Recv: friendlist.GetTroopMemberListReq[0m
[0m2023-05-17 17:32:36 V/Net 270488994: Recv: friendlist.GetTroopMemberListReq[0m
[0m2023-05-17 17:32:36 V/Net 270488994: Recv: friendlist.GetTroopMemberListReq[0m
[0m2023-05-17 17:32:36 V/Net 270488994: Recv: friendlist.GetTroopMemberListReq[0m
[0m2023-05-17 17:32:36 V/Net 270488994: Recv: friendlist.GetTroopMemberListReq[0m
[0m2023-05-17 17:32:36 V/Net 270488994: Send: friendlist.GetTroopMemberListReq(friendlist.GetTroopMemberListReq)[0m
[0m2023-05-17 17:32:36 V/Net 270488994: Recv: friendlist.GetTroopMemberListReq[0m
[0m2023-05-17 17:32:36 V/Net 270488994: Send: friendlist.GetTroopMemberListReq(friendlist.GetTroopMemberListReq)[0m
[0m2023-05-17 17:32:36 V/Net 270488994: Recv: friendlist.GetTroopMemberListReq[0m
[0m2023-05-17 17:32:36 V/Net 270488994: Recv: friendlist.GetTroopMemberListReq[0m
[0m2023-05-17 17:32:36 V/Net 270488994: Recv: friendlist.GetTroopMemberListReq[0m
[0m2023-05-17 17:32:36 V/Net 270488994: Send: friendlist.GetTroopMemberListReq(friendlist.GetTroopMemberListReq)[0m
[0m2023-05-17 17:32:36 V/Net 270488994: Recv: friendlist.GetTroopMemberListReq[0m
[0m2023-05-17 17:32:36 V/Net 270488994: Recv: friendlist.GetTroopMemberListReq[0m
[0m2023-05-17 17:32:36 V/Net 270488994: Recv: friendlist.GetTroopMemberListReq[0m
[0m2023-05-17 17:32:36 V/Net 270488994: Send: friendlist.GetTroopMemberListReq(friendlist.GetTroopMemberListReq)[0m
[0m2023-05-17 17:32:36 V/Net 270488994: Recv: friendlist.GetTroopMemberListReq[0m
[0m2023-05-17 17:32:36 V/Net 270488994: Recv: friendlist.GetTroopMemberListReq[0m
[0m2023-05-17 17:32:36 V/Net 270488994: Recv: friendlist.GetTroopMemberListReq[0m
[0m2023-05-17 17:32:36 V/Net 270488994: Recv: friendlist.GetTroopMemberListReq[0m
[0m2023-05-17 17:32:36 V/Net 270488994: Send: friendlist.GetTroopMemberListReq(friendlist.GetTroopMemberListReq)[0m
[0m2023-05-17 17:32:36 V/Net 270488994: Recv: friendlist.GetTroopMemberListReq[0m
[0m2023-05-17 17:32:36 V/Net 270488994: Send: friendlist.GetTroopMemberListReq(friendlist.GetTroopMemberListReq)[0m
[0m2023-05-17 17:32:36 V/Net 270488994: Recv: friendlist.GetTroopMemberListReq[0m
[0m2023-05-17 17:32:36 V/Net 270488994: Send: friendlist.GetTroopMemberListReq(friendlist.GetTroopMemberListReq)[0m
[0m2023-05-17 17:32:36 V/Net 270488994: Recv: friendlist.GetTroopMemberListReq[0m
[0m2023-05-17 17:32:36 V/Net 270488994: Send: friendlist.GetTroopMemberListReq(friendlist.GetTroopMemberListReq)[0m
[0m2023-05-17 17:32:36 V/Net 270488994: Recv: friendlist.GetTroopMemberListReq[0m
[0m2023-05-17 17:32:36 V/Net 270488994: Recv: friendlist.GetTroopMemberListReq[0m
[0m2023-05-17 17:32:36 V/Net 270488994: Send: friendlist.GetTroopMemberListReq(friendlist.GetTroopMemberListReq)[0m
[0m2023-05-17 17:32:36 V/Net 270488994: Recv: friendlist.GetTroopMemberListReq[0m
[0m2023-05-17 17:32:36 V/Net 270488994: Recv: friendlist.GetTroopMemberListReq[0m
[0m2023-05-17 17:32:36 V/Net 270488994: Recv: friendlist.GetTroopMemberListReq[0m
[0m2023-05-17 17:32:36 V/Net 270488994: Send: friendlist.GetTroopMemberListReq(friendlist.GetTroopMemberListReq)[0m
[0m2023-05-17 17:32:36 V/Net 270488994: Recv: friendlist.GetTroopMemberListReq[0m
[0m2023-05-17 17:32:36 V/Net 270488994: Recv: friendlist.GetTroopMemberListReq[0m
[0m2023-05-17 17:32:36 V/Net 270488994: Send: friendlist.GetTroopMemberListReq(friendlist.GetTroopMemberListReq)[0m
[0m2023-05-17 17:32:37 V/Net 270488994: Recv: friendlist.GetTroopMemberListReq[0m
[0m2023-05-17 17:32:37 V/Net 270488994: Send: friendlist.GetTroopMemberListReq(friendlist.GetTroopMemberListReq)[0m
[0m2023-05-17 17:32:37 V/Net 270488994: Recv: friendlist.GetTroopMemberListReq[0m
[0m2023-05-17 17:32:37 V/Net 270488994: Recv: friendlist.GetTroopMemberListReq[0m
[0m2023-05-17 17:32:37 V/Net 270488994: Send: friendlist.GetTroopMemberListReq(friendlist.GetTroopMemberListReq)[0m
[0m2023-05-17 17:32:37 V/Net 270488994: Recv: friendlist.GetTroopMemberListReq[0m
[0m2023-05-17 17:32:37 V/Net 270488994: Recv: friendlist.GetTroopMemberListReq[0m
[0m2023-05-17 17:32:37 V/Net 270488994: Send: friendlist.GetTroopMemberListReq(friendlist.GetTroopMemberListReq)[0m
[0m2023-05-17 17:32:37 V/Net 270488994: Recv: friendlist.GetTroopMemberListReq[0m
[0m2023-05-17 17:32:37 V/Net 270488994: Send: friendlist.GetTroopMemberListReq(friendlist.GetTroopMemberListReq)[0m
[0m2023-05-17 17:32:37 V/Net 270488994: Send: friendlist.GetTroopMemberListReq(friendlist.GetTroopMemberListReq)[0m
[0m2023-05-17 17:32:37 V/Net 270488994: Recv: friendlist.GetTroopMemberListReq[0m
[0m2023-05-17 17:32:37 V/Net 270488994: Recv: friendlist.GetTroopMemberListReq[0m
[0m2023-05-17 17:32:37 V/Net 270488994: Send: friendlist.GetTroopMemberListReq(friendlist.GetTroopMemberListReq)[0m
[0m2023-05-17 17:32:37 V/Net 270488994: Recv: friendlist.GetTroopMemberListReq[0m
[0m2023-05-17 17:32:37 V/Net 270488994: Send: friendlist.GetTroopMemberListReq(friendlist.GetTroopMemberListReq)[0m
[0m2023-05-17 17:32:37 V/Net 270488994: Recv: friendlist.GetTroopMemberListReq[0m
[0m2023-05-17 17:32:37 V/Net 270488994: Recv: friendlist.GetTroopMemberListReq[0m
[0m2023-05-17 17:32:37 V/Net 270488994: Send: friendlist.GetTroopMemberListReq(friendlist.GetTroopMemberListReq)[0m
[0m2023-05-17 17:32:37 V/Net 270488994: Recv: friendlist.GetTroopMemberListReq[0m
[0m2023-05-17 17:32:37 V/Net 270488994: Recv: friendlist.GetTroopMemberListReq[0m
[0m2023-05-17 17:32:37 V/Net 270488994: Send: friendlist.GetTroopMemberListReq(friendlist.GetTroopMemberListReq)[0m
[0m2023-05-17 17:32:37 V/Net 270488994: Recv: friendlist.GetTroopMemberListReq[0m
[0m2023-05-17 17:32:37 V/Net 270488994: Recv: friendlist.GetTroopMemberListReq[0m
[92m2023-05-17 17:32:37 I/Net 270488994: Successfully loaded group list: 41 in total.[0m
[92m2023-05-17 17:32:37 I/Net 270488994: Syncing friend message history: Success.[0m
[0m2023-05-17 17:32:38 V/Net 270488994: Server list: 42.81.194.77:80, 180.109.52.205:443, 58.212.179.125:8080, 183.47.107.174:8080, 123.151.54.150:443, 183.47.101.221:14000, 42.81.193.250:14000, 42.81.192.153:443, msfwifi.3g.qq.com:8080, 180.109.52.200:80.[0m
[0m2023-05-17 17:32:38 V/Net 270488994: Saving bdh session to cache[0m
[0m2023-05-17 17:32:38 V/Net 270488994: Saving server list to cache[0m
[0m2023-05-17 17:32:38 V/Net 270488994: Send: ConfigPushSvc.PushResp(ConfigPushSvc.PushResp)[0m
[0m2023-05-17 17:32:38 V/Net 270488994: Recv: ConfigPushSvc.PushReq[0m
[0m2023-05-17 17:32:39 V/Net 270488994: Saving bdh session to cache[0m
[0m2023-05-17 17:32:39 V/Net 270488994: Send: ConfigPushSvc.PushResp(ConfigPushSvc.PushResp)[0m
[0m2023-05-17 17:32:39 V/Net 270488994: Recv: ConfigPushSvc.PushReq[0m
[0m2023-05-17 17:32:41 V/Net 270488994: Send: friendlist.getFriendGroupList(friendlist.getFriendGroupList)[0m
[93m2023-05-17 17:32:46 W/Net 270488994: An exception was thrown during 'loading friendGroups' of Bot 270488994. Trying to ignore the error and continue logging in...
kotlinx.coroutines.TimeoutCancellationException: Timed out waiting for 5000 ms
	at kotlinx.coroutines.TimeoutKt.TimeoutCancellationException(Timeout.kt:184)
	at kotlinx.coroutines.TimeoutCoroutine.run(Timeout.kt:154)
	at kotlinx.coroutines.EventLoopImplBase$DelayedRunnableTask.run(EventLoop.common.kt:508)
	at kotlinx.coroutines.EventLoopImplBase.processNextEvent(EventLoop.common.kt:284)
	at kotlinx.coroutines.DefaultExecutor.run(DefaultExecutor.kt:108)
	at java.base/java.lang.Thread.run(Unknown Source)
[0m
[92m2023-05-17 17:32:46 I/Net 270488994: Scheduled key refresh in 23h 55min 0.0s.[0m
[92m2023-05-17 17:32:46 I/Net 270488994: Scheduled refresh login session in 19d 23h 55min 0.0s.[0m
[93m2023-05-17 18:49:42 W/Net 270488994: Exception in resumeConnection.
HeartbeatFailedException: 270488994.AliveHeartbeat, recoverable=true, cause=PacketTimeoutException(message=270488994.AliveHeartbeat Scheduler: Timeout receiving action response, cause=kotlinx.coroutines.TimeoutCancellationException: Timed out waiting for 5000 ms)
	at net.mamoe.mirai.internal.network.handler.CommonNetworkHandler$StateOK$heartbeatJobs$1$1.invoke(CommonNetworkHandler.kt:353)
	at net.mamoe.mirai.internal.network.handler.CommonNetworkHandler$StateOK$heartbeatJobs$1$1.invoke(CommonNetworkHandler.kt:353)
	at net.mamoe.mirai.internal.network.handler.NetworkHandlerSupport.setStateImpl$mirai_core(NetworkHandlerSupport.kt:329)
	at net.mamoe.mirai.internal.network.handler.CommonNetworkHandler$StateOK$heartbeatJobs$1.invoke(CommonNetworkHandler.kt:415)
	at net.mamoe.mirai.internal.network.handler.CommonNetworkHandler$StateOK$heartbeatJobs$1.invoke(CommonNetworkHandler.kt:352)
	at net.mamoe.mirai.internal.network.components.TimeBasedHeartbeatSchedulerImpl$launchHeartbeatJobAsync$1.invokeSuspend(HeartbeatScheduler.kt:131)
	at kotlin.coroutines.jvm.internal.BaseContinuationImpl.resumeWith(ContinuationImpl.kt:33)
	at kotlinx.coroutines.internal.ScopeCoroutine.afterResume(Scopes.kt:33)
	at kotlinx.coroutines.AbstractCoroutine.resumeWith(AbstractCoroutine.kt:102)
	at kotlin.coroutines.jvm.internal.BaseContinuationImpl.resumeWith(ContinuationImpl.kt:46)
	at kotlinx.coroutines.internal.ScopeCoroutine.afterResume(Scopes.kt:33)
	at kotlinx.coroutines.AbstractCoroutine.resumeWith(AbstractCoroutine.kt:102)
	at kotlin.coroutines.jvm.internal.BaseContinuationImpl.resumeWith(ContinuationImpl.kt:46)
	at kotlinx.coroutines.DispatchedTask.run(DispatchedTask.kt:104)
	at kotlinx.coroutines.scheduling.CoroutineScheduler.runSafely(CoroutineScheduler.kt:570)
	at kotlinx.coroutines.scheduling.CoroutineScheduler$Worker.executeTask(CoroutineScheduler.kt:750)
	at kotlinx.coroutines.scheduling.CoroutineScheduler$Worker.runWorker(CoroutineScheduler.kt:677)
	at kotlinx.coroutines.scheduling.CoroutineScheduler$Worker.run(CoroutineScheduler.kt:664)
Caused by: PacketTimeoutException(message=270488994.AliveHeartbeat Scheduler: Timeout receiving action response, cause=kotlinx.coroutines.TimeoutCancellationException: Timed out waiting for 5000 ms)
	at net.mamoe.mirai.internal.network.components.TimeBasedHeartbeatSchedulerImpl$launchHeartbeatJobAsync$1.invokeSuspend(HeartbeatScheduler.kt:133)
	... 12 more
Caused by: kotlinx.coroutines.TimeoutCancellationException: Timed out waiting for 5000 ms
	at kotlinx.coroutines.TimeoutKt.TimeoutCancellationException(Timeout.kt:184)
	at kotlinx.coroutines.TimeoutCoroutine.run(Timeout.kt:154)
	at kotlinx.coroutines.EventLoopImplBase$DelayedRunnableTask.run(EventLoop.common.kt:508)
	at kotlinx.coroutines.EventLoopImplBase.processNextEvent(EventLoop.common.kt:284)
	at kotlinx.coroutines.DefaultExecutor.run(DefaultExecutor.kt:108)
	at java.base/java.lang.Thread.run(Unknown Source)
[0m
[0m2023-05-17 18:49:42 V/Net 270488994: Validated caches.[0m
[0m2023-05-17 18:49:42 V/Net 270488994: Loading server list from cache.[0m
[0m2023-05-17 18:49:42 V/Net 270488994: Server list: 42.81.194.77:80, 180.109.52.205:443, 58.212.179.125:8080, 183.47.107.174:8080, 123.151.54.150:443, 183.47.101.221:14000, 42.81.193.250:14000, 42.81.192.153:443, msfwifi.3g.qq.com:8080, 180.109.52.200:80.[0m
[92m2023-05-17 18:49:42 I/Net 270488994: ECDH key is valid.[0m
[0m2023-05-17 18:49:42 V/Net 270488994: Send: wtlogin.exchange_emp(10:fast-login)[0m
[0m2023-05-17 18:49:42 V/Net 270488994: Recv: wtlogin.exchange_emp[0m
[0m2023-05-17 18:49:42 V/Net 270488994: Send: StatSvc.register(online)[0m
[92m2023-05-17 18:49:42 I/Net 270488994: Server time updated, serverTime: 1684320570, diff: -12ms=-0.012s[0m
[0m2023-05-17 18:49:42 V/Net 270488994: Recv: StatSvc.register[0m
[92m2023-05-17 18:49:43 I/Net 270488994: Scheduled key refresh in 23h 55min 0.0s.[0m
[92m2023-05-17 18:49:43 I/Net 270488994: Scheduled refresh login session in 19d 23h 55min 0.0s.[0m
[0m2023-05-17 18:49:45 V/Net 270488994: Server list: 123.151.54.60:443, 42.81.194.99:14000, 222.94.109.123:443, 183.47.102.193:8080, 42.81.184.82:80, 42.81.179.212:443, 183.2.144.33:14000, 114.222.112.90:80, msfwifi.3g.qq.com:8080, 117.62.242.214:8080.[0m
[0m2023-05-17 18:49:45 V/Net 270488994: Saving bdh session to cache[0m
[0m2023-05-17 18:49:45 V/Net 270488994: Saving server list to cache[0m
[0m2023-05-17 18:49:45 V/Net 270488994: Send: ConfigPushSvc.PushResp(ConfigPushSvc.PushResp)[0m
[0m2023-05-17 18:49:45 V/Net 270488994: Recv: ConfigPushSvc.PushReq[0m
[0m2023-05-17 18:49:46 V/Net 270488994: Saving bdh session to cache[0m
[0m2023-05-17 18:49:46 V/Net 270488994: Send: ConfigPushSvc.PushResp(ConfigPushSvc.PushResp)[0m
[0m2023-05-17 18:49:46 V/Net 270488994: Recv: ConfigPushSvc.PushReq[0m
[0m2023-05-17 18:54:30 V/Net 270488994: Send: StatSvc.register(offline)[0m
